IQ-TREE multicore version 2.3.0 COVID-edition for Linux 64-bit built Mar 14 2024
Developed by Bui Quang Minh, James Barbetti, Nguyen Lam Tung,
Olga Chernomor, Heiko Schmidt, Dominik Schrempf, Michael Woodhams, Ly Trong Nhan.

Host:    LAPTOP-L82QPIRU (AVX2, FMA3, 3 GB RAM)
Command: iqtree -s results/06_PHYLO/noTg_alignments/12016at5794.aln -m MFP -bb 1000 -nt AUTO -pre results/06_PHYLO/noTg_tree/12016at5794/12016at5794
Seed:    989905 (Using SPRNG - Scalable Parallel Random Number Generator)
Time:    Mon Mar 18 01:27:34 2024
Kernel:  AVX+FMA - auto-detect threads (8 CPU cores detected)

Reading alignment file results/06_PHYLO/noTg_alignments/12016at5794.aln ... Fasta format detected
Reading fasta file: done in 0.000951 secs using 25.55% CPU
Alignment most likely contains protein sequences
Alignment has 7 sequences with 528 columns, 248 distinct patterns
94 parsimony-informative, 117 singleton sites, 317 constant sites
           Gap/Ambiguity  Composition  p-value
Analyzing sequences: done in 2.67e-05 secs using 89.89% CPU
   1  1765_g_Ht    7.77%    passed     88.28%
   2  3111_g_Pb   20.64%    passed     99.99%
   3  1759_g_Pc   21.21%    passed    100.00%
   4  1407_g_Pf    6.06%    passed     39.77%
   5  1814_g_Pk   15.34%    passed     99.97%
   6  1730_g_Pv   13.83%    passed     49.73%
   7  2490_g_Py   18.94%    passed    100.00%
****  TOTAL       14.83%  0 sequences failed composition chi2 test (p-value<5%; df=19)


Create initial parsimony tree by phylogenetic likelihood library (PLL)... 0.001 seconds
Measuring multi-threading efficiency up to 8 CPU cores
Increase to 10 rounds for branch lengths
244 trees examined
Threads: 1 / Time: 8.006 sec / Speedup: 1.000 / Efficiency: 100% / LogL: -3504
Threads: 2 / Time: 5.334 sec / Speedup: 1.501 / Efficiency: 75% / LogL: -3504
Threads: 3 / Time: 4.310 sec / Speedup: 1.858 / Efficiency: 62% / LogL: -3504
Threads: 4 / Time: 3.962 sec / Speedup: 2.021 / Efficiency: 51% / LogL: -3504
Threads: 5 / Time: 3.860 sec / Speedup: 2.074 / Efficiency: 41% / LogL: -3504
BEST NUMBER OF THREADS: 4

Perform fast likelihood tree search using LG+I+G model...
Estimate model parameters (epsilon = 5.000)
Perform nearest neighbor interchange...
Estimate model parameters (epsilon = 1.000)
1. Initial log-likelihood: -3460.370
Optimal log-likelihood: -3460.363
Proportion of invariable sites: 0.295
Gamma shape alpha: 0.755
Parameters optimization took 1 rounds (0.013 sec)
Time for fast ML tree search: 0.054 seconds

NOTE: ModelFinder requires 3 MB RAM!
ModelFinder will test up to 1232 protein models (sample size: 528) ...
 No. Model         -LnL         df  AIC          AICc         BIC
  1  LG            3570.766     11  7163.533     7164.044     7210.493
  2  LG+I          3473.495     12  6970.991     6971.596     7022.220
  3  LG+G4         3460.896     12  6945.793     6946.399     6997.022
  4  LG+I+G4       3460.360     13  6946.720     6947.428     7002.218
  5  LG+R2         3463.179     13  6952.358     6953.066     7007.856
  6  LG+R3         3463.181     15  6956.363     6957.300     7020.399
 14  LG+I+R2       3460.200     14  6948.399     6949.218     7008.167
 15  LG+I+R3       3460.067     16  6952.134     6953.199     7020.440
 25  LG+F+G4       3364.538     31  6791.075     6795.075     6923.417
 26  LG+F+I+G4     3363.444     32  6790.888     6795.155     6927.500
 47  WAG+G4        3471.484     12  6966.968     6967.574     7018.197
 48  WAG+I+G4      3470.707     13  6967.415     6968.123     7022.913
 69  WAG+F+G4      3364.757     31  6791.514     6795.514     6923.856
 70  WAG+F+I+G4    3363.765     32  6791.531     6795.797     6928.142
 91  JTT+G4        3461.465     12  6946.929     6947.535     6998.159
 92  JTT+I+G4      3460.384     13  6946.769     6947.477     7002.267
113  JTT+F+G4      3356.928     31  6775.857     6779.857     6908.199
114  JTT+F+I+G4    3355.545     32  6775.090     6779.357     6911.701
WARNING: Normalizing state frequencies so that sum of them equals to 1
135  Q.pfam+G4     3470.442     12  6964.884     6965.490     7016.113
WARNING: Normalizing state frequencies so that sum of them equals to 1
136  Q.pfam+I+G4   3470.019     13  6966.038     6966.746     7021.536
WARNING: Normalizing state frequencies so that sum of them equals to 1
157  Q.pfam+F+G4   3363.987     31  6789.975     6793.975     6922.317
WARNING: Normalizing state frequencies so that sum of them equals to 1
158  Q.pfam+F+I+G4 3363.169     32  6790.338     6794.604     6926.949
WARNING: Normalizing state frequencies so that sum of them equals to 1
179  Q.bird+G4     3489.944     12  7003.888     7004.494     7055.118
WARNING: Normalizing state frequencies so that sum of them equals to 1
180  Q.bird+I+G4   3488.991     13  7003.981     7004.690     7059.480
WARNING: Normalizing state frequencies so that sum of them equals to 1
201  Q.bird+F+G4   3370.188     31  6802.376     6806.376     6934.718
WARNING: Normalizing state frequencies so that sum of them equals to 1
202  Q.bird+F+I+G4 3368.585     32  6801.171     6805.438     6937.782
WARNING: Normalizing state frequencies so that sum of them equals to 1
223  Q.mammal+G4   3497.984     12  7019.968     7020.574     7071.198
WARNING: Normalizing state frequencies so that sum of them equals to 1
224  Q.mammal+I+G4 3497.498     13  7020.996     7021.704     7076.494
WARNING: Normalizing state frequencies so that sum of them equals to 1
245  Q.mammal+F+G4 3366.152     31  6794.304     6798.304     6926.646
WARNING: Normalizing state frequencies so that sum of them equals to 1
246  Q.mammal+F+I+G4 3365.149     32  6794.298     6798.564     6930.909
267  Q.insect+G4   3443.175     12  6910.349     6910.955     6961.579
268  Q.insect+I+G4 3442.850     13  6911.700     6912.408     6967.198
289  Q.insect+F+G4 3361.867     31  6785.734     6789.734     6918.076
290  Q.insect+F+I+G4 3360.976     32  6785.952     6790.218     6922.563
WARNING: Normalizing state frequencies so that sum of them equals to 1
311  Q.plant+G4    3456.698     12  6937.396     6938.002     6988.625
WARNING: Normalizing state frequencies so that sum of them equals to 1
312  Q.plant+I+G4  3456.017     13  6938.034     6938.742     6993.532
WARNING: Normalizing state frequencies so that sum of them equals to 1
333  Q.plant+F+G4  3362.353     31  6786.707     6790.707     6919.049
WARNING: Normalizing state frequencies so that sum of them equals to 1
334  Q.plant+F+I+G4 3360.928     32  6785.856     6790.123     6922.467
WARNING: Normalizing state frequencies so that sum of them equals to 1
355  Q.yeast+G4    3434.045     12  6892.091     6892.697     6943.320
WARNING: Normalizing state frequencies so that sum of them equals to 1
356  Q.yeast+I+G4  3433.345     13  6892.690     6893.398     6948.188
WARNING: Normalizing state frequencies so that sum of them equals to 1
377  Q.yeast+F+G4  3361.512     31  6785.024     6789.024     6917.366
WARNING: Normalizing state frequencies so that sum of them equals to 1
378  Q.yeast+F+I+G4 3360.338     32  6784.675     6788.942     6921.286
399  JTTDCMut+G4   3462.284     12  6948.569     6949.175     6999.798
400  JTTDCMut+I+G4 3461.227     13  6948.454     6949.162     7003.952
421  JTTDCMut+F+G4 3357.636     31  6777.272     6781.272     6909.614
422  JTTDCMut+F+I+G4 3356.241     32  6776.482     6780.748     6913.093
443  DCMut+G4      3491.397     12  7006.794     7007.400     7058.024
444  DCMut+I+G4    3490.183     13  7006.365     7007.073     7061.863
465  DCMut+F+G4    3380.810     31  6823.620     6827.620     6955.962
466  DCMut+F+I+G4  3379.472     32  6822.943     6827.210     6959.554
487  VT+G4         3463.702     12  6951.403     6952.009     7002.632
488  VT+I+G4       3462.966     13  6951.932     6952.640     7007.430
509  VT+F+G4       3368.251     31  6798.501     6802.501     6930.843
510  VT+F+I+G4     3367.302     32  6798.604     6802.870     6935.215
531  PMB+G4        3511.528     12  7047.056     7047.662     7098.286
532  PMB+I+G4      3511.316     13  7048.631     7049.339     7104.129
553  PMB+F+G4      3388.641     31  6839.281     6843.281     6971.623
554  PMB+F+I+G4    3388.056     32  6840.112     6844.379     6976.723
575  Blosum62+G4   3485.721     12  6995.441     6996.047     7046.670
576  Blosum62+I+G4 3485.577     13  6997.154     6997.862     7052.652
597  Blosum62+F+G4 3386.649     31  6835.298     6839.298     6967.640
598  Blosum62+F+I+G4 3386.044     32  6836.088     6840.355     6972.699
619  Dayhoff+G4    3491.337     12  7006.673     7007.279     7057.902
620  Dayhoff+I+G4  3490.116     13  7006.232     7006.940     7061.730
641  Dayhoff+F+G4  3380.771     31  6823.542     6827.542     6955.884
642  Dayhoff+F+I+G4 3379.419     32  6822.839     6827.105     6959.450
663  mtREV+G4      3655.724     12  7335.447     7336.053     7386.676
664  mtREV+I+G4    3656.268     13  7338.535     7339.243     7394.033
685  mtREV+F+G4    3390.590     31  6843.181     6847.181     6975.523
686  mtREV+F+I+G4  3388.632     32  6841.265     6845.531     6977.876
707  mtART+G4      3674.791     12  7373.583     7374.189     7424.812
708  mtART+I+G4    3676.383     13  7378.765     7379.473     7434.263
729  mtART+F+G4    3421.331     31  6904.661     6908.661     7037.003
730  mtART+F+I+G4  3421.219     32  6906.438     6910.704     7043.049
751  mtZOA+G4      3661.212     12  7346.423     7347.029     7397.652
752  mtZOA+I+G4    3662.367     13  7350.735     7351.443     7406.233
773  mtZOA+F+G4    3396.287     31  6854.575     6858.575     6986.917
774  mtZOA+F+I+G4  3394.835     32  6853.670     6857.937     6990.281
795  mtMet+G4      3597.249     12  7218.499     7219.105     7269.728
796  mtMet+I+G4    3598.657     13  7223.315     7224.023     7278.813
817  mtMet+F+G4    3385.029     31  6832.057     6836.057     6964.399
818  mtMet+F+I+G4  3383.509     32  6831.018     6835.285     6967.629
839  mtVer+G4      3659.258     12  7342.517     7343.123     7393.746
840  mtVer+I+G4    3660.200     13  7346.399     7347.108     7401.898
861  mtVer+F+G4    3396.375     31  6854.750     6858.750     6987.092
862  mtVer+F+I+G4  3393.878     32  6851.756     6856.022     6988.367
883  mtInv+G4      3607.779     12  7239.559     7240.165     7290.788
884  mtInv+I+G4    3609.110     13  7244.220     7244.928     7299.718
905  mtInv+F+G4    3380.597     31  6823.194     6827.194     6955.536
906  mtInv+F+I+G4  3379.323     32  6822.647     6826.913     6959.258
927  mtMAM+G4      3666.869     12  7357.737     7358.343     7408.966
928  mtMAM+I+G4    3668.237     13  7362.473     7363.181     7417.972
949  mtMAM+F+G4    3405.119     31  6872.238     6876.238     7004.580
950  mtMAM+F+I+G4  3403.329     32  6870.658     6874.925     7007.269
WARNING: Normalizing state frequencies so that sum of them equals to 1
971  FLAVI+G4      3537.250     12  7098.500     7099.105     7149.729
WARNING: Normalizing state frequencies so that sum of them equals to 1
972  FLAVI+I+G4    3536.651     13  7099.302     7100.010     7154.800
WARNING: Normalizing state frequencies so that sum of them equals to 1
993  FLAVI+F+G4    3387.344     31  6836.687     6840.687     6969.029
WARNING: Normalizing state frequencies so that sum of them equals to 1
994  FLAVI+F+I+G4  3385.019     32  6834.038     6838.305     6970.649
1015  HIVb+G4       3492.397     12  7008.793     7009.399     7060.022
1016  HIVb+I+G4     3490.633     13  7007.267     7007.975     7062.765
1037  HIVb+F+G4     3387.504     31  6837.009     6841.009     6969.351
1038  HIVb+F+I+G4   3384.786     32  6833.572     6837.839     6970.184
1059  HIVw+G4       3492.667     12  7009.335     7009.941     7060.564
1060  HIVw+I+G4     3490.565     13  7007.131     7007.839     7062.629
1081  HIVw+F+G4     3402.776     31  6867.553     6871.553     6999.895
1082  HIVw+F+I+G4   3400.815     32  6865.629     6869.896     7002.240
1103  FLU+G4        3449.323     12  6922.646     6923.252     6973.875
1104  FLU+I+G4      3449.087     13  6924.174     6924.883     6979.673
1125  FLU+F+G4      3375.506     31  6813.012     6817.012     6945.354
1126  FLU+F+I+G4    3374.494     32  6812.989     6817.255     6949.600
1147  rtREV+G4      3494.660     12  7013.321     7013.927     7064.550
1148  rtREV+I+G4    3494.335     13  7014.669     7015.378     7070.168
1169  rtREV+F+G4    3367.249     31  6796.498     6800.498     6928.840
1170  rtREV+F+I+G4  3366.609     32  6797.219     6801.485     6933.830
1191  cpREV+G4      3488.823     12  7001.645     7002.251     7052.875
1192  cpREV+I+G4    3488.471     13  7002.943     7003.651     7058.441
1213  cpREV+F+G4    3381.719     31  6825.439     6829.439     6957.781
1214  cpREV+F+I+G4  3381.020     32  6826.041     6830.308     6962.652
Akaike Information Criterion:           JTT+F+I+G4
Corrected Akaike Information Criterion: JTT+F+I+G4
Bayesian Information Criterion:         JTT+F+G4
Best-fit model: JTT+F+G4 chosen according to BIC

All model information printed to results/06_PHYLO/noTg_tree/12016at5794/12016at5794.model.gz
CPU time for ModelFinder: 83.967 seconds (0h:1m:23s)
Wall-clock time for ModelFinder: 29.980 seconds (0h:0m:29s)
Generating 1000 samples for ultrafast bootstrap (seed: 989905)...

NOTE: 2 MB RAM (0 GB) is required!
Estimate model parameters (epsilon = 0.100)
1. Initial log-likelihood: -3356.928
Optimal log-likelihood: -3356.928
Gamma shape alpha: 0.369
Parameters optimization took 1 rounds (0.008 sec)
Wrote distance file to... 
Computing ML distances based on estimated model parameters...
Calculating distance matrix: done in 0.0039713 secs using 361.1% CPU
Computing ML distances took 0.005964 sec (of wall-clock time) 0.014807 sec (of CPU time)
Setting up auxiliary I and S matrices: done in 0.0014929 secs using 140.2% CPU
Computing RapidNJ tree took 0.004568 sec (of wall-clock time) 0.004159 sec (of CPU time)
Log-likelihood of RapidNJ tree: -3357.584
--------------------------------------------------------------------
|             INITIALIZING CANDIDATE TREE SET                      |
--------------------------------------------------------------------
Generating 98 parsimony trees... 0.045 second
Computing log-likelihood of 43 initial trees ... 0.126 seconds
Current best score: -3356.928

Do NNI search on 20 best initial trees
Estimate model parameters (epsilon = 0.100)
BETTER TREE FOUND at iteration 1: -3356.928
Iteration 10 / LogL: -3371.442 / Time: 0h:0m:0s
Iteration 20 / LogL: -3372.128 / Time: 0h:0m:0s
Finish initializing candidate tree set (2)
Current best tree score: -3356.928 / CPU time: 0.762
Number of iterations: 20
--------------------------------------------------------------------
|               OPTIMIZING CANDIDATE TREE SET                      |
--------------------------------------------------------------------
Iteration 30 / LogL: -3371.671 / Time: 0h:0m:1s (0h:0m:3s left)
WARNING: NNI search needs unusual large number of steps (7) to converge!
Iteration 40 / LogL: -3356.988 / Time: 0h:0m:1s (0h:0m:2s left)
WARNING: NNI search needs unusual large number of steps (7) to converge!
Iteration 50 / LogL: -3356.961 / Time: 0h:0m:2s (0h:0m:2s left)
Log-likelihood cutoff on original alignment: -3377.427
Iteration 60 / LogL: -3371.380 / Time: 0h:0m:2s (0h:0m:1s left)
WARNING: NNI search needs unusual large number of steps (7) to converge!
UPDATE BEST LOG-LIKELIHOOD: -3356.928
Iteration 70 / LogL: -3357.532 / Time: 0h:0m:2s (0h:0m:1s left)
UPDATE BEST LOG-LIKELIHOOD: -3356.928
Iteration 80 / LogL: -3357.532 / Time: 0h:0m:3s (0h:0m:0s left)
Iteration 90 / LogL: -3357.350 / Time: 0h:0m:3s (0h:0m:0s left)
WARNING: NNI search needs unusual large number of steps (7) to converge!
UPDATE BEST LOG-LIKELIHOOD: -3356.928
Iteration 100 / LogL: -3371.674 / Time: 0h:0m:3s (0h:0m:0s left)
Log-likelihood cutoff on original alignment: -3378.269
NOTE: Bootstrap correlation coefficient of split occurrence frequencies: 1.000
TREE SEARCH COMPLETED AFTER 102 ITERATIONS / Time: 0h:0m:4s

--------------------------------------------------------------------
|                    FINALIZING TREE SEARCH                        |
--------------------------------------------------------------------
Performs final model parameters optimization
Estimate model parameters (epsilon = 0.010)
1. Initial log-likelihood: -3356.928
Optimal log-likelihood: -3356.928
Gamma shape alpha: 0.369
Parameters optimization took 1 rounds (0.012 sec)
BEST SCORE FOUND : -3356.928
Creating bootstrap support values...
Split supports printed to NEXUS file results/06_PHYLO/noTg_tree/12016at5794/12016at5794.splits.nex
Total tree length: 1.538

Total number of iterations: 102
CPU time used for tree search: 14.490 sec (0h:0m:14s)
Wall-clock time used for tree search: 3.941 sec (0h:0m:3s)
Total CPU time used: 14.699 sec (0h:0m:14s)
Total wall-clock time used: 4.098 sec (0h:0m:4s)

Computing bootstrap consensus tree...
Reading input file results/06_PHYLO/noTg_tree/12016at5794/12016at5794.splits.nex...
7 taxa and 19 splits.
Consensus tree written to results/06_PHYLO/noTg_tree/12016at5794/12016at5794.contree
Reading input trees file results/06_PHYLO/noTg_tree/12016at5794/12016at5794.contree
Log-likelihood of consensus tree: -3356.928

Analysis results written to: 
  IQ-TREE report:                results/06_PHYLO/noTg_tree/12016at5794/12016at5794.iqtree
  Maximum-likelihood tree:       results/06_PHYLO/noTg_tree/12016at5794/12016at5794.treefile
  Likelihood distances:          results/06_PHYLO/noTg_tree/12016at5794/12016at5794.mldist

Ultrafast bootstrap approximation results written to:
  Split support values:          results/06_PHYLO/noTg_tree/12016at5794/12016at5794.splits.nex
  Consensus tree:                results/06_PHYLO/noTg_tree/12016at5794/12016at5794.contree
  Screen log file:               results/06_PHYLO/noTg_tree/12016at5794/12016at5794.log

Date and Time: Mon Mar 18 01:28:09 2024
