IQ-TREE multicore version 2.3.0 COVID-edition for Linux 64-bit built Mar 14 2024
Developed by Bui Quang Minh, James Barbetti, Nguyen Lam Tung,
Olga Chernomor, Heiko Schmidt, Dominik Schrempf, Michael Woodhams, Ly Trong Nhan.

Host:    LAPTOP-L82QPIRU (AVX2, FMA3, 3 GB RAM)
Command: iqtree -s results/06_PHYLO/noTg_alignments/7815at5794.aln -m MFP -bb 1000 -nt AUTO -pre results/06_PHYLO/noTg_tree/7815at5794/7815at5794
Seed:    246447 (Using SPRNG - Scalable Parallel Random Number Generator)
Time:    Mon Mar 18 02:50:46 2024
Kernel:  AVX+FMA - auto-detect threads (8 CPU cores detected)

Reading alignment file results/06_PHYLO/noTg_alignments/7815at5794.aln ... Fasta format detected
Reading fasta file: done in 0.0015688 secs
Alignment most likely contains protein sequences
Alignment has 7 sequences with 869 columns, 469 distinct patterns
201 parsimony-informative, 238 singleton sites, 430 constant sites
           Gap/Ambiguity  Composition  p-value
Analyzing sequences: done in 4.33e-05 secs using 94.69% CPU
   1  1336_g_Ht    6.90%    passed     93.68%
   2  6798_g_Pb   14.73%    passed     78.01%
   3  3565_g_Pc   11.05%    passed     24.71%
   4  3240_g_Pf    4.60%    passed     11.39%
   5  3678_g_Pk   12.08%    passed     93.12%
   6  3680_g_Pv   12.54%    passed      9.80%
   7  3123_g_Py   12.89%    passed     86.83%
****  TOTAL       10.69%  0 sequences failed composition chi2 test (p-value<5%; df=19)


Create initial parsimony tree by phylogenetic likelihood library (PLL)... 0.003 seconds
Measuring multi-threading efficiency up to 8 CPU cores
Increase to 10 rounds for branch lengths
118 trees examined
Threads: 1 / Time: 8.044 sec / Speedup: 1.000 / Efficiency: 100% / LogL: -6542
Threads: 2 / Time: 4.533 sec / Speedup: 1.775 / Efficiency: 89% / LogL: -6542
Threads: 3 / Time: 4.304 sec / Speedup: 1.869 / Efficiency: 62% / LogL: -6542
Threads: 4 / Time: 3.623 sec / Speedup: 2.220 / Efficiency: 56% / LogL: -6542
Threads: 5 / Time: 3.442 sec / Speedup: 2.337 / Efficiency: 47% / LogL: -6542
BEST NUMBER OF THREADS: 4

Perform fast likelihood tree search using LG+I+G model...
Estimate model parameters (epsilon = 5.000)
Perform nearest neighbor interchange...
Estimate model parameters (epsilon = 1.000)
1. Initial log-likelihood: -6458.901
Optimal log-likelihood: -6458.704
Proportion of invariable sites: 0.226
Gamma shape alpha: 0.620
Parameters optimization took 1 rounds (0.035 sec)
Time for fast ML tree search: 0.128 seconds

NOTE: ModelFinder requires 7 MB RAM!
ModelFinder will test up to 1232 protein models (sample size: 869) ...
 No. Model         -LnL         df  AIC          AICc         BIC
  1  LG            6690.629     11  13403.258    13403.566    13455.699
  2  LG+I          6517.711     12  13059.422    13059.787    13116.630
  3  LG+G4         6456.975     12  12937.950    12938.315    12995.158
  4  LG+I+G4       6458.376     13  12942.752    12943.178    13004.728
  5  LG+R2         6463.645     13  12953.290    12953.716    13015.265
  6  LG+R3         6452.350     15  12934.701    12935.264    13006.211
  7  LG+R4         6452.237     17  12938.474    12939.193    13019.519
 14  LG+I+R2       6452.296     14  12932.592    12933.083    12999.334
 15  LG+I+R3       6452.212     16  12936.423    12937.062    13012.701
 25  LG+F+G4       6341.614     31  12745.229    12747.599    12893.017
 26  LG+F+I+G4     6343.177     32  12750.354    12752.880    12902.909
 36  LG+F+I+R2     6337.914     33  12741.828    12744.516    12899.150
 47  WAG+G4        6456.567     12  12937.134    12937.499    12994.342
 48  WAG+I+G4      6457.787     13  12941.573    12941.999    13003.549
 58  WAG+I+R2      6452.902     14  12933.805    12934.297    13000.548
 69  WAG+F+G4      6337.844     31  12737.687    12740.058    12885.475
 70  WAG+F+I+G4    6339.235     32  12742.471    12744.997    12895.026
 80  WAG+F+I+R2    6334.647     33  12735.294    12737.982    12892.617
 91  JTT+G4        6434.591     12  12893.181    12893.546    12950.390
 92  JTT+I+G4      6435.716     13  12897.432    12897.858    12959.407
102  JTT+I+R2      6431.519     14  12891.038    12891.530    12957.781
113  JTT+F+G4      6319.376     31  12700.751    12703.121    12848.539
114  JTT+F+I+G4    6320.778     32  12705.556    12708.082    12858.111
124  JTT+F+I+R2    6316.897     33  12699.793    12702.481    12857.116
WARNING: Normalizing state frequencies so that sum of them equals to 1
135  Q.pfam+G4     6468.851     12  12961.703    12962.067    13018.911
WARNING: Normalizing state frequencies so that sum of them equals to 1
136  Q.pfam+I+G4   6469.972     13  12965.943    12966.369    13027.919
WARNING: Normalizing state frequencies so that sum of them equals to 1
146  Q.pfam+I+R2   6464.164     14  12956.328    12956.820    13023.071
WARNING: Normalizing state frequencies so that sum of them equals to 1
157  Q.pfam+F+G4   6348.336     31  12758.672    12761.043    12906.460
WARNING: Normalizing state frequencies so that sum of them equals to 1
158  Q.pfam+F+I+G4 6349.773     32  12763.545    12766.071    12916.100
WARNING: Normalizing state frequencies so that sum of them equals to 1
168  Q.pfam+F+I+R2 6344.623     33  12755.247    12757.934    12912.569
WARNING: Normalizing state frequencies so that sum of them equals to 1
179  Q.bird+G4     6478.688     12  12981.376    12981.740    13038.584
WARNING: Normalizing state frequencies so that sum of them equals to 1
180  Q.bird+I+G4   6478.870     13  12983.740    12984.166    13045.716
WARNING: Normalizing state frequencies so that sum of them equals to 1
190  Q.bird+I+R2   6476.450     14  12980.900    12981.392    13047.643
WARNING: Normalizing state frequencies so that sum of them equals to 1
201  Q.bird+F+G4   6338.579     31  12739.159    12741.529    12886.946
WARNING: Normalizing state frequencies so that sum of them equals to 1
202  Q.bird+F+I+G4 6339.559     32  12743.118    12745.644    12895.673
WARNING: Normalizing state frequencies so that sum of them equals to 1
212  Q.bird+F+I+R2 6336.934     33  12739.868    12742.555    12897.190
WARNING: Normalizing state frequencies so that sum of them equals to 1
223  Q.mammal+G4   6486.938     12  12997.877    12998.241    13055.085
WARNING: Normalizing state frequencies so that sum of them equals to 1
224  Q.mammal+I+G4 6487.458     13  13000.916    13001.342    13062.891
WARNING: Normalizing state frequencies so that sum of them equals to 1
234  Q.mammal+I+R2 6484.904     14  12997.809    12998.300    13064.551
WARNING: Normalizing state frequencies so that sum of them equals to 1
245  Q.mammal+F+G4 6332.562     31  12727.124    12729.494    12874.911
WARNING: Normalizing state frequencies so that sum of them equals to 1
246  Q.mammal+F+I+G4 6333.722     32  12731.443    12733.970    12883.998
WARNING: Normalizing state frequencies so that sum of them equals to 1
256  Q.mammal+F+I+R2 6330.794     33  12727.588    12730.276    12884.911
267  Q.insect+G4   6424.866     12  12873.732    12874.097    12930.940
268  Q.insect+I+G4 6426.129     13  12878.259    12878.685    12940.234
278  Q.insect+I+R2 6422.110     14  12872.219    12872.711    12938.962
289  Q.insect+F+G4 6342.547     31  12747.094    12749.464    12894.882
290  Q.insect+F+I+G4 6344.084     32  12752.167    12754.694    12904.722
300  Q.insect+F+I+R2 6339.931     33  12745.862    12748.549    12903.184
WARNING: Normalizing state frequencies so that sum of them equals to 1
311  Q.plant+G4    6421.255     12  12866.510    12866.875    12923.718
WARNING: Normalizing state frequencies so that sum of them equals to 1
312  Q.plant+I+G4  6422.653     13  12871.307    12871.732    12933.282
WARNING: Normalizing state frequencies so that sum of them equals to 1
322  Q.plant+I+R2  6417.348     14  12862.696    12863.187    12929.438
WARNING: Normalizing state frequencies so that sum of them equals to 1
333  Q.plant+F+G4  6317.969     31  12697.938    12700.309    12845.726
WARNING: Normalizing state frequencies so that sum of them equals to 1
334  Q.plant+F+I+G4 6319.655     32  12703.311    12705.837    12855.866
WARNING: Normalizing state frequencies so that sum of them equals to 1
344  Q.plant+F+I+R2 6314.732     33  12695.465    12698.152    12852.787
WARNING: Normalizing state frequencies so that sum of them equals to 1
355  Q.yeast+G4    6424.230     12  12872.459    12872.824    12929.667
WARNING: Normalizing state frequencies so that sum of them equals to 1
356  Q.yeast+I+G4  6425.059     13  12876.117    12876.543    12938.092
WARNING: Normalizing state frequencies so that sum of them equals to 1
366  Q.yeast+I+R2  6420.482     14  12868.964    12869.456    12935.707
WARNING: Normalizing state frequencies so that sum of them equals to 1
377  Q.yeast+F+G4  6348.858     31  12759.715    12762.086    12907.503
WARNING: Normalizing state frequencies so that sum of them equals to 1
378  Q.yeast+F+I+G4 6349.939     32  12763.877    12766.404    12916.432
WARNING: Normalizing state frequencies so that sum of them equals to 1
388  Q.yeast+F+I+R2 6345.683     33  12757.365    12760.053    12914.687
399  JTTDCMut+G4   6434.746     12  12893.491    12893.856    12950.699
400  JTTDCMut+I+G4 6435.926     13  12897.853    12898.278    12959.828
410  JTTDCMut+I+R2 6431.618     14  12891.236    12891.728    12957.979
421  JTTDCMut+F+G4 6319.413     31  12700.826    12703.197    12848.614
422  JTTDCMut+F+I+G4 6320.845     32  12705.689    12708.216    12858.244
432  JTTDCMut+F+I+R2 6316.906     33  12699.811    12702.499    12857.134
443  DCMut+G4      6510.566     12  13045.133    13045.497    13102.341
444  DCMut+I+G4    6511.748     13  13049.496    13049.922    13111.472
454  DCMut+I+R2    6505.682     14  13039.364    13039.856    13106.107
465  DCMut+F+G4    6382.829     31  12827.658    12830.029    12975.446
466  DCMut+F+I+G4  6383.999     32  12831.998    12834.524    12984.553
476  DCMut+F+I+R2  6378.315     33  12822.631    12825.318    12979.953
487  VT+G4         6459.890     12  12943.780    12944.145    13000.988
488  VT+I+G4       6460.373     13  12946.745    12947.171    13008.720
498  VT+I+R2       6457.627     14  12943.255    12943.747    13009.998
509  VT+F+G4       6356.982     31  12775.964    12778.334    12923.752
510  VT+F+I+G4     6357.616     32  12779.232    12781.759    12931.787
520  VT+F+I+R2     6354.968     33  12775.937    12778.624    12933.259
531  PMB+G4        6502.584     12  13029.168    13029.532    13086.376
532  PMB+I+G4      6503.198     13  13032.396    13032.821    13094.371
542  PMB+I+R2      6501.356     14  13030.712    13031.204    13097.455
553  PMB+F+G4      6386.107     31  12834.214    12836.585    12982.002
554  PMB+F+I+G4    6386.854     32  12837.707    12840.234    12990.262
564  PMB+F+I+R2    6384.723     33  12835.446    12838.133    12992.768
575  Blosum62+G4   6490.573     12  13005.146    13005.510    13062.354
576  Blosum62+I+G4 6491.145     13  13008.290    13008.716    13070.266
586  Blosum62+I+R2 6489.017     14  13006.034    13006.526    13072.777
597  Blosum62+F+G4 6391.600     31  12845.199    12847.569    12992.987
598  Blosum62+F+I+G4 6392.170     32  12848.340    12850.866    13000.895
608  Blosum62+F+I+R2 6390.054     33  12846.109    12848.796    13003.431
619  Dayhoff+G4    6510.139     12  13044.278    13044.643    13101.487
620  Dayhoff+I+G4  6511.333     13  13048.667    13049.093    13110.642
630  Dayhoff+I+R2  6505.281     14  13038.563    13039.055    13105.306
641  Dayhoff+F+G4  6382.394     31  12826.788    12829.158    12974.575
642  Dayhoff+F+I+G4 6383.571     32  12831.141    12833.668    12983.696
652  Dayhoff+F+I+R2 6377.919     33  12821.838    12824.525    12979.160
663  mtREV+G4      6682.905     12  13389.809    13390.174    13447.017
664  mtREV+I+G4    6684.154     13  13394.308    13394.733    13456.283
674  mtREV+I+R2    6680.063     14  13388.127    13388.619    13454.870
685  mtREV+F+G4    6385.357     31  12832.714    12835.084    12980.502
686  mtREV+F+I+G4  6386.900     32  12837.799    12840.325    12990.354
696  mtREV+F+I+R2  6380.281     33  12826.562    12829.250    12983.885
707  mtART+G4      6724.655     12  13473.309    13473.674    13530.518
708  mtART+I+G4    6725.191     13  13476.381    13476.807    13538.357
718  mtART+I+R2    6725.062     14  13478.125    13478.616    13544.867
729  mtART+F+G4    6438.056     31  12938.112    12940.483    13085.900
730  mtART+F+I+G4  6439.314     32  12942.627    12945.154    13095.182
740  mtART+F+I+R2  6432.362     33  12930.723    12933.411    13088.046
751  mtZOA+G4      6674.371     12  13372.742    13373.106    13429.950
752  mtZOA+I+G4    6675.295     13  13376.589    13377.015    13438.565
762  mtZOA+I+R2    6673.521     14  13375.041    13375.533    13441.784
773  mtZOA+F+G4    6385.033     31  12832.066    12834.437    12979.854
774  mtZOA+F+I+G4  6386.306     32  12836.613    12839.139    12989.168
784  mtZOA+F+I+R2  6379.974     33  12825.948    12828.636    12983.270
795  mtMet+G4      6584.015     12  13192.031    13192.395    13249.239
796  mtMet+I+G4    6585.403     13  13196.806    13197.232    13258.782
806  mtMet+I+R2    6582.624     14  13193.247    13193.739    13259.990
817  mtMet+F+G4    6359.326     31  12780.651    12783.021    12928.439
818  mtMet+F+I+G4  6360.500     32  12785.000    12787.526    12937.555
828  mtMet+F+I+R2  6354.576     33  12775.151    12777.839    12932.474
839  mtVer+G4      6669.821     12  13363.643    13364.007    13420.851
840  mtVer+I+G4    6671.760     13  13369.520    13369.946    13431.496
850  mtVer+I+R2    6668.517     14  13365.034    13365.526    13431.777
861  mtVer+F+G4    6365.333     31  12792.666    12795.036    12940.454
862  mtVer+F+I+G4  6366.871     32  12797.743    12800.269    12950.298
872  mtVer+F+I+R2  6361.905     33  12789.810    12792.498    12947.133
883  mtInv+G4      6617.446     12  13258.891    13259.256    13316.099
884  mtInv+I+G4    6618.894     13  13263.787    13264.213    13325.763
894  mtInv+I+R2    6616.108     14  13260.215    13260.707    13326.958
905  mtInv+F+G4    6355.165     31  12772.330    12774.700    12920.117
906  mtInv+F+I+G4  6356.482     32  12776.963    12779.490    12929.518
916  mtInv+F+I+R2  6350.715     33  12767.429    12770.116    12924.751
927  mtMAM+G4      6719.049     12  13462.097    13462.462    13519.305
928  mtMAM+I+G4    6720.872     13  13467.744    13468.170    13529.720
938  mtMAM+I+R2    6719.150     14  13466.299    13466.791    13533.042
949  mtMAM+F+G4    6415.671     31  12893.342    12895.713    13041.130
950  mtMAM+F+I+G4  6417.167     32  12898.335    12900.861    13050.890
960  mtMAM+F+I+R2  6412.283     33  12890.567    12893.254    13047.889
WARNING: Normalizing state frequencies so that sum of them equals to 1
971  FLAVI+G4      6529.153     12  13082.305    13082.670    13139.513
WARNING: Normalizing state frequencies so that sum of them equals to 1
972  FLAVI+I+G4    6530.674     13  13087.349    13087.774    13149.324
WARNING: Normalizing state frequencies so that sum of them equals to 1
982  FLAVI+I+R2    6526.509     14  13081.018    13081.509    13147.760
WARNING: Normalizing state frequencies so that sum of them equals to 1
993  FLAVI+F+G4    6370.658     31  12803.317    12805.687    12951.105
WARNING: Normalizing state frequencies so that sum of them equals to 1
994  FLAVI+F+I+G4  6372.473     32  12808.947    12811.473    12961.502
WARNING: Normalizing state frequencies so that sum of them equals to 1
1004  FLAVI+F+I+R2  6367.788     33  12801.575    12804.263    12958.898
1015  HIVb+G4       6487.599     12  12999.198    12999.563    13056.406
1016  HIVb+I+G4     6488.020     13  13002.039    13002.465    13064.015
1026  HIVb+I+R2     6484.339     14  12996.679    12997.170    13063.421
1037  HIVb+F+G4     6348.549     31  12759.097    12761.467    12906.885
1038  HIVb+F+I+G4   6349.731     32  12763.461    12765.987    12916.016
1048  HIVb+F+I+R2   6345.802     33  12757.605    12760.292    12914.927
1059  HIVw+G4       6513.734     12  13051.468    13051.832    13108.676
1060  HIVw+I+G4     6514.173     13  13054.347    13054.772    13116.322
1070  HIVw+I+R2     6509.873     14  13047.747    13048.238    13114.489
1081  HIVw+F+G4     6392.986     31  12847.971    12850.342    12995.759
1082  HIVw+F+I+G4   6393.820     32  12851.640    12854.166    13004.195
1092  HIVw+F+I+R2   6388.992     33  12843.985    12846.672    13001.307
1103  FLU+G4        6428.953     12  12881.906    12882.270    12939.114
1104  FLU+I+G4      6429.580     13  12885.160    12885.586    12947.136
1114  FLU+I+R2      6425.682     14  12879.364    12879.856    12946.107
1125  FLU+F+G4      6360.042     31  12782.084    12784.455    12929.872
1126  FLU+F+I+G4    6360.975     32  12785.951    12788.477    12938.506
1136  FLU+F+I+R2    6355.588     33  12777.176    12779.863    12934.498
1147  rtREV+G4      6551.419     12  13126.838    13127.203    13184.046
1148  rtREV+I+G4    6552.486     13  13130.973    13131.398    13192.948
1158  rtREV+I+R2    6547.387     14  13122.774    13123.266    13189.517
1169  rtREV+F+G4    6379.184     31  12820.367    12822.737    12968.155
1170  rtREV+F+I+G4  6380.263     32  12824.525    12827.051    12977.080
1180  rtREV+F+I+R2  6375.275     33  12816.551    12819.238    12973.873
1191  cpREV+G4      6461.084     12  12946.168    12946.532    13003.376
1192  cpREV+I+G4    6462.115     13  12950.231    12950.656    13012.206
1202  cpREV+I+R2    6454.625     14  12937.249    12937.741    13003.992
1213  cpREV+F+G4    6358.628     31  12779.257    12781.627    12927.045
1214  cpREV+F+I+G4  6359.921     32  12783.842    12786.368    12936.397
1224  cpREV+F+I+R2  6353.527     33  12773.053    12775.741    12930.375
Akaike Information Criterion:           Q.plant+F+I+R2
Corrected Akaike Information Criterion: Q.plant+F+I+R2
Bayesian Information Criterion:         Q.plant+F+G4
Best-fit model: Q.plant+F+G4 chosen according to BIC

All model information printed to results/06_PHYLO/noTg_tree/7815at5794/7815at5794.model.gz
CPU time for ModelFinder: 126.074 seconds (0h:2m:6s)
Wall-clock time for ModelFinder: 40.233 seconds (0h:0m:40s)
Generating 1000 samples for ultrafast bootstrap (seed: 246447)...
WARNING: Normalizing state frequencies so that sum of them equals to 1

NOTE: 4 MB RAM (0 GB) is required!
Estimate model parameters (epsilon = 0.100)
1. Initial log-likelihood: -6317.969
Optimal log-likelihood: -6317.968
Gamma shape alpha: 0.327
Parameters optimization took 1 rounds (0.012 sec)
Wrote distance file to... 
Computing ML distances based on estimated model parameters...
Calculating distance matrix: done in 0.0044598 secs using 350.3% CPU
Computing ML distances took 0.005515 sec (of wall-clock time) 0.016814 sec (of CPU time)
Setting up auxiliary I and S matrices: done in 0.0007394 secs using 171.1% CPU
Computing RapidNJ tree took 0.003639 sec (of wall-clock time) 0.003834 sec (of CPU time)
Log-likelihood of RapidNJ tree: -6317.968
--------------------------------------------------------------------
|             INITIALIZING CANDIDATE TREE SET                      |
--------------------------------------------------------------------
Generating 99 parsimony trees... 0.070 second
Computing log-likelihood of 43 initial trees ... 0.198 seconds
Current best score: -6317.968

Do NNI search on 20 best initial trees
Estimate model parameters (epsilon = 0.100)
BETTER TREE FOUND at iteration 1: -6317.968
Iteration 10 / LogL: -6317.988 / Time: 0h:0m:0s
Iteration 20 / LogL: -6317.990 / Time: 0h:0m:1s
Finish initializing candidate tree set (1)
Current best tree score: -6317.968 / CPU time: 1.258
Number of iterations: 20
--------------------------------------------------------------------
|               OPTIMIZING CANDIDATE TREE SET                      |
--------------------------------------------------------------------
UPDATE BEST LOG-LIKELIHOOD: -6317.968
Iteration 30 / LogL: -6318.405 / Time: 0h:0m:1s (0h:0m:4s left)
UPDATE BEST LOG-LIKELIHOOD: -6317.968
Iteration 40 / LogL: -6318.852 / Time: 0h:0m:2s (0h:0m:4s left)
Iteration 50 / LogL: -6317.997 / Time: 0h:0m:3s (0h:0m:3s left)
Log-likelihood cutoff on original alignment: -6334.964
Iteration 60 / LogL: -6318.083 / Time: 0h:0m:3s (0h:0m:2s left)
Iteration 70 / LogL: -6318.013 / Time: 0h:0m:4s (0h:0m:1s left)
UPDATE BEST LOG-LIKELIHOOD: -6317.968
Iteration 80 / LogL: -6318.013 / Time: 0h:0m:4s (0h:0m:1s left)
Iteration 90 / LogL: -6317.968 / Time: 0h:0m:5s (0h:0m:0s left)
Iteration 100 / LogL: -6319.096 / Time: 0h:0m:5s (0h:0m:0s left)
Log-likelihood cutoff on original alignment: -6334.964
NOTE: Bootstrap correlation coefficient of split occurrence frequencies: 1.000
TREE SEARCH COMPLETED AFTER 102 ITERATIONS / Time: 0h:0m:5s

--------------------------------------------------------------------
|                    FINALIZING TREE SEARCH                        |
--------------------------------------------------------------------
Performs final model parameters optimization
Estimate model parameters (epsilon = 0.010)
1. Initial log-likelihood: -6317.968
Optimal log-likelihood: -6317.968
Gamma shape alpha: 0.327
Parameters optimization took 1 rounds (0.013 sec)
BEST SCORE FOUND : -6317.968
Creating bootstrap support values...
Split supports printed to NEXUS file results/06_PHYLO/noTg_tree/7815at5794/7815at5794.splits.nex
Total tree length: 2.868

Total number of iterations: 102
CPU time used for tree search: 20.844 sec (0h:0m:20s)
Wall-clock time used for tree search: 5.531 sec (0h:0m:5s)
Total CPU time used: 21.164 sec (0h:0m:21s)
Total wall-clock time used: 5.713 sec (0h:0m:5s)

Computing bootstrap consensus tree...
Reading input file results/06_PHYLO/noTg_tree/7815at5794/7815at5794.splits.nex...
7 taxa and 15 splits.
Consensus tree written to results/06_PHYLO/noTg_tree/7815at5794/7815at5794.contree
Reading input trees file results/06_PHYLO/noTg_tree/7815at5794/7815at5794.contree
Log-likelihood of consensus tree: -6317.968

Analysis results written to: 
  IQ-TREE report:                results/06_PHYLO/noTg_tree/7815at5794/7815at5794.iqtree
  Maximum-likelihood tree:       results/06_PHYLO/noTg_tree/7815at5794/7815at5794.treefile
  Likelihood distances:          results/06_PHYLO/noTg_tree/7815at5794/7815at5794.mldist

Ultrafast bootstrap approximation results written to:
  Split support values:          results/06_PHYLO/noTg_tree/7815at5794/7815at5794.splits.nex
  Consensus tree:                results/06_PHYLO/noTg_tree/7815at5794/7815at5794.contree
  Screen log file:               results/06_PHYLO/noTg_tree/7815at5794/7815at5794.log

Date and Time: Mon Mar 18 02:51:32 2024
