IQ-TREE multicore version 2.3.0 COVID-edition for Linux 64-bit built Mar 14 2024
Developed by Bui Quang Minh, James Barbetti, Nguyen Lam Tung,
Olga Chernomor, Heiko Schmidt, Dominik Schrempf, Michael Woodhams, Ly Trong Nhan.

Host:    LAPTOP-L82QPIRU (AVX2, FMA3, 3 GB RAM)
Command: iqtree -s results/06_PHYLO/noTg_alignments/13194at5794.aln -m MFP -bb 1000 -nt AUTO -pre results/06_PHYLO/noTg_tree/13194at5794/13194at5794
Seed:    864244 (Using SPRNG - Scalable Parallel Random Number Generator)
Time:    Mon Mar 18 01:31:29 2024
Kernel:  AVX+FMA - auto-detect threads (8 CPU cores detected)

Reading alignment file results/06_PHYLO/noTg_alignments/13194at5794.aln ... Fasta format detected
Reading fasta file: done in 0.0008409 secs using 12.01% CPU
Alignment most likely contains protein sequences
Alignment has 7 sequences with 510 columns, 225 distinct patterns
95 parsimony-informative, 96 singleton sites, 319 constant sites
           Gap/Ambiguity  Composition  p-value
Analyzing sequences: done in 3.58e-05 secs using 81.01% CPU
   1  1670_g_Ht   19.22%    passed     98.24%
   2  6882_g_Pb   21.76%    passed     99.95%
   3  4399_g_Pc   16.47%    passed    100.00%
   4  2580_g_Pf   16.86%    passed    100.00%
   5  4539_g_Pk    2.55%    passed     99.96%
   6  4402_g_Pv   15.69%    passed     99.69%
   7  4012_g_Py   17.65%    passed     99.99%
****  TOTAL       15.74%  0 sequences failed composition chi2 test (p-value<5%; df=19)


Create initial parsimony tree by phylogenetic likelihood library (PLL)... 0.001 seconds
Measuring multi-threading efficiency up to 8 CPU cores
Increase to 10 rounds for branch lengths
285 trees examined
Threads: 1 / Time: 8.022 sec / Speedup: 1.000 / Efficiency: 100% / LogL: -3130
Threads: 2 / Time: 4.902 sec / Speedup: 1.636 / Efficiency: 82% / LogL: -3130
Threads: 3 / Time: 4.131 sec / Speedup: 1.942 / Efficiency: 65% / LogL: -3130
Threads: 4 / Time: 3.663 sec / Speedup: 2.190 / Efficiency: 55% / LogL: -3130
Threads: 5 / Time: 3.647 sec / Speedup: 2.199 / Efficiency: 44% / LogL: -3130
BEST NUMBER OF THREADS: 4

Perform fast likelihood tree search using LG+I+G model...
Estimate model parameters (epsilon = 5.000)
Perform nearest neighbor interchange...
Estimate model parameters (epsilon = 1.000)
1. Initial log-likelihood: -3009.166
Optimal log-likelihood: -3009.099
Proportion of invariable sites: 0.298
Gamma shape alpha: 1.882
Parameters optimization took 1 rounds (0.020 sec)
Time for fast ML tree search: 0.074 seconds

NOTE: ModelFinder requires 3 MB RAM!
ModelFinder will test up to 1232 protein models (sample size: 510) ...
 No. Model         -LnL         df  AIC          AICc         BIC
  1  LG            3041.025     11  6104.050     6104.580     6150.628
  2  LG+I          3013.191     12  6050.383     6051.010     6101.196
  3  LG+G4         3007.892     12  6039.784     6040.412     6090.597
  4  LG+I+G4       3009.048     13  6044.095     6044.829     6099.143
  5  LG+R2         3007.595     13  6041.190     6041.924     6096.238
  6  LG+R3         3007.452     15  6044.903     6045.875     6108.419
 14  LG+I+R2       3008.756     14  6045.512     6046.360     6104.794
 15  LG+I+R3       3008.010     16  6048.019     6049.123     6115.770
 25  LG+F+G4       2951.903     31  5965.805     5969.956     6097.072
 26  LG+F+I+G4     2952.971     32  5969.942     5974.370     6105.444
 27  LG+F+R2       2951.761     32  5967.523     5971.950     6103.024
 47  WAG+G4        3029.403     12  6082.806     6083.434     6133.619
 48  WAG+I+G4      3029.979     13  6085.958     6086.692     6141.005
 49  WAG+R2        3029.778     13  6085.555     6086.289     6140.603
 69  WAG+F+G4      2966.564     31  5995.128     5999.279     6126.395
 70  WAG+F+I+G4    2967.216     32  5998.431     6002.859     6133.932
 71  WAG+F+R2      2967.075     32  5998.151     6002.579     6133.652
 91  JTT+G4        3020.375     12  6064.751     6065.378     6115.564
 92  JTT+I+G4      3021.022     13  6068.044     6068.777     6123.091
 93  JTT+R2        3020.743     13  6067.487     6068.221     6122.534
113  JTT+F+G4      2953.901     31  5969.802     5973.952     6101.069
114  JTT+F+I+G4    2954.486     32  5972.972     5977.400     6108.473
115  JTT+F+R2      2954.268     32  5972.537     5976.964     6108.038
WARNING: Normalizing state frequencies so that sum of them equals to 1
135  Q.pfam+G4     3017.035     12  6058.069     6058.697     6108.882
WARNING: Normalizing state frequencies so that sum of them equals to 1
136  Q.pfam+I+G4   3018.207     13  6062.413     6063.147     6117.461
WARNING: Normalizing state frequencies so that sum of them equals to 1
137  Q.pfam+R2     3016.677     13  6059.354     6060.088     6114.401
WARNING: Normalizing state frequencies so that sum of them equals to 1
157  Q.pfam+F+G4   2952.350     31  5966.700     5970.850     6097.967
WARNING: Normalizing state frequencies so that sum of them equals to 1
158  Q.pfam+F+I+G4 2953.575     32  5971.149     5975.577     6106.650
WARNING: Normalizing state frequencies so that sum of them equals to 1
159  Q.pfam+F+R2   2952.039     32  5968.077     5972.505     6103.579
WARNING: Normalizing state frequencies so that sum of them equals to 1
179  Q.bird+G4     3046.942     12  6117.883     6118.511     6168.696
WARNING: Normalizing state frequencies so that sum of them equals to 1
180  Q.bird+I+G4   3048.152     13  6122.304     6123.037     6177.351
WARNING: Normalizing state frequencies so that sum of them equals to 1
181  Q.bird+R2     3046.394     13  6118.788     6119.522     6173.835
WARNING: Normalizing state frequencies so that sum of them equals to 1
201  Q.bird+F+G4   2969.006     31  6000.013     6004.163     6131.280
WARNING: Normalizing state frequencies so that sum of them equals to 1
202  Q.bird+F+I+G4 2970.128     32  6004.255     6008.683     6139.756
WARNING: Normalizing state frequencies so that sum of them equals to 1
203  Q.bird+F+R2   2968.695     32  6001.389     6005.817     6136.890
WARNING: Normalizing state frequencies so that sum of them equals to 1
223  Q.mammal+G4   3050.010     12  6124.020     6124.647     6174.833
WARNING: Normalizing state frequencies so that sum of them equals to 1
224  Q.mammal+I+G4 3051.235     13  6128.470     6129.204     6183.518
WARNING: Normalizing state frequencies so that sum of them equals to 1
225  Q.mammal+R2   3049.436     13  6124.873     6125.607     6179.920
WARNING: Normalizing state frequencies so that sum of them equals to 1
245  Q.mammal+F+G4 2964.928     31  5991.855     5996.006     6123.122
WARNING: Normalizing state frequencies so that sum of them equals to 1
246  Q.mammal+F+I+G4 2966.101     32  5996.202     6000.629     6131.703
WARNING: Normalizing state frequencies so that sum of them equals to 1
247  Q.mammal+F+R2 2964.545     32  5993.089     5997.517     6128.590
267  Q.insect+G4   2987.263     12  5998.526     5999.154     6049.339
268  Q.insect+I+G4 2988.383     13  6002.766     6003.500     6057.813
269  Q.insect+R2   2986.893     13  5999.786     6000.520     6054.834
289  Q.insect+F+G4 2946.392     31  5954.785     5958.935     6086.052
290  Q.insect+F+I+G4 2947.415     32  5958.831     5963.258     6094.332
291  Q.insect+F+R2 2946.195     32  5956.390     5960.818     6091.891
WARNING: Normalizing state frequencies so that sum of them equals to 1
311  Q.plant+G4    3004.720     12  6033.439     6034.067     6084.252
WARNING: Normalizing state frequencies so that sum of them equals to 1
312  Q.plant+I+G4  3005.929     13  6037.858     6038.592     6092.906
WARNING: Normalizing state frequencies so that sum of them equals to 1
313  Q.plant+R2    3004.124     13  6034.247     6034.981     6089.294
WARNING: Normalizing state frequencies so that sum of them equals to 1
333  Q.plant+F+G4  2952.554     31  5967.108     5971.258     6098.374
WARNING: Normalizing state frequencies so that sum of them equals to 1
334  Q.plant+F+I+G4 2953.612     32  5971.224     5975.652     6106.725
WARNING: Normalizing state frequencies so that sum of them equals to 1
335  Q.plant+F+R2  2952.284     32  5968.569     5972.997     6104.070
WARNING: Normalizing state frequencies so that sum of them equals to 1
355  Q.yeast+G4    2978.851     12  5981.702     5982.330     6032.515
WARNING: Normalizing state frequencies so that sum of them equals to 1
356  Q.yeast+I+G4  2979.915     13  5985.829     5986.563     6040.877
WARNING: Normalizing state frequencies so that sum of them equals to 1
357  Q.yeast+R2    2978.529     13  5983.059     5983.793     6038.106
WARNING: Normalizing state frequencies so that sum of them equals to 1
377  Q.yeast+F+G4  2946.099     31  5954.198     5958.349     6085.465
WARNING: Normalizing state frequencies so that sum of them equals to 1
378  Q.yeast+F+I+G4 2947.112     32  5958.223     5962.651     6093.724
WARNING: Normalizing state frequencies so that sum of them equals to 1
379  Q.yeast+F+R2  2945.891     32  5955.783     5960.210     6091.284
399  JTTDCMut+G4   3020.048     12  6064.097     6064.724     6114.910
400  JTTDCMut+I+G4 3020.696     13  6067.392     6068.125     6122.439
401  JTTDCMut+R2   3020.456     13  6066.911     6067.645     6121.958
421  JTTDCMut+F+G4 2953.378     31  5968.755     5972.906     6100.022
422  JTTDCMut+F+I+G4 2953.967     32  5971.934     5976.362     6107.435
423  JTTDCMut+F+R2 2953.780     32  5971.560     5975.988     6107.061
443  DCMut+G4      3040.108     12  6104.216     6104.844     6155.029
444  DCMut+I+G4    3040.535     13  6107.070     6107.804     6162.117
445  DCMut+R2      3040.784     13  6107.569     6108.303     6162.616
465  DCMut+F+G4    2971.017     31  6004.033     6008.184     6135.300
466  DCMut+F+I+G4  2971.698     32  6007.395     6011.823     6142.896
467  DCMut+F+R2    2972.057     32  6008.113     6012.541     6143.615
487  VT+G4         3025.998     12  6075.995     6076.623     6126.808
488  VT+I+G4       3026.501     13  6079.002     6079.736     6134.049
489  VT+R2         3026.177     13  6078.354     6079.088     6133.401
509  VT+F+G4       2972.574     31  6007.147     6011.298     6138.414
510  VT+F+I+G4     2973.033     32  6010.066     6014.493     6145.567
511  VT+F+R2       2972.755     32  6009.509     6013.937     6145.010
531  PMB+G4        3060.701     12  6145.402     6146.029     6196.215
532  PMB+I+G4      3061.405     13  6148.809     6149.543     6203.857
533  PMB+R2        3061.139     13  6148.279     6149.013     6203.326
553  PMB+F+G4      2992.812     31  6047.625     6051.775     6178.891
554  PMB+F+I+G4    2993.398     32  6050.796     6055.223     6186.297
555  PMB+F+R2      2993.234     32  6050.468     6054.896     6185.969
575  Blosum62+G4   3044.393     12  6112.786     6113.413     6163.599
576  Blosum62+I+G4 3045.171     13  6116.342     6117.076     6171.390
577  Blosum62+R2   3044.839     13  6115.678     6116.412     6170.725
597  Blosum62+F+G4 2989.736     31  6041.473     6045.623     6172.739
598  Blosum62+F+I+G4 2990.397     32  6044.793     6049.221     6180.294
599  Blosum62+F+R2 2990.208     32  6044.417     6048.844     6179.918
619  Dayhoff+G4    3039.770     12  6103.540     6104.167     6154.353
620  Dayhoff+I+G4  3040.211     13  6106.423     6107.157     6161.470
621  Dayhoff+R2    3040.463     13  6106.927     6107.660     6161.974
641  Dayhoff+F+G4  2970.729     31  6003.458     6007.608     6134.724
642  Dayhoff+F+I+G4 2971.419     32  6006.838     6011.265     6142.339
643  Dayhoff+F+R2  2971.782     32  6007.565     6011.992     6143.066
663  mtREV+G4      3133.860     12  6291.719     6292.347     6342.532
664  mtREV+I+G4    3135.434     13  6296.868     6297.602     6351.915
665  mtREV+R2      3131.292     13  6288.584     6289.318     6343.632
685  mtREV+F+G4    2987.297     31  6036.594     6040.745     6167.861
686  mtREV+F+I+G4  2988.796     32  6041.593     6046.021     6177.094
687  mtREV+F+R2    2985.992     32  6035.983     6040.411     6171.484
707  mtART+G4      3142.936     12  6309.872     6310.499     6360.685
708  mtART+I+G4    3144.291     13  6314.583     6315.317     6369.630
709  mtART+R2      3141.358     13  6308.716     6309.450     6363.764
729  mtART+F+G4    3001.497     31  6064.994     6069.144     6196.260
730  mtART+F+I+G4  3002.928     32  6069.857     6074.284     6205.358
731  mtART+F+R2    3000.160     32  6064.320     6068.748     6199.821
751  mtZOA+G4      3129.391     12  6282.782     6283.410     6333.595
752  mtZOA+I+G4    3130.945     13  6287.890     6288.624     6342.937
753  mtZOA+R2      3128.335     13  6282.670     6283.404     6337.717
773  mtZOA+F+G4    2979.604     31  6021.209     6025.360     6152.476
774  mtZOA+F+I+G4  2980.879     32  6025.758     6030.186     6161.259
775  mtZOA+F+R2    2979.027     32  6022.053     6026.481     6157.554
795  mtMet+G4      3077.776     12  6179.552     6180.180     6230.365
796  mtMet+I+G4    3079.282     13  6184.564     6185.298     6239.611
797  mtMet+R2      3077.150     13  6180.301     6181.035     6235.348
817  mtMet+F+G4    2975.277     31  6012.555     6016.705     6143.822
818  mtMet+F+I+G4  2976.425     32  6016.850     6021.277     6152.351
819  mtMet+F+R2    2975.166     32  6014.332     6018.759     6149.833
839  mtVer+G4      3127.571     12  6279.142     6279.770     6329.955
840  mtVer+I+G4    3128.884     13  6283.767     6284.501     6338.814
841  mtVer+R2      3127.668     13  6281.336     6282.070     6336.384
861  mtVer+F+G4    2987.212     31  6036.423     6040.574     6167.690
862  mtVer+F+I+G4  2988.113     32  6040.225     6044.653     6175.727
863  mtVer+F+R2    2987.364     32  6038.728     6043.155     6174.229
883  mtInv+G4      3088.563     12  6201.126     6201.754     6251.939
884  mtInv+I+G4    3090.035     13  6206.071     6206.805     6261.118
885  mtInv+R2      3087.837     13  6201.673     6202.407     6256.720
905  mtInv+F+G4    2969.997     31  6001.995     6006.145     6133.262
906  mtInv+F+I+G4  2970.935     32  6005.870     6010.298     6141.372
907  mtInv+F+R2    2970.142     32  6004.284     6008.712     6139.785
927  mtMAM+G4      3146.176     12  6316.353     6316.980     6367.166
928  mtMAM+I+G4    3147.423     13  6320.846     6321.580     6375.893
929  mtMAM+R2      3145.453     13  6316.907     6317.641     6371.954
949  mtMAM+F+G4    2997.159     31  6056.317     6060.468     6187.584
950  mtMAM+F+I+G4  2998.363     32  6060.726     6065.154     6196.227
951  mtMAM+F+R2    2996.231     32  6056.462     6060.889     6191.963
WARNING: Normalizing state frequencies so that sum of them equals to 1
971  FLAVI+G4      3096.311     12  6216.621     6217.249     6267.434
WARNING: Normalizing state frequencies so that sum of them equals to 1
972  FLAVI+I+G4    3097.552     13  6221.104     6221.838     6276.151
WARNING: Normalizing state frequencies so that sum of them equals to 1
973  FLAVI+R2      3095.171     13  6216.342     6217.076     6271.389
WARNING: Normalizing state frequencies so that sum of them equals to 1
993  FLAVI+F+G4    3005.932     31  6073.865     6078.016     6205.132
WARNING: Normalizing state frequencies so that sum of them equals to 1
994  FLAVI+F+I+G4  3006.391     32  6076.782     6081.210     6212.284
WARNING: Normalizing state frequencies so that sum of them equals to 1
995  FLAVI+F+R2    3006.282     32  6076.563     6080.991     6212.064
1015  HIVb+G4       3058.640     12  6141.279     6141.907     6192.092
1016  HIVb+I+G4     3059.386     13  6144.772     6145.506     6199.820
1017  HIVb+R2       3058.447     13  6142.893     6143.627     6197.940
1037  HIVb+F+G4     2982.247     31  6026.493     6030.644     6157.760
1038  HIVb+F+I+G4   2982.857     32  6029.713     6034.141     6165.214
1039  HIVb+F+R2     2982.587     32  6029.174     6033.602     6164.676
1059  HIVw+G4       3090.369     12  6204.739     6205.366     6255.552
1060  HIVw+I+G4     3090.512     13  6207.024     6207.758     6262.072
1061  HIVw+R2       3090.138     13  6206.276     6207.010     6261.323
1081  HIVw+F+G4     3019.349     31  6100.699     6104.849     6231.965
1082  HIVw+F+I+G4   3019.428     32  6102.856     6107.283     6238.357
1083  HIVw+F+R2     3019.731     32  6103.462     6107.889     6238.963
1103  FLU+G4        3036.290     12  6096.579     6097.207     6147.392
1104  FLU+I+G4      3037.322     13  6100.645     6101.379     6155.692
1105  FLU+R2        3035.530     13  6097.061     6097.795     6152.108
1125  FLU+F+G4      2983.567     31  6029.135     6033.285     6160.401
1126  FLU+F+I+G4    2984.386     32  6032.773     6037.200     6168.274
1127  FLU+F+R2      2983.457     32  6030.914     6035.342     6166.415
1147  rtREV+G4      3044.488     12  6112.975     6113.603     6163.788
1148  rtREV+I+G4    3045.478     13  6116.955     6117.689     6172.003
1149  rtREV+R2      3044.382     13  6114.765     6115.498     6169.812
1169  rtREV+F+G4    2963.002     31  5988.003     5992.154     6119.270
1170  rtREV+F+I+G4  2964.066     32  5992.132     5996.560     6127.633
1171  rtREV+F+R2    2962.743     32  5989.487     5993.914     6124.988
1191  cpREV+G4      3045.361     12  6114.722     6115.350     6165.535
1192  cpREV+I+G4    3045.977     13  6117.954     6118.688     6173.001
1193  cpREV+R2      3045.282     13  6116.563     6117.297     6171.611
1213  cpREV+F+G4    2989.500     31  6040.999     6045.150     6172.266
1214  cpREV+F+I+G4  2989.874     32  6043.748     6048.176     6179.250
1215  cpREV+F+R2    2990.014     32  6044.028     6048.456     6179.529
Akaike Information Criterion:           Q.yeast+F+G4
Corrected Akaike Information Criterion: Q.yeast+F+G4
Bayesian Information Criterion:         Q.yeast+G4
Best-fit model: Q.yeast+G4 chosen according to BIC

All model information printed to results/06_PHYLO/noTg_tree/13194at5794/13194at5794.model.gz
CPU time for ModelFinder: 94.991 seconds (0h:1m:34s)
Wall-clock time for ModelFinder: 32.539 seconds (0h:0m:32s)
Generating 1000 samples for ultrafast bootstrap (seed: 864244)...
WARNING: Normalizing state frequencies so that sum of them equals to 1

NOTE: 2 MB RAM (0 GB) is required!
Estimate model parameters (epsilon = 0.100)
1. Initial log-likelihood: -2978.851
Optimal log-likelihood: -2978.851
Gamma shape alpha: 0.610
Parameters optimization took 1 rounds (0.008 sec)
Wrote distance file to... 
Computing ML distances based on estimated model parameters...
Calculating distance matrix: done in 0.0057118 secs using 354.6% CPU
Computing ML distances took 0.006832 sec (of wall-clock time) 0.020677 sec (of CPU time)
Setting up auxiliary I and S matrices: done in 0.0005458 secs using 161.6% CPU
Computing RapidNJ tree took 0.003471 sec (of wall-clock time) 0.003532 sec (of CPU time)
Log-likelihood of RapidNJ tree: -2978.688
--------------------------------------------------------------------
|             INITIALIZING CANDIDATE TREE SET                      |
--------------------------------------------------------------------
Generating 98 parsimony trees... 0.047 second
Computing log-likelihood of 40 initial trees ... 0.111 seconds
Current best score: -2978.688

Do NNI search on 20 best initial trees
Estimate model parameters (epsilon = 0.100)
BETTER TREE FOUND at iteration 1: -2978.687
Iteration 10 / LogL: -2978.699 / Time: 0h:0m:0s
Iteration 20 / LogL: -2978.705 / Time: 0h:0m:0s
Finish initializing candidate tree set (2)
Current best tree score: -2978.687 / CPU time: 0.780
Number of iterations: 20
--------------------------------------------------------------------
|               OPTIMIZING CANDIDATE TREE SET                      |
--------------------------------------------------------------------
UPDATE BEST LOG-LIKELIHOOD: -2978.687
Iteration 30 / LogL: -2978.687 / Time: 0h:0m:1s (0h:0m:2s left)
WARNING: NNI search needs unusual large number of steps (7) to converge!
Iteration 40 / LogL: -2978.699 / Time: 0h:0m:1s (0h:0m:2s left)
WARNING: NNI search needs unusual large number of steps (7) to converge!
UPDATE BEST LOG-LIKELIHOOD: -2978.687
Iteration 50 / LogL: -2978.700 / Time: 0h:0m:2s (0h:0m:2s left)
Log-likelihood cutoff on original alignment: -2986.007
Iteration 60 / LogL: -2978.693 / Time: 0h:0m:2s (0h:0m:1s left)
Iteration 70 / LogL: -2978.765 / Time: 0h:0m:2s (0h:0m:1s left)
Iteration 80 / LogL: -2978.687 / Time: 0h:0m:3s (0h:0m:0s left)
WARNING: NNI search needs unusual large number of steps (7) to converge!
Iteration 90 / LogL: -2978.699 / Time: 0h:0m:3s (0h:0m:0s left)
Iteration 100 / LogL: -2978.697 / Time: 0h:0m:3s (0h:0m:0s left)
Log-likelihood cutoff on original alignment: -2986.307
NOTE: Bootstrap correlation coefficient of split occurrence frequencies: 1.000
WARNING: NNI search needs unusual large number of steps (7) to converge!
TREE SEARCH COMPLETED AFTER 102 ITERATIONS / Time: 0h:0m:4s

--------------------------------------------------------------------
|                    FINALIZING TREE SEARCH                        |
--------------------------------------------------------------------
Performs final model parameters optimization
Estimate model parameters (epsilon = 0.010)
1. Initial log-likelihood: -2978.687
Optimal log-likelihood: -2978.687
Gamma shape alpha: 0.606
Parameters optimization took 1 rounds (0.007 sec)
BEST SCORE FOUND : -2978.687
Creating bootstrap support values...
Split supports printed to NEXUS file results/06_PHYLO/noTg_tree/13194at5794/13194at5794.splits.nex
Total tree length: 1.081

Total number of iterations: 102
CPU time used for tree search: 14.816 sec (0h:0m:14s)
Wall-clock time used for tree search: 4.007 sec (0h:0m:4s)
Total CPU time used: 14.982 sec (0h:0m:14s)
Total wall-clock time used: 4.153 sec (0h:0m:4s)

Computing bootstrap consensus tree...
Reading input file results/06_PHYLO/noTg_tree/13194at5794/13194at5794.splits.nex...
7 taxa and 15 splits.
Consensus tree written to results/06_PHYLO/noTg_tree/13194at5794/13194at5794.contree
Reading input trees file results/06_PHYLO/noTg_tree/13194at5794/13194at5794.contree
Log-likelihood of consensus tree: -2978.852

Analysis results written to: 
  IQ-TREE report:                results/06_PHYLO/noTg_tree/13194at5794/13194at5794.iqtree
  Maximum-likelihood tree:       results/06_PHYLO/noTg_tree/13194at5794/13194at5794.treefile
  Likelihood distances:          results/06_PHYLO/noTg_tree/13194at5794/13194at5794.mldist

Ultrafast bootstrap approximation results written to:
  Split support values:          results/06_PHYLO/noTg_tree/13194at5794/13194at5794.splits.nex
  Consensus tree:                results/06_PHYLO/noTg_tree/13194at5794/13194at5794.contree
  Screen log file:               results/06_PHYLO/noTg_tree/13194at5794/13194at5794.log

Date and Time: Mon Mar 18 01:32:06 2024
