/usr/local/bin/gmes_petap.pl : [Fri Mar  1 02:53:51 2024] /usr/local/bin/probuild --reformat_fasta --uppercase --allow_x --letters_per_line 60 --out data/dna.fna --label _dna --trace info/dna.trace --in /home/inf-42-2023/binp29/Malaria_new/data/raw_genomes/Plasmodium_yoelii.genome  --mask_soft 1000 --mask_margin 0 --low2gff data/in_mask.gff 
/usr/local/bin/gmes_petap.pl : [Fri Mar  1 02:53:51 2024] cat  in_mask.gff   >> plus.gff
/usr/local/bin/gmes_petap.pl : [Fri Mar  1 02:53:52 2024] /usr/local/bin/probuild  --seq data/dna.fna  --allow_x  --stat info/dna.general  --details
/usr/local/bin/gmes_petap.pl : [Fri Mar  1 02:53:52 2024] /usr/local/bin/probuild  --seq data/dna.fna  --allow_x  --stat_fasta info/dna.multi_fasta
/usr/local/bin/gmes_petap.pl : [Fri Mar  1 02:53:52 2024] /usr/local/bin/probuild  --seq data/dna.fna  --allow_x  --substring_n_distr info/dna.gap_distr
/usr/local/bin/gmes_petap.pl : [Fri Mar  1 02:53:53 2024] /usr/local/bin/gc_distr.pl --in data/dna.fna  --out info/dna.gc.csv  --w 1000,8000
/usr/local/bin/gmes_petap.pl : [Fri Mar  1 02:53:54 2024] /usr/local/bin/probuild  --seq /home/inf-42-2023/binp29/Malaria_new/results/02_gene_prediction/Py/data/dna.fna  --split dna.fa  --max_contig 5000000 --min_contig 3000 --letters_per_line 100 --split_at_n 5000 --split_at_x 5000 --allow_x --x_to_n  --trace ../../info/training.trace 
/usr/local/bin/gmes_petap.pl : [Fri Mar  1 02:53:56 2024] /usr/local/bin/probuild --seq data/training.fna --stat info/training.general --allow_x  --GC_PRECISION 0  --details
/usr/local/bin/gmes_petap.pl : [Fri Mar  1 02:53:56 2024] /usr/local/bin/build_mod.pl --cfg /home/inf-42-2023/binp29/Malaria_new/results/02_gene_prediction/Py/run.cfg  --section ES_ini --def /home2/resources/binp28/Programs/Genemark/gmes_linux_64/heu_dir/heu_05_gcode_1_gc_32.mod 
/usr/local/bin/gmes_petap.pl : [Fri Mar  1 02:53:56 2024] ln -sf  /home/inf-42-2023/binp29/Malaria_new/results/02_gene_prediction/Py/run/ES_ini/es_ini.mod  run/ini.mod
/usr/local/bin/gmes_petap.pl : [Fri Mar  1 02:53:56 2024] 112 contigs in list
/usr/local/bin/gmes_petap.pl : [Fri Mar  1 02:54:24 2024] ln -sf /home/inf-42-2023/binp29/Malaria_new/results/02_gene_prediction/Py/run/ES_ini/es_ini.mod  /home/inf-42-2023/binp29/Malaria_new/results/02_gene_prediction/Py/run/ES_A_1/prev.mod
/usr/local/bin/gmes_petap.pl : [Fri Mar  1 02:54:24 2024] /usr/local/bin/parse_set.pl --section ES_A --cfg  /home/inf-42-2023/binp29/Malaria_new/results/02_gene_prediction/Py/run.cfg  --v 
/usr/local/bin/gmes_petap.pl : [Fri Mar  1 02:54:25 2024] /usr/local/bin/make_nt_freq_mat.pl --cfg /home/inf-42-2023/binp29/Malaria_new/results/02_gene_prediction/Py/run.cfg --section start_ATG   --format INI
/usr/local/bin/gmes_petap.pl : [Fri Mar  1 02:54:25 2024] /usr/local/bin/make_nt_freq_mat.pl --cfg /home/inf-42-2023/binp29/Malaria_new/results/02_gene_prediction/Py/run.cfg --section stop_TAA    --format TERM_TAA
/usr/local/bin/gmes_petap.pl : [Fri Mar  1 02:54:25 2024] /usr/local/bin/make_nt_freq_mat.pl --cfg /home/inf-42-2023/binp29/Malaria_new/results/02_gene_prediction/Py/run.cfg --section stop_TAG    --format TERM_TAG
/usr/local/bin/gmes_petap.pl : [Fri Mar  1 02:54:25 2024] /usr/local/bin/make_nt_freq_mat.pl --cfg /home/inf-42-2023/binp29/Malaria_new/results/02_gene_prediction/Py/run.cfg --section stop_TGA    --format TERM_TGA
/usr/local/bin/gmes_petap.pl : [Fri Mar  1 02:54:25 2024] /usr/local/bin/make_nt_freq_mat.pl --cfg /home/inf-42-2023/binp29/Malaria_new/results/02_gene_prediction/Py/run.cfg --section donor_GT    --format DONOR 
/usr/local/bin/gmes_petap.pl : [Fri Mar  1 02:54:25 2024] /usr/local/bin/make_nt_freq_mat.pl --cfg /home/inf-42-2023/binp29/Malaria_new/results/02_gene_prediction/Py/run.cfg --section acceptor_AG --format ACCEPTOR 
/usr/local/bin/gmes_petap.pl : [Fri Mar  1 02:54:26 2024] /usr/local/bin/probuild --cod cod.seq --non non.seq --mkmod_euk mkch    --MKCHAIN_L_MARGING 0  --MKCHAIN_R_MARGING 0  --MKCHAIN_PSEUDOCOUNTS 1  --MKCHAIN_PRECISION 8 --revcomp_non  --ORDM 5 
/usr/local/bin/gmes_petap.pl : [Fri Mar  1 02:54:27 2024] /usr/local/bin/build_mod.pl --cfg /home/inf-42-2023/binp29/Malaria_new/results/02_gene_prediction/Py/run.cfg --section ES_A --def prev.mod  --out ES_A_1.mod 
/usr/local/bin/gmes_petap.pl : [Fri Mar  1 02:54:27 2024] 112 contigs in list
/usr/local/bin/gmes_petap.pl : [Fri Mar  1 02:54:54 2024] ln -sf /home/inf-42-2023/binp29/Malaria_new/results/02_gene_prediction/Py/run/ES_A_1/ES_A_1.mod  /home/inf-42-2023/binp29/Malaria_new/results/02_gene_prediction/Py/run/ES_A_2/prev.mod
/usr/local/bin/gmes_petap.pl : [Fri Mar  1 02:54:54 2024] /usr/local/bin/parse_set.pl --section ES_A --cfg  /home/inf-42-2023/binp29/Malaria_new/results/02_gene_prediction/Py/run.cfg  --v 
/usr/local/bin/gmes_petap.pl : [Fri Mar  1 02:54:55 2024] /usr/local/bin/make_nt_freq_mat.pl --cfg /home/inf-42-2023/binp29/Malaria_new/results/02_gene_prediction/Py/run.cfg --section start_ATG   --format INI
/usr/local/bin/gmes_petap.pl : [Fri Mar  1 02:54:55 2024] /usr/local/bin/make_nt_freq_mat.pl --cfg /home/inf-42-2023/binp29/Malaria_new/results/02_gene_prediction/Py/run.cfg --section stop_TAA    --format TERM_TAA
/usr/local/bin/gmes_petap.pl : [Fri Mar  1 02:54:55 2024] /usr/local/bin/make_nt_freq_mat.pl --cfg /home/inf-42-2023/binp29/Malaria_new/results/02_gene_prediction/Py/run.cfg --section stop_TAG    --format TERM_TAG
/usr/local/bin/gmes_petap.pl : [Fri Mar  1 02:54:55 2024] /usr/local/bin/make_nt_freq_mat.pl --cfg /home/inf-42-2023/binp29/Malaria_new/results/02_gene_prediction/Py/run.cfg --section stop_TGA    --format TERM_TGA
/usr/local/bin/gmes_petap.pl : [Fri Mar  1 02:54:55 2024] /usr/local/bin/make_nt_freq_mat.pl --cfg /home/inf-42-2023/binp29/Malaria_new/results/02_gene_prediction/Py/run.cfg --section donor_GT    --format DONOR 
/usr/local/bin/gmes_petap.pl : [Fri Mar  1 02:54:55 2024] /usr/local/bin/make_nt_freq_mat.pl --cfg /home/inf-42-2023/binp29/Malaria_new/results/02_gene_prediction/Py/run.cfg --section acceptor_AG --format ACCEPTOR 
/usr/local/bin/gmes_petap.pl : [Fri Mar  1 02:54:56 2024] /usr/local/bin/probuild --cod cod.seq --non non.seq --mkmod_euk mkch    --MKCHAIN_L_MARGING 0  --MKCHAIN_R_MARGING 0  --MKCHAIN_PSEUDOCOUNTS 1  --MKCHAIN_PRECISION 8 --revcomp_non  --ORDM 5 
/usr/local/bin/gmes_petap.pl : [Fri Mar  1 02:54:56 2024] /usr/local/bin/build_mod.pl --cfg /home/inf-42-2023/binp29/Malaria_new/results/02_gene_prediction/Py/run.cfg --section ES_A --def prev.mod  --out ES_A_2.mod 
/usr/local/bin/gmes_petap.pl : [Fri Mar  1 02:54:56 2024] 112 contigs in list
/usr/local/bin/gmes_petap.pl : [Fri Mar  1 02:55:23 2024] ln -sf /home/inf-42-2023/binp29/Malaria_new/results/02_gene_prediction/Py/run/ES_A_2/ES_A_2.mod  /home/inf-42-2023/binp29/Malaria_new/results/02_gene_prediction/Py/run/ES_B_1/prev.mod
/usr/local/bin/gmes_petap.pl : [Fri Mar  1 02:55:24 2024] /usr/local/bin/parse_set.pl --section ES_B --cfg  /home/inf-42-2023/binp29/Malaria_new/results/02_gene_prediction/Py/run.cfg  --v
/usr/local/bin/gmes_petap.pl : [Fri Mar  1 02:55:24 2024] /usr/local/bin/make_nt_freq_mat.pl --cfg /home/inf-42-2023/binp29/Malaria_new/results/02_gene_prediction/Py/run.cfg --section start_ATG   --format INI
/usr/local/bin/gmes_petap.pl : [Fri Mar  1 02:55:24 2024] /usr/local/bin/make_nt_freq_mat.pl --cfg /home/inf-42-2023/binp29/Malaria_new/results/02_gene_prediction/Py/run.cfg --section stop_TAA    --format TERM_TAA
/usr/local/bin/gmes_petap.pl : [Fri Mar  1 02:55:24 2024] /usr/local/bin/make_nt_freq_mat.pl --cfg /home/inf-42-2023/binp29/Malaria_new/results/02_gene_prediction/Py/run.cfg --section stop_TAG    --format TERM_TAG
/usr/local/bin/gmes_petap.pl : [Fri Mar  1 02:55:25 2024] /usr/local/bin/make_nt_freq_mat.pl --cfg /home/inf-42-2023/binp29/Malaria_new/results/02_gene_prediction/Py/run.cfg --section stop_TGA    --format TERM_TGA
/usr/local/bin/gmes_petap.pl : [Fri Mar  1 02:55:25 2024] /usr/local/bin/make_nt_freq_mat.pl --cfg /home/inf-42-2023/binp29/Malaria_new/results/02_gene_prediction/Py/run.cfg --section donor_GT    --format DONOR_0    --phase 0 
/usr/local/bin/gmes_petap.pl : [Fri Mar  1 02:55:25 2024] /usr/local/bin/make_nt_freq_mat.pl --cfg /home/inf-42-2023/binp29/Malaria_new/results/02_gene_prediction/Py/run.cfg --section acceptor_AG --format ACCEPTOR_0 --phase 0 
/usr/local/bin/gmes_petap.pl : [Fri Mar  1 02:55:25 2024]  cat  GT.mat > donor.mat 
/usr/local/bin/gmes_petap.pl : [Fri Mar  1 02:55:25 2024]  cat  AG.mat > acceptor.mat 
/usr/local/bin/gmes_petap.pl : [Fri Mar  1 02:55:25 2024] /usr/local/bin/make_nt_freq_mat.pl --cfg /home/inf-42-2023/binp29/Malaria_new/results/02_gene_prediction/Py/run.cfg --section donor_GT    --format DONOR_1    --phase 1 
/usr/local/bin/gmes_petap.pl : [Fri Mar  1 02:55:25 2024] /usr/local/bin/make_nt_freq_mat.pl --cfg /home/inf-42-2023/binp29/Malaria_new/results/02_gene_prediction/Py/run.cfg --section acceptor_AG --format ACCEPTOR_1 --phase 1 
/usr/local/bin/gmes_petap.pl : [Fri Mar  1 02:55:25 2024]  cat  GT.mat >> donor.mat 
/usr/local/bin/gmes_petap.pl : [Fri Mar  1 02:55:25 2024]  cat  AG.mat >> acceptor.mat 
/usr/local/bin/gmes_petap.pl : [Fri Mar  1 02:55:25 2024] /usr/local/bin/make_nt_freq_mat.pl --cfg /home/inf-42-2023/binp29/Malaria_new/results/02_gene_prediction/Py/run.cfg --section donor_GT    --format DONOR_2    --phase 2 
/usr/local/bin/gmes_petap.pl : [Fri Mar  1 02:55:25 2024] /usr/local/bin/make_nt_freq_mat.pl --cfg /home/inf-42-2023/binp29/Malaria_new/results/02_gene_prediction/Py/run.cfg --section acceptor_AG --format ACCEPTOR_2 --phase 2 
/usr/local/bin/gmes_petap.pl : [Fri Mar  1 02:55:25 2024]  cat  GT.mat >> donor.mat 
/usr/local/bin/gmes_petap.pl : [Fri Mar  1 02:55:25 2024]  cat  AG.mat >> acceptor.mat 
/usr/local/bin/gmes_petap.pl : [Fri Mar  1 02:55:25 2024]  mv donor.mat     GT.mat 
/usr/local/bin/gmes_petap.pl : [Fri Mar  1 02:55:25 2024]  mv acceptor.mat  AG.mat 
/usr/local/bin/gmes_petap.pl : [Fri Mar  1 02:55:26 2024] /usr/local/bin/probuild --cod cod.seq --non non.seq --mkmod_euk mkch    --MKCHAIN_L_MARGING 0  --MKCHAIN_R_MARGING 0  --MKCHAIN_PSEUDOCOUNTS 1  --MKCHAIN_PRECISION 8 --revcomp_non  --ORDM 5 
/usr/local/bin/gmes_petap.pl : [Fri Mar  1 02:55:29 2024] /usr/local/bin/histogram.pl --cfg /home/inf-42-2023/binp29/Malaria_new/results/02_gene_prediction/Py/run.cfg --section intron_DUR
/usr/local/bin/gmes_petap.pl : [Fri Mar  1 02:55:29 2024] /usr/local/bin/histogram.pl --cfg /home/inf-42-2023/binp29/Malaria_new/results/02_gene_prediction/Py/run.cfg --section initial_DUR
/usr/local/bin/gmes_petap.pl : [Fri Mar  1 02:55:29 2024] /usr/local/bin/histogram.pl --cfg /home/inf-42-2023/binp29/Malaria_new/results/02_gene_prediction/Py/run.cfg --section internal_DUR
/usr/local/bin/gmes_petap.pl : [Fri Mar  1 02:55:30 2024] /usr/local/bin/histogram.pl --cfg /home/inf-42-2023/binp29/Malaria_new/results/02_gene_prediction/Py/run.cfg --section terminal_DUR
/usr/local/bin/gmes_petap.pl : [Fri Mar  1 02:55:30 2024] /usr/local/bin/histogram.pl --cfg /home/inf-42-2023/binp29/Malaria_new/results/02_gene_prediction/Py/run.cfg --section single_DUR
/usr/local/bin/gmes_petap.pl : [Fri Mar  1 02:55:30 2024] /usr/local/bin/build_mod.pl --cfg /home/inf-42-2023/binp29/Malaria_new/results/02_gene_prediction/Py/run.cfg --section ES_B --def prev.mod  --out ES_B_1.mod 
/usr/local/bin/gmes_petap.pl : [Fri Mar  1 02:55:30 2024] 112 contigs in list
/usr/local/bin/gmes_petap.pl : [Fri Mar  1 02:55:58 2024] ln -sf /home/inf-42-2023/binp29/Malaria_new/results/02_gene_prediction/Py/run/ES_B_1/ES_B_1.mod  /home/inf-42-2023/binp29/Malaria_new/results/02_gene_prediction/Py/run/ES_C_1/prev.mod
/usr/local/bin/gmes_petap.pl : [Fri Mar  1 02:55:59 2024] /usr/local/bin/parse_set.pl --section ES_C --cfg  /home/inf-42-2023/binp29/Malaria_new/results/02_gene_prediction/Py/run.cfg  --v
/usr/local/bin/gmes_petap.pl : [Fri Mar  1 02:55:59 2024] /usr/local/bin/make_nt_freq_mat.pl --cfg /home/inf-42-2023/binp29/Malaria_new/results/02_gene_prediction/Py/run.cfg --section start_ATG   --format INI
/usr/local/bin/gmes_petap.pl : [Fri Mar  1 02:56:00 2024] /usr/local/bin/make_nt_freq_mat.pl --cfg /home/inf-42-2023/binp29/Malaria_new/results/02_gene_prediction/Py/run.cfg --section stop_TAA    --format TERM_TAA
/usr/local/bin/gmes_petap.pl : [Fri Mar  1 02:56:00 2024] /usr/local/bin/make_nt_freq_mat.pl --cfg /home/inf-42-2023/binp29/Malaria_new/results/02_gene_prediction/Py/run.cfg --section stop_TAG    --format TERM_TAG
/usr/local/bin/gmes_petap.pl : [Fri Mar  1 02:56:00 2024] /usr/local/bin/make_nt_freq_mat.pl --cfg /home/inf-42-2023/binp29/Malaria_new/results/02_gene_prediction/Py/run.cfg --section stop_TGA    --format TERM_TGA
/usr/local/bin/gmes_petap.pl : [Fri Mar  1 02:56:00 2024] /usr/local/bin/make_nt_freq_mat.pl --cfg /home/inf-42-2023/binp29/Malaria_new/results/02_gene_prediction/Py/run.cfg --section donor_GT    --format DONOR_0    --phase 0  --quiet
/usr/local/bin/gmes_petap.pl : [Fri Mar  1 02:56:00 2024] /usr/local/bin/make_nt_freq_mat.pl --cfg /home/inf-42-2023/binp29/Malaria_new/results/02_gene_prediction/Py/run.cfg --section acceptor_AG --format ACCEPTOR_0 --phase 0 
/usr/local/bin/gmes_petap.pl : [Fri Mar  1 02:56:00 2024]  cat  GT.mat > donor.mat 
/usr/local/bin/gmes_petap.pl : [Fri Mar  1 02:56:00 2024]  cat  AG.mat > acceptor.mat 
/usr/local/bin/gmes_petap.pl : [Fri Mar  1 02:56:00 2024] /usr/local/bin/make_nt_freq_mat.pl --cfg /home/inf-42-2023/binp29/Malaria_new/results/02_gene_prediction/Py/run.cfg --section donor_GT    --format DONOR_1    --phase 1  --quiet
/usr/local/bin/gmes_petap.pl : [Fri Mar  1 02:56:00 2024] /usr/local/bin/make_nt_freq_mat.pl --cfg /home/inf-42-2023/binp29/Malaria_new/results/02_gene_prediction/Py/run.cfg --section acceptor_AG --format ACCEPTOR_1 --phase 1 
/usr/local/bin/gmes_petap.pl : [Fri Mar  1 02:56:00 2024]  cat  GT.mat >> donor.mat 
/usr/local/bin/gmes_petap.pl : [Fri Mar  1 02:56:00 2024]  cat  AG.mat >> acceptor.mat 
/usr/local/bin/gmes_petap.pl : [Fri Mar  1 02:56:01 2024] /usr/local/bin/make_nt_freq_mat.pl --cfg /home/inf-42-2023/binp29/Malaria_new/results/02_gene_prediction/Py/run.cfg --section donor_GT    --format DONOR_2    --phase 2  --quiet
/usr/local/bin/gmes_petap.pl : [Fri Mar  1 02:56:01 2024] /usr/local/bin/make_nt_freq_mat.pl --cfg /home/inf-42-2023/binp29/Malaria_new/results/02_gene_prediction/Py/run.cfg --section acceptor_AG --format ACCEPTOR_2 --phase 2 
/usr/local/bin/gmes_petap.pl : [Fri Mar  1 02:56:01 2024]  cat  GT.mat >> donor.mat 
/usr/local/bin/gmes_petap.pl : [Fri Mar  1 02:56:01 2024]  cat  AG.mat >> acceptor.mat 
/usr/local/bin/gmes_petap.pl : [Fri Mar  1 02:56:01 2024]  mv donor.mat     GT.mat 
/usr/local/bin/gmes_petap.pl : [Fri Mar  1 02:56:01 2024]  mv acceptor.mat  AG.mat 
/usr/local/bin/gmes_petap.pl : [Fri Mar  1 02:56:01 2024] /usr/local/bin/make_nt_freq_mat.pl  --cfg /home/inf-42-2023/binp29/Malaria_new/results/02_gene_prediction/Py/run.cfg  --section donor_GC  --format DONOR_GC_0  --phase 0  --force
/usr/local/bin/gmes_petap.pl : [Fri Mar  1 02:56:01 2024]  cat  GC.mat > donor_GC.mat 
/usr/local/bin/gmes_petap.pl : [Fri Mar  1 02:56:01 2024] /usr/local/bin/make_nt_freq_mat.pl  --cfg /home/inf-42-2023/binp29/Malaria_new/results/02_gene_prediction/Py/run.cfg  --section donor_GC  --format DONOR_GC_1  --phase 1  --force
/usr/local/bin/gmes_petap.pl : [Fri Mar  1 02:56:01 2024]  cat  GC.mat >> donor_GC.mat 
/usr/local/bin/gmes_petap.pl : [Fri Mar  1 02:56:01 2024] /usr/local/bin/make_nt_freq_mat.pl  --cfg /home/inf-42-2023/binp29/Malaria_new/results/02_gene_prediction/Py/run.cfg  --section donor_GC  --format DONOR_GC_2  --phase 2  --force
/usr/local/bin/gmes_petap.pl : [Fri Mar  1 02:56:01 2024]  cat  GC.mat >> donor_GC.mat 
/usr/local/bin/gmes_petap.pl : [Fri Mar  1 02:56:01 2024]  mv donor_GC.mat GC.mat 
/usr/local/bin/gmes_petap.pl : [Fri Mar  1 02:56:02 2024] /usr/local/bin/probuild --cod cod.seq --non non.seq --mkmod_euk mkch    --MKCHAIN_L_MARGING 0  --MKCHAIN_R_MARGING 0  --MKCHAIN_PSEUDOCOUNTS 1  --MKCHAIN_PRECISION 8 --revcomp_non  --ORDM 5 
/usr/local/bin/gmes_petap.pl : [Fri Mar  1 02:56:05 2024] /usr/local/bin/histogram.pl --cfg /home/inf-42-2023/binp29/Malaria_new/results/02_gene_prediction/Py/run.cfg --section intron_DUR
/usr/local/bin/gmes_petap.pl : [Fri Mar  1 02:56:06 2024] /usr/local/bin/histogram.pl --cfg /home/inf-42-2023/binp29/Malaria_new/results/02_gene_prediction/Py/run.cfg --section initial_DUR
/usr/local/bin/gmes_petap.pl : [Fri Mar  1 02:56:06 2024] /usr/local/bin/histogram.pl --cfg /home/inf-42-2023/binp29/Malaria_new/results/02_gene_prediction/Py/run.cfg --section internal_DUR
/usr/local/bin/gmes_petap.pl : [Fri Mar  1 02:56:06 2024] /usr/local/bin/histogram.pl --cfg /home/inf-42-2023/binp29/Malaria_new/results/02_gene_prediction/Py/run.cfg --section terminal_DUR
/usr/local/bin/gmes_petap.pl : [Fri Mar  1 02:56:07 2024] /usr/local/bin/histogram.pl --cfg /home/inf-42-2023/binp29/Malaria_new/results/02_gene_prediction/Py/run.cfg --section single_DUR
/usr/local/bin/gmes_petap.pl : [Fri Mar  1 02:56:35 2024] /usr/local/bin/histogram.pl --cfg /home/inf-42-2023/binp29/Malaria_new/results/02_gene_prediction/Py/run.cfg --section intergenic_DUR
/usr/local/bin/gmes_petap.pl : [Fri Mar  1 02:56:35 2024] /usr/local/bin/build_mod.pl --cfg /home/inf-42-2023/binp29/Malaria_new/results/02_gene_prediction/Py/run.cfg --section ES_C --def prev.mod  --out ES_C_1.mod 
/usr/local/bin/gmes_petap.pl : [Fri Mar  1 02:56:35 2024] 112 contigs in list
/usr/local/bin/gmes_petap.pl : [Fri Mar  1 02:57:08 2024] ln -sf /home/inf-42-2023/binp29/Malaria_new/results/02_gene_prediction/Py/run/ES_C_1/ES_C_1.mod  /home/inf-42-2023/binp29/Malaria_new/results/02_gene_prediction/Py/run/ES_C_2/prev.mod
/usr/local/bin/gmes_petap.pl : [Fri Mar  1 02:57:09 2024] /usr/local/bin/parse_set.pl --section ES_C --cfg  /home/inf-42-2023/binp29/Malaria_new/results/02_gene_prediction/Py/run.cfg  --v
/usr/local/bin/gmes_petap.pl : [Fri Mar  1 02:57:09 2024] /usr/local/bin/make_nt_freq_mat.pl --cfg /home/inf-42-2023/binp29/Malaria_new/results/02_gene_prediction/Py/run.cfg --section start_ATG   --format INI
/usr/local/bin/gmes_petap.pl : [Fri Mar  1 02:57:09 2024] /usr/local/bin/make_nt_freq_mat.pl --cfg /home/inf-42-2023/binp29/Malaria_new/results/02_gene_prediction/Py/run.cfg --section stop_TAA    --format TERM_TAA
/usr/local/bin/gmes_petap.pl : [Fri Mar  1 02:57:09 2024] /usr/local/bin/make_nt_freq_mat.pl --cfg /home/inf-42-2023/binp29/Malaria_new/results/02_gene_prediction/Py/run.cfg --section stop_TAG    --format TERM_TAG
/usr/local/bin/gmes_petap.pl : [Fri Mar  1 02:57:10 2024] /usr/local/bin/make_nt_freq_mat.pl --cfg /home/inf-42-2023/binp29/Malaria_new/results/02_gene_prediction/Py/run.cfg --section stop_TGA    --format TERM_TGA
/usr/local/bin/gmes_petap.pl : [Fri Mar  1 02:57:10 2024] /usr/local/bin/make_nt_freq_mat.pl --cfg /home/inf-42-2023/binp29/Malaria_new/results/02_gene_prediction/Py/run.cfg --section donor_GT    --format DONOR_0    --phase 0  --quiet
/usr/local/bin/gmes_petap.pl : [Fri Mar  1 02:57:10 2024] /usr/local/bin/make_nt_freq_mat.pl --cfg /home/inf-42-2023/binp29/Malaria_new/results/02_gene_prediction/Py/run.cfg --section acceptor_AG --format ACCEPTOR_0 --phase 0 
/usr/local/bin/gmes_petap.pl : [Fri Mar  1 02:57:10 2024]  cat  GT.mat > donor.mat 
/usr/local/bin/gmes_petap.pl : [Fri Mar  1 02:57:10 2024]  cat  AG.mat > acceptor.mat 
/usr/local/bin/gmes_petap.pl : [Fri Mar  1 02:57:10 2024] /usr/local/bin/make_nt_freq_mat.pl --cfg /home/inf-42-2023/binp29/Malaria_new/results/02_gene_prediction/Py/run.cfg --section donor_GT    --format DONOR_1    --phase 1  --quiet
/usr/local/bin/gmes_petap.pl : [Fri Mar  1 02:57:10 2024] /usr/local/bin/make_nt_freq_mat.pl --cfg /home/inf-42-2023/binp29/Malaria_new/results/02_gene_prediction/Py/run.cfg --section acceptor_AG --format ACCEPTOR_1 --phase 1 
/usr/local/bin/gmes_petap.pl : [Fri Mar  1 02:57:10 2024]  cat  GT.mat >> donor.mat 
/usr/local/bin/gmes_petap.pl : [Fri Mar  1 02:57:10 2024]  cat  AG.mat >> acceptor.mat 
/usr/local/bin/gmes_petap.pl : [Fri Mar  1 02:57:10 2024] /usr/local/bin/make_nt_freq_mat.pl --cfg /home/inf-42-2023/binp29/Malaria_new/results/02_gene_prediction/Py/run.cfg --section donor_GT    --format DONOR_2    --phase 2  --quiet
/usr/local/bin/gmes_petap.pl : [Fri Mar  1 02:57:11 2024] /usr/local/bin/make_nt_freq_mat.pl --cfg /home/inf-42-2023/binp29/Malaria_new/results/02_gene_prediction/Py/run.cfg --section acceptor_AG --format ACCEPTOR_2 --phase 2 
/usr/local/bin/gmes_petap.pl : [Fri Mar  1 02:57:11 2024]  cat  GT.mat >> donor.mat 
/usr/local/bin/gmes_petap.pl : [Fri Mar  1 02:57:11 2024]  cat  AG.mat >> acceptor.mat 
/usr/local/bin/gmes_petap.pl : [Fri Mar  1 02:57:11 2024]  mv donor.mat     GT.mat 
/usr/local/bin/gmes_petap.pl : [Fri Mar  1 02:57:11 2024]  mv acceptor.mat  AG.mat 
/usr/local/bin/gmes_petap.pl : [Fri Mar  1 02:57:11 2024] /usr/local/bin/make_nt_freq_mat.pl  --cfg /home/inf-42-2023/binp29/Malaria_new/results/02_gene_prediction/Py/run.cfg  --section donor_GC  --format DONOR_GC_0  --phase 0  --force
/usr/local/bin/gmes_petap.pl : [Fri Mar  1 02:57:11 2024]  cat  GC.mat > donor_GC.mat 
/usr/local/bin/gmes_petap.pl : [Fri Mar  1 02:57:11 2024] /usr/local/bin/make_nt_freq_mat.pl  --cfg /home/inf-42-2023/binp29/Malaria_new/results/02_gene_prediction/Py/run.cfg  --section donor_GC  --format DONOR_GC_1  --phase 1  --force
/usr/local/bin/gmes_petap.pl : [Fri Mar  1 02:57:11 2024]  cat  GC.mat >> donor_GC.mat 
/usr/local/bin/gmes_petap.pl : [Fri Mar  1 02:57:11 2024] /usr/local/bin/make_nt_freq_mat.pl  --cfg /home/inf-42-2023/binp29/Malaria_new/results/02_gene_prediction/Py/run.cfg  --section donor_GC  --format DONOR_GC_2  --phase 2  --force
/usr/local/bin/gmes_petap.pl : [Fri Mar  1 02:57:11 2024]  cat  GC.mat >> donor_GC.mat 
/usr/local/bin/gmes_petap.pl : [Fri Mar  1 02:57:11 2024]  mv donor_GC.mat GC.mat 
/usr/local/bin/gmes_petap.pl : [Fri Mar  1 02:57:12 2024] /usr/local/bin/probuild --cod cod.seq --non non.seq --mkmod_euk mkch    --MKCHAIN_L_MARGING 0  --MKCHAIN_R_MARGING 0  --MKCHAIN_PSEUDOCOUNTS 1  --MKCHAIN_PRECISION 8 --revcomp_non  --ORDM 5 
/usr/local/bin/gmes_petap.pl : [Fri Mar  1 02:57:16 2024] /usr/local/bin/histogram.pl --cfg /home/inf-42-2023/binp29/Malaria_new/results/02_gene_prediction/Py/run.cfg --section intron_DUR
/usr/local/bin/gmes_petap.pl : [Fri Mar  1 02:57:16 2024] /usr/local/bin/histogram.pl --cfg /home/inf-42-2023/binp29/Malaria_new/results/02_gene_prediction/Py/run.cfg --section initial_DUR
/usr/local/bin/gmes_petap.pl : [Fri Mar  1 02:57:17 2024] /usr/local/bin/histogram.pl --cfg /home/inf-42-2023/binp29/Malaria_new/results/02_gene_prediction/Py/run.cfg --section internal_DUR
/usr/local/bin/gmes_petap.pl : [Fri Mar  1 02:57:17 2024] /usr/local/bin/histogram.pl --cfg /home/inf-42-2023/binp29/Malaria_new/results/02_gene_prediction/Py/run.cfg --section terminal_DUR
/usr/local/bin/gmes_petap.pl : [Fri Mar  1 02:57:17 2024] /usr/local/bin/histogram.pl --cfg /home/inf-42-2023/binp29/Malaria_new/results/02_gene_prediction/Py/run.cfg --section single_DUR
/usr/local/bin/gmes_petap.pl : [Fri Mar  1 02:57:45 2024] /usr/local/bin/histogram.pl --cfg /home/inf-42-2023/binp29/Malaria_new/results/02_gene_prediction/Py/run.cfg --section intergenic_DUR
/usr/local/bin/gmes_petap.pl : [Fri Mar  1 02:57:45 2024] /usr/local/bin/build_mod.pl --cfg /home/inf-42-2023/binp29/Malaria_new/results/02_gene_prediction/Py/run.cfg --section ES_C --def prev.mod  --out ES_C_2.mod 
/usr/local/bin/gmes_petap.pl : [Fri Mar  1 02:57:45 2024] 112 contigs in list
/usr/local/bin/gmes_petap.pl : [Fri Mar  1 02:58:18 2024] ln -sf /home/inf-42-2023/binp29/Malaria_new/results/02_gene_prediction/Py/run/ES_C_2/ES_C_2.mod  /home/inf-42-2023/binp29/Malaria_new/results/02_gene_prediction/Py/run/ES_C_3/prev.mod
/usr/local/bin/gmes_petap.pl : [Fri Mar  1 02:58:19 2024] /usr/local/bin/parse_set.pl --section ES_C --cfg  /home/inf-42-2023/binp29/Malaria_new/results/02_gene_prediction/Py/run.cfg  --v
/usr/local/bin/gmes_petap.pl : [Fri Mar  1 02:58:20 2024] /usr/local/bin/make_nt_freq_mat.pl --cfg /home/inf-42-2023/binp29/Malaria_new/results/02_gene_prediction/Py/run.cfg --section start_ATG   --format INI
/usr/local/bin/gmes_petap.pl : [Fri Mar  1 02:58:20 2024] /usr/local/bin/make_nt_freq_mat.pl --cfg /home/inf-42-2023/binp29/Malaria_new/results/02_gene_prediction/Py/run.cfg --section stop_TAA    --format TERM_TAA
/usr/local/bin/gmes_petap.pl : [Fri Mar  1 02:58:20 2024] /usr/local/bin/make_nt_freq_mat.pl --cfg /home/inf-42-2023/binp29/Malaria_new/results/02_gene_prediction/Py/run.cfg --section stop_TAG    --format TERM_TAG
/usr/local/bin/gmes_petap.pl : [Fri Mar  1 02:58:20 2024] /usr/local/bin/make_nt_freq_mat.pl --cfg /home/inf-42-2023/binp29/Malaria_new/results/02_gene_prediction/Py/run.cfg --section stop_TGA    --format TERM_TGA
/usr/local/bin/gmes_petap.pl : [Fri Mar  1 02:58:20 2024] /usr/local/bin/make_nt_freq_mat.pl --cfg /home/inf-42-2023/binp29/Malaria_new/results/02_gene_prediction/Py/run.cfg --section donor_GT    --format DONOR_0    --phase 0  --quiet
/usr/local/bin/gmes_petap.pl : [Fri Mar  1 02:58:20 2024] /usr/local/bin/make_nt_freq_mat.pl --cfg /home/inf-42-2023/binp29/Malaria_new/results/02_gene_prediction/Py/run.cfg --section acceptor_AG --format ACCEPTOR_0 --phase 0 
/usr/local/bin/gmes_petap.pl : [Fri Mar  1 02:58:20 2024]  cat  GT.mat > donor.mat 
/usr/local/bin/gmes_petap.pl : [Fri Mar  1 02:58:20 2024]  cat  AG.mat > acceptor.mat 
/usr/local/bin/gmes_petap.pl : [Fri Mar  1 02:58:20 2024] /usr/local/bin/make_nt_freq_mat.pl --cfg /home/inf-42-2023/binp29/Malaria_new/results/02_gene_prediction/Py/run.cfg --section donor_GT    --format DONOR_1    --phase 1  --quiet
/usr/local/bin/gmes_petap.pl : [Fri Mar  1 02:58:21 2024] /usr/local/bin/make_nt_freq_mat.pl --cfg /home/inf-42-2023/binp29/Malaria_new/results/02_gene_prediction/Py/run.cfg --section acceptor_AG --format ACCEPTOR_1 --phase 1 
/usr/local/bin/gmes_petap.pl : [Fri Mar  1 02:58:21 2024]  cat  GT.mat >> donor.mat 
/usr/local/bin/gmes_petap.pl : [Fri Mar  1 02:58:21 2024]  cat  AG.mat >> acceptor.mat 
/usr/local/bin/gmes_petap.pl : [Fri Mar  1 02:58:21 2024] /usr/local/bin/make_nt_freq_mat.pl --cfg /home/inf-42-2023/binp29/Malaria_new/results/02_gene_prediction/Py/run.cfg --section donor_GT    --format DONOR_2    --phase 2  --quiet
/usr/local/bin/gmes_petap.pl : [Fri Mar  1 02:58:21 2024] /usr/local/bin/make_nt_freq_mat.pl --cfg /home/inf-42-2023/binp29/Malaria_new/results/02_gene_prediction/Py/run.cfg --section acceptor_AG --format ACCEPTOR_2 --phase 2 
/usr/local/bin/gmes_petap.pl : [Fri Mar  1 02:58:21 2024]  cat  GT.mat >> donor.mat 
/usr/local/bin/gmes_petap.pl : [Fri Mar  1 02:58:21 2024]  cat  AG.mat >> acceptor.mat 
/usr/local/bin/gmes_petap.pl : [Fri Mar  1 02:58:21 2024]  mv donor.mat     GT.mat 
/usr/local/bin/gmes_petap.pl : [Fri Mar  1 02:58:21 2024]  mv acceptor.mat  AG.mat 
/usr/local/bin/gmes_petap.pl : [Fri Mar  1 02:58:21 2024] /usr/local/bin/make_nt_freq_mat.pl  --cfg /home/inf-42-2023/binp29/Malaria_new/results/02_gene_prediction/Py/run.cfg  --section donor_GC  --format DONOR_GC_0  --phase 0  --force
/usr/local/bin/gmes_petap.pl : [Fri Mar  1 02:58:21 2024]  cat  GC.mat > donor_GC.mat 
/usr/local/bin/gmes_petap.pl : [Fri Mar  1 02:58:21 2024] /usr/local/bin/make_nt_freq_mat.pl  --cfg /home/inf-42-2023/binp29/Malaria_new/results/02_gene_prediction/Py/run.cfg  --section donor_GC  --format DONOR_GC_1  --phase 1  --force
/usr/local/bin/gmes_petap.pl : [Fri Mar  1 02:58:21 2024]  cat  GC.mat >> donor_GC.mat 
/usr/local/bin/gmes_petap.pl : [Fri Mar  1 02:58:21 2024] /usr/local/bin/make_nt_freq_mat.pl  --cfg /home/inf-42-2023/binp29/Malaria_new/results/02_gene_prediction/Py/run.cfg  --section donor_GC  --format DONOR_GC_2  --phase 2  --force
/usr/local/bin/gmes_petap.pl : [Fri Mar  1 02:58:21 2024]  cat  GC.mat >> donor_GC.mat 
/usr/local/bin/gmes_petap.pl : [Fri Mar  1 02:58:22 2024]  mv donor_GC.mat GC.mat 
/usr/local/bin/gmes_petap.pl : [Fri Mar  1 02:58:22 2024] /usr/local/bin/probuild --cod cod.seq --non non.seq --mkmod_euk mkch    --MKCHAIN_L_MARGING 0  --MKCHAIN_R_MARGING 0  --MKCHAIN_PSEUDOCOUNTS 1  --MKCHAIN_PRECISION 8 --revcomp_non  --ORDM 5 
/usr/local/bin/gmes_petap.pl : [Fri Mar  1 02:58:26 2024] /usr/local/bin/histogram.pl --cfg /home/inf-42-2023/binp29/Malaria_new/results/02_gene_prediction/Py/run.cfg --section intron_DUR
/usr/local/bin/gmes_petap.pl : [Fri Mar  1 02:58:26 2024] /usr/local/bin/histogram.pl --cfg /home/inf-42-2023/binp29/Malaria_new/results/02_gene_prediction/Py/run.cfg --section initial_DUR
/usr/local/bin/gmes_petap.pl : [Fri Mar  1 02:58:27 2024] /usr/local/bin/histogram.pl --cfg /home/inf-42-2023/binp29/Malaria_new/results/02_gene_prediction/Py/run.cfg --section internal_DUR
/usr/local/bin/gmes_petap.pl : [Fri Mar  1 02:58:27 2024] /usr/local/bin/histogram.pl --cfg /home/inf-42-2023/binp29/Malaria_new/results/02_gene_prediction/Py/run.cfg --section terminal_DUR
/usr/local/bin/gmes_petap.pl : [Fri Mar  1 02:58:28 2024] /usr/local/bin/histogram.pl --cfg /home/inf-42-2023/binp29/Malaria_new/results/02_gene_prediction/Py/run.cfg --section single_DUR
/usr/local/bin/gmes_petap.pl : [Fri Mar  1 02:58:56 2024] /usr/local/bin/histogram.pl --cfg /home/inf-42-2023/binp29/Malaria_new/results/02_gene_prediction/Py/run.cfg --section intergenic_DUR
/usr/local/bin/gmes_petap.pl : [Fri Mar  1 02:58:56 2024] /usr/local/bin/build_mod.pl --cfg /home/inf-42-2023/binp29/Malaria_new/results/02_gene_prediction/Py/run.cfg --section ES_C --def prev.mod  --out ES_C_3.mod 
/usr/local/bin/gmes_petap.pl : [Fri Mar  1 02:58:56 2024] 112 contigs in list
/usr/local/bin/gmes_petap.pl : [Fri Mar  1 02:59:30 2024] ln -sf /home/inf-42-2023/binp29/Malaria_new/results/02_gene_prediction/Py/run/ES_C_3/ES_C_3.mod  /home/inf-42-2023/binp29/Malaria_new/results/02_gene_prediction/Py/run/ES_C_4/prev.mod
/usr/local/bin/gmes_petap.pl : [Fri Mar  1 02:59:31 2024] /usr/local/bin/parse_set.pl --section ES_C --cfg  /home/inf-42-2023/binp29/Malaria_new/results/02_gene_prediction/Py/run.cfg  --v
/usr/local/bin/gmes_petap.pl : [Fri Mar  1 02:59:32 2024] /usr/local/bin/make_nt_freq_mat.pl --cfg /home/inf-42-2023/binp29/Malaria_new/results/02_gene_prediction/Py/run.cfg --section start_ATG   --format INI
/usr/local/bin/gmes_petap.pl : [Fri Mar  1 02:59:32 2024] /usr/local/bin/make_nt_freq_mat.pl --cfg /home/inf-42-2023/binp29/Malaria_new/results/02_gene_prediction/Py/run.cfg --section stop_TAA    --format TERM_TAA
/usr/local/bin/gmes_petap.pl : [Fri Mar  1 02:59:32 2024] /usr/local/bin/make_nt_freq_mat.pl --cfg /home/inf-42-2023/binp29/Malaria_new/results/02_gene_prediction/Py/run.cfg --section stop_TAG    --format TERM_TAG
/usr/local/bin/gmes_petap.pl : [Fri Mar  1 02:59:32 2024] /usr/local/bin/make_nt_freq_mat.pl --cfg /home/inf-42-2023/binp29/Malaria_new/results/02_gene_prediction/Py/run.cfg --section stop_TGA    --format TERM_TGA
/usr/local/bin/gmes_petap.pl : [Fri Mar  1 02:59:32 2024] /usr/local/bin/make_nt_freq_mat.pl --cfg /home/inf-42-2023/binp29/Malaria_new/results/02_gene_prediction/Py/run.cfg --section donor_GT    --format DONOR_0    --phase 0  --quiet
/usr/local/bin/gmes_petap.pl : [Fri Mar  1 02:59:32 2024] /usr/local/bin/make_nt_freq_mat.pl --cfg /home/inf-42-2023/binp29/Malaria_new/results/02_gene_prediction/Py/run.cfg --section acceptor_AG --format ACCEPTOR_0 --phase 0 
/usr/local/bin/gmes_petap.pl : [Fri Mar  1 02:59:32 2024]  cat  GT.mat > donor.mat 
/usr/local/bin/gmes_petap.pl : [Fri Mar  1 02:59:32 2024]  cat  AG.mat > acceptor.mat 
/usr/local/bin/gmes_petap.pl : [Fri Mar  1 02:59:33 2024] /usr/local/bin/make_nt_freq_mat.pl --cfg /home/inf-42-2023/binp29/Malaria_new/results/02_gene_prediction/Py/run.cfg --section donor_GT    --format DONOR_1    --phase 1  --quiet
/usr/local/bin/gmes_petap.pl : [Fri Mar  1 02:59:33 2024] /usr/local/bin/make_nt_freq_mat.pl --cfg /home/inf-42-2023/binp29/Malaria_new/results/02_gene_prediction/Py/run.cfg --section acceptor_AG --format ACCEPTOR_1 --phase 1 
/usr/local/bin/gmes_petap.pl : [Fri Mar  1 02:59:33 2024]  cat  GT.mat >> donor.mat 
/usr/local/bin/gmes_petap.pl : [Fri Mar  1 02:59:33 2024]  cat  AG.mat >> acceptor.mat 
/usr/local/bin/gmes_petap.pl : [Fri Mar  1 02:59:33 2024] /usr/local/bin/make_nt_freq_mat.pl --cfg /home/inf-42-2023/binp29/Malaria_new/results/02_gene_prediction/Py/run.cfg --section donor_GT    --format DONOR_2    --phase 2  --quiet
/usr/local/bin/gmes_petap.pl : [Fri Mar  1 02:59:33 2024] /usr/local/bin/make_nt_freq_mat.pl --cfg /home/inf-42-2023/binp29/Malaria_new/results/02_gene_prediction/Py/run.cfg --section acceptor_AG --format ACCEPTOR_2 --phase 2 
/usr/local/bin/gmes_petap.pl : [Fri Mar  1 02:59:33 2024]  cat  GT.mat >> donor.mat 
/usr/local/bin/gmes_petap.pl : [Fri Mar  1 02:59:33 2024]  cat  AG.mat >> acceptor.mat 
/usr/local/bin/gmes_petap.pl : [Fri Mar  1 02:59:33 2024]  mv donor.mat     GT.mat 
/usr/local/bin/gmes_petap.pl : [Fri Mar  1 02:59:33 2024]  mv acceptor.mat  AG.mat 
/usr/local/bin/gmes_petap.pl : [Fri Mar  1 02:59:33 2024] /usr/local/bin/make_nt_freq_mat.pl  --cfg /home/inf-42-2023/binp29/Malaria_new/results/02_gene_prediction/Py/run.cfg  --section donor_GC  --format DONOR_GC_0  --phase 0  --force
/usr/local/bin/gmes_petap.pl : [Fri Mar  1 02:59:33 2024]  cat  GC.mat > donor_GC.mat 
/usr/local/bin/gmes_petap.pl : [Fri Mar  1 02:59:33 2024] /usr/local/bin/make_nt_freq_mat.pl  --cfg /home/inf-42-2023/binp29/Malaria_new/results/02_gene_prediction/Py/run.cfg  --section donor_GC  --format DONOR_GC_1  --phase 1  --force
/usr/local/bin/gmes_petap.pl : [Fri Mar  1 02:59:33 2024]  cat  GC.mat >> donor_GC.mat 
/usr/local/bin/gmes_petap.pl : [Fri Mar  1 02:59:34 2024] /usr/local/bin/make_nt_freq_mat.pl  --cfg /home/inf-42-2023/binp29/Malaria_new/results/02_gene_prediction/Py/run.cfg  --section donor_GC  --format DONOR_GC_2  --phase 2  --force
/usr/local/bin/gmes_petap.pl : [Fri Mar  1 02:59:34 2024]  cat  GC.mat >> donor_GC.mat 
/usr/local/bin/gmes_petap.pl : [Fri Mar  1 02:59:34 2024]  mv donor_GC.mat GC.mat 
/usr/local/bin/gmes_petap.pl : [Fri Mar  1 02:59:34 2024] /usr/local/bin/probuild --cod cod.seq --non non.seq --mkmod_euk mkch    --MKCHAIN_L_MARGING 0  --MKCHAIN_R_MARGING 0  --MKCHAIN_PSEUDOCOUNTS 1  --MKCHAIN_PRECISION 8 --revcomp_non  --ORDM 5 
/usr/local/bin/gmes_petap.pl : [Fri Mar  1 02:59:38 2024] /usr/local/bin/histogram.pl --cfg /home/inf-42-2023/binp29/Malaria_new/results/02_gene_prediction/Py/run.cfg --section intron_DUR
/usr/local/bin/gmes_petap.pl : [Fri Mar  1 02:59:38 2024] /usr/local/bin/histogram.pl --cfg /home/inf-42-2023/binp29/Malaria_new/results/02_gene_prediction/Py/run.cfg --section initial_DUR
/usr/local/bin/gmes_petap.pl : [Fri Mar  1 02:59:39 2024] /usr/local/bin/histogram.pl --cfg /home/inf-42-2023/binp29/Malaria_new/results/02_gene_prediction/Py/run.cfg --section internal_DUR
/usr/local/bin/gmes_petap.pl : [Fri Mar  1 02:59:39 2024] /usr/local/bin/histogram.pl --cfg /home/inf-42-2023/binp29/Malaria_new/results/02_gene_prediction/Py/run.cfg --section terminal_DUR
/usr/local/bin/gmes_petap.pl : [Fri Mar  1 02:59:40 2024] /usr/local/bin/histogram.pl --cfg /home/inf-42-2023/binp29/Malaria_new/results/02_gene_prediction/Py/run.cfg --section single_DUR
/usr/local/bin/gmes_petap.pl : [Fri Mar  1 03:00:06 2024] /usr/local/bin/histogram.pl --cfg /home/inf-42-2023/binp29/Malaria_new/results/02_gene_prediction/Py/run.cfg --section intergenic_DUR
/usr/local/bin/gmes_petap.pl : [Fri Mar  1 03:00:06 2024] /usr/local/bin/build_mod.pl --cfg /home/inf-42-2023/binp29/Malaria_new/results/02_gene_prediction/Py/run.cfg --section ES_C --def prev.mod  --out ES_C_4.mod 
/usr/local/bin/gmes_petap.pl : [Fri Mar  1 03:00:06 2024] cp /home/inf-42-2023/binp29/Malaria_new/results/02_gene_prediction/Py/run/ES_C_4/ES_C_4.mod /home/inf-42-2023/binp29/Malaria_new/results/02_gene_prediction/Py/gmhmm.mod
/usr/local/bin/gmes_petap.pl : [Fri Mar  1 03:00:06 2024] cp /home/inf-42-2023/binp29/Malaria_new/results/02_gene_prediction/Py/gmhmm.mod output/gmhmm.mod
/usr/local/bin/gmes_petap.pl : [Fri Mar  1 03:00:07 2024] /usr/local/bin/probuild  --seq /home/inf-42-2023/binp29/Malaria_new/results/02_gene_prediction/Py/data/dna.fna  --split dna.fa  --max_contig 5000000 --min_contig 500 --letters_per_line 100 --split_at_n 5000 --split_at_x 5000 --allow_x --x_to_n  --trace ../../info/prediction.trace 
/usr/local/bin/gmes_petap.pl : [Fri Mar  1 03:00:08 2024] 166 contigs in list
/usr/local/bin/gmes_petap.pl : [Fri Mar  1 03:00:40 2024] 166 contigs in list
/usr/local/bin/gmes_petap.pl : [Fri Mar  1 03:00:40 2024] cat /home/inf-42-2023/binp29/Malaria_new/results/02_gene_prediction/Py/output/gmhmm/dna.fa_1.out >> genemark.gtf
/usr/local/bin/gmes_petap.pl : [Fri Mar  1 03:00:40 2024] cat /home/inf-42-2023/binp29/Malaria_new/results/02_gene_prediction/Py/output/gmhmm/dna.fa_2.out >> genemark.gtf
/usr/local/bin/gmes_petap.pl : [Fri Mar  1 03:00:40 2024] cat /home/inf-42-2023/binp29/Malaria_new/results/02_gene_prediction/Py/output/gmhmm/dna.fa_3.out >> genemark.gtf
/usr/local/bin/gmes_petap.pl : [Fri Mar  1 03:00:40 2024] cat /home/inf-42-2023/binp29/Malaria_new/results/02_gene_prediction/Py/output/gmhmm/dna.fa_4.out >> genemark.gtf
/usr/local/bin/gmes_petap.pl : [Fri Mar  1 03:00:40 2024] cat /home/inf-42-2023/binp29/Malaria_new/results/02_gene_prediction/Py/output/gmhmm/dna.fa_5.out >> genemark.gtf
/usr/local/bin/gmes_petap.pl : [Fri Mar  1 03:00:40 2024] cat /home/inf-42-2023/binp29/Malaria_new/results/02_gene_prediction/Py/output/gmhmm/dna.fa_6.out >> genemark.gtf
/usr/local/bin/gmes_petap.pl : [Fri Mar  1 03:00:40 2024] cat /home/inf-42-2023/binp29/Malaria_new/results/02_gene_prediction/Py/output/gmhmm/dna.fa_7.out >> genemark.gtf
/usr/local/bin/gmes_petap.pl : [Fri Mar  1 03:00:40 2024] cat /home/inf-42-2023/binp29/Malaria_new/results/02_gene_prediction/Py/output/gmhmm/dna.fa_8.out >> genemark.gtf
/usr/local/bin/gmes_petap.pl : [Fri Mar  1 03:00:40 2024] cat /home/inf-42-2023/binp29/Malaria_new/results/02_gene_prediction/Py/output/gmhmm/dna.fa_9.out >> genemark.gtf
/usr/local/bin/gmes_petap.pl : [Fri Mar  1 03:00:40 2024] cat /home/inf-42-2023/binp29/Malaria_new/results/02_gene_prediction/Py/output/gmhmm/dna.fa_10.out >> genemark.gtf
/usr/local/bin/gmes_petap.pl : [Fri Mar  1 03:00:40 2024] cat /home/inf-42-2023/binp29/Malaria_new/results/02_gene_prediction/Py/output/gmhmm/dna.fa_11.out >> genemark.gtf
/usr/local/bin/gmes_petap.pl : [Fri Mar  1 03:00:40 2024] cat /home/inf-42-2023/binp29/Malaria_new/results/02_gene_prediction/Py/output/gmhmm/dna.fa_12.out >> genemark.gtf
/usr/local/bin/gmes_petap.pl : [Fri Mar  1 03:00:40 2024] cat /home/inf-42-2023/binp29/Malaria_new/results/02_gene_prediction/Py/output/gmhmm/dna.fa_13.out >> genemark.gtf
/usr/local/bin/gmes_petap.pl : [Fri Mar  1 03:00:40 2024] cat /home/inf-42-2023/binp29/Malaria_new/results/02_gene_prediction/Py/output/gmhmm/dna.fa_14.out >> genemark.gtf
/usr/local/bin/gmes_petap.pl : [Fri Mar  1 03:00:40 2024] cat /home/inf-42-2023/binp29/Malaria_new/results/02_gene_prediction/Py/output/gmhmm/dna.fa_15.out >> genemark.gtf
/usr/local/bin/gmes_petap.pl : [Fri Mar  1 03:00:40 2024] cat /home/inf-42-2023/binp29/Malaria_new/results/02_gene_prediction/Py/output/gmhmm/dna.fa_16.out >> genemark.gtf
/usr/local/bin/gmes_petap.pl : [Fri Mar  1 03:00:40 2024] cat /home/inf-42-2023/binp29/Malaria_new/results/02_gene_prediction/Py/output/gmhmm/dna.fa_17.out >> genemark.gtf
/usr/local/bin/gmes_petap.pl : [Fri Mar  1 03:00:40 2024] cat /home/inf-42-2023/binp29/Malaria_new/results/02_gene_prediction/Py/output/gmhmm/dna.fa_18.out >> genemark.gtf
/usr/local/bin/gmes_petap.pl : [Fri Mar  1 03:00:40 2024] cat /home/inf-42-2023/binp29/Malaria_new/results/02_gene_prediction/Py/output/gmhmm/dna.fa_19.out >> genemark.gtf
/usr/local/bin/gmes_petap.pl : [Fri Mar  1 03:00:40 2024] cat /home/inf-42-2023/binp29/Malaria_new/results/02_gene_prediction/Py/output/gmhmm/dna.fa_20.out >> genemark.gtf
/usr/local/bin/gmes_petap.pl : [Fri Mar  1 03:00:40 2024] cat /home/inf-42-2023/binp29/Malaria_new/results/02_gene_prediction/Py/output/gmhmm/dna.fa_21.out >> genemark.gtf
/usr/local/bin/gmes_petap.pl : [Fri Mar  1 03:00:40 2024] cat /home/inf-42-2023/binp29/Malaria_new/results/02_gene_prediction/Py/output/gmhmm/dna.fa_22.out >> genemark.gtf
/usr/local/bin/gmes_petap.pl : [Fri Mar  1 03:00:40 2024] cat /home/inf-42-2023/binp29/Malaria_new/results/02_gene_prediction/Py/output/gmhmm/dna.fa_23.out >> genemark.gtf
/usr/local/bin/gmes_petap.pl : [Fri Mar  1 03:00:40 2024] cat /home/inf-42-2023/binp29/Malaria_new/results/02_gene_prediction/Py/output/gmhmm/dna.fa_24.out >> genemark.gtf
/usr/local/bin/gmes_petap.pl : [Fri Mar  1 03:00:40 2024] cat /home/inf-42-2023/binp29/Malaria_new/results/02_gene_prediction/Py/output/gmhmm/dna.fa_25.out >> genemark.gtf
/usr/local/bin/gmes_petap.pl : [Fri Mar  1 03:00:40 2024] cat /home/inf-42-2023/binp29/Malaria_new/results/02_gene_prediction/Py/output/gmhmm/dna.fa_26.out >> genemark.gtf
/usr/local/bin/gmes_petap.pl : [Fri Mar  1 03:00:40 2024] cat /home/inf-42-2023/binp29/Malaria_new/results/02_gene_prediction/Py/output/gmhmm/dna.fa_27.out >> genemark.gtf
/usr/local/bin/gmes_petap.pl : [Fri Mar  1 03:00:40 2024] cat /home/inf-42-2023/binp29/Malaria_new/results/02_gene_prediction/Py/output/gmhmm/dna.fa_28.out >> genemark.gtf
/usr/local/bin/gmes_petap.pl : [Fri Mar  1 03:00:40 2024] cat /home/inf-42-2023/binp29/Malaria_new/results/02_gene_prediction/Py/output/gmhmm/dna.fa_29.out >> genemark.gtf
/usr/local/bin/gmes_petap.pl : [Fri Mar  1 03:00:40 2024] cat /home/inf-42-2023/binp29/Malaria_new/results/02_gene_prediction/Py/output/gmhmm/dna.fa_30.out >> genemark.gtf
/usr/local/bin/gmes_petap.pl : [Fri Mar  1 03:00:40 2024] cat /home/inf-42-2023/binp29/Malaria_new/results/02_gene_prediction/Py/output/gmhmm/dna.fa_31.out >> genemark.gtf
/usr/local/bin/gmes_petap.pl : [Fri Mar  1 03:00:40 2024] cat /home/inf-42-2023/binp29/Malaria_new/results/02_gene_prediction/Py/output/gmhmm/dna.fa_32.out >> genemark.gtf
/usr/local/bin/gmes_petap.pl : [Fri Mar  1 03:00:40 2024] cat /home/inf-42-2023/binp29/Malaria_new/results/02_gene_prediction/Py/output/gmhmm/dna.fa_33.out >> genemark.gtf
/usr/local/bin/gmes_petap.pl : [Fri Mar  1 03:00:40 2024] cat /home/inf-42-2023/binp29/Malaria_new/results/02_gene_prediction/Py/output/gmhmm/dna.fa_34.out >> genemark.gtf
/usr/local/bin/gmes_petap.pl : [Fri Mar  1 03:00:40 2024] cat /home/inf-42-2023/binp29/Malaria_new/results/02_gene_prediction/Py/output/gmhmm/dna.fa_35.out >> genemark.gtf
/usr/local/bin/gmes_petap.pl : [Fri Mar  1 03:00:40 2024] cat /home/inf-42-2023/binp29/Malaria_new/results/02_gene_prediction/Py/output/gmhmm/dna.fa_36.out >> genemark.gtf
/usr/local/bin/gmes_petap.pl : [Fri Mar  1 03:00:40 2024] cat /home/inf-42-2023/binp29/Malaria_new/results/02_gene_prediction/Py/output/gmhmm/dna.fa_37.out >> genemark.gtf
/usr/local/bin/gmes_petap.pl : [Fri Mar  1 03:00:40 2024] cat /home/inf-42-2023/binp29/Malaria_new/results/02_gene_prediction/Py/output/gmhmm/dna.fa_38.out >> genemark.gtf
/usr/local/bin/gmes_petap.pl : [Fri Mar  1 03:00:40 2024] cat /home/inf-42-2023/binp29/Malaria_new/results/02_gene_prediction/Py/output/gmhmm/dna.fa_39.out >> genemark.gtf
/usr/local/bin/gmes_petap.pl : [Fri Mar  1 03:00:40 2024] cat /home/inf-42-2023/binp29/Malaria_new/results/02_gene_prediction/Py/output/gmhmm/dna.fa_40.out >> genemark.gtf
/usr/local/bin/gmes_petap.pl : [Fri Mar  1 03:00:40 2024] cat /home/inf-42-2023/binp29/Malaria_new/results/02_gene_prediction/Py/output/gmhmm/dna.fa_41.out >> genemark.gtf
/usr/local/bin/gmes_petap.pl : [Fri Mar  1 03:00:40 2024] cat /home/inf-42-2023/binp29/Malaria_new/results/02_gene_prediction/Py/output/gmhmm/dna.fa_42.out >> genemark.gtf
/usr/local/bin/gmes_petap.pl : [Fri Mar  1 03:00:40 2024] cat /home/inf-42-2023/binp29/Malaria_new/results/02_gene_prediction/Py/output/gmhmm/dna.fa_43.out >> genemark.gtf
/usr/local/bin/gmes_petap.pl : [Fri Mar  1 03:00:40 2024] cat /home/inf-42-2023/binp29/Malaria_new/results/02_gene_prediction/Py/output/gmhmm/dna.fa_44.out >> genemark.gtf
/usr/local/bin/gmes_petap.pl : [Fri Mar  1 03:00:40 2024] cat /home/inf-42-2023/binp29/Malaria_new/results/02_gene_prediction/Py/output/gmhmm/dna.fa_45.out >> genemark.gtf
/usr/local/bin/gmes_petap.pl : [Fri Mar  1 03:00:40 2024] cat /home/inf-42-2023/binp29/Malaria_new/results/02_gene_prediction/Py/output/gmhmm/dna.fa_46.out >> genemark.gtf
/usr/local/bin/gmes_petap.pl : [Fri Mar  1 03:00:40 2024] cat /home/inf-42-2023/binp29/Malaria_new/results/02_gene_prediction/Py/output/gmhmm/dna.fa_47.out >> genemark.gtf
/usr/local/bin/gmes_petap.pl : [Fri Mar  1 03:00:40 2024] cat /home/inf-42-2023/binp29/Malaria_new/results/02_gene_prediction/Py/output/gmhmm/dna.fa_48.out >> genemark.gtf
/usr/local/bin/gmes_petap.pl : [Fri Mar  1 03:00:40 2024] cat /home/inf-42-2023/binp29/Malaria_new/results/02_gene_prediction/Py/output/gmhmm/dna.fa_49.out >> genemark.gtf
/usr/local/bin/gmes_petap.pl : [Fri Mar  1 03:00:40 2024] cat /home/inf-42-2023/binp29/Malaria_new/results/02_gene_prediction/Py/output/gmhmm/dna.fa_50.out >> genemark.gtf
/usr/local/bin/gmes_petap.pl : [Fri Mar  1 03:00:40 2024] cat /home/inf-42-2023/binp29/Malaria_new/results/02_gene_prediction/Py/output/gmhmm/dna.fa_51.out >> genemark.gtf
/usr/local/bin/gmes_petap.pl : [Fri Mar  1 03:00:40 2024] cat /home/inf-42-2023/binp29/Malaria_new/results/02_gene_prediction/Py/output/gmhmm/dna.fa_52.out >> genemark.gtf
/usr/local/bin/gmes_petap.pl : [Fri Mar  1 03:00:40 2024] cat /home/inf-42-2023/binp29/Malaria_new/results/02_gene_prediction/Py/output/gmhmm/dna.fa_53.out >> genemark.gtf
/usr/local/bin/gmes_petap.pl : [Fri Mar  1 03:00:40 2024] cat /home/inf-42-2023/binp29/Malaria_new/results/02_gene_prediction/Py/output/gmhmm/dna.fa_54.out >> genemark.gtf
/usr/local/bin/gmes_petap.pl : [Fri Mar  1 03:00:40 2024] cat /home/inf-42-2023/binp29/Malaria_new/results/02_gene_prediction/Py/output/gmhmm/dna.fa_55.out >> genemark.gtf
/usr/local/bin/gmes_petap.pl : [Fri Mar  1 03:00:40 2024] cat /home/inf-42-2023/binp29/Malaria_new/results/02_gene_prediction/Py/output/gmhmm/dna.fa_56.out >> genemark.gtf
/usr/local/bin/gmes_petap.pl : [Fri Mar  1 03:00:40 2024] cat /home/inf-42-2023/binp29/Malaria_new/results/02_gene_prediction/Py/output/gmhmm/dna.fa_57.out >> genemark.gtf
/usr/local/bin/gmes_petap.pl : [Fri Mar  1 03:00:40 2024] cat /home/inf-42-2023/binp29/Malaria_new/results/02_gene_prediction/Py/output/gmhmm/dna.fa_58.out >> genemark.gtf
/usr/local/bin/gmes_petap.pl : [Fri Mar  1 03:00:40 2024] cat /home/inf-42-2023/binp29/Malaria_new/results/02_gene_prediction/Py/output/gmhmm/dna.fa_59.out >> genemark.gtf
/usr/local/bin/gmes_petap.pl : [Fri Mar  1 03:00:40 2024] cat /home/inf-42-2023/binp29/Malaria_new/results/02_gene_prediction/Py/output/gmhmm/dna.fa_60.out >> genemark.gtf
/usr/local/bin/gmes_petap.pl : [Fri Mar  1 03:00:40 2024] cat /home/inf-42-2023/binp29/Malaria_new/results/02_gene_prediction/Py/output/gmhmm/dna.fa_61.out >> genemark.gtf
/usr/local/bin/gmes_petap.pl : [Fri Mar  1 03:00:40 2024] cat /home/inf-42-2023/binp29/Malaria_new/results/02_gene_prediction/Py/output/gmhmm/dna.fa_62.out >> genemark.gtf
/usr/local/bin/gmes_petap.pl : [Fri Mar  1 03:00:40 2024] cat /home/inf-42-2023/binp29/Malaria_new/results/02_gene_prediction/Py/output/gmhmm/dna.fa_63.out >> genemark.gtf
/usr/local/bin/gmes_petap.pl : [Fri Mar  1 03:00:40 2024] cat /home/inf-42-2023/binp29/Malaria_new/results/02_gene_prediction/Py/output/gmhmm/dna.fa_64.out >> genemark.gtf
/usr/local/bin/gmes_petap.pl : [Fri Mar  1 03:00:40 2024] cat /home/inf-42-2023/binp29/Malaria_new/results/02_gene_prediction/Py/output/gmhmm/dna.fa_65.out >> genemark.gtf
/usr/local/bin/gmes_petap.pl : [Fri Mar  1 03:00:40 2024] cat /home/inf-42-2023/binp29/Malaria_new/results/02_gene_prediction/Py/output/gmhmm/dna.fa_66.out >> genemark.gtf
/usr/local/bin/gmes_petap.pl : [Fri Mar  1 03:00:40 2024] cat /home/inf-42-2023/binp29/Malaria_new/results/02_gene_prediction/Py/output/gmhmm/dna.fa_67.out >> genemark.gtf
/usr/local/bin/gmes_petap.pl : [Fri Mar  1 03:00:40 2024] cat /home/inf-42-2023/binp29/Malaria_new/results/02_gene_prediction/Py/output/gmhmm/dna.fa_68.out >> genemark.gtf
/usr/local/bin/gmes_petap.pl : [Fri Mar  1 03:00:40 2024] cat /home/inf-42-2023/binp29/Malaria_new/results/02_gene_prediction/Py/output/gmhmm/dna.fa_69.out >> genemark.gtf
/usr/local/bin/gmes_petap.pl : [Fri Mar  1 03:00:40 2024] cat /home/inf-42-2023/binp29/Malaria_new/results/02_gene_prediction/Py/output/gmhmm/dna.fa_70.out >> genemark.gtf
/usr/local/bin/gmes_petap.pl : [Fri Mar  1 03:00:40 2024] cat /home/inf-42-2023/binp29/Malaria_new/results/02_gene_prediction/Py/output/gmhmm/dna.fa_71.out >> genemark.gtf
/usr/local/bin/gmes_petap.pl : [Fri Mar  1 03:00:40 2024] cat /home/inf-42-2023/binp29/Malaria_new/results/02_gene_prediction/Py/output/gmhmm/dna.fa_72.out >> genemark.gtf
/usr/local/bin/gmes_petap.pl : [Fri Mar  1 03:00:40 2024] cat /home/inf-42-2023/binp29/Malaria_new/results/02_gene_prediction/Py/output/gmhmm/dna.fa_73.out >> genemark.gtf
/usr/local/bin/gmes_petap.pl : [Fri Mar  1 03:00:40 2024] cat /home/inf-42-2023/binp29/Malaria_new/results/02_gene_prediction/Py/output/gmhmm/dna.fa_74.out >> genemark.gtf
/usr/local/bin/gmes_petap.pl : [Fri Mar  1 03:00:40 2024] cat /home/inf-42-2023/binp29/Malaria_new/results/02_gene_prediction/Py/output/gmhmm/dna.fa_75.out >> genemark.gtf
/usr/local/bin/gmes_petap.pl : [Fri Mar  1 03:00:40 2024] cat /home/inf-42-2023/binp29/Malaria_new/results/02_gene_prediction/Py/output/gmhmm/dna.fa_76.out >> genemark.gtf
/usr/local/bin/gmes_petap.pl : [Fri Mar  1 03:00:40 2024] cat /home/inf-42-2023/binp29/Malaria_new/results/02_gene_prediction/Py/output/gmhmm/dna.fa_77.out >> genemark.gtf
/usr/local/bin/gmes_petap.pl : [Fri Mar  1 03:00:40 2024] cat /home/inf-42-2023/binp29/Malaria_new/results/02_gene_prediction/Py/output/gmhmm/dna.fa_78.out >> genemark.gtf
/usr/local/bin/gmes_petap.pl : [Fri Mar  1 03:00:40 2024] cat /home/inf-42-2023/binp29/Malaria_new/results/02_gene_prediction/Py/output/gmhmm/dna.fa_79.out >> genemark.gtf
/usr/local/bin/gmes_petap.pl : [Fri Mar  1 03:00:40 2024] cat /home/inf-42-2023/binp29/Malaria_new/results/02_gene_prediction/Py/output/gmhmm/dna.fa_80.out >> genemark.gtf
/usr/local/bin/gmes_petap.pl : [Fri Mar  1 03:00:40 2024] cat /home/inf-42-2023/binp29/Malaria_new/results/02_gene_prediction/Py/output/gmhmm/dna.fa_81.out >> genemark.gtf
/usr/local/bin/gmes_petap.pl : [Fri Mar  1 03:00:40 2024] cat /home/inf-42-2023/binp29/Malaria_new/results/02_gene_prediction/Py/output/gmhmm/dna.fa_82.out >> genemark.gtf
/usr/local/bin/gmes_petap.pl : [Fri Mar  1 03:00:40 2024] cat /home/inf-42-2023/binp29/Malaria_new/results/02_gene_prediction/Py/output/gmhmm/dna.fa_83.out >> genemark.gtf
/usr/local/bin/gmes_petap.pl : [Fri Mar  1 03:00:41 2024] cat /home/inf-42-2023/binp29/Malaria_new/results/02_gene_prediction/Py/output/gmhmm/dna.fa_84.out >> genemark.gtf
/usr/local/bin/gmes_petap.pl : [Fri Mar  1 03:00:41 2024] cat /home/inf-42-2023/binp29/Malaria_new/results/02_gene_prediction/Py/output/gmhmm/dna.fa_85.out >> genemark.gtf
/usr/local/bin/gmes_petap.pl : [Fri Mar  1 03:00:41 2024] cat /home/inf-42-2023/binp29/Malaria_new/results/02_gene_prediction/Py/output/gmhmm/dna.fa_86.out >> genemark.gtf
/usr/local/bin/gmes_petap.pl : [Fri Mar  1 03:00:41 2024] cat /home/inf-42-2023/binp29/Malaria_new/results/02_gene_prediction/Py/output/gmhmm/dna.fa_87.out >> genemark.gtf
/usr/local/bin/gmes_petap.pl : [Fri Mar  1 03:00:41 2024] cat /home/inf-42-2023/binp29/Malaria_new/results/02_gene_prediction/Py/output/gmhmm/dna.fa_88.out >> genemark.gtf
/usr/local/bin/gmes_petap.pl : [Fri Mar  1 03:00:41 2024] cat /home/inf-42-2023/binp29/Malaria_new/results/02_gene_prediction/Py/output/gmhmm/dna.fa_89.out >> genemark.gtf
/usr/local/bin/gmes_petap.pl : [Fri Mar  1 03:00:41 2024] cat /home/inf-42-2023/binp29/Malaria_new/results/02_gene_prediction/Py/output/gmhmm/dna.fa_90.out >> genemark.gtf
/usr/local/bin/gmes_petap.pl : [Fri Mar  1 03:00:41 2024] cat /home/inf-42-2023/binp29/Malaria_new/results/02_gene_prediction/Py/output/gmhmm/dna.fa_91.out >> genemark.gtf
/usr/local/bin/gmes_petap.pl : [Fri Mar  1 03:00:41 2024] cat /home/inf-42-2023/binp29/Malaria_new/results/02_gene_prediction/Py/output/gmhmm/dna.fa_92.out >> genemark.gtf
/usr/local/bin/gmes_petap.pl : [Fri Mar  1 03:00:41 2024] cat /home/inf-42-2023/binp29/Malaria_new/results/02_gene_prediction/Py/output/gmhmm/dna.fa_93.out >> genemark.gtf
/usr/local/bin/gmes_petap.pl : [Fri Mar  1 03:00:41 2024] cat /home/inf-42-2023/binp29/Malaria_new/results/02_gene_prediction/Py/output/gmhmm/dna.fa_94.out >> genemark.gtf
/usr/local/bin/gmes_petap.pl : [Fri Mar  1 03:00:41 2024] cat /home/inf-42-2023/binp29/Malaria_new/results/02_gene_prediction/Py/output/gmhmm/dna.fa_95.out >> genemark.gtf
/usr/local/bin/gmes_petap.pl : [Fri Mar  1 03:00:41 2024] cat /home/inf-42-2023/binp29/Malaria_new/results/02_gene_prediction/Py/output/gmhmm/dna.fa_96.out >> genemark.gtf
/usr/local/bin/gmes_petap.pl : [Fri Mar  1 03:00:41 2024] cat /home/inf-42-2023/binp29/Malaria_new/results/02_gene_prediction/Py/output/gmhmm/dna.fa_97.out >> genemark.gtf
/usr/local/bin/gmes_petap.pl : [Fri Mar  1 03:00:41 2024] cat /home/inf-42-2023/binp29/Malaria_new/results/02_gene_prediction/Py/output/gmhmm/dna.fa_98.out >> genemark.gtf
/usr/local/bin/gmes_petap.pl : [Fri Mar  1 03:00:41 2024] cat /home/inf-42-2023/binp29/Malaria_new/results/02_gene_prediction/Py/output/gmhmm/dna.fa_99.out >> genemark.gtf
/usr/local/bin/gmes_petap.pl : [Fri Mar  1 03:00:41 2024] cat /home/inf-42-2023/binp29/Malaria_new/results/02_gene_prediction/Py/output/gmhmm/dna.fa_100.out >> genemark.gtf
/usr/local/bin/gmes_petap.pl : [Fri Mar  1 03:00:41 2024] cat /home/inf-42-2023/binp29/Malaria_new/results/02_gene_prediction/Py/output/gmhmm/dna.fa_101.out >> genemark.gtf
/usr/local/bin/gmes_petap.pl : [Fri Mar  1 03:00:41 2024] cat /home/inf-42-2023/binp29/Malaria_new/results/02_gene_prediction/Py/output/gmhmm/dna.fa_102.out >> genemark.gtf
/usr/local/bin/gmes_petap.pl : [Fri Mar  1 03:00:41 2024] cat /home/inf-42-2023/binp29/Malaria_new/results/02_gene_prediction/Py/output/gmhmm/dna.fa_103.out >> genemark.gtf
/usr/local/bin/gmes_petap.pl : [Fri Mar  1 03:00:41 2024] cat /home/inf-42-2023/binp29/Malaria_new/results/02_gene_prediction/Py/output/gmhmm/dna.fa_104.out >> genemark.gtf
/usr/local/bin/gmes_petap.pl : [Fri Mar  1 03:00:41 2024] cat /home/inf-42-2023/binp29/Malaria_new/results/02_gene_prediction/Py/output/gmhmm/dna.fa_105.out >> genemark.gtf
/usr/local/bin/gmes_petap.pl : [Fri Mar  1 03:00:41 2024] cat /home/inf-42-2023/binp29/Malaria_new/results/02_gene_prediction/Py/output/gmhmm/dna.fa_106.out >> genemark.gtf
/usr/local/bin/gmes_petap.pl : [Fri Mar  1 03:00:41 2024] cat /home/inf-42-2023/binp29/Malaria_new/results/02_gene_prediction/Py/output/gmhmm/dna.fa_107.out >> genemark.gtf
/usr/local/bin/gmes_petap.pl : [Fri Mar  1 03:00:41 2024] cat /home/inf-42-2023/binp29/Malaria_new/results/02_gene_prediction/Py/output/gmhmm/dna.fa_108.out >> genemark.gtf
/usr/local/bin/gmes_petap.pl : [Fri Mar  1 03:00:41 2024] cat /home/inf-42-2023/binp29/Malaria_new/results/02_gene_prediction/Py/output/gmhmm/dna.fa_109.out >> genemark.gtf
/usr/local/bin/gmes_petap.pl : [Fri Mar  1 03:00:41 2024] cat /home/inf-42-2023/binp29/Malaria_new/results/02_gene_prediction/Py/output/gmhmm/dna.fa_110.out >> genemark.gtf
/usr/local/bin/gmes_petap.pl : [Fri Mar  1 03:00:41 2024] cat /home/inf-42-2023/binp29/Malaria_new/results/02_gene_prediction/Py/output/gmhmm/dna.fa_111.out >> genemark.gtf
/usr/local/bin/gmes_petap.pl : [Fri Mar  1 03:00:41 2024] cat /home/inf-42-2023/binp29/Malaria_new/results/02_gene_prediction/Py/output/gmhmm/dna.fa_112.out >> genemark.gtf
/usr/local/bin/gmes_petap.pl : [Fri Mar  1 03:00:41 2024] cat /home/inf-42-2023/binp29/Malaria_new/results/02_gene_prediction/Py/output/gmhmm/dna.fa_113.out >> genemark.gtf
/usr/local/bin/gmes_petap.pl : [Fri Mar  1 03:00:41 2024] cat /home/inf-42-2023/binp29/Malaria_new/results/02_gene_prediction/Py/output/gmhmm/dna.fa_114.out >> genemark.gtf
/usr/local/bin/gmes_petap.pl : [Fri Mar  1 03:00:41 2024] cat /home/inf-42-2023/binp29/Malaria_new/results/02_gene_prediction/Py/output/gmhmm/dna.fa_115.out >> genemark.gtf
/usr/local/bin/gmes_petap.pl : [Fri Mar  1 03:00:41 2024] cat /home/inf-42-2023/binp29/Malaria_new/results/02_gene_prediction/Py/output/gmhmm/dna.fa_116.out >> genemark.gtf
/usr/local/bin/gmes_petap.pl : [Fri Mar  1 03:00:41 2024] cat /home/inf-42-2023/binp29/Malaria_new/results/02_gene_prediction/Py/output/gmhmm/dna.fa_117.out >> genemark.gtf
/usr/local/bin/gmes_petap.pl : [Fri Mar  1 03:00:41 2024] cat /home/inf-42-2023/binp29/Malaria_new/results/02_gene_prediction/Py/output/gmhmm/dna.fa_118.out >> genemark.gtf
/usr/local/bin/gmes_petap.pl : [Fri Mar  1 03:00:41 2024] cat /home/inf-42-2023/binp29/Malaria_new/results/02_gene_prediction/Py/output/gmhmm/dna.fa_119.out >> genemark.gtf
/usr/local/bin/gmes_petap.pl : [Fri Mar  1 03:00:41 2024] cat /home/inf-42-2023/binp29/Malaria_new/results/02_gene_prediction/Py/output/gmhmm/dna.fa_120.out >> genemark.gtf
/usr/local/bin/gmes_petap.pl : [Fri Mar  1 03:00:41 2024] cat /home/inf-42-2023/binp29/Malaria_new/results/02_gene_prediction/Py/output/gmhmm/dna.fa_121.out >> genemark.gtf
/usr/local/bin/gmes_petap.pl : [Fri Mar  1 03:00:41 2024] cat /home/inf-42-2023/binp29/Malaria_new/results/02_gene_prediction/Py/output/gmhmm/dna.fa_122.out >> genemark.gtf
/usr/local/bin/gmes_petap.pl : [Fri Mar  1 03:00:41 2024] cat /home/inf-42-2023/binp29/Malaria_new/results/02_gene_prediction/Py/output/gmhmm/dna.fa_123.out >> genemark.gtf
/usr/local/bin/gmes_petap.pl : [Fri Mar  1 03:00:41 2024] cat /home/inf-42-2023/binp29/Malaria_new/results/02_gene_prediction/Py/output/gmhmm/dna.fa_124.out >> genemark.gtf
/usr/local/bin/gmes_petap.pl : [Fri Mar  1 03:00:41 2024] cat /home/inf-42-2023/binp29/Malaria_new/results/02_gene_prediction/Py/output/gmhmm/dna.fa_125.out >> genemark.gtf
/usr/local/bin/gmes_petap.pl : [Fri Mar  1 03:00:41 2024] cat /home/inf-42-2023/binp29/Malaria_new/results/02_gene_prediction/Py/output/gmhmm/dna.fa_126.out >> genemark.gtf
/usr/local/bin/gmes_petap.pl : [Fri Mar  1 03:00:41 2024] cat /home/inf-42-2023/binp29/Malaria_new/results/02_gene_prediction/Py/output/gmhmm/dna.fa_127.out >> genemark.gtf
/usr/local/bin/gmes_petap.pl : [Fri Mar  1 03:00:41 2024] cat /home/inf-42-2023/binp29/Malaria_new/results/02_gene_prediction/Py/output/gmhmm/dna.fa_128.out >> genemark.gtf
/usr/local/bin/gmes_petap.pl : [Fri Mar  1 03:00:41 2024] cat /home/inf-42-2023/binp29/Malaria_new/results/02_gene_prediction/Py/output/gmhmm/dna.fa_129.out >> genemark.gtf
/usr/local/bin/gmes_petap.pl : [Fri Mar  1 03:00:41 2024] cat /home/inf-42-2023/binp29/Malaria_new/results/02_gene_prediction/Py/output/gmhmm/dna.fa_130.out >> genemark.gtf
/usr/local/bin/gmes_petap.pl : [Fri Mar  1 03:00:41 2024] cat /home/inf-42-2023/binp29/Malaria_new/results/02_gene_prediction/Py/output/gmhmm/dna.fa_131.out >> genemark.gtf
/usr/local/bin/gmes_petap.pl : [Fri Mar  1 03:00:41 2024] cat /home/inf-42-2023/binp29/Malaria_new/results/02_gene_prediction/Py/output/gmhmm/dna.fa_132.out >> genemark.gtf
/usr/local/bin/gmes_petap.pl : [Fri Mar  1 03:00:41 2024] cat /home/inf-42-2023/binp29/Malaria_new/results/02_gene_prediction/Py/output/gmhmm/dna.fa_133.out >> genemark.gtf
/usr/local/bin/gmes_petap.pl : [Fri Mar  1 03:00:41 2024] cat /home/inf-42-2023/binp29/Malaria_new/results/02_gene_prediction/Py/output/gmhmm/dna.fa_134.out >> genemark.gtf
/usr/local/bin/gmes_petap.pl : [Fri Mar  1 03:00:41 2024] cat /home/inf-42-2023/binp29/Malaria_new/results/02_gene_prediction/Py/output/gmhmm/dna.fa_135.out >> genemark.gtf
/usr/local/bin/gmes_petap.pl : [Fri Mar  1 03:00:41 2024] cat /home/inf-42-2023/binp29/Malaria_new/results/02_gene_prediction/Py/output/gmhmm/dna.fa_136.out >> genemark.gtf
/usr/local/bin/gmes_petap.pl : [Fri Mar  1 03:00:41 2024] cat /home/inf-42-2023/binp29/Malaria_new/results/02_gene_prediction/Py/output/gmhmm/dna.fa_137.out >> genemark.gtf
/usr/local/bin/gmes_petap.pl : [Fri Mar  1 03:00:41 2024] cat /home/inf-42-2023/binp29/Malaria_new/results/02_gene_prediction/Py/output/gmhmm/dna.fa_138.out >> genemark.gtf
/usr/local/bin/gmes_petap.pl : [Fri Mar  1 03:00:41 2024] cat /home/inf-42-2023/binp29/Malaria_new/results/02_gene_prediction/Py/output/gmhmm/dna.fa_139.out >> genemark.gtf
/usr/local/bin/gmes_petap.pl : [Fri Mar  1 03:00:41 2024] cat /home/inf-42-2023/binp29/Malaria_new/results/02_gene_prediction/Py/output/gmhmm/dna.fa_140.out >> genemark.gtf
/usr/local/bin/gmes_petap.pl : [Fri Mar  1 03:00:41 2024] cat /home/inf-42-2023/binp29/Malaria_new/results/02_gene_prediction/Py/output/gmhmm/dna.fa_141.out >> genemark.gtf
/usr/local/bin/gmes_petap.pl : [Fri Mar  1 03:00:41 2024] cat /home/inf-42-2023/binp29/Malaria_new/results/02_gene_prediction/Py/output/gmhmm/dna.fa_142.out >> genemark.gtf
/usr/local/bin/gmes_petap.pl : [Fri Mar  1 03:00:41 2024] cat /home/inf-42-2023/binp29/Malaria_new/results/02_gene_prediction/Py/output/gmhmm/dna.fa_143.out >> genemark.gtf
/usr/local/bin/gmes_petap.pl : [Fri Mar  1 03:00:41 2024] cat /home/inf-42-2023/binp29/Malaria_new/results/02_gene_prediction/Py/output/gmhmm/dna.fa_144.out >> genemark.gtf
/usr/local/bin/gmes_petap.pl : [Fri Mar  1 03:00:41 2024] cat /home/inf-42-2023/binp29/Malaria_new/results/02_gene_prediction/Py/output/gmhmm/dna.fa_145.out >> genemark.gtf
/usr/local/bin/gmes_petap.pl : [Fri Mar  1 03:00:41 2024] cat /home/inf-42-2023/binp29/Malaria_new/results/02_gene_prediction/Py/output/gmhmm/dna.fa_146.out >> genemark.gtf
/usr/local/bin/gmes_petap.pl : [Fri Mar  1 03:00:41 2024] cat /home/inf-42-2023/binp29/Malaria_new/results/02_gene_prediction/Py/output/gmhmm/dna.fa_147.out >> genemark.gtf
/usr/local/bin/gmes_petap.pl : [Fri Mar  1 03:00:41 2024] cat /home/inf-42-2023/binp29/Malaria_new/results/02_gene_prediction/Py/output/gmhmm/dna.fa_148.out >> genemark.gtf
/usr/local/bin/gmes_petap.pl : [Fri Mar  1 03:00:41 2024] cat /home/inf-42-2023/binp29/Malaria_new/results/02_gene_prediction/Py/output/gmhmm/dna.fa_149.out >> genemark.gtf
/usr/local/bin/gmes_petap.pl : [Fri Mar  1 03:00:41 2024] cat /home/inf-42-2023/binp29/Malaria_new/results/02_gene_prediction/Py/output/gmhmm/dna.fa_150.out >> genemark.gtf
/usr/local/bin/gmes_petap.pl : [Fri Mar  1 03:00:41 2024] cat /home/inf-42-2023/binp29/Malaria_new/results/02_gene_prediction/Py/output/gmhmm/dna.fa_151.out >> genemark.gtf
/usr/local/bin/gmes_petap.pl : [Fri Mar  1 03:00:41 2024] cat /home/inf-42-2023/binp29/Malaria_new/results/02_gene_prediction/Py/output/gmhmm/dna.fa_152.out >> genemark.gtf
/usr/local/bin/gmes_petap.pl : [Fri Mar  1 03:00:41 2024] cat /home/inf-42-2023/binp29/Malaria_new/results/02_gene_prediction/Py/output/gmhmm/dna.fa_153.out >> genemark.gtf
/usr/local/bin/gmes_petap.pl : [Fri Mar  1 03:00:41 2024] cat /home/inf-42-2023/binp29/Malaria_new/results/02_gene_prediction/Py/output/gmhmm/dna.fa_154.out >> genemark.gtf
/usr/local/bin/gmes_petap.pl : [Fri Mar  1 03:00:41 2024] cat /home/inf-42-2023/binp29/Malaria_new/results/02_gene_prediction/Py/output/gmhmm/dna.fa_155.out >> genemark.gtf
/usr/local/bin/gmes_petap.pl : [Fri Mar  1 03:00:41 2024] cat /home/inf-42-2023/binp29/Malaria_new/results/02_gene_prediction/Py/output/gmhmm/dna.fa_156.out >> genemark.gtf
/usr/local/bin/gmes_petap.pl : [Fri Mar  1 03:00:41 2024] cat /home/inf-42-2023/binp29/Malaria_new/results/02_gene_prediction/Py/output/gmhmm/dna.fa_157.out >> genemark.gtf
/usr/local/bin/gmes_petap.pl : [Fri Mar  1 03:00:41 2024] cat /home/inf-42-2023/binp29/Malaria_new/results/02_gene_prediction/Py/output/gmhmm/dna.fa_158.out >> genemark.gtf
/usr/local/bin/gmes_petap.pl : [Fri Mar  1 03:00:41 2024] cat /home/inf-42-2023/binp29/Malaria_new/results/02_gene_prediction/Py/output/gmhmm/dna.fa_159.out >> genemark.gtf
/usr/local/bin/gmes_petap.pl : [Fri Mar  1 03:00:41 2024] cat /home/inf-42-2023/binp29/Malaria_new/results/02_gene_prediction/Py/output/gmhmm/dna.fa_160.out >> genemark.gtf
/usr/local/bin/gmes_petap.pl : [Fri Mar  1 03:00:41 2024] cat /home/inf-42-2023/binp29/Malaria_new/results/02_gene_prediction/Py/output/gmhmm/dna.fa_161.out >> genemark.gtf
/usr/local/bin/gmes_petap.pl : [Fri Mar  1 03:00:41 2024] cat /home/inf-42-2023/binp29/Malaria_new/results/02_gene_prediction/Py/output/gmhmm/dna.fa_162.out >> genemark.gtf
/usr/local/bin/gmes_petap.pl : [Fri Mar  1 03:00:41 2024] cat /home/inf-42-2023/binp29/Malaria_new/results/02_gene_prediction/Py/output/gmhmm/dna.fa_163.out >> genemark.gtf
/usr/local/bin/gmes_petap.pl : [Fri Mar  1 03:00:41 2024] cat /home/inf-42-2023/binp29/Malaria_new/results/02_gene_prediction/Py/output/gmhmm/dna.fa_164.out >> genemark.gtf
/usr/local/bin/gmes_petap.pl : [Fri Mar  1 03:00:41 2024] cat /home/inf-42-2023/binp29/Malaria_new/results/02_gene_prediction/Py/output/gmhmm/dna.fa_165.out >> genemark.gtf
/usr/local/bin/gmes_petap.pl : [Fri Mar  1 03:00:41 2024] cat /home/inf-42-2023/binp29/Malaria_new/results/02_gene_prediction/Py/output/gmhmm/dna.fa_166.out >> genemark.gtf
/usr/local/bin/gmes_petap.pl : [Fri Mar  1 03:00:41 2024] /usr/local/bin/reformat_gff.pl --out genemark.gtf.tmp --trace info/dna.trace --in genemark.gtf  --back
/usr/local/bin/gmes_petap.pl : [Fri Mar  1 03:00:41 2024] mv genemark.gtf.tmp genemark.gtf
