#                                                                                             --- full sequence --- -------------- this domain -------------   hmm coord   ali coord   env coord
# target name                         accession   tlen query name           accession   qlen   E-value  score  bias   #  of  c-Evalue  i-Evalue  score  bias  from    to  from    to  from    to  acc description of target
#                 ------------------- ---------- ----- -------------------- ---------- ----- --------- ------ ----- --- --- --------- --------- ------ ----- ----- ----- ----- ----- ----- ----- ---- ---------------------
1653at4891_4|contig_13:269973-272027  -            685 1653at4891           -            641  6.5e-208  683.4   5.6   1   1  1.3e-207  3.1e-207  681.2   5.6   141   633     1   634     1   643 0.84 -
1653at4891_0|contig_14:189883-192057  -            725 1653at4891           -            641   5.8e-73  237.6   5.6   1   3   3.6e-52   8.6e-52  167.6   0.8     2   254     2   243     1   248 0.92 -
1653at4891_0|contig_14:189883-192057  -            725 1653at4891           -            641   5.8e-73  237.6   5.6   2   3   4.5e-14   1.1e-13   41.8   0.0   214   301   247   339   241   351 0.90 -
1653at4891_0|contig_14:189883-192057  -            725 1653at4891           -            641   5.8e-73  237.6   5.6   3   3   1.3e-09   2.9e-09   27.1   0.5   324   524   405   598   385   677 0.78 -
28907at4891_7|contig_26:99391-100410  -            340 1653at4891           -            641     2e-33  106.9   6.7   1   2   2.5e-18   5.8e-18   55.9   0.8   115   253     4   147     2   165 0.82 -
28907at4891_7|contig_26:99391-100410  -            340 1653at4891           -            641     2e-33  106.9   6.7   2   2   1.1e-15   2.7e-15   47.1   0.5   105   225   209   328   168   329 0.75 -
28907at4891_7|contig_4:203050-203790  -            247 1653at4891           -            641   2.8e-31   99.9   0.6   1   2   2.9e-25   6.7e-25   78.8   0.4    90   256    32   196     4   200 0.88 -
28907at4891_7|contig_4:203050-203790  -            247 1653at4891           -            641   2.8e-31   99.9   0.6   2   2   2.1e-09     5e-09   26.4   0.0   191   252   173   235   166   244 0.86 -
28907at4891_6|contig_26:80154-80948   -            265 1653at4891           -            641   7.2e-28   88.6   0.0   1   2   4.9e-21   1.2e-20   64.8   0.0    96   252     3   164     1   178 0.89 -
28907at4891_6|contig_26:80154-80948   -            265 1653at4891           -            641   7.2e-28   88.6   0.0   2   2   3.8e-08     9e-08   22.2   0.0    87   166   181   264   173   265 0.82 -
28907at4891_9|contig_26:118777-119760 -            328 1653at4891           -            641   1.1e-27   88.0   0.0   1   1     6e-28   1.4e-27   87.6   0.0     6   250    28   276    23   288 0.88 -
28907at4891_3|contig_19:620473-621264 -            264 1653at4891           -            641   1.6e-25   80.8   3.7   1   4   3.5e-09   8.3e-09   25.6   0.0   191   252     5    67     2    82 0.84 -
28907at4891_3|contig_19:620473-621264 -            264 1653at4891           -            641   1.6e-25   80.8   3.7   2   4   0.00014   0.00034   10.4   0.0    93   172    77   154    72   161 0.85 -
28907at4891_3|contig_19:620473-621264 -            264 1653at4891           -            641   1.6e-25   80.8   3.7   3   4   6.5e-14   1.5e-13   41.3   1.6    87   169   162   243   155   246 0.95 -
28907at4891_3|contig_19:620473-621264 -            264 1653at4891           -            641   1.6e-25   80.8   3.7   4   4   8.9e-06   2.1e-05   14.4   0.0   190   223   222   255   217   263 0.86 -
28907at4891_6|contig_12:491214-491990 -            259 1653at4891           -            641   4.4e-24   76.1   4.7   1   2   0.00069    0.0016    8.1   0.1   190   239    50    99    44   104 0.89 -
28907at4891_6|contig_12:491214-491990 -            259 1653at4891           -            641   4.4e-24   76.1   4.7   2   2   3.1e-22   7.2e-22   68.8   1.7   107   252   104   257    96   258 0.80 -
28907at4891_7|contig_27:153398-154177 -            260 1653at4891           -            641   1.1e-15   48.4   7.0   1   3   6.4e-08   1.5e-07   21.5   0.1   199   250     1    54     1    59 0.90 -
28907at4891_7|contig_27:153398-154177 -            260 1653at4891           -            641   1.1e-15   48.4   7.0   2   3   2.8e-08   6.6e-08   22.7   0.5   195   252   104   161    98   191 0.86 -
28907at4891_7|contig_27:153398-154177 -            260 1653at4891           -            641   1.1e-15   48.4   7.0   3   3    0.0012    0.0027    7.4   0.1   170   243   186   253   165   260 0.59 -
28907at4891_4|contig_25:163817-164542 -            242 1653at4891           -            641   1.7e-14   44.4   0.0   1   3   2.2e-08   5.2e-08   23.0   0.0   198   252    17    72     6    81 0.86 -
28907at4891_4|contig_25:163817-164542 -            242 1653at4891           -            641   1.7e-14   44.4   0.0   2   3     0.035     0.083    2.5   0.0   214   264    95   143    89   171 0.62 -
28907at4891_4|contig_25:163817-164542 -            242 1653at4891           -            641   1.7e-14   44.4   0.0   3   3   4.1e-06   9.6e-06   15.5   0.0   195   253   181   237   173   241 0.86 -
28907at4891_7|contig_13:512004-512831 -            276 1653at4891           -            641   1.4e-12   38.1   0.8   1   2    0.0029    0.0068    6.1   0.0   203   246    57    98    47   105 0.83 -
28907at4891_7|contig_13:512004-512831 -            276 1653at4891           -            641   1.4e-12   38.1   0.8   2   2   1.4e-10   3.3e-10   30.3   0.4    91   250   114   275   109   276 0.83 -
28907at4891_2|contig_20:858456-860021 -            521 1653at4891           -            641   4.5e-09   26.5   0.1   1   2   2.7e-06   6.3e-06   16.1   0.1   107   168   256   317   251   325 0.93 -
28907at4891_2|contig_20:858456-860021 -            521 1653at4891           -            641   4.5e-09   26.5   0.1   2   2   0.00066    0.0016    8.2   0.0    71   127   369   427   360   440 0.76 -
1653at4891|contig_2:489441-490874     -            478 1653at4891           -            641   5.1e-09   26.3   1.7   1   3     2e-05   4.6e-05   13.3   0.0    66   249    68   261    23   262 0.76 -
1653at4891|contig_2:489441-490874     -            478 1653at4891           -            641   5.1e-09   26.3   1.7   2   3   1.6e-07   3.7e-07   20.2   0.7   143   321   194   369   145   377 0.72 -
1653at4891|contig_2:489441-490874     -            478 1653at4891           -            641   5.1e-09   26.3   1.7   3   3      0.64       1.5   -1.7   0.0   248   287   368   409   359   432 0.61 -
28907at4891_7|contig_19:568955-569863 -            303 1653at4891           -            641   1.1e-05   15.4   0.3   1   2   5.2e-05   0.00012   11.8   0.2    44   170     8   141     3   185 0.69 -
28907at4891_7|contig_19:568955-569863 -            303 1653at4891           -            641   1.1e-05   15.4   0.3   2   2     0.078      0.18    1.4   0.0   221   251   250   282   237   289 0.59 -
#
# Program:         hmmsearch
# Version:         3.1b2 (February 2015)
# Pipeline mode:   SEARCH
# Query file:      /mnt/c/Users/HMarton/GitHub/LundUni/Pages/Projects/de_novo_BINP29/busco_downloads/lineages/saccharomycetes_odb10/hmms/1653at4891.hmm
# Target file:     /mnt/c/Users/HMarton/GitHub/LundUni/Pages/Projects/de_novo_BINP29/results/04_busco/BUSCO_assembly.fasta/run_saccharomycetes_odb10/metaeuk_output/rerun_results/assembly.fasta.modified.fas
# Option settings: hmmsearch --domtblout /mnt/c/Users/HMarton/GitHub/LundUni/Pages/Projects/de_novo_BINP29/results/04_busco/BUSCO_assembly.fasta/run_saccharomycetes_odb10/hmmer_output/rerun_results/1653at4891.out --cpu 1 /mnt/c/Users/HMarton/GitHub/LundUni/Pages/Projects/de_novo_BINP29/busco_downloads/lineages/saccharomycetes_odb10/hmms/1653at4891.hmm /mnt/c/Users/HMarton/GitHub/LundUni/Pages/Projects/de_novo_BINP29/results/04_busco/BUSCO_assembly.fasta/run_saccharomycetes_odb10/metaeuk_output/rerun_results/assembly.fasta.modified.fas 
# Current dir:     /mnt/c/Users/HMarton/GitHub/LundUni/Pages/Projects/de_novo_BINP29
# Date:            Fri Feb 23 20:19:28 2024
# [ok]
