#                                                                                             --- full sequence --- -------------- this domain -------------   hmm coord   ali coord   env coord
# target name                         accession   tlen query name           accession   qlen   E-value  score  bias   #  of  c-Evalue  i-Evalue  score  bias  from    to  from    to  from    to  acc description of target
#                 ------------------- ---------- ----- -------------------- ---------- ----- --------- ------ ----- --- --- --------- --------- ------ ----- ----- ----- ----- ----- ----- ----- ---- ---------------------
28907at4891_2|contig_20:858456-860021 -            521 28907at4891          -            239   7.8e-92  298.2   8.9   1   4   1.4e-14   3.4e-14   44.0   0.1     1    59   129   202   129   207 0.85 -
28907at4891_2|contig_20:858456-860021 -            521 28907at4891          -            239   7.8e-92  298.2   8.9   2   4   2.2e-49   5.2e-49  158.0   1.4    62   151   239   334   225   348 0.90 -
28907at4891_2|contig_20:858456-860021 -            521 28907at4891          -            239   7.8e-92  298.2   8.9   3   4   3.7e-25   8.8e-25   78.6   0.0   145   215   349   425   347   444 0.87 -
28907at4891_2|contig_20:858456-860021 -            521 28907at4891          -            239   7.8e-92  298.2   8.9   4   4     4e-07   9.5e-07   19.6   0.1   208   239   487   521   470   521 0.81 -
28907at4891_7|contig_26:99391-100410  -            340 28907at4891          -            239   1.2e-12   38.9   9.8   1   3    0.0054     0.013    6.1   0.1   176   212    15    53     4    60 0.79 -
28907at4891_7|contig_26:99391-100410  -            340 28907at4891          -            239   1.2e-12   38.9   9.8   2   3    0.0057     0.013    6.0   0.0    79   214   211   271   199   288 0.55 -
28907at4891_7|contig_26:99391-100410  -            340 28907at4891          -            239   1.2e-12   38.9   9.8   3   3   6.6e-06   1.5e-05   15.6   0.4    71   113   289   333   280   336 0.80 -
28907at4891_3|contig_19:620473-621264 -            264 28907at4891          -            239   1.7e-12   38.4   9.2   1   3   1.6e-05   3.9e-05   14.3   0.0   157   214     9    67     1    70 0.76 -
28907at4891_3|contig_19:620473-621264 -            264 28907at4891          -            239   1.7e-12   38.4   9.2   2   3   3.2e-06   7.6e-06   16.7   0.1   167   215    61   109    60   116 0.88 -
28907at4891_3|contig_19:620473-621264 -            264 28907at4891          -            239   1.7e-12   38.4   9.2   3   3   2.3e-05   5.4e-05   13.9   4.6    76   135   179   243   154   247 0.85 -
28907at4891_7|contig_4:203050-203790  -            247 28907at4891          -            239   2.6e-12   37.8   0.3   1   2   1.5e-08   3.5e-08   24.3   0.4    76   213    46   191    33   196 0.79 -
28907at4891_7|contig_4:203050-203790  -            247 28907at4891          -            239   2.6e-12   37.8   0.3   2   2   4.9e-05   0.00012   12.8   0.0    52   134   150   235   149   240 0.81 -
28907at4891_7|contig_19:568955-569863 -            303 28907at4891          -            239   4.8e-11   33.7   0.3   1   2   1.7e-09     4e-09   27.4   0.2   105   215    21   140     8   158 0.82 -
28907at4891_7|contig_19:568955-569863 -            303 28907at4891          -            239   4.8e-11   33.7   0.3   2   2     0.025     0.059    3.9   0.0   103   132   249   281   245   284 0.72 -
28907at4891_6|contig_12:491214-491990 -            259 28907at4891          -            239   1.4e-10   32.2   1.1   1   3      0.14      0.32    1.5   0.0   189   216    44    72     5    94 0.69 -
28907at4891_6|contig_12:491214-491990 -            259 28907at4891          -            239   1.4e-10   32.2   1.1   2   3   3.8e-07   8.9e-07   19.7   0.2    78   134   155   215   114   220 0.82 -
28907at4891_6|contig_12:491214-491990 -            259 28907at4891          -            239   1.4e-10   32.2   1.1   3   3   1.1e-05   2.5e-05   14.9   0.2    79   133   198   256   195   258 0.84 -
1653at4891_0|contig_14:189883-192057  -            725 28907at4891          -            239   2.3e-10   31.4   1.3   1   5    0.0025    0.0059    7.2   0.0   161   215    31    86    23   108 0.81 -
1653at4891_0|contig_14:189883-192057  -            725 28907at4891          -            239   2.3e-10   31.4   1.3   2   5   0.00048    0.0011    9.5   0.2    80   137   111   172   100   177 0.83 -
1653at4891_0|contig_14:189883-192057  -            725 28907at4891          -            239   2.3e-10   31.4   1.3   3   5     0.026      0.06    3.9   0.0   181   215   206   242   186   251 0.78 -
1653at4891_0|contig_14:189883-192057  -            725 28907at4891          -            239   2.3e-10   31.4   1.3   4   5      0.01     0.024    5.2   0.1   187   215   257   286   243   303 0.65 -
1653at4891_0|contig_14:189883-192057  -            725 28907at4891          -            239   2.3e-10   31.4   1.3   5   5       1.4       3.2   -1.8   0.0   188   236   300   350   286   353 0.69 -
28907at4891_4|contig_25:163817-164542 -            242 28907at4891          -            239   2.9e-10   31.1   1.5   1   4      0.96       2.3   -1.3   0.0    69    97     2    30     1    35 0.60 -
28907at4891_4|contig_25:163817-164542 -            242 28907at4891          -            239   2.9e-10   31.1   1.5   2   4   0.00042   0.00098    9.7   0.0    65    98    41    74    32    82 0.82 -
28907at4891_4|contig_25:163817-164542 -            242 28907at4891          -            239   2.9e-10   31.1   1.5   3   4     0.024     0.056    4.0   0.0   194   214   111   131    93   142 0.80 -
28907at4891_4|contig_25:163817-164542 -            242 28907at4891          -            239   2.9e-10   31.1   1.5   4   4   3.1e-05   7.2e-05   13.4   0.0   153   214   176   236   154   241 0.66 -
28907at4891_7|contig_13:512004-512831 -            276 28907at4891          -            239   8.3e-09   26.3   1.2   1   4      0.77       1.8   -1.0   0.0   174   215    23    65     4    81 0.71 -
28907at4891_7|contig_13:512004-512831 -            276 28907at4891          -            239   8.3e-09   26.3   1.2   2   4   6.7e-06   1.6e-05   15.6   0.0   154   212    85   145    75   148 0.87 -
28907at4891_7|contig_13:512004-512831 -            276 28907at4891          -            239   8.3e-09   26.3   1.2   3   4    0.0089     0.021    5.4   0.0   175   215   148   193   146   201 0.75 -
28907at4891_7|contig_13:512004-512831 -            276 28907at4891          -            239   8.3e-09   26.3   1.2   4   4      0.11      0.26    1.8   0.2   180   220   198   241   192   252 0.67 -
28907at4891_6|contig_26:80154-80948   -            265 28907at4891          -            239   2.5e-08   24.8   0.2   1   2     6e-06   1.4e-05   15.8   0.1    81   218    16   168     5   174 0.63 -
28907at4891_6|contig_26:80154-80948   -            265 28907at4891          -            239   2.5e-08   24.8   0.2   2   2     0.047      0.11    3.0   0.0   194   219   198   223   174   237 0.78 -
28907at4891_9|contig_26:118777-119760 -            328 28907at4891          -            239   6.7e-08   23.4   0.6   1   3      0.96       2.3   -1.3   0.0   183   213    33    64    24    89 0.70 -
28907at4891_9|contig_26:118777-119760 -            328 28907at4891          -            239   6.7e-08   23.4   0.6   2   3   3.9e-07   9.1e-07   19.7   0.7    67   213   122   277    74   298 0.75 -
28907at4891_9|contig_26:118777-119760 -            328 28907at4891          -            239   6.7e-08   23.4   0.6   3   3     0.038     0.091    3.3   0.0    66   102   249   284   235   319 0.82 -
28907at4891_7|contig_27:153398-154177 -            260 28907at4891          -            239   9.5e-07   19.6   5.3   1   3      0.11      0.26    1.8   0.0    77    97    37    57    23    68 0.61 -
28907at4891_7|contig_27:153398-154177 -            260 28907at4891          -            239   9.5e-07   19.6   5.3   2   3     7e-05   0.00016   12.3   1.3    76   134    99   161    86   164 0.77 -
28907at4891_7|contig_27:153398-154177 -            260 28907at4891          -            239   9.5e-07   19.6   5.3   3   3     0.051      0.12    2.9   0.0   114   214   201   221   184   257 0.66 -
1653at4891|contig_2:489441-490874     -            478 28907at4891          -            239   1.2e-06   19.3   0.3   1   3       2.7       6.3   -2.7   0.0   196   212    15    31     2    45 0.74 -
1653at4891|contig_2:489441-490874     -            478 28907at4891          -            239   1.2e-06   19.3   0.3   2   3   5.8e-05   0.00014   12.5   0.0   108   172   193   254   143   313 0.73 -
1653at4891|contig_2:489441-490874     -            478 28907at4891          -            239   1.2e-06   19.3   0.3   3   3     0.035     0.082    3.4   0.0   128   195   406   478   390   478 0.71 -
1653at4891_4|contig_13:269973-272027  -            685 28907at4891          -            239   0.00015   12.4   0.1   1   2      0.06      0.14    2.7   0.0    72    97     4    29     1    34 0.89 -
1653at4891_4|contig_13:269973-272027  -            685 28907at4891          -            239   0.00015   12.4   0.1   2   2    0.0024    0.0056    7.3   0.0    77   131    54   112    37   122 0.74 -
#
# Program:         hmmsearch
# Version:         3.1b2 (February 2015)
# Pipeline mode:   SEARCH
# Query file:      /mnt/c/Users/HMarton/GitHub/LundUni/Pages/Projects/de_novo_BINP29/busco_downloads/lineages/saccharomycetes_odb10/hmms/28907at4891.hmm
# Target file:     /mnt/c/Users/HMarton/GitHub/LundUni/Pages/Projects/de_novo_BINP29/results/04_busco/BUSCO_assembly.fasta/run_saccharomycetes_odb10/metaeuk_output/rerun_results/assembly.fasta.modified.fas
# Option settings: hmmsearch --domtblout /mnt/c/Users/HMarton/GitHub/LundUni/Pages/Projects/de_novo_BINP29/results/04_busco/BUSCO_assembly.fasta/run_saccharomycetes_odb10/hmmer_output/rerun_results/28907at4891.out --cpu 1 /mnt/c/Users/HMarton/GitHub/LundUni/Pages/Projects/de_novo_BINP29/busco_downloads/lineages/saccharomycetes_odb10/hmms/28907at4891.hmm /mnt/c/Users/HMarton/GitHub/LundUni/Pages/Projects/de_novo_BINP29/results/04_busco/BUSCO_assembly.fasta/run_saccharomycetes_odb10/metaeuk_output/rerun_results/assembly.fasta.modified.fas 
# Current dir:     /mnt/c/Users/HMarton/GitHub/LundUni/Pages/Projects/de_novo_BINP29
# Date:            Fri Feb 23 20:19:28 2024
# [ok]
