IQ-TREE multicore version 2.3.0 COVID-edition for Linux 64-bit built Mar 14 2024
Developed by Bui Quang Minh, James Barbetti, Nguyen Lam Tung,
Olga Chernomor, Heiko Schmidt, Dominik Schrempf, Michael Woodhams, Ly Trong Nhan.

Host:    LAPTOP-L82QPIRU (AVX2, FMA3, 3 GB RAM)
Command: iqtree -s results/06_PHYLO/noTg_alignments/11284at5794.aln -m MFP -bb 1000 -nt AUTO -pre results/06_PHYLO/noTg_tree/11284at5794/11284at5794
Seed:    555323 (Using SPRNG - Scalable Parallel Random Number Generator)
Time:    Mon Mar 18 01:23:37 2024
Kernel:  AVX+FMA - auto-detect threads (8 CPU cores detected)

Reading alignment file results/06_PHYLO/noTg_alignments/11284at5794.aln ... Fasta format detected
Reading fasta file: done in 0.0014133 secs using 15% CPU
Alignment most likely contains protein sequences
Alignment has 7 sequences with 575 columns, 198 distinct patterns
88 parsimony-informative, 74 singleton sites, 413 constant sites
           Gap/Ambiguity  Composition  p-value
Analyzing sequences: done in 4.14e-05 secs using 94.2% CPU
   1  40_g_Ht      2.61%    passed     99.19%
   2  3585_g_Pb   16.70%    passed    100.00%
   3  3993_g_Pc   16.70%    passed    100.00%
   4  4255_g_Pf   15.83%    passed     99.98%
   5  4119_g_Pk   18.78%    passed    100.00%
   6  3995_g_Pv   18.78%    passed     99.63%
   7  2034_g_Py   16.70%    passed     99.99%
****  TOTAL       15.16%  0 sequences failed composition chi2 test (p-value<5%; df=19)


Create initial parsimony tree by phylogenetic likelihood library (PLL)... 0.001 seconds
Measuring multi-threading efficiency up to 8 CPU cores
Increase to 10 rounds for branch lengths
304 trees examined
Threads: 1 / Time: 8.017 sec / Speedup: 1.000 / Efficiency: 100% / LogL: -3252
Threads: 2 / Time: 5.055 sec / Speedup: 1.586 / Efficiency: 79% / LogL: -3252
Threads: 3 / Time: 4.589 sec / Speedup: 1.747 / Efficiency: 58% / LogL: -3252
Threads: 4 / Time: 4.167 sec / Speedup: 1.924 / Efficiency: 48% / LogL: -3252
BEST NUMBER OF THREADS: 3

Perform fast likelihood tree search using LG+I+G model...
Estimate model parameters (epsilon = 5.000)
Perform nearest neighbor interchange...
Estimate model parameters (epsilon = 1.000)
1. Initial log-likelihood: -3171.175
Optimal log-likelihood: -3171.126
Proportion of invariable sites: 0.352
Gamma shape alpha: 0.509
Parameters optimization took 1 rounds (0.020 sec)
Time for fast ML tree search: 0.070 seconds

NOTE: ModelFinder requires 3 MB RAM!
ModelFinder will test up to 1232 protein models (sample size: 575) ...
 No. Model         -LnL         df  AIC          AICc         BIC
  1  LG            3276.188     11  6574.376     6574.845     6622.274
  2  LG+I          3188.813     12  6401.627     6402.182     6453.879
  3  LG+G4         3173.751     12  6371.502     6372.057     6423.755
  4  LG+I+G4       3171.124     13  6368.248     6368.896     6424.854
  5  LG+R2         3169.036     13  6364.073     6364.722     6420.680
  6  LG+R3         3167.220     15  6364.439     6365.298     6429.755
 14  LG+I+R2       3167.013     14  6362.025     6362.775     6422.986
 15  LG+I+R3       3167.010     16  6366.020     6366.995     6435.690
 25  LG+F+G4       3134.558     31  6331.115     6334.769     6466.101
 26  LG+F+I+G4     3132.030     32  6328.059     6331.956     6467.399
 27  LG+F+R2       3129.576     32  6323.152     6327.048     6462.491
 28  LG+F+R3       3128.362     34  6324.723     6329.131     6472.772
 36  LG+F+I+R2     3128.025     33  6322.050     6326.197     6465.744
 47  WAG+G4        3185.186     12  6394.371     6394.926     6446.624
 48  WAG+I+G4      3184.048     13  6394.097     6394.745     6450.703
 49  WAG+R2        3183.206     13  6392.412     6393.061     6449.019
 50  WAG+R3        3183.005     15  6396.010     6396.868     6461.325
 58  WAG+I+R2      3182.736     14  6393.472     6394.222     6454.433
 69  WAG+F+G4      3137.460     31  6336.921     6340.575     6471.906
 70  WAG+F+I+G4    3136.290     32  6336.580     6340.476     6475.920
 71  WAG+F+R2      3135.105     32  6334.210     6338.106     6473.549
 72  WAG+F+R3      3134.929     34  6337.858     6342.266     6485.907
 80  WAG+F+I+R2    3134.812     33  6335.625     6339.772     6479.319
 91  JTT+G4        3176.538     12  6377.076     6377.631     6429.329
 92  JTT+I+G4      3174.677     13  6375.355     6376.003     6431.961
 93  JTT+R2        3172.961     13  6371.922     6372.571     6428.529
 94  JTT+R3        3172.490     15  6374.980     6375.839     6440.296
102  JTT+I+R2      3171.999     14  6371.998     6372.748     6432.960
113  JTT+F+G4      3131.967     31  6325.934     6329.588     6460.920
114  JTT+F+I+G4    3130.161     32  6324.322     6328.219     6463.662
115  JTT+F+R2      3128.348     32  6320.695     6324.592     6460.035
116  JTT+F+R3      3127.906     34  6323.812     6328.219     6471.861
124  JTT+F+I+R2    3127.539     33  6321.077     6325.225     6464.771
WARNING: Normalizing state frequencies so that sum of them equals to 1
135  Q.pfam+G4     3182.462     12  6388.924     6389.479     6441.176
WARNING: Normalizing state frequencies so that sum of them equals to 1
136  Q.pfam+I+G4   3179.938     13  6385.875     6386.524     6442.482
WARNING: Normalizing state frequencies so that sum of them equals to 1
137  Q.pfam+R2     3178.410     13  6382.820     6383.469     6439.427
WARNING: Normalizing state frequencies so that sum of them equals to 1
138  Q.pfam+R3     3176.403     15  6382.805     6383.664     6448.121
WARNING: Normalizing state frequencies so that sum of them equals to 1
146  Q.pfam+I+R2   3176.188     14  6380.376     6381.126     6441.337
WARNING: Normalizing state frequencies so that sum of them equals to 1
157  Q.pfam+F+G4   3135.953     31  6333.906     6337.559     6468.891
WARNING: Normalizing state frequencies so that sum of them equals to 1
158  Q.pfam+F+I+G4 3133.461     32  6330.921     6334.818     6470.261
WARNING: Normalizing state frequencies so that sum of them equals to 1
159  Q.pfam+F+R2   3131.359     32  6326.718     6330.615     6466.058
WARNING: Normalizing state frequencies so that sum of them equals to 1
160  Q.pfam+F+R3   3129.905     34  6327.810     6332.217     6475.858
WARNING: Normalizing state frequencies so that sum of them equals to 1
168  Q.pfam+F+I+R2 3129.567     33  6325.134     6329.282     6468.828
WARNING: Normalizing state frequencies so that sum of them equals to 1
179  Q.bird+G4     3197.575     12  6419.149     6419.704     6471.401
WARNING: Normalizing state frequencies so that sum of them equals to 1
180  Q.bird+I+G4   3194.105     13  6414.210     6414.859     6470.817
WARNING: Normalizing state frequencies so that sum of them equals to 1
181  Q.bird+R2     3192.990     13  6411.980     6412.629     6468.587
WARNING: Normalizing state frequencies so that sum of them equals to 1
182  Q.bird+R3     3190.677     15  6411.354     6412.213     6476.670
WARNING: Normalizing state frequencies so that sum of them equals to 1
190  Q.bird+I+R2   3190.489     14  6408.979     6409.729     6469.940
WARNING: Normalizing state frequencies so that sum of them equals to 1
201  Q.bird+F+G4   3140.342     31  6342.684     6346.337     6477.669
WARNING: Normalizing state frequencies so that sum of them equals to 1
202  Q.bird+F+I+G4 3137.217     32  6338.435     6342.332     6477.775
WARNING: Normalizing state frequencies so that sum of them equals to 1
203  Q.bird+F+R2   3135.392     32  6334.783     6338.680     6474.123
WARNING: Normalizing state frequencies so that sum of them equals to 1
204  Q.bird+F+R3   3133.444     34  6334.889     6339.296     6482.938
WARNING: Normalizing state frequencies so that sum of them equals to 1
212  Q.bird+F+I+R2 3133.256     33  6332.512     6336.659     6476.206
WARNING: Normalizing state frequencies so that sum of them equals to 1
223  Q.mammal+G4   3204.467     12  6432.934     6433.489     6485.187
WARNING: Normalizing state frequencies so that sum of them equals to 1
224  Q.mammal+I+G4 3201.309     13  6428.618     6429.266     6485.224
WARNING: Normalizing state frequencies so that sum of them equals to 1
225  Q.mammal+R2   3200.054     13  6426.108     6426.757     6482.715
WARNING: Normalizing state frequencies so that sum of them equals to 1
226  Q.mammal+R3   3197.906     15  6425.811     6426.670     6491.127
WARNING: Normalizing state frequencies so that sum of them equals to 1
234  Q.mammal+I+R2 3197.708     14  6423.416     6424.166     6484.377
WARNING: Normalizing state frequencies so that sum of them equals to 1
245  Q.mammal+F+G4 3138.405     31  6338.811     6342.465     6473.796
WARNING: Normalizing state frequencies so that sum of them equals to 1
246  Q.mammal+F+I+G4 3135.418     32  6334.836     6338.733     6474.176
WARNING: Normalizing state frequencies so that sum of them equals to 1
247  Q.mammal+F+R2 3133.424     32  6330.848     6334.745     6470.188
WARNING: Normalizing state frequencies so that sum of them equals to 1
248  Q.mammal+F+R3 3131.721     34  6331.442     6335.850     6479.491
WARNING: Normalizing state frequencies so that sum of them equals to 1
256  Q.mammal+F+I+R2 3131.452     33  6328.904     6333.052     6472.598
267  Q.insect+G4   3158.883     12  6341.767     6342.322     6394.019
268  Q.insect+I+G4 3156.013     13  6338.026     6338.674     6394.632
269  Q.insect+R2   3154.185     13  6334.371     6335.019     6390.977
270  Q.insect+R3   3152.237     15  6334.475     6335.333     6399.790
278  Q.insect+I+R2 3151.988     14  6331.976     6332.726     6392.938
289  Q.insect+F+G4 3132.334     31  6326.669     6330.323     6461.654
290  Q.insect+F+I+G4 3129.609     32  6323.217     6327.114     6462.557
291  Q.insect+F+R2 3127.448     32  6318.895     6322.792     6458.235
292  Q.insect+F+R3 3125.902     34  6319.805     6324.212     6467.853
300  Q.insect+F+I+R2 3125.589     33  6317.179     6321.327     6460.873
WARNING: Normalizing state frequencies so that sum of them equals to 1
311  Q.plant+G4    3166.896     12  6357.793     6358.348     6410.045
WARNING: Normalizing state frequencies so that sum of them equals to 1
312  Q.plant+I+G4  3163.713     13  6353.426     6354.075     6410.033
WARNING: Normalizing state frequencies so that sum of them equals to 1
313  Q.plant+R2    3162.242     13  6350.483     6351.132     6407.090
WARNING: Normalizing state frequencies so that sum of them equals to 1
314  Q.plant+R3    3159.937     15  6349.874     6350.733     6415.190
WARNING: Normalizing state frequencies so that sum of them equals to 1
322  Q.plant+I+R2  3159.781     14  6347.562     6348.312     6408.524
WARNING: Normalizing state frequencies so that sum of them equals to 1
333  Q.plant+F+G4  3126.902     31  6315.805     6319.459     6450.790
WARNING: Normalizing state frequencies so that sum of them equals to 1
334  Q.plant+F+I+G4 3123.858     32  6311.717     6315.613     6451.057
WARNING: Normalizing state frequencies so that sum of them equals to 1
335  Q.plant+F+R2  3121.836     32  6307.673     6311.569     6447.013
WARNING: Normalizing state frequencies so that sum of them equals to 1
336  Q.plant+F+R3  3120.086     34  6308.172     6312.579     6456.220
WARNING: Normalizing state frequencies so that sum of them equals to 1
344  Q.plant+F+I+R2 3119.818     33  6305.636     6309.784     6449.330
WARNING: Normalizing state frequencies so that sum of them equals to 1
355  Q.yeast+G4    3163.334     12  6350.668     6351.223     6402.920
WARNING: Normalizing state frequencies so that sum of them equals to 1
356  Q.yeast+I+G4  3160.242     13  6346.483     6347.132     6403.090
WARNING: Normalizing state frequencies so that sum of them equals to 1
357  Q.yeast+R2    3159.011     13  6344.021     6344.670     6400.628
WARNING: Normalizing state frequencies so that sum of them equals to 1
358  Q.yeast+R3    3156.492     15  6342.984     6343.842     6408.299
WARNING: Normalizing state frequencies so that sum of them equals to 1
366  Q.yeast+I+R2  3156.264     14  6340.528     6341.278     6401.489
WARNING: Normalizing state frequencies so that sum of them equals to 1
377  Q.yeast+F+G4  3135.634     31  6333.268     6336.922     6468.254
WARNING: Normalizing state frequencies so that sum of them equals to 1
378  Q.yeast+F+I+G4 3132.724     32  6329.448     6333.345     6468.788
WARNING: Normalizing state frequencies so that sum of them equals to 1
379  Q.yeast+F+R2  3130.772     32  6325.543     6329.440     6464.883
WARNING: Normalizing state frequencies so that sum of them equals to 1
380  Q.yeast+F+R3  3128.814     34  6325.627     6330.035     6473.676
WARNING: Normalizing state frequencies so that sum of them equals to 1
388  Q.yeast+F+I+R2 3128.613     33  6323.227     6327.375     6466.921
399  JTTDCMut+G4   3176.657     12  6377.314     6377.869     6429.567
400  JTTDCMut+I+G4 3174.835     13  6375.669     6376.318     6432.276
401  JTTDCMut+R2   3173.084     13  6372.169     6372.818     6428.776
402  JTTDCMut+R3   3172.634     15  6375.267     6376.126     6440.583
410  JTTDCMut+I+R2 3172.167     14  6372.333     6373.083     6433.295
421  JTTDCMut+F+G4 3131.871     31  6325.742     6329.396     6460.727
422  JTTDCMut+F+I+G4 3130.084     32  6324.168     6328.065     6463.508
423  JTTDCMut+F+R2 3128.248     32  6320.497     6324.393     6459.836
424  JTTDCMut+F+R3 3127.810     34  6323.620     6328.027     6471.668
432  JTTDCMut+F+I+R2 3127.448     33  6320.896     6325.044     6464.590
443  DCMut+G4      3203.533     12  6431.066     6431.621     6483.318
444  DCMut+I+G4    3201.938     13  6429.876     6430.525     6486.483
445  DCMut+R2      3201.646     13  6429.292     6429.941     6485.899
446  DCMut+R3      3200.907     15  6431.814     6432.673     6497.130
454  DCMut+I+R2    3200.224     14  6428.449     6429.199     6489.410
465  DCMut+F+G4    3138.430     31  6338.860     6342.514     6473.846
466  DCMut+F+I+G4  3136.678     32  6337.356     6341.253     6476.696
467  DCMut+F+R2    3136.149     32  6336.298     6340.195     6475.638
468  DCMut+F+R3    3135.589     34  6339.178     6343.586     6487.227
476  DCMut+F+I+R2  3134.861     33  6335.722     6339.870     6479.416
487  VT+G4         3184.857     12  6393.713     6394.268     6445.966
488  VT+I+G4       3183.802     13  6393.603     6394.252     6450.210
489  VT+R2         3182.501     13  6391.002     6391.651     6447.609
490  VT+R3         3182.374     15  6394.747     6395.606     6460.063
498  VT+I+R2       3182.250     14  6392.500     6393.250     6453.461
509  VT+F+G4       3147.872     31  6357.744     6361.398     6492.730
510  VT+F+I+G4     3146.819     32  6357.637     6361.534     6496.977
511  VT+F+R2       3145.345     32  6354.690     6358.586     6494.030
512  VT+F+R3       3145.241     34  6358.482     6362.890     6506.531
520  VT+F+I+R2     3145.187     33  6356.374     6360.521     6500.068
531  PMB+G4        3206.598     12  6437.196     6437.751     6489.448
532  PMB+I+G4      3205.999     13  6437.997     6438.646     6494.604
533  PMB+R2        3204.810     13  6435.619     6436.268     6492.226
534  PMB+R3        3204.766     15  6439.533     6440.392     6504.848
542  PMB+I+R2      3204.891     14  6437.783     6438.533     6498.744
553  PMB+F+G4      3160.600     31  6383.200     6386.854     6518.186
554  PMB+F+I+G4    3159.936     32  6383.872     6387.769     6523.212
555  PMB+F+R2      3158.582     32  6381.164     6385.061     6520.504
556  PMB+F+R3      3158.556     34  6385.112     6389.519     6533.160
564  PMB+F+I+R2    3158.716     33  6383.433     6387.580     6527.127
575  Blosum62+G4   3195.870     12  6415.740     6416.295     6467.992
576  Blosum62+I+G4 3194.984     13  6415.969     6416.617     6472.575
577  Blosum62+R2   3193.533     13  6413.065     6413.714     6469.672
578  Blosum62+R3   3193.436     15  6416.872     6417.731     6482.188
586  Blosum62+I+R2 3193.422     14  6414.844     6415.594     6475.805
597  Blosum62+F+G4 3160.950     31  6383.900     6387.553     6518.885
598  Blosum62+F+I+G4 3160.051     32  6384.103     6388.000     6523.443
599  Blosum62+F+R2 3158.499     32  6380.998     6384.895     6520.338
600  Blosum62+F+R3 3158.440     34  6384.880     6389.287     6532.928
608  Blosum62+F+I+R2 3158.501     33  6383.003     6387.151     6526.697
619  Dayhoff+G4    3203.298     12  6430.596     6431.151     6482.849
620  Dayhoff+I+G4  3201.689     13  6429.379     6430.028     6485.986
621  Dayhoff+R2    3201.410     13  6428.820     6429.469     6485.427
622  Dayhoff+R3    3200.654     15  6431.309     6432.167     6496.624
630  Dayhoff+I+R2  3199.960     14  6427.921     6428.671     6488.882
641  Dayhoff+F+G4  3138.198     31  6338.397     6342.050     6473.382
642  Dayhoff+F+I+G4 3136.435     32  6336.870     6340.766     6476.210
643  Dayhoff+F+R2  3135.918     32  6335.837     6339.734     6475.177
644  Dayhoff+F+R3  3135.348     34  6338.696     6343.103     6486.744
652  Dayhoff+F+I+R2 3134.609     33  6335.218     6339.366     6478.912
663  mtREV+G4      3292.208     12  6608.415     6608.970     6660.667
664  mtREV+I+G4    3289.869     13  6605.738     6606.387     6662.345
665  mtREV+R2      3287.233     13  6600.467     6601.116     6657.074
666  mtREV+R3      3284.299     15  6598.598     6599.456     6663.913
674  mtREV+I+R2    3284.215     14  6596.430     6597.180     6657.392
685  mtREV+F+G4    3132.557     31  6327.113     6330.767     6462.098
686  mtREV+F+I+G4  3130.237     32  6324.474     6328.370     6463.814
687  mtREV+F+R2    3128.476     32  6320.952     6324.849     6460.292
688  mtREV+F+R3    3125.734     34  6319.469     6323.876     6467.517
696  mtREV+F+I+R2  3125.680     33  6317.359     6321.507     6461.053
707  mtART+G4      3289.846     12  6603.691     6604.246     6655.944
708  mtART+I+G4    3287.133     13  6600.266     6600.914     6656.872
709  mtART+R2      3284.072     13  6594.145     6594.794     6650.752
710  mtART+R3      3279.769     15  6589.538     6590.397     6654.854
718  mtART+I+R2    3279.708     14  6587.416     6588.166     6648.377
729  mtART+F+G4    3141.625     31  6345.250     6348.903     6480.235
730  mtART+F+I+G4  3137.934     32  6339.867     6343.764     6479.207
731  mtART+F+R2    3133.608     32  6331.216     6335.113     6470.556
732  mtART+F+R3    3129.946     34  6327.892     6332.300     6475.941
740  mtART+F+I+R2  3129.864     33  6325.729     6329.877     6469.423
751  mtZOA+G4      3283.013     12  6590.026     6590.581     6642.279
752  mtZOA+I+G4    3280.269     13  6586.539     6587.187     6643.145
753  mtZOA+R2      3277.107     13  6580.215     6580.864     6636.822
754  mtZOA+R3      3273.344     15  6576.688     6577.547     6642.004
762  mtZOA+I+R2    3273.281     14  6574.562     6575.312     6635.523
773  mtZOA+F+G4    3131.606     31  6325.212     6328.866     6460.197
774  mtZOA+F+I+G4  3128.311     32  6320.622     6324.519     6459.962
775  mtZOA+F+R2    3124.813     32  6313.626     6317.523     6452.966
776  mtZOA+F+R3    3121.718     34  6311.436     6315.844     6459.485
784  mtZOA+F+I+R2  3121.634     33  6309.267     6313.415     6452.961
795  mtMet+G4      3260.994     12  6545.987     6546.542     6598.240
796  mtMet+I+G4    3258.517     13  6543.033     6543.682     6599.640
797  mtMet+R2      3255.802     13  6537.603     6538.252     6594.210
798  mtMet+R3      3253.506     15  6537.012     6537.871     6602.328
806  mtMet+I+R2    3253.473     14  6534.946     6535.696     6595.907
817  mtMet+F+G4    3132.841     31  6327.682     6331.336     6462.667
818  mtMet+F+I+G4  3130.266     32  6324.531     6328.428     6463.871
819  mtMet+F+R2    3127.963     32  6319.926     6323.823     6459.266
820  mtMet+F+R3    3126.186     34  6320.372     6324.779     6468.420
828  mtMet+F+I+R2  3126.021     33  6318.043     6322.190     6461.737
839  mtVer+G4      3303.328     12  6630.656     6631.211     6682.908
840  mtVer+I+G4    3300.456     13  6626.911     6627.560     6683.518
841  mtVer+R2      3298.007     13  6622.015     6622.664     6678.622
842  mtVer+R3      3294.831     15  6619.663     6620.521     6684.978
850  mtVer+I+R2    3294.870     14  6617.741     6618.491     6678.702
861  mtVer+F+G4    3145.344     31  6352.687     6356.341     6487.673
862  mtVer+F+I+G4  3141.663     32  6347.326     6351.223     6486.666
863  mtVer+F+R2    3140.369     32  6344.738     6348.635     6484.078
864  mtVer+F+R3    3137.082     34  6342.164     6346.572     6490.213
872  mtVer+F+I+R2  3137.153     33  6340.305     6344.453     6484.000
883  mtInv+G4      3283.427     12  6590.854     6591.409     6643.106
884  mtInv+I+G4    3280.920     13  6587.841     6588.490     6644.448
885  mtInv+R2      3277.946     13  6581.892     6582.540     6638.498
886  mtInv+R3      3276.167     15  6582.334     6583.192     6647.649
894  mtInv+I+R2    3276.032     14  6580.065     6580.815     6641.026
905  mtInv+F+G4    3134.837     31  6331.675     6335.328     6466.660
906  mtInv+F+I+G4  3132.419     32  6328.839     6332.736     6468.179
907  mtInv+F+R2    3130.117     32  6324.234     6328.131     6463.574
908  mtInv+F+R3    3128.486     34  6324.971     6329.379     6473.020
916  mtInv+F+I+R2  3128.279     33  6322.558     6326.706     6466.252
927  mtMAM+G4      3300.775     12  6625.551     6626.106     6677.803
928  mtMAM+I+G4    3298.149     13  6622.299     6622.947     6678.905
929  mtMAM+R2      3296.871     13  6619.743     6620.392     6676.350
930  mtMAM+R3      3291.429     15  6612.857     6613.716     6678.173
938  mtMAM+I+R2    3291.595     14  6611.189     6611.939     6672.151
949  mtMAM+F+G4    3142.918     31  6347.835     6351.489     6482.821
950  mtMAM+F+I+G4  3139.404     32  6342.808     6346.705     6482.148
951  mtMAM+F+R2    3138.191     32  6340.381     6344.278     6479.721
952  mtMAM+F+R3    3133.765     34  6335.529     6339.937     6483.578
960  mtMAM+F+I+R2  3133.858     33  6333.717     6337.864     6477.411
WARNING: Normalizing state frequencies so that sum of them equals to 1
971  FLAVI+G4      3224.538     12  6473.076     6473.631     6525.328
WARNING: Normalizing state frequencies so that sum of them equals to 1
972  FLAVI+I+G4    3221.105     13  6468.210     6468.859     6524.817
WARNING: Normalizing state frequencies so that sum of them equals to 1
973  FLAVI+R2      3218.721     13  6463.441     6464.090     6520.048
WARNING: Normalizing state frequencies so that sum of them equals to 1
974  FLAVI+R3      3216.424     15  6462.848     6463.707     6528.164
WARNING: Normalizing state frequencies so that sum of them equals to 1
982  FLAVI+I+R2    3216.423     14  6460.845     6461.595     6521.806
WARNING: Normalizing state frequencies so that sum of them equals to 1
993  FLAVI+F+G4    3160.595     31  6383.190     6386.844     6518.175
WARNING: Normalizing state frequencies so that sum of them equals to 1
994  FLAVI+F+I+G4  3156.921     32  6377.843     6381.740     6517.183
WARNING: Normalizing state frequencies so that sum of them equals to 1
995  FLAVI+F+R2    3154.918     32  6373.836     6377.733     6513.176
WARNING: Normalizing state frequencies so that sum of them equals to 1
996  FLAVI+F+R3    3152.419     34  6372.838     6377.245     6520.886
WARNING: Normalizing state frequencies so that sum of them equals to 1
1004  FLAVI+F+I+R2  3152.371     33  6370.743     6374.891     6514.437
1015  HIVb+G4       3183.068     12  6390.136     6390.691     6442.388
1016  HIVb+I+G4     3180.433     13  6386.866     6387.515     6443.473
1017  HIVb+R2       3178.700     13  6383.401     6384.050     6440.008
1018  HIVb+R3       3177.489     15  6384.979     6385.838     6450.295
1026  HIVb+I+R2     3177.175     14  6382.349     6383.099     6443.310
1037  HIVb+F+G4     3136.429     31  6334.857     6338.511     6469.843
1038  HIVb+F+I+G4   3133.853     32  6331.707     6335.603     6471.047
1039  HIVb+F+R2     3131.655     32  6327.309     6331.206     6466.649
1040  HIVb+F+R3     3130.850     34  6329.699     6334.107     6477.748
1048  HIVb+F+I+R2   3130.447     33  6326.893     6331.041     6470.587
1059  HIVw+G4       3207.978     12  6439.956     6440.511     6492.208
1060  HIVw+I+G4     3204.517     13  6435.033     6435.682     6491.640
1061  HIVw+R2       3204.989     13  6435.977     6436.626     6492.584
1062  HIVw+R3       3201.934     15  6433.867     6434.726     6499.183
1070  HIVw+I+R2     3202.111     14  6432.222     6432.972     6493.183
1081  HIVw+F+G4     3172.108     31  6406.217     6409.871     6541.202
1082  HIVw+F+I+G4   3168.581     32  6401.162     6405.059     6540.502
1083  HIVw+F+R2     3168.308     32  6400.616     6404.513     6539.956
1084  HIVw+F+R3     3166.220     34  6400.441     6404.848     6548.489
1092  HIVw+F+I+R2   3166.151     33  6398.302     6402.450     6541.997
1103  FLU+G4        3169.826     12  6363.652     6364.207     6415.904
1104  FLU+I+G4      3167.023     13  6360.047     6360.695     6416.653
1105  FLU+R2        3165.278     13  6356.556     6357.205     6413.163
1106  FLU+R3        3163.798     15  6357.596     6358.455     6422.912
1114  FLU+I+R2      3163.474     14  6354.948     6355.698     6415.909
1125  FLU+F+G4      3149.270     31  6360.539     6364.193     6495.525
1126  FLU+F+I+G4    3146.484     32  6356.969     6360.865     6496.308
1127  FLU+F+R2      3144.346     32  6352.692     6356.589     6492.032
1128  FLU+F+R3      3143.070     34  6354.139     6358.547     6502.188
1136  FLU+F+I+R2    3142.735     33  6351.470     6355.617     6495.164
1147  rtREV+G4      3208.611     12  6441.221     6441.776     6493.474
1148  rtREV+I+G4    3206.311     13  6438.622     6439.271     6495.229
1149  rtREV+R2      3204.538     13  6435.077     6435.726     6491.684
1150  rtREV+R3      3202.897     15  6435.795     6436.654     6501.111
1158  rtREV+I+R2    3202.636     14  6433.273     6434.023     6494.234
1169  rtREV+F+G4    3147.886     31  6357.773     6361.426     6492.758
1170  rtREV+F+I+G4  3145.570     32  6355.140     6359.037     6494.480
1171  rtREV+F+R2    3143.256     32  6350.512     6354.409     6489.852
1172  rtREV+F+R3    3142.436     34  6352.871     6357.279     6500.920
1180  rtREV+F+I+R2  3141.927     33  6349.854     6354.002     6493.548
1191  cpREV+G4      3180.441     12  6384.882     6385.438     6437.135
1192  cpREV+I+G4    3179.538     13  6385.075     6385.724     6441.682
1193  cpREV+R2      3178.027     13  6382.054     6382.703     6438.661
1194  cpREV+R3      3177.799     15  6385.598     6386.456     6450.913
1202  cpREV+I+R2    3177.610     14  6383.220     6383.970     6444.182
1213  cpREV+F+G4    3139.156     31  6340.311     6343.965     6475.297
1214  cpREV+F+I+G4  3138.182     32  6340.364     6344.260     6479.703
1215  cpREV+F+R2    3136.635     32  6337.270     6341.167     6476.610
1216  cpREV+F+R3    3136.460     34  6340.921     6345.328     6488.970
1224  cpREV+F+I+R2  3136.412     33  6338.824     6342.972     6482.519
Akaike Information Criterion:           Q.plant+F+I+R2
Corrected Akaike Information Criterion: Q.plant+F+I+R2
Bayesian Information Criterion:         Q.insect+R2
Best-fit model: Q.insect+R2 chosen according to BIC

All model information printed to results/06_PHYLO/noTg_tree/11284at5794/11284at5794.model.gz
CPU time for ModelFinder: 96.165 seconds (0h:1m:36s)
Wall-clock time for ModelFinder: 38.041 seconds (0h:0m:38s)
Generating 1000 samples for ultrafast bootstrap (seed: 555323)...

NOTE: 1 MB RAM (0 GB) is required!
Estimate model parameters (epsilon = 0.100)
1. Initial log-likelihood: -3154.185
Optimal log-likelihood: -3154.183
Site proportion and rates:  (0.825,0.220) (0.175,4.674)
Parameters optimization took 1 rounds (0.008 sec)
Wrote distance file to... 
Computing ML distances based on estimated model parameters...
Calculating distance matrix: done in 0.0024453 secs using 284.7% CPU
Computing ML distances took 0.003438 sec (of wall-clock time) 0.007298 sec (of CPU time)
Setting up auxiliary I and S matrices: done in 0.0004937 secs using 153.9% CPU
Computing RapidNJ tree took 0.002924 sec (of wall-clock time) 0.003046 sec (of CPU time)
Log-likelihood of RapidNJ tree: -3154.183
--------------------------------------------------------------------
|             INITIALIZING CANDIDATE TREE SET                      |
--------------------------------------------------------------------
Generating 99 parsimony trees... 0.043 second
Computing log-likelihood of 38 initial trees ... 0.049 seconds
Current best score: -3154.183

Do NNI search on 20 best initial trees
Estimate model parameters (epsilon = 0.100)
BETTER TREE FOUND at iteration 1: -3154.183
Iteration 10 / LogL: -3154.509 / Time: 0h:0m:0s
Iteration 20 / LogL: -3154.230 / Time: 0h:0m:0s
Finish initializing candidate tree set (1)
Current best tree score: -3154.183 / CPU time: 0.427
Number of iterations: 20
--------------------------------------------------------------------
|               OPTIMIZING CANDIDATE TREE SET                      |
--------------------------------------------------------------------
UPDATE BEST LOG-LIKELIHOOD: -3154.183
Iteration 30 / LogL: -3154.183 / Time: 0h:0m:0s (0h:0m:1s left)
Iteration 40 / LogL: -3154.244 / Time: 0h:0m:0s (0h:0m:1s left)
Iteration 50 / LogL: -3154.362 / Time: 0h:0m:1s (0h:0m:1s left)
Log-likelihood cutoff on original alignment: -3183.226
UPDATE BEST LOG-LIKELIHOOD: -3154.183
UPDATE BEST LOG-LIKELIHOOD: -3154.183
Iteration 60 / LogL: -3154.192 / Time: 0h:0m:1s (0h:0m:0s left)
Iteration 70 / LogL: -3154.356 / Time: 0h:0m:1s (0h:0m:0s left)
Iteration 80 / LogL: -3154.244 / Time: 0h:0m:1s (0h:0m:0s left)
UPDATE BEST LOG-LIKELIHOOD: -3154.183
Iteration 90 / LogL: -3154.188 / Time: 0h:0m:1s (0h:0m:0s left)
Iteration 100 / LogL: -3154.235 / Time: 0h:0m:1s (0h:0m:0s left)
Log-likelihood cutoff on original alignment: -3166.182
NOTE: Bootstrap correlation coefficient of split occurrence frequencies: 1.000
TREE SEARCH COMPLETED AFTER 102 ITERATIONS / Time: 0h:0m:1s

--------------------------------------------------------------------
|                    FINALIZING TREE SEARCH                        |
--------------------------------------------------------------------
Performs final model parameters optimization
Estimate model parameters (epsilon = 0.010)
1. Initial log-likelihood: -3154.183
Optimal log-likelihood: -3154.183
Site proportion and rates:  (0.826,0.220) (0.174,4.689)
Parameters optimization took 1 rounds (0.007 sec)
BEST SCORE FOUND : -3154.183
Creating bootstrap support values...
Split supports printed to NEXUS file results/06_PHYLO/noTg_tree/11284at5794/11284at5794.splits.nex
Total tree length: 1.052

Total number of iterations: 102
CPU time used for tree search: 4.906 sec (0h:0m:4s)
Wall-clock time used for tree search: 1.899 sec (0h:0m:1s)
Total CPU time used: 5.035 sec (0h:0m:5s)
Total wall-clock time used: 2.039 sec (0h:0m:2s)

Computing bootstrap consensus tree...
Reading input file results/06_PHYLO/noTg_tree/11284at5794/11284at5794.splits.nex...
7 taxa and 15 splits.
Consensus tree written to results/06_PHYLO/noTg_tree/11284at5794/11284at5794.contree
Reading input trees file results/06_PHYLO/noTg_tree/11284at5794/11284at5794.contree
Log-likelihood of consensus tree: -3154.183

Analysis results written to: 
  IQ-TREE report:                results/06_PHYLO/noTg_tree/11284at5794/11284at5794.iqtree
  Maximum-likelihood tree:       results/06_PHYLO/noTg_tree/11284at5794/11284at5794.treefile
  Likelihood distances:          results/06_PHYLO/noTg_tree/11284at5794/11284at5794.mldist

Ultrafast bootstrap approximation results written to:
  Split support values:          results/06_PHYLO/noTg_tree/11284at5794/11284at5794.splits.nex
  Consensus tree:                results/06_PHYLO/noTg_tree/11284at5794/11284at5794.contree
  Screen log file:               results/06_PHYLO/noTg_tree/11284at5794/11284at5794.log

Date and Time: Mon Mar 18 01:24:17 2024
