#                                                                                              --- full sequence --- -------------- this domain -------------   hmm coord   ali coord   env coord
# target name                          accession   tlen query name           accession   qlen   E-value  score  bias   #  of  c-Evalue  i-Evalue  score  bias  from    to  from    to  from    to  acc description of target
#                  ------------------- ---------- ----- -------------------- ---------- ----- --------- ------ ----- --- --- --------- --------- ------ ----- ----- ----- ----- ----- ----- ----- ---- ---------------------
11161at4891_2|contig_14:164351-165748  -            466 11161at4891          -            363  3.3e-213  705.0   0.4   1   1  4.3e-215  4.3e-213  704.6   0.4     1   359     3   401     3   410 0.95 -
11161at4891_6|contig_25:117331-118431  -            367 11161at4891          -            363   1.8e-84  281.4   0.3   1   1   2.2e-86   2.1e-84  281.2   0.3    27   352     1   367     1   367 0.86 -
11161at4891_6|contig_7:145399-146499   -            367 11161at4891          -            363   1.8e-84  281.4   0.3   1   1   2.2e-86   2.1e-84  281.2   0.3    27   352     1   367     1   367 0.86 -
11161at4891_2|contig_14:480768-481880  -            371 11161at4891          -            363   1.3e-80  268.7   1.5   1   1   1.6e-82   1.6e-80  268.4   1.5    26   350     2   371     1   371 0.85 -
8758at4891_1|contig_14:299132-300469   -            446 11161at4891          -            363   2.1e-61  205.5   0.1   1   1   2.9e-63   2.9e-61  205.0   0.1    22   357    59   443    46   445 0.82 -
11266at4891_7|contig_3:415105-416550   -            482 11161at4891          -            363   1.9e-58  195.8   0.1   1   1   2.7e-60   2.7e-58  195.3   0.1    23   350    90   466    70   478 0.81 -
9846at4891_1|contig_16:311642-313858   -            739 11161at4891          -            363   1.1e-46  157.1   0.0   1   1   1.8e-48   1.8e-46  156.4   0.0    17   327   213   574   204   593 0.74 -
18663at4891_2|contig_22:334216-335676  -            487 11161at4891          -            363   9.4e-45  150.7   0.1   1   1   1.5e-46   1.5e-44  150.1   0.1    15   346    54   431    41   443 0.78 -
9258at4891_2|contig_7:370240-372549    -            770 11161at4891          -            363   4.6e-44  148.4   0.2   1   1   1.1e-45   1.1e-43  147.3   0.2    13   332    29   403    18   426 0.78 -
11838at4891_2|contig_13:201868-203535  -            556 11161at4891          -            363   7.6e-44  147.7   0.3   1   1   1.4e-45   1.4e-43  146.8   0.3    28   339   125   489   117   509 0.77 -
12541at4891_4|contig_3:718189-719709   -            507 11161at4891          -            363   1.1e-43  147.2   0.0   1   2     1e-10   9.9e-09   32.2   0.0    27    85   102   160    89   163 0.90 -
12541at4891_4|contig_3:718189-719709   -            507 11161at4891          -            363   1.1e-43  147.2   0.0   2   2   3.1e-35   3.1e-33  112.8   0.0    87   356   185   491   176   497 0.77 -
4326at4891_2|contig_14:388114-391098   -            995 11161at4891          -            363   2.1e-43  146.3   0.1   1   2   3.9e-29   3.9e-27   92.8   0.1    17   185   127   331   118   340 0.76 -
4326at4891_2|contig_14:388114-391098   -            995 11161at4891          -            363   2.1e-43  146.3   0.1   2   2   1.6e-16   1.6e-14   51.2   0.0   226   349   434   559   413   569 0.86 -
12541at4891_1|contig_20:616832-618067  -            412 11161at4891          -            363   1.5e-41  140.2   0.0   1   2   5.3e-11   5.2e-09   33.1   0.0    35    84    18    68     9    71 0.88 -
12541at4891_1|contig_20:616832-618067  -            412 11161at4891          -            363   1.5e-41  140.2   0.0   2   2   7.4e-33   7.3e-31  105.0   0.0    87   348    94   392    81   402 0.76 -
12541at4891_2|contig_19:413982-416574  -            535 11161at4891          -            363     3e-41  139.2   0.0   1   1   4.7e-43   4.6e-41  138.6   0.0    27   344   112   482    96   496 0.75 -
9633at4891_2|contig_2:85393-86907      -            505 11161at4891          -            363   5.7e-41  138.3   0.0   1   1   9.2e-43   9.1e-41  137.6   0.0    20   315    37   382    20   397 0.77 -
11037at4891_2|contig_22:119761-121053  -            431 11161at4891          -            363   1.4e-40  137.0   0.1   1   1   3.2e-42   3.2e-40  135.8   0.1    26   349     4   382     1   398 0.79 -
10350at4891_2|contig_13:379768-381336  -            523 11161at4891          -            363   4.1e-40  135.5   0.0   1   1   5.9e-42   5.8e-40  135.0   0.0    43   333   130   470   103   491 0.73 -
13757at4891_2|contig_4:119745-122258   -            838 11161at4891          -            363   4.8e-34  115.5   1.3   1   2   6.2e-22   6.2e-20   69.1   0.2    37   184   256   446   241   471 0.72 -
13757at4891_2|contig_4:119745-122258   -            838 11161at4891          -            363   4.8e-34  115.5   1.3   2   2   1.4e-14   1.4e-12   44.8   0.1   226   347   516   640   510   654 0.90 -
9680at4891_2|contig_27:123670-125487   -            606 11161at4891          -            363   5.3e-34  115.4   0.6   1   1   2.1e-35   2.1e-33  113.4   0.6    42   347    24   395    10   411 0.74 -
15766at4891_4|contig_14:922473-924236  -            588 11161at4891          -            363   1.4e-31  107.4   1.1   1   1   1.1e-32   1.1e-30  104.4   1.1    25   334   172   549   141   580 0.71 -
8762at4891_2|contig_12:375357-377120   -            588 11161at4891          -            363   4.3e-30  102.5   9.2   1   2   3.9e-20   3.9e-18   63.1   8.6    24   280    10   325     3   330 0.68 -
8762at4891_2|contig_12:375357-377120   -            588 11161at4891          -            363   4.3e-30  102.5   9.2   2   2     6e-12   5.9e-10   36.2   0.0   282   326   377   421   364   433 0.93 -
21277at4891_1|contig_14:819979-821631  -            551 11161at4891          -            363   2.4e-27   93.5   2.6   1   1   2.9e-28   2.8e-26   89.9   2.6    25   331    18   397     3   417 0.72 -
9724at4891_2|contig_4:289484-291730    -            749 11161at4891          -            363   2.8e-24   83.4   1.9   1   2   2.5e-14   2.5e-12   44.1   0.3    17   159   142   322   131   415 0.74 -
9724at4891_2|contig_4:289484-291730    -            749 11161at4891          -            363   2.8e-24   83.4   1.9   2   2   4.3e-12   4.3e-10   36.7   0.1   226   341   445   579   431   590 0.78 -
7407at4891_2|contig_25:186121-188340   -            740 11161at4891          -            363   5.9e-21   72.4   0.0   1   2   6.7e-14   6.7e-12   42.6   0.0    24   179   140   322   121   339 0.69 -
7407at4891_2|contig_25:186121-188340   -            740 11161at4891          -            363   5.9e-21   72.4   0.0   2   2   3.4e-09   3.4e-07   27.2   0.0   267   322   506   561   481   574 0.86 -
17188at4891_4|contig_19:695889-697679  -            597 11161at4891          -            363   1.7e-19   67.6   5.5   1   2   1.3e-08   1.3e-06   25.2   1.4    64   162   229   353   222   425 0.63 -
17188at4891_4|contig_19:695889-697679  -            597 11161at4891          -            363   1.7e-19   67.6   5.5   2   2   2.3e-14   2.3e-12   44.2   0.1   230   328   471   574   430   596 0.68 -
31544at4891_2|contig_13:401003-402535  -            511 11161at4891          -            363   9.7e-15   52.0   3.2   1   3     0.067       6.6    3.2   0.1    48    85    87   130    82   151 0.71 -
31544at4891_2|contig_13:401003-402535  -            511 11161at4891          -            363   9.7e-15   52.0   3.2   2   3   3.8e-07   3.8e-05   20.4   0.2    85   159   151   231   144   290 0.63 -
31544at4891_2|contig_13:401003-402535  -            511 11161at4891          -            363   9.7e-15   52.0   3.2   3   3   1.2e-08   1.1e-06   25.4   0.0   273   320   436   483   430   496 0.89 -
1088at4891_4|contig_14:1013680-1016859 -           1060 11161at4891          -            363   0.00049   16.7   0.1   1   1     1e-05     0.001   15.7   0.1   226   320   531   636   514   654 0.77 -
#
# Program:         hmmsearch
# Version:         3.1b2 (February 2015)
# Pipeline mode:   SEARCH
# Query file:      /mnt/c/Users/HMarton/GitHub/LundUni/Pages/Projects/de_novo_BINP29/busco_downloads/lineages/saccharomycetes_odb10/hmms/11161at4891.hmm
# Target file:     /mnt/c/Users/HMarton/GitHub/LundUni/Pages/Projects/de_novo_BINP29/results/04_busco/BUSCO_assembly.fasta/run_saccharomycetes_odb10/metaeuk_output/initial_results/assembly.fasta.modified.fas
# Option settings: hmmsearch --domtblout /mnt/c/Users/HMarton/GitHub/LundUni/Pages/Projects/de_novo_BINP29/results/04_busco/BUSCO_assembly.fasta/run_saccharomycetes_odb10/hmmer_output/initial_run_results/11161at4891.out --cpu 1 /mnt/c/Users/HMarton/GitHub/LundUni/Pages/Projects/de_novo_BINP29/busco_downloads/lineages/saccharomycetes_odb10/hmms/11161at4891.hmm /mnt/c/Users/HMarton/GitHub/LundUni/Pages/Projects/de_novo_BINP29/results/04_busco/BUSCO_assembly.fasta/run_saccharomycetes_odb10/metaeuk_output/initial_results/assembly.fasta.modified.fas 
# Current dir:     /mnt/c/Users/HMarton/GitHub/LundUni/Pages/Projects/de_novo_BINP29
# Date:            Fri Feb 23 20:12:53 2024
# [ok]
