#                                                                                            --- full sequence --- -------------- this domain -------------   hmm coord   ali coord   env coord
# target name                        accession   tlen query name           accession   qlen   E-value  score  bias   #  of  c-Evalue  i-Evalue  score  bias  from    to  from    to  from    to  acc description of target
#                ------------------- ---------- ----- -------------------- ---------- ----- --------- ------ ----- --- --- --------- --------- ------ ----- ----- ----- ----- ----- ----- ----- ---- ---------------------
12194at4891_4|contig_3:50230-53367   -           1046 12194at4891          -            689  5.8e-204  676.4  71.2   1   2   1.5e-24     1e-21   74.1   0.2     2   122    11   151    10   168 0.78 -
12194at4891_4|contig_3:50230-53367   -           1046 12194at4891          -            689  5.8e-204  676.4  71.2   2   2  2.8e-183  1.9e-180  598.7  65.9    99   689   173   952   160   952 0.80 -
7136at4891_7|contig_22:218966-220879 -            638 12194at4891          -            689   8.2e-08   28.1   5.2   1   4   0.00028      0.19    7.1   0.0   106   188   131   212   121   222 0.82 -
7136at4891_7|contig_22:218966-220879 -            638 12194at4891          -            689   8.2e-08   28.1   5.2   2   4   2.9e-05      0.02   10.3   0.3   109   194   385   470   377   485 0.78 -
7136at4891_7|contig_22:218966-220879 -            638 12194at4891          -            689   8.2e-08   28.1   5.2   3   4     0.098        66   -1.3   0.0   510   531   486   507   479   535 0.79 -
7136at4891_7|contig_22:218966-220879 -            638 12194at4891          -            689   8.2e-08   28.1   5.2   4   4   3.4e-05     0.022   10.1   0.1   239   280   547   588   539   611 0.90 -
7136at4891_7|contig_19:399023-400891 -            623 12194at4891          -            689   3.5e-07   26.0   8.8   1   4    0.0046       3.1    3.1   0.1   101   176   105   179    93   254 0.70 -
7136at4891_7|contig_19:399023-400891 -            623 12194at4891          -            689   3.5e-07   26.0   8.8   2   4    0.0027       1.8    3.8   0.0   430   467   286   323   271   330 0.81 -
7136at4891_7|contig_19:399023-400891 -            623 12194at4891          -            689   3.5e-07   26.0   8.8   3   4   0.00099      0.66    5.3   0.0   453   531   417   499   404   506 0.81 -
7136at4891_7|contig_19:399023-400891 -            623 12194at4891          -            689   3.5e-07   26.0   8.8   4   4     1e-06   0.00067   15.2   0.2   239   283   532   576   523   622 0.83 -
5534at4891_6|contig_4:738331-740547  -            739 12194at4891          -            689     2e-06   23.5   8.8   1   3     0.015       9.9    1.4   0.7   206   283    31   109     3   168 0.77 -
5534at4891_6|contig_4:738331-740547  -            739 12194at4891          -            689     2e-06   23.5   8.8   2   3   1.6e-05      0.01   11.2   0.4   237   282   571   616   359   630 0.71 -
5534at4891_6|contig_4:738331-740547  -            739 12194at4891          -            689     2e-06   23.5   8.8   3   3   4.4e-05     0.029    9.7   0.0   237   296   639   701   635   729 0.85 -
#
# Program:         hmmsearch
# Version:         3.1b2 (February 2015)
# Pipeline mode:   SEARCH
# Query file:      /mnt/c/Users/HMarton/GitHub/LundUni/Pages/Projects/de_novo_BINP29/busco_downloads/lineages/saccharomycetes_odb10/hmms/12194at4891.hmm
# Target file:     /mnt/c/Users/HMarton/GitHub/LundUni/Pages/Projects/de_novo_BINP29/results/04_busco/BUSCO_assembly.fasta/run_saccharomycetes_odb10/metaeuk_output/initial_results/assembly.fasta.modified.fas
# Option settings: hmmsearch --domtblout /mnt/c/Users/HMarton/GitHub/LundUni/Pages/Projects/de_novo_BINP29/results/04_busco/BUSCO_assembly.fasta/run_saccharomycetes_odb10/hmmer_output/initial_run_results/12194at4891.out --cpu 1 /mnt/c/Users/HMarton/GitHub/LundUni/Pages/Projects/de_novo_BINP29/busco_downloads/lineages/saccharomycetes_odb10/hmms/12194at4891.hmm /mnt/c/Users/HMarton/GitHub/LundUni/Pages/Projects/de_novo_BINP29/results/04_busco/BUSCO_assembly.fasta/run_saccharomycetes_odb10/metaeuk_output/initial_results/assembly.fasta.modified.fas 
# Current dir:     /mnt/c/Users/HMarton/GitHub/LundUni/Pages/Projects/de_novo_BINP29
# Date:            Fri Feb 23 20:13:10 2024
# [ok]
