#                                                                                             --- full sequence --- -------------- this domain -------------   hmm coord   ali coord   env coord
# target name                         accession   tlen query name           accession   qlen   E-value  score  bias   #  of  c-Evalue  i-Evalue  score  bias  from    to  from    to  from    to  acc description of target
#                 ------------------- ---------- ----- -------------------- ---------- ----- --------- ------ ----- --- --- --------- --------- ------ ----- ----- ----- ----- ----- ----- ----- ---- ---------------------
12422at4891_2|contig_12:338300-339631 -            444 12422at4891          -            384  2.2e-210  695.9   3.3   1   2  1.1e-175  4.1e-173  573.2   0.4     1   317     1   351     1   360 0.95 -
12422at4891_2|contig_12:338300-339631 -            444 12422at4891          -            384  2.2e-210  695.9   3.3   2   2   4.2e-39   1.6e-36  123.6   0.2   314   384   366   436   361   436 0.97 -
18913at4891_8|contig_5:88224-89405    -            394 12422at4891          -            384   5.7e-55  184.3   0.4   1   2     9e-35   3.4e-32  109.3   0.5    42   200    46   222     5   229 0.79 -
18913at4891_8|contig_5:88224-89405    -            394 12422at4891          -            384   5.7e-55  184.3   0.4   2   2   7.4e-24   2.8e-21   73.4   0.0   236   384   227   390   224   390 0.83 -
18913at4891|contig_13:174278-175468   -            397 12422at4891          -            384   2.7e-31  106.4   0.0   1   2   4.6e-20   1.7e-17   60.9   0.0    33   198    27   222     1   226 0.71 -
18913at4891|contig_13:174278-175468   -            397 12422at4891          -            384   2.7e-31  106.4   0.0   2   2   8.5e-15   3.2e-12   43.6   0.0   241   380   235   394   226   397 0.81 -
18913at4891_2|contig_22:227546-228679 -            378 12422at4891          -            384   3.6e-27   92.8   0.4   1   2   2.5e-22   9.6e-20   68.4   0.0    14   199    26   221    15   231 0.84 -
18913at4891_2|contig_22:227546-228679 -            378 12422at4891          -            384   3.6e-27   92.8   0.4   2   2   9.8e-08   3.7e-05   20.4   0.2   243   383   235   377   224   378 0.73 -
18913at4891_9|contig_27:5113-6111     -            333 12422at4891          -            384   1.9e-21   74.0   0.0   1   2   7.8e-18     3e-15   53.6   0.0    40   194    43   213    19   222 0.82 -
18913at4891_9|contig_27:5113-6111     -            333 12422at4891          -            384   1.9e-21   74.0   0.0   2   2   3.6e-07   0.00014   18.5   0.0   254   314   242   305   223   308 0.86 -
12422at4891_6|contig_16:420355-421149 -            265 12422at4891          -            384   2.3e-17   60.5   0.0   1   2   8.3e-14   3.2e-11   40.3   0.0   118   210     7   102     3   112 0.89 -
12422at4891_6|contig_16:420355-421149 -            265 12422at4891          -            384   2.3e-17   60.5   0.0   2   2     4e-07   0.00015   18.4   0.0   260   383   128   262   118   263 0.74 -
18913at4891_0|contig_7:663541-664293  -            251 12422at4891          -            384   2.6e-11   40.6   0.0   1   2   4.2e-08   1.6e-05   21.5   0.0   130   220     1    92     1   106 0.78 -
18913at4891_0|contig_7:663541-664293  -            251 12422at4891          -            384   2.6e-11   40.6   0.0   2   2   7.7e-07   0.00029   17.4   0.0   283   383   138   247   114   248 0.73 -
#
# Program:         hmmsearch
# Version:         3.1b2 (February 2015)
# Pipeline mode:   SEARCH
# Query file:      /mnt/c/Users/HMarton/GitHub/LundUni/Pages/Projects/de_novo_BINP29/busco_downloads/lineages/saccharomycetes_odb10/hmms/12422at4891.hmm
# Target file:     /mnt/c/Users/HMarton/GitHub/LundUni/Pages/Projects/de_novo_BINP29/results/04_busco/BUSCO_assembly.fasta/run_saccharomycetes_odb10/metaeuk_output/initial_results/assembly.fasta.modified.fas
# Option settings: hmmsearch --domtblout /mnt/c/Users/HMarton/GitHub/LundUni/Pages/Projects/de_novo_BINP29/results/04_busco/BUSCO_assembly.fasta/run_saccharomycetes_odb10/hmmer_output/initial_run_results/12422at4891.out --cpu 1 /mnt/c/Users/HMarton/GitHub/LundUni/Pages/Projects/de_novo_BINP29/busco_downloads/lineages/saccharomycetes_odb10/hmms/12422at4891.hmm /mnt/c/Users/HMarton/GitHub/LundUni/Pages/Projects/de_novo_BINP29/results/04_busco/BUSCO_assembly.fasta/run_saccharomycetes_odb10/metaeuk_output/initial_results/assembly.fasta.modified.fas 
# Current dir:     /mnt/c/Users/HMarton/GitHub/LundUni/Pages/Projects/de_novo_BINP29
# Date:            Fri Feb 23 20:12:32 2024
# [ok]
