#                                                                                               --- full sequence --- -------------- this domain -------------   hmm coord   ali coord   env coord
# target name                           accession   tlen query name           accession   qlen   E-value  score  bias   #  of  c-Evalue  i-Evalue  score  bias  from    to  from    to  from    to  acc description of target
#                   ------------------- ---------- ----- -------------------- ---------- ----- --------- ------ ----- --- --- --------- --------- ------ ----- ----- ----- ----- ----- ----- ----- ---- ---------------------
15588at4891_2|contig_13:561749-562834   -            362 15588at4891          -            261  1.7e-123  408.5   0.2   1   3    0.0069      0.62    6.8   0.0     2    21    15    34    14    46 0.85 -
15588at4891_2|contig_13:561749-562834   -            362 15588at4891          -            261  1.7e-123  408.5   0.2   2   3  1.6e-122  1.4e-120  398.9   0.0    24   254    67   317    55   323 0.93 -
15588at4891_2|contig_13:561749-562834   -            362 15588at4891          -            261  1.7e-123  408.5   0.2   3   3       2.7   2.4e+02   -1.7   0.0   250   261   333   344   328   344 0.88 -
2862at4891_6|contig_14:230035-232539    -            835 15588at4891          -            261   2.1e-94  313.1   0.0   1   2     1e-48     9e-47  157.0   0.0    46   257   213   443   204   447 0.87 -
2862at4891_6|contig_14:230035-232539    -            835 15588at4891          -            261   2.1e-94  313.1   0.0   2   2   1.1e-47     1e-45  153.6   0.0    36   252   476   714   461   722 0.84 -
6567at4891_2|contig_12:157325-159655    -            777 15588at4891          -            261     3e-88  293.0   0.0   1   2     1e-44   8.9e-43  143.9   0.0    46   248   244   470   236   477 0.83 -
6567at4891_2|contig_12:157325-159655    -            777 15588at4891          -            261     3e-88  293.0   0.0   2   2   4.7e-45   4.2e-43  145.0   0.0    33   259   502   748   473   750 0.86 -
3496at4891_7|contig_16:372469-374952    -            828 15588at4891          -            261   3.3e-85  283.0   0.0   1   2   1.7e-40   1.5e-38  130.0   0.0    45   251   203   433   174   442 0.83 -
3496at4891_7|contig_16:372469-374952    -            828 15588at4891          -            261   3.3e-85  283.0   0.0   2   2   1.2e-46   1.1e-44  150.2   0.0    46   248   532   757   525   769 0.84 -
12560at4891_7|contig_20:524640-525614   -            325 15588at4891          -            261   1.7e-57  192.2   0.0   1   1   4.5e-59     4e-57  190.9   0.0    31   250    27   275    14   295 0.83 -
12560at4891_1|contig_17:244681-245616   -            312 15588at4891          -            261   9.3e-53  176.6   0.0   1   2   2.6e-46   2.3e-44  149.1   0.0    31   178     5   155     1   165 0.93 -
12560at4891_1|contig_17:244681-245616   -            312 15588at4891          -            261   9.3e-53  176.6   0.0   2   2   1.5e-08   1.3e-06   25.4   0.0   173   249   170   261   158   269 0.72 -
2534at4891_2|contig_13:1055395-1059525  -           1377 15588at4891          -            261     5e-49  164.4   0.0   1   2   6.5e-48   5.8e-46  154.4   0.0    42   248   407   639   379   648 0.81 -
2534at4891_2|contig_13:1055395-1059525  -           1377 15588at4891          -            261     5e-49  164.4   0.0   2   2    0.0051      0.45    7.2   0.0    81   151   772   843   764   883 0.77 -
12560at4891_2|contig_20:60719-62029     -            437 15588at4891          -            261   1.2e-48  163.2   0.0   1   1   2.7e-50   2.4e-48  162.2   0.0    32   250   117   354    99   367 0.86 -
11586at4891_6|contig_3:807549-808859    -            437 15588at4891          -            261   1.9e-45  152.7   0.0   1   1   4.9e-47   4.4e-45  151.5   0.0    45   249   179   405   163   414 0.85 -
12258at4891_9|contig_14:431939-433255   -            439 15588at4891          -            261   8.4e-44  147.3   0.1   1   2       1.5   1.3e+02   -0.9   0.0    48    71   107   129    80   157 0.77 -
12258at4891_9|contig_14:431939-433255   -            439 15588at4891          -            261   8.4e-44  147.3   0.1   2   2   3.4e-45     3e-43  145.5   0.0    43   250   180   409   164   418 0.84 -
12973at4891_7|contig_3:545690-546997    -            436 15588at4891          -            261   1.2e-43  146.8   0.0   1   1   2.2e-45     2e-43  146.1   0.0    29   249   165   407   157   417 0.84 -
13867at4891_0|contig_13:429550-430761   -            404 15588at4891          -            261   4.5e-42  141.6   0.0   1   1     8e-44   7.1e-42  141.0   0.0    42   250   142   372   116   381 0.83 -
11201at4891_1|contig_14:1235634-1236917 -            428 15588at4891          -            261   1.3e-41  140.1   0.0   1   1   2.2e-43     2e-41  139.5   0.0    45   205   170   338   157   403 0.85 -
8568at4891_1|contig_25:497875-499275    -            467 15588at4891          -            261   5.9e-41  138.0   0.0   1   1   1.4e-42   1.3e-40  136.9   0.0    44   254   206   438   193   443 0.82 -
3680at4891_2|contig_19:19898-22750      -            951 15588at4891          -            261   6.5e-40  134.5   0.0   1   2     0.093       8.3    3.1   0.0   137   201   462   531   392   574 0.65 -
3680at4891_2|contig_19:19898-22750      -            951 15588at4891          -            261   6.5e-40  134.5   0.0   2   2   4.5e-40     4e-38  128.7   0.0    45   255   651   884   618   890 0.80 -
4544at4891_2|contig_25:599635-602748    -           1038 15588at4891          -            261   7.2e-38  127.8   0.0   1   2     0.022       1.9    5.1   0.0    77   157   448   533   394   539 0.79 -
4544at4891_2|contig_25:599635-602748    -           1038 15588at4891          -            261   7.2e-38  127.8   0.0   2   2   1.1e-36   9.6e-35  117.6   0.0    23   250   667   923   657   928 0.83 -
4361at4891_5|contig_17:190479-192038    -            520 15588at4891          -            261   4.1e-31  105.7   0.0   1   1   3.8e-32   3.3e-30  102.7   0.0    42   249    68   305    60   317 0.78 -
4361at4891_2|contig_20:329906-332146    -            747 15588at4891          -            261   8.5e-30  101.4   0.0   1   1   1.7e-31   1.5e-29  100.5   0.0    39   248   273   500   242   509 0.83 -
2212at4891_1|contig_4:417367-419637     -            757 15588at4891          -            261   2.2e-26   90.2   0.2   1   2   7.2e-23   6.4e-21   72.3   0.1    49   210   241   415   226   491 0.73 -
2212at4891_1|contig_4:417367-419637     -            757 15588at4891          -            261   2.2e-26   90.2   0.2   2   2     4e-05    0.0035   14.1   0.0    81   149   560   629   554   633 0.82 -
15588at4891_4|contig_4:218105-218647    -            181 15588at4891          -            261   1.1e-11   42.1   2.0   1   1   2.1e-12   1.9e-10   38.0   2.0    75   207     2   163     1   180 0.70 -
8686at4891_2|contig_14:1199143-1200501  -            453 15588at4891          -            261   1.6e-10   38.2   0.0   1   1   4.6e-12   4.1e-10   36.9   0.0    79   199   265   380   259   393 0.83 -
0at4891_2|contig_16:87681-102410        -           4910 15588at4891          -            261   7.2e-10   36.1   2.2   1   5       1.5   1.3e+02   -0.9   0.0    37   103   254   333   245   347 0.60 -
0at4891_2|contig_16:87681-102410        -           4910 15588at4891          -            261   7.2e-10   36.1   2.2   2   5     0.062       5.5    3.7   0.0    70   112   638   680   628   685 0.79 -
0at4891_2|contig_16:87681-102410        -           4910 15588at4891          -            261   7.2e-10   36.1   2.2   3   5    0.0004     0.035   10.8   0.0    55   110  1048  1108  1045  1121 0.85 -
0at4891_2|contig_16:87681-102410        -           4910 15588at4891          -            261   7.2e-10   36.1   2.2   4   5     0.024       2.1    5.0   0.0    75   109  1358  1392  1346  1398 0.85 -
0at4891_2|contig_16:87681-102410        -           4910 15588at4891          -            261   7.2e-10   36.1   2.2   5   5   0.00096     0.086    9.6   0.0    74   113  1736  1775  1721  1785 0.87 -
14136at4891_2|contig_2:518028-520229    -            734 15588at4891          -            261   3.7e-06   23.9   0.0   1   1   9.4e-08   8.4e-06   22.7   0.0    77   149   167   239   155   247 0.80 -
2385at4891_2|contig_4:626860-629844     -            995 15588at4891          -            261    0.0013   15.5   0.0   1   1   4.2e-05    0.0038   14.0   0.0    80   148   489   565   466   578 0.75 -
18264at4891_2|contig_19:86572-87573     -            334 15588at4891          -            261    0.0018   15.1   0.0   1   1   5.1e-05    0.0046   13.8   0.0    81   102    49    70    41    83 0.87 -
10892at4891_7|contig_17:57598-59013     -            472 15588at4891          -            261    0.0024   14.7   0.0   1   1   4.7e-05    0.0042   13.9   0.0    77    96    84   103    55   136 0.87 -
14486at4891_2|contig_3:744451-747033    -            861 15588at4891          -            261    0.0034   14.2   0.0   1   1     7e-05    0.0062   13.3   0.0    81   115   349   383   344   396 0.85 -
14055at4891_2|contig_7:565972-567027    -            352 15588at4891          -            261    0.0057   13.5   0.0   1   2   0.00016     0.014   12.1   0.0    81   101    61    81    36    95 0.86 -
14055at4891_2|contig_7:565972-567027    -            352 15588at4891          -            261    0.0057   13.5   0.0   2   2       6.9   6.2e+02   -3.1   0.0   140   155   136   151   133   164 0.79 -
2971at4891_2|contig_14:945763-948195    -            811 15588at4891          -            261    0.0079   13.0   0.0   1   2      0.92        82   -0.2   0.0   106   150   174   221   134   237 0.58 -
2971at4891_2|contig_14:945763-948195    -            811 15588at4891          -            261    0.0079   13.0   0.0   2   2   0.00074     0.066   10.0   0.0    51   117   508   576   495   581 0.70 -
9032at4891_3|contig_14:814556-815944    -            463 15588at4891          -            261     0.017   11.9   0.6   1   2    0.0066      0.58    6.9   0.1    77   103    71    97    55   105 0.84 -
9032at4891_3|contig_14:814556-815944    -            463 15588at4891          -            261     0.017   11.9   0.6   2   2       0.1       8.9    3.0   0.0   112   148   278   315   268   321 0.79 -
#
# Program:         hmmsearch
# Version:         3.1b2 (February 2015)
# Pipeline mode:   SEARCH
# Query file:      /mnt/c/Users/HMarton/GitHub/LundUni/Pages/Projects/de_novo_BINP29/busco_downloads/lineages/saccharomycetes_odb10/hmms/15588at4891.hmm
# Target file:     /mnt/c/Users/HMarton/GitHub/LundUni/Pages/Projects/de_novo_BINP29/results/04_busco/BUSCO_assembly.fasta/run_saccharomycetes_odb10/metaeuk_output/initial_results/assembly.fasta.modified.fas
# Option settings: hmmsearch --domtblout /mnt/c/Users/HMarton/GitHub/LundUni/Pages/Projects/de_novo_BINP29/results/04_busco/BUSCO_assembly.fasta/run_saccharomycetes_odb10/hmmer_output/initial_run_results/15588at4891.out --cpu 1 /mnt/c/Users/HMarton/GitHub/LundUni/Pages/Projects/de_novo_BINP29/busco_downloads/lineages/saccharomycetes_odb10/hmms/15588at4891.hmm /mnt/c/Users/HMarton/GitHub/LundUni/Pages/Projects/de_novo_BINP29/results/04_busco/BUSCO_assembly.fasta/run_saccharomycetes_odb10/metaeuk_output/initial_results/assembly.fasta.modified.fas 
# Current dir:     /mnt/c/Users/HMarton/GitHub/LundUni/Pages/Projects/de_novo_BINP29
# Date:            Fri Feb 23 20:12:35 2024
# [ok]
