#                                                                                               --- full sequence --- -------------- this domain -------------   hmm coord   ali coord   env coord
# target name                           accession   tlen query name           accession   qlen   E-value  score  bias   #  of  c-Evalue  i-Evalue  score  bias  from    to  from    to  from    to  acc description of target
#                   ------------------- ---------- ----- -------------------- ---------- ----- --------- ------ ----- --- --- --------- --------- ------ ----- ----- ----- ----- ----- ----- ----- ---- ---------------------
16038at4891_2|contig_17:163626-165185   -            520 16038at4891          -            381  9.8e-171  564.7  27.0   1   4   6.9e-31   1.7e-28   96.6  15.5     1    87     1    91     1   101 0.82 -
16038at4891_2|contig_17:163626-165185   -            520 16038at4891          -            381  9.8e-171  564.7  27.0   2   4   5.6e-06    0.0014   14.6   2.0    57    91    90   126    75   139 0.77 -
16038at4891_2|contig_17:163626-165185   -            520 16038at4891          -            381  9.8e-171  564.7  27.0   3   4  3.1e-137  7.6e-135  446.6   0.1    89   364   150   461   143   473 0.89 -
16038at4891_2|contig_17:163626-165185   -            520 16038at4891          -            381  9.8e-171  564.7  27.0   4   4   2.6e-05    0.0063   12.4   0.0   361   381   482   502   474   502 0.85 -
8344at4891_2|contig_19:721435-723390    -            475 16038at4891          -            381     2e-54  181.9   0.0   1   1     1e-56   2.5e-54  181.6   0.0    95   362   203   472   164   475 0.89 -
4356at4891_2|contig_13:334106-335983    -            626 16038at4891          -            381   2.8e-27   92.5   0.1   1   2   9.2e-10   2.2e-07   27.0   0.5    75   172   157   258   131   283 0.74 -
4356at4891_2|contig_13:334106-335983    -            626 16038at4891          -            381   2.8e-27   92.5   0.1   2   2   5.3e-20   1.3e-17   60.8   0.0   211   378   337   522   335   525 0.84 -
21604at4891_4|contig_2:610270-611751    -            494 16038at4891          -            381   1.1e-09   34.6   5.7   1   2   8.5e-07   0.00021   17.3   1.2   195   272   227   305   213   321 0.73 -
21604at4891_4|contig_2:610270-611751    -            494 16038at4891          -            381   1.1e-09   34.6   5.7   2   2   2.6e-07   6.4e-05   19.0   0.2   114   204   322   420   312   427 0.72 -
33397at4891_1|contig_14:1119188-1119979 -            264 16038at4891          -            381   2.5e-09   33.5   0.0   1   1   1.6e-11     4e-09   32.8   0.0   216   284    91   164    85   177 0.84 -
26894at4891_2|contig_2:482236-483288    -            351 16038at4891          -            381   1.8e-08   30.6   0.0   1   1   1.6e-10   3.8e-08   29.6   0.0   106   300    32   251    11   262 0.71 -
11916at4891_2|contig_13:871877-872980   -            368 16038at4891          -            381     3e-05   20.1   0.2   1   2   1.2e-06    0.0003   16.8   0.0   213   274    66   127    60   139 0.78 -
11916at4891_2|contig_13:871877-872980   -            368 16038at4891          -            381     3e-05   20.1   0.2   2   2     0.093        23    0.7   0.0   113   132   139   158   130   167 0.81 -
5710at4891_1|contig_20:569743-571683    -            647 16038at4891          -            381   5.6e-05   19.2   4.6   1   3   7.1e-06    0.0017   14.3   0.0   215   275   172   232   164   256 0.76 -
5710at4891_1|contig_20:569743-571683    -            647 16038at4891          -            381   5.6e-05   19.2   4.6   2   3    0.0024      0.58    5.9   0.1   139   201   277   342   248   363 0.74 -
5710at4891_1|contig_20:569743-571683    -            647 16038at4891          -            381   5.6e-05   19.2   4.6   3   3       3.5   8.5e+02   -4.5   1.7    29    85   499   553   487   561 0.40 -
15784at4891_2|contig_5:144056-145162    -            369 16038at4891          -            381    0.0004   16.3   0.3   1   2   3.2e-06   0.00077   15.4   0.1   212   269    67   124    59   143 0.83 -
15784at4891_2|contig_5:144056-145162    -            369 16038at4891          -            381    0.0004   16.3   0.3   2   2       1.6   3.8e+02   -3.3   0.0   146   159   246   259   243   268 0.80 -
6770at4891_2|contig_22:121325-122812    -            496 16038at4891          -            381     0.013   11.4   0.1   1   2   0.00018     0.044    9.6   0.0   209   236   324   351   319   385 0.87 -
6770at4891_2|contig_22:121325-122812    -            496 16038at4891          -            381     0.013   11.4   0.1   2   2       0.4        97   -1.4   0.0   140   158   436   454   397   480 0.68 -
5879at4891_2|contig_5:165404-167389     -            662 16038at4891          -            381     0.015   11.2   0.2   1   3     0.027       6.5    2.5   0.0   208   233     3    28     1    34 0.87 -
5879at4891_2|contig_5:165404-167389     -            662 16038at4891          -            381     0.015   11.2   0.2   2   3    0.0047       1.1    5.0   0.0   197   233   435   471   394   478 0.87 -
5879at4891_2|contig_5:165404-167389     -            662 16038at4891          -            381     0.015   11.2   0.2   3   3       0.3        74   -1.0   0.0   109   154   516   564   496   572 0.71 -
#
# Program:         hmmsearch
# Version:         3.1b2 (February 2015)
# Pipeline mode:   SEARCH
# Query file:      /mnt/c/Users/HMarton/GitHub/LundUni/Pages/Projects/de_novo_BINP29/busco_downloads/lineages/saccharomycetes_odb10/hmms/16038at4891.hmm
# Target file:     /mnt/c/Users/HMarton/GitHub/LundUni/Pages/Projects/de_novo_BINP29/results/04_busco/BUSCO_assembly.fasta/run_saccharomycetes_odb10/metaeuk_output/initial_results/assembly.fasta.modified.fas
# Option settings: hmmsearch --domtblout /mnt/c/Users/HMarton/GitHub/LundUni/Pages/Projects/de_novo_BINP29/results/04_busco/BUSCO_assembly.fasta/run_saccharomycetes_odb10/hmmer_output/initial_run_results/16038at4891.out --cpu 1 /mnt/c/Users/HMarton/GitHub/LundUni/Pages/Projects/de_novo_BINP29/busco_downloads/lineages/saccharomycetes_odb10/hmms/16038at4891.hmm /mnt/c/Users/HMarton/GitHub/LundUni/Pages/Projects/de_novo_BINP29/results/04_busco/BUSCO_assembly.fasta/run_saccharomycetes_odb10/metaeuk_output/initial_results/assembly.fasta.modified.fas 
# Current dir:     /mnt/c/Users/HMarton/GitHub/LundUni/Pages/Projects/de_novo_BINP29
# Date:            Fri Feb 23 20:13:04 2024
# [ok]
