#                                                                                             --- full sequence --- -------------- this domain -------------   hmm coord   ali coord   env coord
# target name                         accession   tlen query name           accession   qlen   E-value  score  bias   #  of  c-Evalue  i-Evalue  score  bias  from    to  from    to  from    to  acc description of target
#                 ------------------- ---------- ----- -------------------- ---------- ----- --------- ------ ----- --- --- --------- --------- ------ ----- ----- ----- ----- ----- ----- ----- ---- ---------------------
17054at4891_9|contig_19:558224-559279 -            352 17054at4891          -            289    8e-153  504.9   4.3   1   1  4.5e-153  2.4e-150  496.8   4.3     1   289    17   352    17   352 0.91 -
14212at4891_2|contig_3:580914-582023  -            370 17054at4891          -            289   1.1e-77  258.3   1.6   1   1   2.8e-79   1.5e-76  254.6   1.6     5   289    35   370    31   370 0.86 -
14580at4891_2|contig_6:178604-179716  -            371 17054at4891          -            289   7.1e-51  170.3   0.5   1   2   1.1e-05    0.0056   13.1   0.0     8    34    24    50    19    66 0.81 -
14580at4891_2|contig_6:178604-179716  -            371 17054at4891          -            289   7.1e-51  170.3   0.5   2   2   5.7e-46     3e-43  145.3   0.4    58   289   102   371    79   371 0.83 -
14309at4891_2|contig_13:843128-844219 -            364 17054at4891          -            289   1.5e-22   77.3   0.1   1   2   0.00028      0.15    8.4   0.0    10    50     7    52     3    55 0.79 -
14309at4891_2|contig_13:843128-844219 -            364 17054at4891          -            289   1.5e-22   77.3   0.1   2   2   5.6e-21     3e-18   63.2   0.0    87   288   130   358    93   359 0.77 -
14309at4891_2|contig_26:257240-257791 -            184 17054at4891          -            289   4.6e-06   23.2   0.0   1   1   2.9e-07   0.00016   18.2   0.0    86   203    47   183    11   184 0.74 -
#
# Program:         hmmsearch
# Version:         3.1b2 (February 2015)
# Pipeline mode:   SEARCH
# Query file:      /mnt/c/Users/HMarton/GitHub/LundUni/Pages/Projects/de_novo_BINP29/busco_downloads/lineages/saccharomycetes_odb10/hmms/17054at4891.hmm
# Target file:     /mnt/c/Users/HMarton/GitHub/LundUni/Pages/Projects/de_novo_BINP29/results/04_busco/BUSCO_assembly.fasta/run_saccharomycetes_odb10/metaeuk_output/initial_results/assembly.fasta.modified.fas
# Option settings: hmmsearch --domtblout /mnt/c/Users/HMarton/GitHub/LundUni/Pages/Projects/de_novo_BINP29/results/04_busco/BUSCO_assembly.fasta/run_saccharomycetes_odb10/hmmer_output/initial_run_results/17054at4891.out --cpu 1 /mnt/c/Users/HMarton/GitHub/LundUni/Pages/Projects/de_novo_BINP29/busco_downloads/lineages/saccharomycetes_odb10/hmms/17054at4891.hmm /mnt/c/Users/HMarton/GitHub/LundUni/Pages/Projects/de_novo_BINP29/results/04_busco/BUSCO_assembly.fasta/run_saccharomycetes_odb10/metaeuk_output/initial_results/assembly.fasta.modified.fas 
# Current dir:     /mnt/c/Users/HMarton/GitHub/LundUni/Pages/Projects/de_novo_BINP29
# Date:            Fri Feb 23 20:12:29 2024
# [ok]
