#                                                                                               --- full sequence --- -------------- this domain -------------   hmm coord   ali coord   env coord
# target name                           accession   tlen query name           accession   qlen   E-value  score  bias   #  of  c-Evalue  i-Evalue  score  bias  from    to  from    to  from    to  acc description of target
#                   ------------------- ---------- ----- -------------------- ---------- ----- --------- ------ ----- --- --- --------- --------- ------ ----- ----- ----- ----- ----- ----- ----- ---- ---------------------
1979at4891_2|contig_7:233658-238085     -           1476 1979at4891           -            411    6e-182  602.2   4.3   1   4       1.7        44   -0.2   0.0     1    45   560   605   560   614 0.89 -
1979at4891_2|contig_7:233658-238085     -           1476 1979at4891           -            411    6e-182  602.2   4.3   2   4       4.4   1.1e+02   -1.5   0.0    34    55   703   724   682   786 0.72 -
1979at4891_2|contig_7:233658-238085     -           1476 1979at4891           -            411    6e-182  602.2   4.3   3   4     1e-11   2.6e-10   36.8   0.2    51    96  1009  1054   993  1060 0.88 -
1979at4891_2|contig_7:233658-238085     -           1476 1979at4891           -            411    6e-182  602.2   4.3   4   4    1e-171  2.6e-170  563.8   0.1    90   410  1108  1461  1086  1462 0.89 -
8274at4891_4|contig_12:220169-222259    -            697 1979at4891           -            411     2e-89  297.4   1.0   1   3    0.0027     0.068    9.1   0.0    59    94   246   281   229   306 0.73 -
8274at4891_4|contig_12:220169-222259    -            697 1979at4891           -            411     2e-89  297.4   1.0   2   3   1.7e-13   4.2e-12   42.7   0.1   146   182   394   430   387   437 0.93 -
8274at4891_4|contig_12:220169-222259    -            697 1979at4891           -            411     2e-89  297.4   1.0   3   3   4.1e-74     1e-72  242.3   0.0   178   398   473   691   469   696 0.93 -
693at4891_2|contig_26:94839-98648       -           1270 1979at4891           -            411   3.5e-62  207.7   0.1   1   1   2.7e-63   6.8e-62  206.7   0.1   142   405   975  1262   917  1268 0.78 -
693at4891_2|contig_19:680998-685725     -           1576 1979at4891           -            411   1.3e-61  205.8   2.5   1   2   5.2e-40   1.3e-38  130.0   0.8   144   290  1263  1418  1249  1429 0.86 -
693at4891_2|contig_19:680998-685725     -           1576 1979at4891           -            411   1.3e-61  205.8   2.5   2   2   2.8e-23   7.1e-22   74.9   0.0   292   404  1450  1563  1427  1569 0.80 -
1979at4891_9|contig_5:51083-51799       -            239 1979at4891           -            411   1.4e-59  199.2   0.0   1   1     6e-61   1.5e-59  199.0   0.0   152   394     2   239     1   239 0.93 -
4279at4891_0|contig_22:475853-477571    -            573 1979at4891           -            411   2.5e-55  185.1   0.0   1   1   1.4e-56   3.6e-55  184.6   0.0   153   404   308   558   264   562 0.90 -
1979at4891_9|contig_22:245831-246577    -            249 1979at4891           -            411   3.1e-53  178.2   0.0   1   1   1.4e-54   3.5e-53  178.0   0.0   151   398     1   249     1   249 0.91 -
13862at4891_2|contig_20:678469-680928   -            820 1979at4891           -            411     9e-49  163.5   0.1   1   1   7.2e-50   1.8e-48  162.5   0.1   123   398   175   465   147   469 0.84 -
4279at4891_2|contig_3:104949-106895     -            649 1979at4891           -            411   9.3e-49  163.5   0.1   1   1     7e-50   1.8e-48  162.6   0.1   169   398   394   633   389   640 0.87 -
9903at4891_6|contig_14:1459934-1460752  -            273 1979at4891           -            411   2.6e-48  162.0   0.0   1   1   1.2e-49   3.1e-48  161.7   0.0   153   402     1   252     1   260 0.89 -
4279at4891_2|contig_19:69269-71791      -            841 1979at4891           -            411   1.2e-46  156.5   0.0   1   1   9.2e-48   2.3e-46  155.6   0.0   169   398   587   824   584   830 0.87 -
17309at4891_1|contig_20:654260-655075   -            272 1979at4891           -            411     2e-42  142.6   0.0   1   1     1e-43   2.6e-42  142.2   0.0   153   398     9   269     6   271 0.79 -
18893at4891_0|contig_20:775437-776210   -            258 1979at4891           -            411   2.6e-41  139.0   0.0   1   1   1.3e-42   3.3e-41  138.6   0.0   153   370    11   233     3   245 0.88 -
17309at4891_3|contig_3:768376-769242    -            289 1979at4891           -            411     1e-40  136.9   0.0   1   1     5e-42   1.3e-40  136.7   0.0   153   398    19   279    13   289 0.79 -
18893at4891_8|contig_25:537995-538810   -            272 1979at4891           -            411   5.3e-39  131.3   0.0   1   1   2.7e-40   6.8e-39  131.0   0.0   152   356    17   224     2   250 0.86 -
18893at4891_3|contig_7:102022-102819    -            266 1979at4891           -            411   7.5e-39  130.8   0.0   1   1   3.9e-40   9.8e-39  130.4   0.0   152   370    12   235     3   246 0.88 -
18893at4891_2|contig_20:785071-786153   -            361 1979at4891           -            411   1.9e-38  129.5   0.0   1   1   9.9e-40   2.5e-38  129.1   0.0   150   388   106   343    71   355 0.85 -
8179at4891_4|contig_4:522585-523808     -            408 1979at4891           -            411   1.1e-37  127.0   0.0   1   2   0.00096     0.024   10.6   0.0   152   184    16    48     3    64 0.84 -
8179at4891_4|contig_4:522585-523808     -            408 1979at4891           -            411   1.1e-37  127.0   0.0   2   2   2.9e-35   7.4e-34  114.4   0.0   182   392    78   294    75   310 0.87 -
10618at4891_9|contig_27:96822-97655     -            278 1979at4891           -            411   2.6e-37  125.8   0.0   1   1   1.2e-38   3.1e-37  125.5   0.0   144   397    15   276     4   278 0.84 -
2373at4891_2|contig_2:660056-662167     -            704 1979at4891           -            411   3.7e-36  122.0   0.0   1   1   2.3e-37   5.9e-36  121.3   0.0   147   394    82   332    62   338 0.85 -
10618at4891_9|contig_3:289864-290688    -            275 1979at4891           -            411   8.9e-36  120.7   0.0   1   1   4.2e-37   1.1e-35  120.5   0.0   144   400     8   274     2   275 0.87 -
10800at4891_5|contig_25:423174-424337   -            388 1979at4891           -            411   3.7e-35  118.7   0.1   1   2   0.00015    0.0039   13.2   0.0   147   181     4    38     3    51 0.90 -
10800at4891_5|contig_25:423174-424337   -            388 1979at4891           -            411   3.7e-35  118.7   0.1   2   2     6e-32   1.5e-30  103.5   0.0   186   401    84   294    50   302 0.87 -
17728at4891_8|contig_20:449738-450622   -            295 1979at4891           -            411   4.6e-35  118.4   0.0   1   2   4.5e-36   1.1e-34  117.1   0.0   151   338     7   204     3   233 0.78 -
17728at4891_8|contig_20:449738-450622   -            295 1979at4891           -            411   4.6e-35  118.4   0.0   2   2       7.2   1.8e+02   -2.2   0.0   371   397   265   291   253   294 0.83 -
18893at4891_0|contig_3:124445-125233    -            263 1979at4891           -            411   6.8e-35  117.8   0.0   1   1   3.4e-36   8.5e-35  117.5   0.0   150   357     5   230     2   261 0.79 -
1220at4891_2|contig_14:999025-1003986   -           1654 1979at4891           -            411   1.2e-34  117.0   0.2   1   3   3.3e-07   8.3e-06   22.0   0.0   181   341   296   478   292   492 0.73 -
1220at4891_2|contig_14:999025-1003986   -           1654 1979at4891           -            411   1.2e-34  117.0   0.2   2   3   8.3e-05    0.0021   14.1   0.0   152   205   599   654   565   663 0.88 -
1220at4891_2|contig_14:999025-1003986   -           1654 1979at4891           -            411   1.2e-34  117.0   0.2   3   3   1.2e-23     3e-22   76.2   0.0   202   396   767   973   744   986 0.73 -
17309at4891_7|contig_14:166356-167894   -            513 1979at4891           -            411   1.4e-34  116.8   0.2   1   1   1.3e-35   3.2e-34  115.6   0.2   149   401   193   468   176   477 0.80 -
7925at4891_3|contig_27:199701-201185    -            495 1979at4891           -            411   3.5e-33  112.2   0.1   1   2   1.9e-24   4.9e-23   78.7   0.1   153   285    12   153     3   174 0.79 -
7925at4891_3|contig_27:199701-201185    -            495 1979at4891           -            411   3.5e-33  112.2   0.1   2   2   5.1e-10   1.3e-08   31.2   0.0   297   393   357   457   346   469 0.80 -
17265at4891_6|contig_25:489034-490485   -            484 1979at4891           -            411   8.5e-33  110.9   0.1   1   1   4.8e-34   1.2e-32  110.4   0.1   146   352   167   382   134   397 0.80 -
10800at4891_8|contig_14:1438586-1439614 -            343 1979at4891           -            411   1.3e-32  110.3   0.0   1   1   1.8e-32   4.7e-31  105.2   0.0   147   400    33   304    15   313 0.80 -
18893at4891_0|contig_14:668700-669635   -            312 1979at4891           -            411   2.4e-32  109.4   0.3   1   2    0.0042       0.1    8.5   0.0   147   189    32    74     8    77 0.81 -
18893at4891_0|contig_14:668700-669635   -            312 1979at4891           -            411   2.4e-32  109.4   0.3   2   2   1.1e-30   2.8e-29   99.3   0.1   209   398   129   309   106   312 0.88 -
18893at4891_2|contig_14:1406891-1407697 -            269 1979at4891           -            411   4.6e-32  108.5   0.1   1   1   2.8e-33     7e-32  107.9   0.1   150   357     9   236     3   269 0.78 -
17309at4891_9|contig_20:673604-674344   -            247 1979at4891           -            411   7.2e-32  107.8   0.0   1   1   3.6e-33   9.2e-32  107.5   0.0   153   398     4   243     2   246 0.89 -
10800at4891_8|contig_16:117615-118544   -            310 1979at4891           -            411   7.5e-32  107.8   0.1   1   2       0.6        15    1.4   0.0   151   184     8    41     3    58 0.79 -
10800at4891_8|contig_16:117615-118544   -            310 1979at4891           -            411   7.5e-32  107.8   0.1   2   2   3.3e-32   8.2e-31  104.4   0.1   208   399   100   282    69   288 0.87 -
9903at4891_2|contig_7:169975-171882     -            636 1979at4891           -            411     1e-31  107.4   0.0   1   1   5.8e-33   1.5e-31  106.8   0.0   153   399   334   591   319   601 0.83 -
8179at4891_2|contig_22:51398-53689      -            764 1979at4891           -            411   2.5e-31  106.1   0.0   1   1   2.1e-32   5.4e-31  105.0   0.0   151   390   356   598   334   617 0.76 -
10800at4891_1|contig_26:274750-275748   -            333 1979at4891           -            411   3.4e-31  105.6   0.0   1   1   3.1e-32   7.9e-31  104.4   0.0   147   403     8   276     6   283 0.82 -
7925at4891_2|contig_19:333931-335160    -            410 1979at4891           -            411   7.5e-31  104.5   0.5   1   2   8.6e-24   2.2e-22   76.6   0.4   136   285     9   164     3   177 0.84 -
7925at4891_2|contig_19:333931-335160    -            410 1979at4891           -            411   7.5e-31  104.5   0.5   2   2   2.1e-08   5.2e-07   25.9   0.0   298   383   236   319   221   346 0.85 -
18893at4891|contig_3:771132-771953      -            274 1979at4891           -            411   7.7e-31  104.4   0.0   1   1   3.7e-32   9.3e-31  104.2   0.0   148   385     2   254     1   268 0.74 -
12549at4891_1|contig_16:78495-79799     -            435 1979at4891           -            411   8.8e-31  104.2   0.0   1   2   5.1e-30   1.3e-28   97.1   0.0   153   378    29   255    24   262 0.82 -
12549at4891_1|contig_16:78495-79799     -            435 1979at4891           -            411   8.8e-31  104.2   0.0   2   2     0.041         1    5.2   0.0   359   399   261   302   257   307 0.85 -
7925at4891_4|contig_14:1368916-1369803  -            296 1979at4891           -            411   2.5e-30  102.7   0.1   1   1   2.5e-31   6.3e-30  101.4   0.1   148   398     9   289     2   294 0.70 -
10800at4891_6|contig_20:656687-657607   -            307 1979at4891           -            411   4.6e-30  101.9   0.0   1   1   2.5e-31   6.4e-30  101.4   0.0   147   398    12   283     1   293 0.78 -
18893at4891_6|contig_13:183537-184541   -            335 1979at4891           -            411   4.7e-30  101.8   0.0   1   1   2.6e-31   6.7e-30  101.4   0.0   152   398    46   334    16   335 0.75 -
8179at4891_1|contig_26:64265-65287      -            341 1979at4891           -            411   5.8e-30  101.5   0.4   1   1   6.8e-31   1.7e-29  100.0   0.4   143   402    39   322    17   331 0.78 -
14247at4891_6|contig_26:219262-219933   -            224 1979at4891           -            411     3e-29   99.2   0.0   1   1   1.5e-30   3.7e-29   98.9   0.0   151   344     1   215     1   221 0.81 -
10800at4891_2|contig_14:1386168-1388057 -            630 1979at4891           -            411   4.2e-29   98.7   0.0   1   1   2.6e-30   6.6e-29   98.1   0.0   152   396    57   300    38   312 0.79 -
17265at4891_1|contig_20:82311-83252     -            314 1979at4891           -            411   5.8e-29   98.3   0.3   1   2     1e-26   2.6e-25   86.2   1.2   151   336     5   221     2   246 0.75 -
17265at4891_1|contig_20:82311-83252     -            314 1979at4891           -            411   5.8e-29   98.3   0.3   2   2     0.029      0.73    5.7   0.0   353   397   261   305   248   310 0.87 -
8179at4891_7|contig_2:468220-469278     -            353 1979at4891           -            411   9.7e-29   97.5   0.0   1   1   5.2e-30   1.3e-28   97.1   0.0   134   350    18   237     7   258 0.85 -
10618at4891_1|contig_13:226871-227755   -            295 1979at4891           -            411   1.6e-28   96.8   0.9   1   2   1.5e-12   3.8e-11   39.6   0.4   201   271    76   148     4   157 0.82 -
10618at4891_1|contig_13:226871-227755   -            295 1979at4891           -            411   1.6e-28   96.8   0.9   2   2   5.5e-17   1.4e-15   54.2   0.0   274   397   175   292   155   295 0.87 -
8179at4891_6|contig_25:465775-466938    -            388 1979at4891           -            411   2.3e-28   96.3   0.0   1   1   1.2e-29   2.9e-28   96.0   0.0   135   352    56   277    45   327 0.80 -
12549at4891|contig_22:396894-397937     -            348 1979at4891           -            411   3.1e-28   95.9   0.0   1   2   3.6e-28     9e-27   91.1   0.0   153   378    19   261     4   269 0.72 -
12549at4891|contig_22:396894-397937     -            348 1979at4891           -            411   3.1e-28   95.9   0.0   2   2      0.23       5.8    2.7   0.0   368   398   277   307   265   312 0.88 -
12549at4891_2|contig_2:389379-390209    -            277 1979at4891           -            411     5e-28   95.2   0.0   1   1   2.2e-29   5.5e-28   95.0   0.0   153   354     1   211     1   271 0.84 -
17728at4891_7|contig_4:259136-260008    -            291 1979at4891           -            411     5e-28   95.2   0.0   1   1   3.5e-29   8.9e-28   94.4   0.0   151   354     5   220     1   232 0.78 -
7925at4891_4|contig_4:792466-793365     -            300 1979at4891           -            411     6e-28   94.9   0.0   1   1   2.9e-29   7.3e-28   94.6   0.0   145   353    10   224     1   272 0.79 -
18893at4891_8|contig_19:710302-711162   -            287 1979at4891           -            411   1.2e-27   93.9   0.2   1   1   1.2e-27     3e-26   89.3   0.2   151   388     5   267     1   286 0.79 -
12549at4891_4|contig_4:614314-615255    -            314 1979at4891           -            411   1.3e-27   93.8   0.0   1   2   1.5e-26   3.8e-25   85.7   0.0   151   338    12   216     8   259 0.75 -
12549at4891_4|contig_4:614314-615255    -            314 1979at4891           -            411   1.3e-27   93.8   0.0   2   2      0.02      0.51    6.2   0.0   362   398   267   303   253   309 0.85 -
12549at4891_2|contig_14:307002-307844   -            281 1979at4891           -            411   1.7e-27   93.4   0.0   1   1     8e-29     2e-27   93.2   0.0   153   357     1   214     1   234 0.84 -
10800at4891_7|contig_14:394918-395871   -            318 1979at4891           -            411   1.7e-27   93.4   0.1   1   1   1.2e-28     3e-27   92.6   0.1   149   398     3   276     1   283 0.82 -
10618at4891_2|contig_12:436244-437239   -            332 1979at4891           -            411   1.8e-27   93.4   0.6   1   2   4.8e-11   1.2e-09   34.6   0.1   198   271    97   172    74   179 0.83 -
10618at4891_2|contig_12:436244-437239   -            332 1979at4891           -            411   1.8e-27   93.4   0.6   2   2   1.1e-17   2.7e-16   56.5   0.0   274   398   209   327   206   331 0.88 -
10618at4891_1|contig_14:274187-275725   -            513 1979at4891           -            411   1.9e-27   93.3   0.1   1   2   7.6e-16   1.9e-14   50.4   0.1   147   272   200   338   177   346 0.80 -
10618at4891_1|contig_14:274187-275725   -            513 1979at4891           -            411   1.9e-27   93.3   0.1   2   2   6.8e-13   1.7e-11   40.7   0.0   272   402   357   483   353   490 0.78 -
10800at4891_3|contig_4:63703-64656      -            318 1979at4891           -            411   1.5e-26   90.3   0.0   1   1   7.9e-28     2e-26   89.9   0.0   148   394    13   273     9   284 0.75 -
12549at4891|contig_20:275273-276247     -            325 1979at4891           -            411   1.5e-26   90.3   0.1   1   2     7e-27   1.8e-25   86.8   0.1   152   354    10   232     6   242 0.75 -
12549at4891|contig_20:275273-276247     -            325 1979at4891           -            411   1.5e-26   90.3   0.1   2   2      0.61        15    1.4   0.0   362   403   267   308   243   311 0.79 -
12549at4891_7|contig_13:600557-601663   -            369 1979at4891           -            411   2.7e-26   89.5   0.0   1   1   8.9e-27   2.3e-25   86.4   0.0   151   377    22   268    16   323 0.81 -
17728at4891_4|contig_14:261673-262572   -            300 1979at4891           -            411   9.7e-26   87.6   0.0   1   2   1.2e-25   2.9e-24   82.8   0.0   151   333     5   193     1   205 0.82 -
17728at4891_4|contig_14:261673-262572   -            300 1979at4891           -            411   9.7e-26   87.6   0.0   2   2      0.19       4.9    3.0   0.0   352   400   233   285   218   289 0.68 -
13862at4891_1|contig_3:990254-991516    -            421 1979at4891           -            411   1.1e-25   87.5   0.0   1   1   4.5e-26   1.1e-24   84.1   0.0   148   398   114   394    98   405 0.78 -
13507at4891_4|contig_5:54431-55735      -            435 1979at4891           -            411   1.2e-25   87.3   0.3   1   3   5.8e-11   1.5e-09   34.3   0.0   151   254    29   145     9   150 0.79 -
13507at4891_4|contig_5:54431-55735      -            435 1979at4891           -            411   1.2e-25   87.3   0.3   2   3      0.28       7.1    2.5   0.1   256   274   168   186   164   204 0.82 -
13507at4891_4|contig_5:54431-55735      -            435 1979at4891           -            411   1.2e-25   87.3   0.3   3   3   8.8e-15   2.2e-13   46.9   0.0   274   396   225   340   220   354 0.83 -
7925at4891_6|contig_20:193629-195320    -            564 1979at4891           -            411   1.7e-25   86.8   0.3   1   2   1.7e-17   4.3e-16   55.9   0.2    79   284    97   314    64   327 0.77 -
7925at4891_6|contig_20:193629-195320    -            564 1979at4891           -            411   1.7e-25   86.8   0.3   2   2   2.4e-09   6.1e-08   29.0   0.0   290   379   362   449   349   470 0.79 -
12549at4891_8|contig_19:56848-57819     -            324 1979at4891           -            411   1.8e-25   86.8   0.0   1   1   1.4e-26   3.4e-25   85.8   0.0   153   345     5   210     2   225 0.76 -
7925at4891_6|contig_13:693354-695069    -            572 1979at4891           -            411   2.5e-25   86.3   0.1   1   2   6.6e-18   1.7e-16   57.2   0.1    82   284   108   322    88   337 0.79 -
7925at4891_6|contig_13:693354-695069    -            572 1979at4891           -            411   2.5e-25   86.3   0.1   2   2   1.1e-08   2.7e-07   26.9   0.0   291   376   371   454   361   472 0.76 -
4598at4891_7|contig_13:179569-182226    -            886 1979at4891           -            411   3.2e-25   85.9   0.1   1   3   5.1e-07   1.3e-05   21.4   0.0   152   231    20   108     5   123 0.81 -
4598at4891_7|contig_13:179569-182226    -            886 1979at4891           -            411   3.2e-25   85.9   0.1   2   3   8.4e-05    0.0021   14.1   0.1   242   271   143   172   131   178 0.86 -
4598at4891_7|contig_13:179569-182226    -            886 1979at4891           -            411   3.2e-25   85.9   0.1   3   3   1.4e-14   3.6e-13   46.2   0.0   275   398   197   315   192   326 0.85 -
12549at4891_6|contig_3:79079-79948      -            290 1979at4891           -            411   3.9e-25   85.7   0.0   1   1   1.2e-25   3.1e-24   82.7   0.0   153   354     1   218     1   290 0.68 -
5371at4891_0|contig_7:140255-141172     -            306 1979at4891           -            411   8.7e-24   81.2   0.1   1   1     8e-25     2e-23   80.0   0.1   151   335     8   201     3   225 0.77 -
10800at4891_1|contig_17:418432-419427   -            332 1979at4891           -            411     1e-23   81.0   0.1   1   1   5.5e-23   1.4e-21   74.0   0.1   175   399    49   319     3   331 0.67 -
12549at4891_5|contig_25:522837-523922   -            362 1979at4891           -            411     2e-23   80.0   0.1   1   2   1.6e-23   4.1e-22   75.7   0.1   221   373   100   254    52   264 0.79 -
12549at4891_5|contig_25:522837-523922   -            362 1979at4891           -            411     2e-23   80.0   0.1   2   2      0.34       8.6    2.2   0.0   368   398   275   305   262   314 0.85 -
14247at4891_2|contig_20:467953-469599   -            549 1979at4891           -            411   2.6e-22   76.4   0.3   1   1     2e-23   4.9e-22   75.4   0.1   206   333   226   359   176   373 0.74 -
18893at4891_9|contig_5:95917-96708      -            264 1979at4891           -            411   1.3e-21   74.1   0.3   1   1   7.7e-23   1.9e-21   73.5   0.3   152   393    10   257     2   263 0.72 -
19258at4891_3|contig_3:240605-241474    -            290 1979at4891           -            411   2.7e-21   73.0   2.9   1   1   3.2e-22     8e-21   71.5   2.9   144   397    30   287    12   290 0.74 -
19258at4891_3|contig_14:68473-69369     -            299 1979at4891           -            411     6e-19   65.3   0.0   1   1   3.7e-20   9.4e-19   64.6   0.0   152   351    10   220     7   245 0.79 -
2373at4891_0|contig_7:98844-99797       -            318 1979at4891           -            411   9.2e-19   64.7   0.0   1   1     5e-20   1.3e-18   64.2   0.0   242   397   148   315   134   318 0.79 -
10800at4891_0|contig_20:777378-778376   -            333 1979at4891           -            411     2e-18   63.6   0.0   1   1   9.9e-20   2.5e-18   63.2   0.0   150   387     9   260     5   294 0.79 -
10618at4891_1|contig_2:83294-84256      -            321 1979at4891           -            411   4.6e-18   62.3   3.9   1   2   8.9e-09   2.2e-07   27.2   1.4   152   270    12   156     5   161 0.59 -
10618at4891_1|contig_2:83294-84256      -            321 1979at4891           -            411   4.6e-18   62.3   3.9   2   2   7.8e-10     2e-08   30.6   0.0   260   398   172   318   166   321 0.80 -
17728at4891_8|contig_7:207884-208945    -            354 1979at4891           -            411   6.4e-18   61.9   0.9   1   2     7e-16   1.8e-14   50.6   0.1   234   353   132   266   121   282 0.76 -
17728at4891_8|contig_7:207884-208945    -            354 1979at4891           -            411   6.4e-18   61.9   0.9   2   2     0.013      0.32    6.9   0.0   373   398   327   352   304   354 0.86 -
10800at4891_1|contig_25:541174-542148   -            325 1979at4891           -            411   7.1e-18   61.7   0.0   1   1   4.1e-19     1e-17   61.2   0.0   239   396   152   321   117   325 0.82 -
13303at4891_9|contig_14:418131-419624   -            498 1979at4891           -            411   1.5e-17   60.7   0.2   1   4       2.4        62   -0.6   0.0   151   168    29    46    14    51 0.85 -
13303at4891_9|contig_14:418131-419624   -            498 1979at4891           -            411   1.5e-17   60.7   0.2   2   4     4e-08     1e-06   25.0   0.0   239   289   132   183   120   195 0.83 -
13303at4891_9|contig_14:418131-419624   -            498 1979at4891           -            411   1.5e-17   60.7   0.2   3   4   2.3e-05   0.00058   15.9   0.0   301   338   272   310   266   323 0.83 -
13303at4891_9|contig_14:418131-419624   -            498 1979at4891           -            411   1.5e-17   60.7   0.2   4   4   7.2e-05    0.0018   14.3   0.0   374   404   436   466   424   471 0.91 -
5371at4891_2|contig_16:337739-339910    -            724 1979at4891           -            411   1.8e-17   60.4   0.1   1   3     4e-10     1e-08   31.6   0.0   148   270   306   440   295   449 0.81 -
5371at4891_2|contig_16:337739-339910    -            724 1979at4891           -            411   1.8e-17   60.4   0.1   2   3   1.8e-07   4.6e-06   22.8   0.0   300   374   497   570   473   577 0.75 -
5371at4891_2|contig_16:337739-339910    -            724 1979at4891           -            411   1.8e-17   60.4   0.1   3   3      0.59        15    1.4   0.0   374   398   687   711   673   715 0.91 -
12549at4891_0|contig_3:442313-443170    -            286 1979at4891           -            411     1e-15   54.7   0.1   1   2   4.1e-16     1e-14   51.3   0.0   152   339     8   196     4   212 0.84 -
12549at4891_0|contig_3:442313-443170    -            286 1979at4891           -            411     1e-15   54.7   0.1   2   2      0.67        17    1.2   0.0   354   398   243   286   230   286 0.77 -
19258at4891_2|contig_25:450756-452138   -            461 1979at4891           -            411   1.5e-15   54.1   0.0   1   2     0.029      0.74    5.7   0.0   184   211   198   225   186   229 0.85 -
19258at4891_2|contig_25:450756-452138   -            461 1979at4891           -            411   1.5e-15   54.1   0.0   2   2   4.3e-14   1.1e-12   44.7   0.0   215   340   250   390   246   399 0.78 -
24610at4891_6|contig_7:69201-69833      -            211 1979at4891           -            411   1.6e-15   54.0   1.0   1   1   1.4e-16   3.5e-15   52.9   1.0   152   334     7   206     2   208 0.79 -
10800at4891_4|contig_25:324564-325607   -            348 1979at4891           -            411   2.6e-15   53.3   0.0   1   2      0.04         1    5.3   0.0   150   191    14    55     2    65 0.83 -
10800at4891_4|contig_25:324564-325607   -            348 1979at4891           -            411   2.6e-15   53.3   0.0   2   2   2.1e-14   5.4e-13   45.7   0.0   240   367   160   305   153   326 0.74 -
1341at4891_2|contig_22:301925-304957    -           1011 1979at4891           -            411     4e-15   52.7   0.0   1   2   8.3e-11   2.1e-09   33.8   0.0   148   313   574   762   537   770 0.75 -
1341at4891_2|contig_22:301925-304957    -           1011 1979at4891           -            411     4e-15   52.7   0.0   2   2   1.9e-05   0.00048   16.2   0.0   319   398   799   878   791   893 0.73 -
7925at4891|contig_20:440502-441533      -            344 1979at4891           -            411   9.6e-15   51.4   2.1   1   2     0.089       2.2    4.1   0.1   153   185     8    41     4    91 0.79 -
7925at4891|contig_20:440502-441533      -            344 1979at4891           -            411   9.6e-15   51.4   2.1   2   2   2.5e-14   6.3e-13   45.4   0.4   215   344   130   272    83   328 0.68 -
2373at4891_6|contig_20:840037-841020    -            328 1979at4891           -            411   2.6e-14   50.0   0.0   1   2      0.82        21    0.9   0.0   167   196    31    60     5   134 0.71 -
2373at4891_6|contig_20:840037-841020    -            328 1979at4891           -            411   2.6e-14   50.0   0.0   2   2   8.3e-15   2.1e-13   47.0   0.0   259   395   183   328   172   328 0.81 -
10800at4891_5|contig_7:544888-545940    -            351 1979at4891           -            411   5.1e-14   49.0   0.1   1   1   5.9e-15   1.5e-13   47.5   0.0   241   286   109   154   101   195 0.89 -
12549at4891|contig_6:274079-274876      -            266 1979at4891           -            411   6.5e-14   48.7   0.2   1   2   7.3e-15   1.8e-13   47.2   0.3   213   341    43   167    23   209 0.80 -
12549at4891|contig_6:274079-274876      -            266 1979at4891           -            411   6.5e-14   48.7   0.2   2   2       3.5        89   -1.2   0.0   371   405   229   263   213   266 0.78 -
24610at4891_1|contig_25:604162-604689   -            176 1979at4891           -            411   8.8e-14   48.3   0.0   1   1   4.9e-15   1.2e-13   47.8   0.0   242   285    10    53     6    66 0.94 -
5371at4891_3|contig_13:618782-619768    -            329 1979at4891           -            411     1e-13   48.1   0.0   1   1   6.4e-15   1.6e-13   47.4   0.0   153   287     4   154     2   217 0.80 -
7925at4891_6|contig_19:596887-597765    -            293 1979at4891           -            411   1.2e-13   47.9   0.0   1   1   6.6e-15   1.7e-13   47.3   0.0   171   394    29   271     4   279 0.69 -
7349at4891_2|contig_25:543253-545895    -            881 1979at4891           -            411   1.4e-13   47.6   0.2   1   2   1.1e-12   2.9e-11   40.0   0.1   150   294   418   585   406   591 0.78 -
7349at4891_2|contig_25:543253-545895    -            881 1979at4891           -            411   1.4e-13   47.6   0.2   2   2     0.037      0.94    5.4   0.0   321   353   794   828   785   876 0.72 -
24610at4891_2|contig_27:192597-193703   -            369 1979at4891           -            411   8.5e-13   45.0   0.1   1   1   4.9e-14   1.2e-12   44.5   0.1   243   348   139   253   130   264 0.74 -
18893at4891_2|contig_6:176330-176926    -            199 1979at4891           -            411   1.5e-12   44.2   0.0   1   1   6.8e-14   1.7e-12   44.0   0.0   228   367    19   170     2   192 0.77 -
10800at4891_9|contig_4:458166-459056    -            297 1979at4891           -            411   4.9e-12   42.5   0.0   1   1   3.2e-13   8.1e-12   41.8   0.0   168   345    37   241    31   286 0.73 -
2630at4891_2|contig_4:378801-383156     -           1452 1979at4891           -            411     7e-12   42.0   0.0   1   1   7.7e-13   1.9e-11   40.5   0.0   237   396   122   294   113   298 0.75 -
3044at4891_1|contig_13:900085-903093    -           1003 1979at4891           -            411   1.1e-06   24.9   0.1   1   1   8.6e-08   2.2e-06   23.9   0.1   144   271   690   829   659   834 0.67 -
13303at4891_4|contig_17:405605-406333   -            243 1979at4891           -            411   1.3e-05   21.3   0.2   1   2       1.4        36    0.1   0.1   150   167     8    25     3    35 0.84 -
13303at4891_4|contig_17:405605-406333   -            243 1979at4891           -            411   1.3e-05   21.3   0.2   2   2   2.1e-06   5.2e-05   19.4   0.0   204   272    83   151    42   240 0.88 -
17239at4891_2|contig_7:314527-316524    -            666 1979at4891           -            411   9.5e-05   18.5   0.1   1   3         2        50   -0.3   0.0   151   199   177   232   167   248 0.66 -
17239at4891_2|contig_7:314527-316524    -            666 1979at4891           -            411   9.5e-05   18.5   0.1   2   3     8e-05     0.002   14.1   0.0   236   270   325   358   318   362 0.83 -
17239at4891_2|contig_7:314527-316524    -            666 1979at4891           -            411   9.5e-05   18.5   0.1   3   3       2.4        60   -0.6   0.0   316   393   439   522   435   534 0.64 -
19362at4891_2|contig_13:372535-374901   -            789 1979at4891           -            411   0.00031   16.8   0.0   1   1   2.4e-05   0.00062   15.8   0.0   184   380    82   300    73   334 0.68 -
17728at4891|contig_2:237087-237584      -            166 1979at4891           -            411   0.00052   16.1   0.0   1   2   0.00025    0.0062   12.5   0.0   276   336     7    62     3    73 0.87 -
17728at4891|contig_2:237087-237584      -            166 1979at4891           -            411   0.00052   16.1   0.0   2   2      0.49        12    1.7   0.0   369   397   137   165   111   166 0.86 -
#
# Program:         hmmsearch
# Version:         3.1b2 (February 2015)
# Pipeline mode:   SEARCH
# Query file:      /mnt/c/Users/HMarton/GitHub/LundUni/Pages/Projects/de_novo_BINP29/busco_downloads/lineages/saccharomycetes_odb10/hmms/1979at4891.hmm
# Target file:     /mnt/c/Users/HMarton/GitHub/LundUni/Pages/Projects/de_novo_BINP29/results/04_busco/BUSCO_assembly.fasta/run_saccharomycetes_odb10/metaeuk_output/initial_results/assembly.fasta.modified.fas
# Option settings: hmmsearch --domtblout /mnt/c/Users/HMarton/GitHub/LundUni/Pages/Projects/de_novo_BINP29/results/04_busco/BUSCO_assembly.fasta/run_saccharomycetes_odb10/hmmer_output/initial_run_results/1979at4891.out --cpu 1 /mnt/c/Users/HMarton/GitHub/LundUni/Pages/Projects/de_novo_BINP29/busco_downloads/lineages/saccharomycetes_odb10/hmms/1979at4891.hmm /mnt/c/Users/HMarton/GitHub/LundUni/Pages/Projects/de_novo_BINP29/results/04_busco/BUSCO_assembly.fasta/run_saccharomycetes_odb10/metaeuk_output/initial_results/assembly.fasta.modified.fas 
# Current dir:     /mnt/c/Users/HMarton/GitHub/LundUni/Pages/Projects/de_novo_BINP29
# Date:            Fri Feb 23 20:13:42 2024
# [ok]
