#                                                                                               --- full sequence --- -------------- this domain -------------   hmm coord   ali coord   env coord
# target name                           accession   tlen query name           accession   qlen   E-value  score  bias   #  of  c-Evalue  i-Evalue  score  bias  from    to  from    to  from    to  acc description of target
#                   ------------------- ---------- ----- -------------------- ---------- ----- --------- ------ ----- --- --- --------- --------- ------ ----- ----- ----- ----- ----- ----- ----- ---- ---------------------
21465at4891_2|contig_19:485899-486768   -            290 21465at4891          -            253  1.6e-134  444.4  13.7   1   1  4.8e-136  2.1e-133  440.7  13.7     1   253     1   290     1   290 0.93 -
20859at4891_2|contig_22:280833-281708   -            292 21465at4891          -            253   4.5e-24   82.5   5.7   1   1   3.4e-26   1.5e-23   80.8   5.7     1   239    30   278    21   292 0.84 -
20260at4891_5|contig_3:180529-181401    -            291 21465at4891          -            253   0.00022   18.0   0.2   1   1   3.4e-06    0.0015   15.3   0.2   119   207    99   191    69   233 0.71 -
19196at4891_2|contig_14:1061533-1062891 -            453 21465at4891          -            253    0.0046   13.7   2.4   1   3   0.00017     0.074    9.7   0.0   116   147    93   124    49   218 0.79 -
19196at4891_2|contig_14:1061533-1062891 -            453 21465at4891          -            253    0.0046   13.7   2.4   2   3     0.027        12    2.5   0.0   206   232   324   350   320   362 0.81 -
19196at4891_2|contig_14:1061533-1062891 -            453 21465at4891          -            253    0.0046   13.7   2.4   3   3       1.1   4.7e+02   -2.7   0.5     5    18   380   393   354   427 0.54 -
3320at4891_2|contig_2:636228-640031     -           1268 21465at4891          -            253     0.008   12.9   0.2   1   1   4.2e-05     0.019   11.7   0.2    10    50   738   778   730   834 0.78 -
26290at4891_4|contig_14:450749-451915   -            389 21465at4891          -            253     0.052   10.2   1.8   1   2       2.4   1.1e+03   -3.9   0.1    29    58    33    64    31    69 0.60 -
26290at4891_4|contig_14:450749-451915   -            389 21465at4891          -            253     0.052   10.2   1.8   2   2     8e-05     0.035   10.8   0.3     4    62   325   386   322   389 0.84 -
#
# Program:         hmmsearch
# Version:         3.1b2 (February 2015)
# Pipeline mode:   SEARCH
# Query file:      /mnt/c/Users/HMarton/GitHub/LundUni/Pages/Projects/de_novo_BINP29/busco_downloads/lineages/saccharomycetes_odb10/hmms/21465at4891.hmm
# Target file:     /mnt/c/Users/HMarton/GitHub/LundUni/Pages/Projects/de_novo_BINP29/results/04_busco/BUSCO_assembly.fasta/run_saccharomycetes_odb10/metaeuk_output/initial_results/assembly.fasta.modified.fas
# Option settings: hmmsearch --domtblout /mnt/c/Users/HMarton/GitHub/LundUni/Pages/Projects/de_novo_BINP29/results/04_busco/BUSCO_assembly.fasta/run_saccharomycetes_odb10/hmmer_output/initial_run_results/21465at4891.out --cpu 1 /mnt/c/Users/HMarton/GitHub/LundUni/Pages/Projects/de_novo_BINP29/busco_downloads/lineages/saccharomycetes_odb10/hmms/21465at4891.hmm /mnt/c/Users/HMarton/GitHub/LundUni/Pages/Projects/de_novo_BINP29/results/04_busco/BUSCO_assembly.fasta/run_saccharomycetes_odb10/metaeuk_output/initial_results/assembly.fasta.modified.fas 
# Current dir:     /mnt/c/Users/HMarton/GitHub/LundUni/Pages/Projects/de_novo_BINP29
# Date:            Fri Feb 23 20:13:34 2024
# [ok]
