#                                                                                               --- full sequence --- -------------- this domain -------------   hmm coord   ali coord   env coord
# target name                           accession   tlen query name           accession   qlen   E-value  score  bias   #  of  c-Evalue  i-Evalue  score  bias  from    to  from    to  from    to  acc description of target
#                   ------------------- ---------- ----- -------------------- ---------- ----- --------- ------ ----- --- --- --------- --------- ------ ----- ----- ----- ----- ----- ----- ----- ---- ---------------------
21752at4891_3|contig_3:626122-626904    -            261 21752at4891          -            226  9.8e-137  451.0   0.3   1   1  6.2e-139  1.4e-136  450.6   0.3     1   226     1   244     1   244 0.96 -
25386at4891_7|contig_7:428376-429136    -            215 21752at4891          -            226   5.1e-31  105.2   0.3   1   1   2.5e-33   5.6e-31  105.1   0.3    10   198     9   200     1   214 0.90 -
22393at4891_8|contig_20:209417-210277   -            287 21752at4891          -            226   3.9e-25   86.0   0.3   1   1   2.3e-27   5.2e-25   85.6   0.3    17   193    72   253    59   265 0.89 -
23912at4891_5|contig_13:786562-787332   -            257 21752at4891          -            226   4.1e-14   49.9   0.2   1   1   2.5e-16   5.5e-14   49.5   0.2    16   175    28   196    19   203 0.85 -
27869at4891|contig_17:178738-179322     -            195 21752at4891          -            226   1.2e-10   38.6   0.0   1   1     7e-13   1.6e-10   38.2   0.0    23   173     4   162     2   178 0.82 -
23380at4891_2|contig_13:1026386-1027165 -            260 21752at4891          -            226   2.5e-10   37.5   0.7   1   1   1.2e-11   2.7e-09   34.1   0.7    15   176    29   204    22   227 0.71 -
24629at4891_2|contig_2:832757-833506    -            250 21752at4891          -            226   4.5e-10   36.7   0.0   1   1   6.2e-12   1.4e-09   35.1   0.0    15   176    26   196    22   214 0.80 -
24692at4891_2|contig_3:1013035-1013898  -            288 21752at4891          -            226   9.3e-10   35.7   0.0   1   1   8.4e-12   1.9e-09   34.7   0.0    13   176    27   200    18   206 0.79 -
20748at4891_2|contig_27:20470-21267     -            266 21752at4891          -            226   2.4e-07   27.8   0.0   1   1   2.7e-09   5.9e-07   26.5   0.0    12   196    33   234    29   260 0.71 -
22859at4891_1|contig_4:665756-666478    -            241 21752at4891          -            226   8.8e-05   19.4   0.0   1   1   6.2e-07   0.00014   18.7   0.0    19   156    27   170    18   181 0.77 -
23591at4891_8|contig_3:250015-250767    -            251 21752at4891          -            226   0.00066   16.5   0.0   1   1   3.7e-06   0.00083   16.2   0.0    15   175    25   198    17   234 0.79 -
27496at4891|contig_2:34570-35271        -            234 21752at4891          -            226     0.002   14.9   0.0   1   1   1.2e-05    0.0027   14.5   0.0    19   192    31   213    20   226 0.65 -
#
# Program:         hmmsearch
# Version:         3.1b2 (February 2015)
# Pipeline mode:   SEARCH
# Query file:      /mnt/c/Users/HMarton/GitHub/LundUni/Pages/Projects/de_novo_BINP29/busco_downloads/lineages/saccharomycetes_odb10/hmms/21752at4891.hmm
# Target file:     /mnt/c/Users/HMarton/GitHub/LundUni/Pages/Projects/de_novo_BINP29/results/04_busco/BUSCO_assembly.fasta/run_saccharomycetes_odb10/metaeuk_output/initial_results/assembly.fasta.modified.fas
# Option settings: hmmsearch --domtblout /mnt/c/Users/HMarton/GitHub/LundUni/Pages/Projects/de_novo_BINP29/results/04_busco/BUSCO_assembly.fasta/run_saccharomycetes_odb10/hmmer_output/initial_run_results/21752at4891.out --cpu 1 /mnt/c/Users/HMarton/GitHub/LundUni/Pages/Projects/de_novo_BINP29/busco_downloads/lineages/saccharomycetes_odb10/hmms/21752at4891.hmm /mnt/c/Users/HMarton/GitHub/LundUni/Pages/Projects/de_novo_BINP29/results/04_busco/BUSCO_assembly.fasta/run_saccharomycetes_odb10/metaeuk_output/initial_results/assembly.fasta.modified.fas 
# Current dir:     /mnt/c/Users/HMarton/GitHub/LundUni/Pages/Projects/de_novo_BINP29
# Date:            Fri Feb 23 20:14:07 2024
# [ok]
