#                                                                                               --- full sequence --- -------------- this domain -------------   hmm coord   ali coord   env coord
# target name                           accession   tlen query name           accession   qlen   E-value  score  bias   #  of  c-Evalue  i-Evalue  score  bias  from    to  from    to  from    to  acc description of target
#                   ------------------- ---------- ----- -------------------- ---------- ----- --------- ------ ----- --- --- --------- --------- ------ ----- ----- ----- ----- ----- ----- ----- ---- ---------------------
2212at4891_1|contig_4:417367-419637     -            757 2212at4891           -            586  2.2e-281  932.0   4.3   1   1  4.4e-283  5.1e-281  930.7   4.3     1   567    40   703    40   710 0.90 -
2862at4891_6|contig_14:230035-232539    -            835 2212at4891           -            586  9.3e-106  352.0   0.0   1   2   3.3e-51   3.8e-49  165.1   0.1   143   380   216   437   199   462 0.90 -
2862at4891_6|contig_14:230035-232539    -            835 2212at4891           -            586  9.3e-106  352.0   0.0   2   2   4.1e-57   4.8e-55  184.6   0.0   142   384   488   717   459   732 0.91 -
6567at4891_2|contig_12:157325-159655    -            777 2212at4891           -            586   1.4e-90  301.9   0.0   1   2   8.8e-47     1e-44  150.5   0.0   141   402   245   495   216   504 0.92 -
6567at4891_2|contig_12:157325-159655    -            777 2212at4891           -            586   1.4e-90  301.9   0.0   2   2   1.9e-46   2.2e-44  149.3   0.0   165   398   539   757   515   768 0.90 -
3496at4891_7|contig_16:372469-374952    -            828 2212at4891           -            586   3.9e-80  267.4   0.1   1   2   2.7e-35   3.2e-33  112.5   0.0   143   387   207   440   171   458 0.85 -
3496at4891_7|contig_16:372469-374952    -            828 2212at4891           -            586   3.9e-80  267.4   0.1   2   2   2.1e-47   2.5e-45  152.5   0.0   158   408   549   789   534   812 0.83 -
4544at4891_2|contig_25:599635-602748    -           1038 2212at4891           -            586   7.7e-49  164.1   0.0   1   3      0.16        19    1.0   0.0   428   498   451   525   420   528 0.81 -
4544at4891_2|contig_25:599635-602748    -           1038 2212at4891           -            586   7.7e-49  164.1   0.0   2   3      0.03       3.5    3.4   0.0   319   401   596   676   587   707 0.80 -
4544at4891_2|contig_25:599635-602748    -           1038 2212at4891           -            586   7.7e-49  164.1   0.0   3   3   3.3e-48   3.9e-46  155.2   0.0   177   375   727   919   719   931 0.88 -
3680at4891_2|contig_19:19898-22750      -            951 2212at4891           -            586   3.2e-48  162.0   0.1   1   3      0.65        75   -1.0   0.0   293   380   514   607   465   641 0.70 -
3680at4891_2|contig_19:19898-22750      -            951 2212at4891           -            586   3.2e-48  162.0   0.1   2   3   1.6e-49   1.9e-47  159.5   0.0   172   386   682   887   671   902 0.88 -
3680at4891_2|contig_19:19898-22750      -            951 2212at4891           -            586   3.2e-48  162.0   0.1   3   3         3   3.5e+02   -3.2   0.0   378   402   909   933   903   938 0.81 -
2534at4891_2|contig_13:1055395-1059525  -           1377 2212at4891           -            586   2.2e-45  152.6   0.1   1   2     7e-46   8.1e-44  147.5   0.0   135   400   409   675   382   680 0.82 -
2534at4891_2|contig_13:1055395-1059525  -           1377 2212at4891           -            586   2.2e-45  152.6   0.1   2   2     0.047       5.5    2.8   0.0   400   503   742   846   720   894 0.81 -
13867at4891_0|contig_13:429550-430761   -            404 2212at4891           -            586   6.1e-44  147.9   0.2   1   1   6.8e-46   7.9e-44  147.5   0.2   143   399   149   389    88   396 0.89 -
8568at4891_1|contig_25:497875-499275    -            467 2212at4891           -            586   6.9e-44  147.7   0.0   1   1   8.5e-46   9.9e-44  147.2   0.0   143   400   211   452   198   460 0.87 -
11586at4891_6|contig_3:807549-808859    -            437 2212at4891           -            586   7.4e-43  144.3   0.1   1   1   8.8e-45     1e-42  143.9   0.1   142   398   182   422   164   433 0.88 -
4361at4891_5|contig_17:190479-192038    -            520 2212at4891           -            586   1.7e-41  139.8   0.2   1   1   2.1e-43   2.4e-41  139.3   0.2   134   400    67   324    50   334 0.87 -
12973at4891_7|contig_3:545690-546997    -            436 2212at4891           -            586   1.1e-39  133.8   0.1   1   1   1.7e-41   1.9e-39  133.0   0.1   143   400   185   426   168   430 0.90 -
4361at4891_2|contig_20:329906-332146    -            747 2212at4891           -            586   4.6e-38  128.5   0.0   1   1   5.7e-40   6.7e-38  128.0   0.0   110   392   252   512   224   522 0.84 -
12258at4891_9|contig_14:431939-433255   -            439 2212at4891           -            586   3.5e-37  125.6   0.3   1   1   3.8e-39   4.5e-37  125.2   0.3   142   399   185   426   140   436 0.92 -
11201at4891_1|contig_14:1235634-1236917 -            428 2212at4891           -            586   3.1e-36  122.4   0.1   1   1   3.6e-38   4.2e-36  122.0   0.1   100   381   128   400    99   422 0.83 -
12560at4891_2|contig_20:60719-62029     -            437 2212at4891           -            586   3.1e-23   79.5   0.0   1   1   4.6e-25   5.4e-23   78.7   0.0   176   379   166   354   129   370 0.87 -
15588at4891_2|contig_13:561749-562834   -            362 2212at4891           -            586   4.6e-23   79.0   0.0   1   1   5.5e-25   6.4e-23   78.5   0.0   130   385    79   319    61   329 0.84 -
12560at4891_7|contig_20:524640-525614   -            325 2212at4891           -            586   4.8e-22   75.6   0.0   1   1   5.6e-24   6.6e-22   75.2   0.0   157   376    58   272    18   310 0.74 -
12560at4891_1|contig_17:244681-245616   -            312 2212at4891           -            586   1.1e-17   61.2   0.0   1   1   2.5e-18   2.9e-16   56.5   0.0   175   374    53   257    35   303 0.76 -
15588at4891_4|contig_4:218105-218647    -            181 2212at4891           -            586   2.7e-14   50.0   0.5   1   1   1.1e-15   1.3e-13   47.8   0.5   175   307     4   154     1   179 0.77 -
8686at4891_2|contig_14:1199143-1200501  -            453 2212at4891           -            586   1.6e-08   30.9   0.0   1   2   0.00029     0.034   10.1   0.0   172   195   260   283   254   296 0.81 -
8686at4891_2|contig_14:1199143-1200501  -            453 2212at4891           -            586   1.6e-08   30.9   0.0   2   2   7.3e-07   8.5e-05   18.6   0.0   246   316   318   388   309   398 0.88 -
14136at4891_2|contig_2:518028-520229    -            734 2212at4891           -            586   8.2e-06   22.0   0.2   1   2     2e-07   2.3e-05   20.5   0.0   429   500   172   241   165   261 0.90 -
14136at4891_2|contig_2:518028-520229    -            734 2212at4891           -            586   8.2e-06   22.0   0.2   2   2       3.1   3.6e+02   -3.2   0.0   522   561   302   341   298   345 0.83 -
14486at4891_2|contig_3:744451-747033    -            861 2212at4891           -            586     0.013   11.4   0.0   1   1   0.00018     0.021   10.8   0.0   178   257   348   430   334   441 0.76 -
#
# Program:         hmmsearch
# Version:         3.1b2 (February 2015)
# Pipeline mode:   SEARCH
# Query file:      /mnt/c/Users/HMarton/GitHub/LundUni/Pages/Projects/de_novo_BINP29/busco_downloads/lineages/saccharomycetes_odb10/hmms/2212at4891.hmm
# Target file:     /mnt/c/Users/HMarton/GitHub/LundUni/Pages/Projects/de_novo_BINP29/results/04_busco/BUSCO_assembly.fasta/run_saccharomycetes_odb10/metaeuk_output/initial_results/assembly.fasta.modified.fas
# Option settings: hmmsearch --domtblout /mnt/c/Users/HMarton/GitHub/LundUni/Pages/Projects/de_novo_BINP29/results/04_busco/BUSCO_assembly.fasta/run_saccharomycetes_odb10/hmmer_output/initial_run_results/2212at4891.out --cpu 1 /mnt/c/Users/HMarton/GitHub/LundUni/Pages/Projects/de_novo_BINP29/busco_downloads/lineages/saccharomycetes_odb10/hmms/2212at4891.hmm /mnt/c/Users/HMarton/GitHub/LundUni/Pages/Projects/de_novo_BINP29/results/04_busco/BUSCO_assembly.fasta/run_saccharomycetes_odb10/metaeuk_output/initial_results/assembly.fasta.modified.fas 
# Current dir:     /mnt/c/Users/HMarton/GitHub/LundUni/Pages/Projects/de_novo_BINP29
# Date:            Fri Feb 23 20:13:38 2024
# [ok]
