#                                                                                               --- full sequence --- -------------- this domain -------------   hmm coord   ali coord   env coord
# target name                           accession   tlen query name           accession   qlen   E-value  score  bias   #  of  c-Evalue  i-Evalue  score  bias  from    to  from    to  from    to  acc description of target
#                   ------------------- ---------- ----- -------------------- ---------- ----- --------- ------ ----- --- --- --------- --------- ------ ----- ----- ----- ----- ----- ----- ----- ---- ---------------------
23912at4891_5|contig_13:786562-787332   -            257 23912at4891          -            212  9.7e-115  378.8   2.0   1   1    5e-117  1.2e-114  378.5   2.0     1   202     3   218     3   228 0.95 -
23591at4891_8|contig_3:250015-250767    -            251 23912at4891          -            212     3e-46  155.0   0.0   1   1   1.5e-48   3.6e-46  154.7   0.0     4   200     4   215     1   229 0.89 -
23380at4891_2|contig_13:1026386-1027165 -            260 23912at4891          -            212   9.9e-45  150.0   0.0   1   1   5.2e-47   1.3e-44  149.7   0.0     3   193     7   213     5   239 0.85 -
24629at4891_2|contig_2:832757-833506    -            250 23912at4891          -            212   2.6e-44  148.7   0.0   1   1   1.3e-46   3.1e-44  148.4   0.0     3   191     4   199     2   216 0.87 -
24692at4891_2|contig_3:1013035-1013898  -            288 23912at4891          -            212     5e-35  118.3   0.0   1   1   2.7e-37   6.6e-35  118.0   0.0     4   188     8   200     5   214 0.89 -
28217at4891_2|contig_13:493955-494704   -            250 23912at4891          -            212   9.2e-34  114.2   0.1   1   1   4.7e-36   1.1e-33  113.9   0.1     4   174    10   187     7   219 0.89 -
27496at4891|contig_2:34570-35271        -            234 23912at4891          -            212   4.3e-28   95.7   0.1   1   1   2.1e-30   5.1e-28   95.4   0.1     3   170     5   175     3   207 0.89 -
21752at4891_3|contig_3:626122-626904    -            261 23912at4891          -            212   1.2e-06   25.6   0.1   1   1   8.6e-09   2.1e-06   24.8   0.1    28   189    27   189    16   195 0.80 -
25386at4891_7|contig_7:428376-429136    -            215 23912at4891          -            212   0.00029   17.8   0.2   1   1   2.5e-06    0.0006   16.8   0.2    28   185    19   175     8   187 0.71 -
22859at4891_1|contig_4:665756-666478    -            241 23912at4891          -            212    0.0011   16.0   0.0   1   1   5.9e-06    0.0014   15.5   0.0    30   165    28   167     8   183 0.79 -
22393at4891_8|contig_20:209417-210277   -            287 23912at4891          -            212     0.017   12.0   0.0   1   1   9.7e-05     0.024   11.6   0.0    34   183    81   231    68   246 0.76 -
#
# Program:         hmmsearch
# Version:         3.1b2 (February 2015)
# Pipeline mode:   SEARCH
# Query file:      /mnt/c/Users/HMarton/GitHub/LundUni/Pages/Projects/de_novo_BINP29/busco_downloads/lineages/saccharomycetes_odb10/hmms/23912at4891.hmm
# Target file:     /mnt/c/Users/HMarton/GitHub/LundUni/Pages/Projects/de_novo_BINP29/results/04_busco/BUSCO_assembly.fasta/run_saccharomycetes_odb10/metaeuk_output/initial_results/assembly.fasta.modified.fas
# Option settings: hmmsearch --domtblout /mnt/c/Users/HMarton/GitHub/LundUni/Pages/Projects/de_novo_BINP29/results/04_busco/BUSCO_assembly.fasta/run_saccharomycetes_odb10/hmmer_output/initial_run_results/23912at4891.out --cpu 1 /mnt/c/Users/HMarton/GitHub/LundUni/Pages/Projects/de_novo_BINP29/busco_downloads/lineages/saccharomycetes_odb10/hmms/23912at4891.hmm /mnt/c/Users/HMarton/GitHub/LundUni/Pages/Projects/de_novo_BINP29/results/04_busco/BUSCO_assembly.fasta/run_saccharomycetes_odb10/metaeuk_output/initial_results/assembly.fasta.modified.fas 
# Current dir:     /mnt/c/Users/HMarton/GitHub/LundUni/Pages/Projects/de_novo_BINP29
# Date:            Fri Feb 23 20:13:40 2024
# [ok]
