#                                                                                               --- full sequence --- -------------- this domain -------------   hmm coord   ali coord   env coord
# target name                           accession   tlen query name           accession   qlen   E-value  score  bias   #  of  c-Evalue  i-Evalue  score  bias  from    to  from    to  from    to  acc description of target
#                   ------------------- ---------- ----- -------------------- ---------- ----- --------- ------ ----- --- --- --------- --------- ------ ----- ----- ----- ----- ----- ----- ----- ---- ---------------------
24162at4891_9|contig_7:289659-291494    -            612 24162at4891          -            464   8.4e-93  309.3  49.7   1   1   1.2e-93   1.7e-91  304.9  49.7    18   461    16   602     2   605 0.77 -
15475at4891_2|contig_2:240026-241147    -            374 24162at4891          -            464   5.9e-29   98.7   0.2   1   1   6.6e-31   9.3e-29   98.1   0.2   371   450    19    94    15   107 0.89 -
28089at4891_1|contig_16:129416-130690   -            425 24162at4891          -            464   8.5e-28   94.9   0.5   1   2   1.4e-28     2e-26   90.4   1.0   374   463     2    93     1    94 0.90 -
28089at4891_1|contig_16:129416-130690   -            425 24162at4891          -            464   8.5e-28   94.9   0.5   2   2      0.11        16    1.7   0.0    56    85   303   332   296   343 0.85 -
20606at4891_2|contig_19:506163-507389   -            409 24162at4891          -            464   4.7e-23   79.3   0.0   1   1     5e-25   7.1e-23   78.7   0.0   371   450     5    79     2    94 0.83 -
10759at4891_9|contig_27:165476-166888   -            471 24162at4891          -            464   1.5e-21   74.3   0.1   1   2   1.1e-23   1.5e-21   74.3   0.1   368   449    20    96    13   112 0.87 -
10759at4891_9|contig_27:165476-166888   -            471 24162at4891          -            464   1.5e-21   74.3   0.1   2   2       1.2   1.6e+02   -1.6   1.3   249   322   398   463   382   469 0.56 -
39582at4891_6|contig_17:248667-249008   -            114 24162at4891          -            464   3.5e-21   73.1   0.3   1   1     3e-23   4.2e-21   72.9   0.3   373   453     1    76     1    87 0.87 -
22851at4891_2|contig_19:221003-222766   -            588 24162at4891          -            464   1.7e-20   70.9   1.8   1   1   1.2e-22   1.7e-20   70.9   1.8   373   442     5    71     1    77 0.94 -
29729at4891_2|contig_19:618802-619857   -            352 24162at4891          -            464   2.9e-20   70.1   0.0   1   1   2.9e-22   4.1e-20   69.6   0.0   371   455     5    82     2    89 0.92 -
39582at4891_6|contig_6:355451-355720    -             90 24162at4891          -            464   4.8e-20   69.4   0.2   1   1   3.9e-22   5.5e-20   69.2   0.2   373   457     1    82     1    88 0.82 -
5815at4891_2|contig_3:800198-802174     -            659 24162at4891          -            464   2.9e-19   66.8   0.3   1   1   4.4e-21   6.2e-19   65.7   0.3   372   447   125   202   112   207 0.91 -
20606at4891_8|contig_19:481683-482978   -            432 24162at4891          -            464   6.7e-18   62.3  12.0   1   1   1.1e-19   1.6e-17   61.1  12.0   369   447     3    77     1    95 0.85 -
39582at4891_2|contig_7:610735-611226    -            164 24162at4891          -            464   1.1e-17   61.6   0.5   1   1     1e-19   1.5e-17   61.2   0.5   373   451     5    82     2    92 0.87 -
29747at4891_1|contig_13:1089880-1091178 -            433 24162at4891          -            464     2e-11   41.0   0.0   1   2   1.4e-13     2e-11   41.0   0.0   369   440    94   167    87   175 0.84 -
29747at4891_1|contig_13:1089880-1091178 -            433 24162at4891          -            464     2e-11   41.0   0.0   2   2       7.4     1e+03   -4.3   8.6   264   372   249   354   206   368 0.46 -
25506at4891_2|contig_27:32078-32965     -            296 24162at4891          -            464   1.5e-09   34.8   5.3   1   1   1.7e-11   2.4e-09   34.1   5.3   360   459    33   125    25   130 0.81 -
394at4891_2|contig_26:54133-60399       -           2089 24162at4891          -            464   2.9e-05   20.6  13.5   1   5       2.6   3.6e+02   -2.7   0.8   167   251   106   190    29   209 0.72 -
394at4891_2|contig_26:54133-60399       -           2089 24162at4891          -            464   2.9e-05   20.6  13.5   2   5       3.1   4.4e+02   -3.0   0.0    71   123   299   349   290   354 0.82 -
394at4891_2|contig_26:54133-60399       -           2089 24162at4891          -            464   2.9e-05   20.6  13.5   3   5   2.1e-07   2.9e-05   20.6  13.5   277   365   926  1040   869  1046 0.52 -
394at4891_2|contig_26:54133-60399       -           2089 24162at4891          -            464   2.9e-05   20.6  13.5   4   5       4.6   6.5e+02   -3.6   0.6   223   293  1364  1436  1361  1445 0.68 -
394at4891_2|contig_26:54133-60399       -           2089 24162at4891          -            464   2.9e-05   20.6  13.5   5   5       5.6   7.8e+02   -3.9   0.3   248   311  1480  1548  1458  1566 0.43 -
27505at4891_9|contig_20:265825-266637   -            271 24162at4891          -            464   0.00011   18.7   3.1   1   1   1.2e-05    0.0017   14.8   3.1   383   443    48   125    18   142 0.71 -
4279at4891_2|contig_19:69269-71791      -            841 24162at4891          -            464   0.00011   18.7   6.1   1   1   1.6e-06   0.00023   17.7   6.1   205   363   212   393   203   405 0.42 -
35014at4891_2|contig_22:499394-500533   -            380 24162at4891          -            464      0.46    6.8  33.5   1   1   0.00028     0.039   10.3  28.1   302   362   258   314   200   322 0.67 -
21160at4891_3|contig_4:165048-165980    -            311 24162at4891          -            464       1.5    5.1  12.6   1   1     0.016       2.2    4.6  12.6   334   366   150   168   125   176 0.48 -
#
# Program:         hmmsearch
# Version:         3.1b2 (February 2015)
# Pipeline mode:   SEARCH
# Query file:      /mnt/c/Users/HMarton/GitHub/LundUni/Pages/Projects/de_novo_BINP29/busco_downloads/lineages/saccharomycetes_odb10/hmms/24162at4891.hmm
# Target file:     /mnt/c/Users/HMarton/GitHub/LundUni/Pages/Projects/de_novo_BINP29/results/04_busco/BUSCO_assembly.fasta/run_saccharomycetes_odb10/metaeuk_output/initial_results/assembly.fasta.modified.fas
# Option settings: hmmsearch --domtblout /mnt/c/Users/HMarton/GitHub/LundUni/Pages/Projects/de_novo_BINP29/results/04_busco/BUSCO_assembly.fasta/run_saccharomycetes_odb10/hmmer_output/initial_run_results/24162at4891.out --cpu 1 /mnt/c/Users/HMarton/GitHub/LundUni/Pages/Projects/de_novo_BINP29/busco_downloads/lineages/saccharomycetes_odb10/hmms/24162at4891.hmm /mnt/c/Users/HMarton/GitHub/LundUni/Pages/Projects/de_novo_BINP29/results/04_busco/BUSCO_assembly.fasta/run_saccharomycetes_odb10/metaeuk_output/initial_results/assembly.fasta.modified.fas 
# Current dir:     /mnt/c/Users/HMarton/GitHub/LundUni/Pages/Projects/de_novo_BINP29
# Date:            Fri Feb 23 20:14:03 2024
# [ok]
