#                                                                                               --- full sequence --- -------------- this domain -------------   hmm coord   ali coord   env coord
# target name                           accession   tlen query name           accession   qlen   E-value  score  bias   #  of  c-Evalue  i-Evalue  score  bias  from    to  from    to  from    to  acc description of target
#                   ------------------- ---------- ----- -------------------- ---------- ----- --------- ------ ----- --- --- --------- --------- ------ ----- ----- ----- ----- ----- ----- ----- ---- ---------------------
2459at4891_2|contig_5:72700-76305       -           1202 2459at4891           -            859  2.6e-173  575.8  62.2   1   4   2.5e-26   2.4e-24   83.0   0.2    13    95     2   100     1   106 0.89 -
2459at4891_2|contig_5:72700-76305       -           1202 2459at4891           -            859  2.6e-173  575.8  62.2   2   4   1.8e-12   1.7e-10   37.1   4.8   103   234   133   311   119   319 0.65 -
2459at4891_2|contig_5:72700-76305       -           1202 2459at4891           -            859  2.6e-173  575.8  62.2   3   4  6.7e-106  6.4e-104  346.2  32.9   236   752   336   978   323   994 0.78 -
2459at4891_2|contig_5:72700-76305       -           1202 2459at4891           -            859  2.6e-173  575.8  62.2   4   4   1.7e-31   1.6e-29  100.0   6.0   696   859   977  1192   953  1192 0.73 -
2368at4891_2|contig_12:134999-137800    -            934 2459at4891           -            859   9.6e-08   28.0   0.2   1   3   1.1e-06    0.0001   18.0   0.0    40   101   214   281   205   288 0.84 -
2368at4891_2|contig_12:134999-137800    -            934 2459at4891           -            859   9.6e-08   28.0   0.2   2   3    0.0028      0.27    6.7   0.1    67   176   458   572   456   581 0.88 -
2368at4891_2|contig_12:134999-137800    -            934 2459at4891           -            859   9.6e-08   28.0   0.2   3   3      0.91        87   -1.6   0.0    66   104   582   620   579   625 0.84 -
15960at4891_0|contig_19:620356-621267   -            304 2459at4891           -            859   2.3e-07   26.8   6.4   1   6      0.84        80   -1.5   0.0    60    98    29    66    26    74 0.81 -
15960at4891_0|contig_19:620356-621267   -            304 2459at4891           -            859   2.3e-07   26.8   6.4   2   6    0.0015      0.14    7.6   0.1    65    95    77   107    73   141 0.86 -
15960at4891_0|contig_19:620356-621267   -            304 2459at4891           -            859   2.3e-07   26.8   6.4   3   6       0.6        57   -1.0   0.0    78    98   131   151   118   156 0.71 -
15960at4891_0|contig_19:620356-621267   -            304 2459at4891           -            859   2.3e-07   26.8   6.4   4   6   9.7e-05    0.0092   11.5   0.0    67   101   163   197   160   205 0.87 -
15960at4891_0|contig_19:620356-621267   -            304 2459at4891           -            859   2.3e-07   26.8   6.4   5   6      0.21        20    0.5   0.1    66    94   210   238   202   246 0.90 -
15960at4891_0|contig_19:620356-621267   -            304 2459at4891           -            859   2.3e-07   26.8   6.4   6   6    0.0056      0.54    5.7   0.1    67    96   254   283   241   288 0.84 -
4206at4891_2|contig_26:118102-120855    -            918 2459at4891           -            859   8.1e-07   25.0   3.9   1   6      0.55        52   -0.9   0.1    66    99   148   181   143   224 0.56 -
4206at4891_2|contig_26:118102-120855    -            918 2459at4891           -            859   8.1e-07   25.0   3.9   2   6      0.21        20    0.5   0.0    65    99   261   295   252   314 0.88 -
4206at4891_2|contig_26:118102-120855    -            918 2459at4891           -            859   8.1e-07   25.0   3.9   3   6   0.00053     0.051    9.1   0.1    63   129   344   415   306   431 0.68 -
4206at4891_2|contig_26:118102-120855    -            918 2459at4891           -            859   8.1e-07   25.0   3.9   4   6     0.046       4.4    2.7   0.1    65    93   474   502   467   509 0.92 -
4206at4891_2|contig_26:118102-120855    -            918 2459at4891           -            859   8.1e-07   25.0   3.9   5   6    0.0058      0.55    5.7   0.0    53   103   502   554   501   560 0.85 -
4206at4891_2|contig_26:118102-120855    -            918 2459at4891           -            859   8.1e-07   25.0   3.9   6   6       0.2        19    0.6   0.0    68    95   581   608   578   617 0.91 -
16305at4891_3|contig_4:370794-372398    -            535 2459at4891           -            859   1.5e-06   24.1   2.2   1   3   4.6e-05    0.0044   12.6   0.2    65   126   221   285   216   310 0.81 -
16305at4891_3|contig_4:370794-372398    -            535 2459at4891           -            859   1.5e-06   24.1   2.2   2   3      0.72        68   -1.3   0.0    85   130   338   388   327   397 0.76 -
16305at4891_3|contig_4:370794-372398    -            535 2459at4891           -            859   1.5e-06   24.1   2.2   3   3   0.00029     0.027   10.0   0.1    46    98   419   476   392   479 0.78 -
16921at4891_8|contig_26:80163-80855     -            231 2459at4891           -            859   3.9e-06   22.7   0.2   1   5   8.1e-05    0.0077   11.8   0.0    67   100     1    34     1    40 0.88 -
16921at4891_8|contig_26:80163-80855     -            231 2459at4891           -            859   3.9e-06   22.7   0.2   2   5      0.63        60   -1.1   0.0    74   105    50    81    34    84 0.80 -
16921at4891_8|contig_26:80163-80855     -            231 2459at4891           -            859   3.9e-06   22.7   0.2   3   5     0.058       5.5    2.3   0.0    66    92    83   110    76   114 0.88 -
16921at4891_8|contig_26:80163-80855     -            231 2459at4891           -            859   3.9e-06   22.7   0.2   4   5     0.029       2.7    3.4   0.0    66    97   133   164   131   168 0.91 -
16921at4891_8|contig_26:80163-80855     -            231 2459at4891           -            859   3.9e-06   22.7   0.2   5   5         2   1.9e+02   -2.7   0.0    67   101   188   222   187   224 0.86 -
3606at4891_2|contig_4:201583-203973     -            797 2459at4891           -            859   6.7e-06   21.9   1.8   1   5    0.0017      0.16    7.4   0.0    65    95   467   497   461   505 0.89 -
3606at4891_2|contig_4:201583-203973     -            797 2459at4891           -            859   6.7e-06   21.9   1.8   2   5      0.13        13    1.2   0.0    66    99   527   560   520   564 0.88 -
3606at4891_2|contig_4:201583-203973     -            797 2459at4891           -            859   6.7e-06   21.9   1.8   3   5       1.5   1.5e+02   -2.4   0.0    64    95   609   640   606   646 0.91 -
3606at4891_2|contig_4:201583-203973     -            797 2459at4891           -            859   6.7e-06   21.9   1.8   4   5    0.0054      0.51    5.8   0.0    66    95   653   682   644   690 0.89 -
3606at4891_2|contig_4:201583-203973     -            797 2459at4891           -            859   6.7e-06   21.9   1.8   5   5     0.048       4.6    2.6   0.0    66    97   696   727   692   730 0.92 -
10099at4891_2|contig_4:594881-597400    -            840 2459at4891           -            859   1.1e-05   21.2   0.2   1   3    0.0025      0.23    6.9   0.0    66    99    19    52    17    57 0.89 -
10099at4891_2|contig_4:594881-597400    -            840 2459at4891           -            859   1.1e-05   21.2   0.2   2   3    0.0013      0.12    7.8   0.0    65    96    80   111    74   115 0.89 -
10099at4891_2|contig_4:594881-597400    -            840 2459at4891           -            859   1.1e-05   21.2   0.2   3   3     0.048       4.5    2.6   0.0    42    99   719   778   699   787 0.80 -
12947at4891_2|contig_5:63925-65199      -            425 2459at4891           -            859   1.5e-05   20.8   0.4   1   3   4.1e-05    0.0039   12.8   0.0    34    96    33   104    20   115 0.79 -
12947at4891_2|contig_5:63925-65199      -            425 2459at4891           -            859   1.5e-05   20.8   0.4   2   3     0.023       2.2    3.7   0.1    37    97   179   247   148   258 0.75 -
12947at4891_2|contig_5:63925-65199      -            425 2459at4891           -            859   1.5e-05   20.8   0.4   3   3       1.3   1.2e+02   -2.1   0.2    77    92   326   341   316   344 0.86 -
16921at4891_0|contig_13:510455-511225   -            257 2459at4891           -            859   0.00013   17.6   0.1   1   2    0.0011       0.1    8.1   0.0    27   124    30   137    22   153 0.70 -
16921at4891_0|contig_13:510455-511225   -            257 2459at4891           -            859   0.00013   17.6   0.1   2   2    0.0015      0.14    7.6   0.0    21    95   175   255   171   257 0.74 -
16921at4891_3|contig_7:193212-193847    -            212 2459at4891           -            859   0.00015   17.4   0.0   1   2      0.01      0.98    4.8   0.0    71   106     7    42     3    58 0.85 -
16921at4891_3|contig_7:193212-193847    -            212 2459at4891           -            859   0.00015   17.4   0.0   2   2   0.00027     0.026   10.0   0.0    35   131    72   174    61   202 0.74 -
6943at4891_4|contig_16:316645-318099    -            485 2459at4891           -            859   0.00035   16.3   0.1   1   2    0.0019      0.18    7.2   0.0    65   145   220   305   196   314 0.79 -
6943at4891_4|contig_16:316645-318099    -            485 2459at4891           -            859   0.00035   16.3   0.1   2   2    0.0028      0.27    6.7   0.0    64    92   348   376   337   383 0.90 -
17074at4891_3|contig_25:163898-164776   -            293 2459at4891           -            859   0.00046   15.9   0.1   1   3      0.35        33   -0.2   0.0    63   100    13    51     8    52 0.81 -
17074at4891_3|contig_25:163898-164776   -            293 2459at4891           -            859   0.00046   15.9   0.1   2   3     0.029       2.8    3.3   0.0    70    99    80   109    71   117 0.84 -
17074at4891_3|contig_25:163898-164776   -            293 2459at4891           -            859   0.00046   15.9   0.1   3   3    0.0017      0.16    7.4   0.0    36   109   148   228   141   250 0.72 -
7896at4891_2|contig_2:489252-491096     -            615 2459at4891           -            859   0.00078   15.1   0.1   1   2      0.11        10    1.4   0.0    66    99    66   101    58   110 0.75 -
7896at4891_2|contig_2:489252-491096     -            615 2459at4891           -            859   0.00078   15.1   0.1   2   2   0.00013     0.013   11.1   0.0    34    97   451   521   440   536 0.79 -
17077at4891_3|contig_13:310121-310963   -            281 2459at4891           -            859   0.00078   15.1   1.5   1   2    0.0033      0.31    6.5   0.2    66    99    24    57    19    62 0.89 -
17077at4891_3|contig_13:310121-310963   -            281 2459at4891           -            859   0.00078   15.1   1.5   2   2    0.0014      0.13    7.7   0.1    40   100    76   142    67   201 0.64 -
17147at4891_9|contig_14:1176799-1178028 -            410 2459at4891           -            859    0.0012   14.5   0.0   1   3       2.9   2.7e+02   -3.3   0.0    66    95   163   192   161   202 0.83 -
17147at4891_9|contig_14:1176799-1178028 -            410 2459at4891           -            859    0.0012   14.5   0.0   2   3      0.05       4.8    2.6   0.0    58   102   242   286   211   300 0.76 -
17147at4891_9|contig_14:1176799-1178028 -            410 2459at4891           -            859    0.0012   14.5   0.0   3   3   0.00045     0.043    9.3   0.0    69   105   343   379   342   408 0.80 -
6917at4891_2|contig_7:297328-299076     -            583 2459at4891           -            859    0.0013   14.4   0.0   1   2       2.1     2e+02   -2.8   0.0    41    62   470   491   461   525 0.44 -
6917at4891_2|contig_7:297328-299076     -            583 2459at4891           -            859    0.0013   14.4   0.0   2   2   2.8e-05    0.0027   13.3   0.0    63    95   550   582   538   583 0.93 -
24793at4891_2|contig_27:74478-75452     -            325 2459at4891           -            859    0.0013   14.3   1.8   1   3       2.7   2.5e+02   -3.2   0.0    86   103   108   125    85   127 0.73 -
24793at4891_2|contig_27:74478-75452     -            325 2459at4891           -            859    0.0013   14.3   1.8   2   3   0.00059     0.057    8.9   0.1    47   100   220   279   218   283 0.76 -
24793at4891_2|contig_27:74478-75452     -            325 2459at4891           -            859    0.0013   14.3   1.8   3   3     0.028       2.7    3.4   0.1    66    95   289   318   285   323 0.90 -
30948at4891_1|contig_7:382337-382900    -            188 2459at4891           -            859    0.0016   14.0   1.2   1   1   6.1e-05    0.0058   12.2   1.3   681   768    45   133    21   166 0.75 -
6691at4891_2|contig_20:138548-140266    -            573 2459at4891           -            859    0.0033   13.0   0.0   1   2     0.021         2    3.8   0.0    65   103   237   275   226   312 0.87 -
6691at4891_2|contig_20:138548-140266    -            573 2459at4891           -            859    0.0033   13.0   0.0   2   2    0.0023      0.22    7.0   0.0    73   104   407   438   398   440 0.82 -
8998at4891_7|contig_19:41018-42367      -            450 2459at4891           -            859    0.0035   12.9   0.1   1   1   4.8e-05    0.0046   12.5   0.1    54   129   110   190    88   227 0.85 -
17785at4891_2|contig_3:827964-829340    -            459 2459at4891           -            859    0.0037   12.9   0.1   1   2     0.026       2.5    3.5   0.1    67    95   106   134   104   231 0.81 -
17785at4891_2|contig_3:827964-829340    -            459 2459at4891           -            859    0.0037   12.9   0.1   2   2    0.0021       0.2    7.1   0.0    67   103   378   415   367   418 0.78 -
11696at4891_2|contig_2:401773-403305    -            511 2459at4891           -            859    0.0048   12.5   0.3   1   4      0.26        25    0.2   0.0    66    96   216   246   214   253 0.85 -
11696at4891_2|contig_2:401773-403305    -            511 2459at4891           -            859    0.0048   12.5   0.3   2   4      0.13        13    1.2   0.0    66   105   323   363   310   366 0.83 -
11696at4891_2|contig_2:401773-403305    -            511 2459at4891           -            859    0.0048   12.5   0.3   3   4       1.2   1.2e+02   -2.0   0.0    66    98   368   401   360   403 0.76 -
11696at4891_2|contig_2:401773-403305    -            511 2459at4891           -            859    0.0048   12.5   0.3   4   4    0.0053       0.5    5.8   0.0    65    95   418   449   412   457 0.87 -
13320at4891_1|contig_17:374252-375346   -            365 2459at4891           -            859    0.0054   12.3   0.0   1   2      0.64        61   -1.1   0.0    66    95    38    68    35    78 0.79 -
13320at4891_1|contig_17:374252-375346   -            365 2459at4891           -            859    0.0054   12.3   0.0   2   2   0.00018     0.018   10.6   0.0    65   174    81   198    74   220 0.78 -
17074at4891_2|contig_20:54833-56221     -            463 2459at4891           -            859     0.032    9.8   0.2   1   3      0.12        12    1.3   0.0    65   120   175   236   170   260 0.75 -
17074at4891_2|contig_20:54833-56221     -            463 2459at4891           -            859     0.032    9.8   0.2   2   3      0.27        25    0.2   0.0    67   101   309   343   306   348 0.90 -
17074at4891_2|contig_20:54833-56221     -            463 2459at4891           -            859     0.032    9.8   0.2   3   3     0.018       1.7    4.0   0.0    66    95   350   379   343   389 0.91 -
3060at4891_2|contig_16:48934-51762      -            943 2459at4891           -            859     0.065    8.7  27.6   1   9     0.002      0.19    7.2   0.3    68   100    83   115    80   149 0.77 -
3060at4891_2|contig_16:48934-51762      -            943 2459at4891           -            859     0.065    8.7  27.6   2   9      0.15        14    1.0   0.0    66    93   123   150   120   159 0.92 -
3060at4891_2|contig_16:48934-51762      -            943 2459at4891           -            859     0.065    8.7  27.6   3   9       2.8   2.7e+02   -3.2   0.0    79    99   177   197   173   202 0.80 -
3060at4891_2|contig_16:48934-51762      -            943 2459at4891           -            859     0.065    8.7  27.6   4   9     0.013       1.2    4.5   0.1    63    99   390   425   382   430 0.81 -
3060at4891_2|contig_16:48934-51762      -            943 2459at4891           -            859     0.065    8.7  27.6   5   9      0.42        40   -0.5   0.0    35    95   438   504   426   510 0.76 -
3060at4891_2|contig_16:48934-51762      -            943 2459at4891           -            859     0.065    8.7  27.6   6   9      0.61        58   -1.0   0.0    65   100   532   567   504   576 0.84 -
3060at4891_2|contig_16:48934-51762      -            943 2459at4891           -            859     0.065    8.7  27.6   7   9    0.0032      0.31    6.5   0.3    66   130   575   644   571   648 0.83 -
3060at4891_2|contig_16:48934-51762      -            943 2459at4891           -            859     0.065    8.7  27.6   8   9     0.016       1.5    4.2   0.2    54    92   647   685   646   694 0.90 -
3060at4891_2|contig_16:48934-51762      -            943 2459at4891           -            859     0.065    8.7  27.6   9   9       1.4   1.4e+02   -2.2   2.5   509   583   802   879   794   886 0.79 -
16921at4891_9|contig_26:99454-100452    -            333 2459at4891           -            859      0.11    8.0   6.4   1   6    0.0093      0.89    5.0   0.0    67    93     7    33     3    39 0.90 -
16921at4891_9|contig_26:99454-100452    -            333 2459at4891           -            859      0.11    8.0   6.4   2   6       2.3   2.2e+02   -2.9   0.0    79    93    69    83    67    93 0.86 -
16921at4891_9|contig_26:99454-100452    -            333 2459at4891           -            859      0.11    8.0   6.4   3   6      0.65        62   -1.1   0.0   170   216    95   142    85   147 0.65 -
16921at4891_9|contig_26:99454-100452    -            333 2459at4891           -            859      0.11    8.0   6.4   4   6     0.061       5.8    2.3   0.0    67    92   223   248   219   259 0.92 -
16921at4891_9|contig_26:99454-100452    -            333 2459at4891           -            859      0.11    8.0   6.4   5   6       0.2        19    0.5   0.1    64    96   262   294   252   301 0.88 -
16921at4891_9|contig_26:99454-100452    -            333 2459at4891           -            859      0.11    8.0   6.4   6   6       1.6   1.5e+02   -2.4   0.0    66    91   306   331   305   332 0.92 -
1495at4891_2|contig_14:101101-104910    -           1270 2459at4891           -            859      0.18    7.3   5.4   1   3    0.0022      0.21    7.0   0.0    65    97   109   142    99   145 0.82 -
1495at4891_2|contig_14:101101-104910    -           1270 2459at4891           -            859      0.18    7.3   5.4   2   3      0.44        42   -0.6   0.4    64   103   160   200   155   203 0.80 -
1495at4891_2|contig_14:101101-104910    -           1270 2459at4891           -            859      0.18    7.3   5.4   3   3      0.18        18    0.7   0.2   546   650   577   689   574   715 0.64 -
#
# Program:         hmmsearch
# Version:         3.1b2 (February 2015)
# Pipeline mode:   SEARCH
# Query file:      /mnt/c/Users/HMarton/GitHub/LundUni/Pages/Projects/de_novo_BINP29/busco_downloads/lineages/saccharomycetes_odb10/hmms/2459at4891.hmm
# Target file:     /mnt/c/Users/HMarton/GitHub/LundUni/Pages/Projects/de_novo_BINP29/results/04_busco/BUSCO_assembly.fasta/run_saccharomycetes_odb10/metaeuk_output/initial_results/assembly.fasta.modified.fas
# Option settings: hmmsearch --domtblout /mnt/c/Users/HMarton/GitHub/LundUni/Pages/Projects/de_novo_BINP29/results/04_busco/BUSCO_assembly.fasta/run_saccharomycetes_odb10/hmmer_output/initial_run_results/2459at4891.out --cpu 1 /mnt/c/Users/HMarton/GitHub/LundUni/Pages/Projects/de_novo_BINP29/busco_downloads/lineages/saccharomycetes_odb10/hmms/2459at4891.hmm /mnt/c/Users/HMarton/GitHub/LundUni/Pages/Projects/de_novo_BINP29/results/04_busco/BUSCO_assembly.fasta/run_saccharomycetes_odb10/metaeuk_output/initial_results/assembly.fasta.modified.fas 
# Current dir:     /mnt/c/Users/HMarton/GitHub/LundUni/Pages/Projects/de_novo_BINP29
# Date:            Fri Feb 23 20:14:34 2024
# [ok]
