#                                                                                               --- full sequence --- -------------- this domain -------------   hmm coord   ali coord   env coord
# target name                           accession   tlen query name           accession   qlen   E-value  score  bias   #  of  c-Evalue  i-Evalue  score  bias  from    to  from    to  from    to  acc description of target
#                   ------------------- ---------- ----- -------------------- ---------- ----- --------- ------ ----- --- --- --------- --------- ------ ----- ----- ----- ----- ----- ----- ----- ---- ---------------------
24610at4891_2|contig_27:192597-193703   -            369 24610at4891          -            180   7.5e-39  130.4   2.0   1   5       2.4        62    0.4   0.0    25    43    75    93    24   100 0.85 -
24610at4891_2|contig_27:192597-193703   -            369 24610at4891          -            180   7.5e-39  130.4   2.0   2   5   1.8e-15   4.5e-14   49.7   0.1    40    92   124   190   117   197 0.78 -
24610at4891_2|contig_27:192597-193703   -            369 24610at4891          -            180   7.5e-39  130.4   2.0   3   5   2.5e-17   6.5e-16   55.7   0.0    88   131   201   244   198   252 0.93 -
24610at4891_2|contig_27:192597-193703   -            369 24610at4891          -            180   7.5e-39  130.4   2.0   4   5   6.1e-06   0.00015   18.6   0.0   129   154   266   291   262   302 0.92 -
24610at4891_2|contig_27:192597-193703   -            369 24610at4891          -            180   7.5e-39  130.4   2.0   5   5       3.3        84   -0.0   0.0   159   179   339   359   320   360 0.79 -
17265at4891_6|contig_25:489034-490485   -            484 24610at4891          -            180   6.1e-28   94.9   0.2   1   2     7e-29   1.8e-27   93.4   0.2    14   155   228   396   223   419 0.81 -
17265at4891_6|contig_25:489034-490485   -            484 24610at4891          -            180   6.1e-28   94.9   0.2   2   2       7.3   1.9e+02   -1.2   0.0   144   179   409   444   395   445 0.66 -
17728at4891_7|contig_4:259136-260008    -            291 24610at4891          -            180   7.6e-27   91.3   0.0   1   1   6.7e-28   1.7e-26   90.2   0.0    24   153    74   233    48   279 0.80 -
12549at4891_1|contig_16:78495-79799     -            435 24610at4891          -            180     6e-26   88.4   0.1   1   2   2.7e-26   6.9e-25   84.9   0.1    14   127    83   211    74   216 0.83 -
12549at4891_1|contig_16:78495-79799     -            435 24610at4891          -            180     6e-26   88.4   0.1   2   2       1.8        45    0.8   0.0   160   180   273   293   239   293 0.81 -
17728at4891_8|contig_20:449738-450622   -            295 24610at4891          -            180   2.4e-25   86.4   0.0   1   1   4.2e-26   1.1e-24   84.3   0.0    15   158    61   237    46   245 0.73 -
12549at4891_2|contig_2:389379-390209    -            277 24610at4891          -            180   2.7e-25   86.3   0.3   1   1   7.4e-25   1.9e-23   80.3   0.3    39   152    88   223    28   238 0.81 -
17728at4891_4|contig_14:261673-262572   -            300 24610at4891          -            180   4.7e-25   85.5   0.1   1   1   3.8e-26   9.6e-25   84.5   0.1    23   157    69   231    45   237 0.79 -
12549at4891_2|contig_14:307002-307844   -            281 24610at4891          -            180   2.3e-23   80.0   0.0   1   1     2e-24   5.1e-23   78.8   0.0    36   152    85   223    63   239 0.79 -
12549at4891|contig_20:275273-276247     -            325 24610at4891          -            180   4.1e-23   79.1   0.2   1   1   1.1e-22   2.9e-21   73.1   0.2    42   146   105   238    66   248 0.74 -
12549at4891_7|contig_13:600557-601663   -            369 24610at4891          -            180   6.7e-23   78.5   2.9   1   3   3.3e-12   8.4e-11   39.1   0.9    19    87    87   165    75   177 0.76 -
12549at4891_7|contig_13:600557-601663   -            369 24610at4891          -            180   6.7e-23   78.5   2.9   2   3   3.9e-11     1e-09   35.5   0.0    92   154   190   260   183   273 0.80 -
12549at4891_7|contig_13:600557-601663   -            369 24610at4891          -            180   6.7e-23   78.5   2.9   3   3      0.98        25    1.7   0.0   149   179   278   308   264   309 0.84 -
1220at4891_2|contig_14:999025-1003986   -           1654 24610at4891          -            180   8.6e-23   78.1   7.2   1   4   7.9e-05     0.002   15.0   0.0    41    98   359   416   335   428 0.81 -
1220at4891_2|contig_14:999025-1003986   -           1654 24610at4891          -            180   8.6e-23   78.1   7.2   2   4     0.016      0.42    7.5   0.0    93   140   435   484   431   508 0.77 -
1220at4891_2|contig_14:999025-1003986   -           1654 24610at4891          -            180   8.6e-23   78.1   7.2   3   4   3.4e-12   8.6e-11   39.0   0.2    47    88   807   853   773   861 0.76 -
1220at4891_2|contig_14:999025-1003986   -           1654 24610at4891          -            180   8.6e-23   78.1   7.2   4   4   4.2e-05    0.0011   15.9   0.0    93   126   880   913   875   951 0.92 -
17265at4891_1|contig_20:82311-83252     -            314 24610at4891          -            180   5.6e-22   75.5   4.0   1   3       6.3   1.6e+02   -1.0   0.1    12    27    48    66    43    83 0.72 -
17265at4891_1|contig_20:82311-83252     -            314 24610at4891          -            180   5.6e-22   75.5   4.0   2   3   1.3e-10   3.3e-09   33.9   1.3    29    87    88   158    74   163 0.74 -
17265at4891_1|contig_20:82311-83252     -            314 24610at4891          -            180   5.6e-22   75.5   4.0   3   3   9.6e-13   2.4e-11   40.8   0.0    93   157   184   255   175   269 0.80 -
14247at4891_2|contig_20:467953-469599   -            549 24610at4891          -            180   2.5e-21   73.3   0.3   1   2   1.2e-20   3.1e-19   66.5   0.2    47   127   263   359   226   362 0.84 -
14247at4891_2|contig_20:467953-469599   -            549 24610at4891          -            180   2.5e-21   73.3   0.3   2   2      0.34       8.8    3.1   0.0   133   163   384   413   377   422 0.82 -
12549at4891|contig_22:396894-397937     -            348 24610at4891          -            180   3.9e-21   72.7   0.0   1   1   2.4e-21   6.2e-20   68.8   0.0    31   148    98   246    90   299 0.77 -
12549at4891_8|contig_19:56848-57819     -            324 24610at4891          -            180   1.6e-20   70.7   0.0   1   1   1.4e-21   3.6e-20   69.6   0.0    35   127    95   198    69   204 0.76 -
4279at4891_2|contig_3:104949-106895     -            649 24610at4891          -            180   5.8e-20   68.9   0.0   1   1   4.2e-21   1.1e-19   68.0   0.0    41   130   473   574   461   625 0.79 -
12549at4891_4|contig_4:614314-615255    -            314 24610at4891          -            180   8.4e-20   68.4   2.8   1   3   6.7e-10   1.7e-08   31.5   2.0    26    87    83   149    52   162 0.75 -
12549at4891_4|contig_4:614314-615255    -            314 24610at4891          -            180   8.4e-20   68.4   2.8   2   3   1.8e-09   4.5e-08   30.2   0.0    93   127   178   212   172   239 0.93 -
12549at4891_4|contig_4:614314-615255    -            314 24610at4891          -            180   8.4e-20   68.4   2.8   3   3      0.21       5.4    3.8   0.0   129   180   241   295   217   295 0.72 -
1979at4891_2|contig_7:233658-238085     -           1476 24610at4891          -            180   1.8e-19   67.3   0.0   1   1   1.3e-20   3.3e-19   66.4   0.0    47   162  1280  1412  1222  1431 0.80 -
12549at4891_5|contig_25:522837-523922   -            362 24610at4891          -            180   2.9e-19   66.6   0.2   1   2   3.6e-19   9.1e-18   61.7   0.2    29   153    94   249    88   258 0.74 -
12549at4891_5|contig_25:522837-523922   -            362 24610at4891          -            180   2.9e-19   66.6   0.2   2   2      0.84        21    1.9   0.0   154   179   270   296   253   297 0.81 -
12549at4891_0|contig_3:442313-443170    -            286 24610at4891          -            180   3.1e-19   66.5   0.2   1   2   1.7e-19   4.2e-18   62.8   0.1    46   127    96   190    74   194 0.81 -
12549at4891_0|contig_3:442313-443170    -            286 24610at4891          -            180   3.1e-19   66.5   0.2   2   2       1.4        37    1.1   0.0   145   179   244   277   231   278 0.69 -
12549at4891|contig_6:274079-274876      -            266 24610at4891          -            180   3.6e-19   66.3   0.8   1   2   3.4e-19   8.7e-18   61.8   1.0    38   127    57   159    25   201 0.78 -
12549at4891|contig_6:274079-274876      -            266 24610at4891          -            180   3.6e-19   66.3   0.8   2   2      0.66        17    2.2   0.0   150   179   218   247   191   248 0.86 -
18893at4891_2|contig_20:785071-786153   -            361 24610at4891          -            180   4.4e-19   66.0   0.2   1   1   4.4e-20   1.1e-18   64.7   0.2    32   128   187   295   173   345 0.75 -
13303at4891_9|contig_14:418131-419624   -            498 24610at4891          -            180   5.6e-19   65.7   0.0   1   2   4.1e-13     1e-11   42.0   0.0    30    92   111   183   105   190 0.75 -
13303at4891_9|contig_14:418131-419624   -            498 24610at4891          -            180   5.6e-19   65.7   0.0   2   2   1.2e-06     3e-05   20.9   0.0    94   132   272   310   267   336 0.87 -
4279at4891_2|contig_19:69269-71791      -            841 24610at4891          -            180   6.2e-19   65.6   0.0   1   1   4.3e-20   1.1e-18   64.7   0.0    46   128   669   763   657   808 0.89 -
17728at4891_8|contig_7:207884-208945    -            354 24610at4891          -            180   8.4e-19   65.1   2.9   1   2   2.7e-11   6.8e-10   36.1   1.6    24    79   106   169    91   174 0.80 -
17728at4891_8|contig_7:207884-208945    -            354 24610at4891          -            180   8.4e-19   65.1   2.9   2   2   1.6e-08   4.1e-07   27.0   0.0    80   146   192   273   182   285 0.71 -
18893at4891_6|contig_13:183537-184541   -            335 24610at4891          -            180   1.1e-18   64.8   0.0   1   2   2.2e-13   5.6e-12   42.9   0.0    46   106   156   221   149   226 0.86 -
18893at4891_6|contig_13:183537-184541   -            335 24610at4891          -            180   1.1e-18   64.8   0.0   2   2   2.4e-06   6.1e-05   20.0   0.0    93   178   225   324   220   326 0.73 -
12549at4891_6|contig_3:79079-79948      -            290 24610at4891          -            180   1.7e-18   64.1   0.3   1   1   4.4e-19   1.1e-17   61.4   0.1    42   128    99   198    69   274 0.77 -
10800at4891_2|contig_14:1386168-1388057 -            630 24610at4891          -            180   1.8e-18   64.1   0.3   1   1     2e-19     5e-18   62.6   0.1    16   127   113   243    96   251 0.76 -
10618at4891_1|contig_14:274187-275725   -            513 24610at4891          -            180   2.4e-18   63.6   0.6   1   2   2.5e-13   6.5e-12   42.7   0.2    41    80   299   338   255   340 0.91 -
10618at4891_1|contig_14:274187-275725   -            513 24610at4891          -            180   2.4e-18   63.6   0.6   2   2   5.1e-06   0.00013   18.9   0.0    91   125   380   413   359   417 0.78 -
4279at4891_0|contig_22:475853-477571    -            573 24610at4891          -            180   2.4e-18   63.6   0.0   1   1   1.7e-19   4.3e-18   62.8   0.0    44   133   395   496   356   544 0.74 -
17309at4891_7|contig_14:166356-167894   -            513 24610at4891          -            180   2.6e-18   63.5   0.1   1   1   2.1e-19   5.4e-18   62.5   0.1    39   131   299   402   279   408 0.86 -
17309at4891_1|contig_20:654260-655075   -            272 24610at4891          -            180   2.6e-18   63.5   0.0   1   1   1.9e-19   4.9e-18   62.6   0.0    48   124   109   195    91   202 0.84 -
7925at4891_4|contig_14:1368916-1369803  -            296 24610at4891          -            180   3.4e-18   63.1   0.1   1   2   3.1e-14     8e-13   45.6   0.1    41    88   106   158    98   163 0.87 -
7925at4891_4|contig_14:1368916-1369803  -            296 24610at4891          -            180   3.4e-18   63.1   0.1   2   2   8.4e-05    0.0021   14.9   0.0    93   128   188   222   184   243 0.93 -
17309at4891_3|contig_3:768376-769242    -            289 24610at4891          -            180   4.6e-18   62.7   0.0   1   1   3.1e-19   7.9e-18   61.9   0.0    48   127   119   208   103   219 0.83 -
5371at4891_0|contig_7:140255-141172     -            306 24610at4891          -            180   5.6e-18   62.4   0.0   1   1   4.4e-19   1.1e-17   61.5   0.0    26   128    79   200    67   244 0.74 -
10800at4891_6|contig_20:656687-657607   -            307 24610at4891          -            180   1.8e-17   60.8   0.0   1   1   1.2e-18   3.2e-17   60.0   0.0    37   127   113   217    64   221 0.81 -
1979at4891_9|contig_22:245831-246577    -            249 24610at4891          -            180   2.7e-17   60.2   0.2   1   1   3.4e-18   8.6e-17   58.6   0.0    49   126    97   187    83   191 0.83 -
10800at4891_8|contig_16:117615-118544   -            310 24610at4891          -            180     3e-17   60.1   0.4   1   1     2e-18     5e-17   59.3   0.1    42   127   125   222    97   242 0.81 -
18893at4891_9|contig_5:95917-96708      -            264 24610at4891          -            180   3.7e-17   59.8   0.1   1   1   2.4e-18   6.1e-17   59.1   0.1    37   127   106   207    99   246 0.81 -
8179at4891_2|contig_22:51398-53689      -            764 24610at4891          -            180   5.1e-17   59.3   0.0   1   1   3.9e-18   9.9e-17   58.4   0.0    50   127   458   546   448   549 0.84 -
9903at4891_6|contig_14:1459934-1460752  -            273 24610at4891          -            180   5.2e-17   59.3   0.0   1   1   3.9e-18   9.9e-17   58.4   0.0    40   127    85   188    52   191 0.81 -
18893at4891_3|contig_7:102022-102819    -            266 24610at4891          -            180   5.7e-17   59.1   0.1   1   1   3.7e-18   9.5e-17   58.4   0.1    51   127   111   196    76   245 0.87 -
18893at4891_8|contig_25:537995-538810   -            272 24610at4891          -            180   6.3e-17   59.0   0.0   1   1   4.3e-18   1.1e-16   58.2   0.0    51   127   116   201    82   216 0.84 -
18893at4891_0|contig_20:775437-776210   -            258 24610at4891          -            180   1.3e-16   58.0   0.0   1   1     1e-17   2.7e-16   57.0   0.0    50   127   108   194    56   199 0.83 -
19258at4891_3|contig_3:240605-241474    -            290 24610at4891          -            180   1.7e-16   57.6   0.2   1   1   1.3e-17   3.2e-16   56.7   0.2    38   127   133   233   126   250 0.81 -
18893at4891_0|contig_14:668700-669635   -            312 24610at4891          -            180     2e-16   57.3   0.1   1   1   1.7e-17   4.3e-16   56.3   0.1    42   130   153   253   130   301 0.75 -
18893at4891_0|contig_3:124445-125233    -            263 24610at4891          -            180   2.6e-16   57.0   0.3   1   1     8e-15     2e-13   47.6   0.3    47   127   103   206    90   210 0.71 -
2373at4891_2|contig_2:660056-662167     -            704 24610at4891          -            180   2.7e-16   57.0   0.0   1   1   2.1e-17   5.4e-16   56.0   0.0    41   127   175   275   163   291 0.85 -
18893at4891|contig_3:771132-771953      -            274 24610at4891          -            180   6.3e-16   55.8   0.0   1   1   4.9e-17   1.3e-15   54.8   0.0    41   127   101   201    72   205 0.80 -
10618at4891_2|contig_12:436244-437239   -            332 24610at4891          -            180   9.6e-16   55.2   0.1   1   2   5.7e-10   1.5e-08   31.8   0.1    48    81   141   174   130   182 0.88 -
10618at4891_2|contig_12:436244-437239   -            332 24610at4891          -            180   9.6e-16   55.2   0.1   2   2   1.2e-06   2.9e-05   21.0   0.0    80   126   212   263   206   266 0.81 -
10618at4891_1|contig_13:226871-227755   -            295 24610at4891          -            180     2e-15   54.1   0.3   1   2   1.9e-09   4.8e-08   30.1   0.1    48    82   117   151   105   158 0.88 -
10618at4891_1|contig_13:226871-227755   -            295 24610at4891          -            180     2e-15   54.1   0.3   2   2   7.6e-07   1.9e-05   21.6   0.0    80   127   178   230   173   233 0.80 -
17309at4891_9|contig_20:673604-674344   -            247 24610at4891          -            180   2.4e-15   53.8   0.0   1   1   1.4e-16   3.5e-15   53.3   0.0    42   128    86   184    51   188 0.78 -
693at4891_2|contig_26:94839-98648       -           1270 24610at4891          -            180   7.2e-15   52.3   0.5   1   4       2.3        58    0.5   0.0    84   107   417   440   403   474 0.87 -
693at4891_2|contig_26:94839-98648       -           1270 24610at4891          -            180   7.2e-15   52.3   0.5   2   4       5.7   1.4e+02   -0.8   0.1     3    46   995  1037   993  1047 0.78 -
693at4891_2|contig_26:94839-98648       -           1270 24610at4891          -            180   7.2e-15   52.3   0.5   3   4   2.7e-11     7e-10   36.1   0.1    46    95  1080  1125  1032  1129 0.81 -
693at4891_2|contig_26:94839-98648       -           1270 24610at4891          -            180   7.2e-15   52.3   0.5   4   4    0.0044      0.11    9.3   0.0    80   126  1141  1191  1133  1195 0.80 -
18893at4891_2|contig_14:1406891-1407697 -            269 24610at4891          -            180   7.9e-15   52.2   0.4   1   2   2.9e-11   7.3e-10   36.0   0.1    42    86   102   151    96   156 0.80 -
18893at4891_2|contig_14:1406891-1407697 -            269 24610at4891          -            180   7.9e-15   52.2   0.4   2   2   0.00015    0.0037   14.1   0.0    93   127   179   212   169   236 0.89 -
5371at4891_2|contig_16:337739-339910    -            724 24610at4891          -            180   1.5e-14   51.3   0.1   1   2     3e-08   7.5e-07   26.2   0.0    47    78   409   440   380   444 0.87 -
5371at4891_2|contig_16:337739-339910    -            724 24610at4891          -            180   1.5e-14   51.3   0.1   2   2   5.8e-07   1.5e-05   22.0   0.0    81   128   480   531   477   555 0.74 -
8274at4891_4|contig_12:220169-222259    -            697 24610at4891          -            180   1.7e-14   51.1   0.3   1   1   3.2e-15   8.2e-14   48.9   0.3    48   150   537   658   524   674 0.77 -
10800at4891_4|contig_25:324564-325607   -            348 24610at4891          -            180   1.9e-14   50.9   0.0   1   2   1.7e-12   4.3e-11   40.0   0.0    47    85   159   203   141   221 0.76 -
10800at4891_4|contig_25:324564-325607   -            348 24610at4891          -            180   1.9e-14   50.9   0.0   2   2     0.011      0.27    8.1   0.0    93   132   231   276   228   289 0.73 -
8179at4891_7|contig_2:468220-469278     -            353 24610at4891          -            180   1.9e-14   50.9   0.0   1   1   1.3e-15   3.2e-14   50.2   0.0    50   127   132   221   114   223 0.82 -
10800at4891_5|contig_25:423174-424337   -            388 24610at4891          -            180   2.2e-14   50.7   0.0   1   1   1.6e-15   4.1e-14   49.9   0.0    48   179   140   282    88   283 0.81 -
19258at4891_2|contig_25:450756-452138   -            461 24610at4891          -            180   2.4e-14   50.6   0.2   1   2   2.5e-10   6.4e-09   32.9   0.2    47    82   275   310   263   316 0.89 -
19258at4891_2|contig_25:450756-452138   -            461 24610at4891          -            180   2.4e-14   50.6   0.2   2   2   0.00011    0.0028   14.5   0.0    80   129   329   385   324   389 0.74 -
10800at4891_1|contig_26:274750-275748   -            333 24610at4891          -            180   2.5e-14   50.6   0.0   1   1   1.5e-15   3.9e-14   49.9   0.0    49   129   118   210   101   263 0.85 -
10618at4891_9|contig_3:289864-290688    -            275 24610at4891          -            180   2.7e-14   50.5   0.1   1   1     3e-15   7.7e-14   48.9   0.0    44   128   109   208   104   243 0.78 -
10800at4891_8|contig_14:1438586-1439614 -            343 24610at4891          -            180     3e-14   50.3   0.0   1   1   1.9e-15   4.8e-14   49.6   0.0    47   128   147   240    96   247 0.83 -
10800at4891_1|contig_17:418432-419427   -            332 24610at4891          -            180   3.1e-14   50.2   0.6   1   2   2.4e-12   6.2e-11   39.5   0.0    46    89   124   172   117   181 0.84 -
10800at4891_1|contig_17:418432-419427   -            332 24610at4891          -            180   3.1e-14   50.2   0.6   2   2     0.014      0.35    7.7   0.1   100   139   217   264   207   310 0.58 -
13862at4891_1|contig_3:990254-991516    -            421 24610at4891          -            180   6.9e-14   49.1   0.3   1   1   2.4e-13   6.1e-12   42.8   0.1    39   127   210   330   199   333 0.70 -
7925at4891|contig_20:440502-441533      -            344 24610at4891          -            180   8.2e-14   48.9   2.5   1   1   7.5e-14   1.9e-12   44.4   2.5    25   178   125   314   110   316 0.67 -
8179at4891_6|contig_25:465775-466938    -            388 24610at4891          -            180   8.8e-14   48.8   0.0   1   1   5.8e-15   1.5e-13   48.0   0.0    51   127   170   258   154   260 0.83 -
5371at4891_3|contig_13:618782-619768    -            329 24610at4891          -            180   1.3e-13   48.2   0.2   1   1   3.2e-14   8.2e-13   45.6   0.2    43   105   102   174    97   237 0.84 -
8179at4891_4|contig_4:522585-523808     -            408 24610at4891          -            180   1.5e-13   48.0   0.0   1   2   7.3e-10   1.9e-08   31.4   0.0    34    90   124   185   115   192 0.87 -
8179at4891_4|contig_4:522585-523808     -            408 24610at4891          -            180   1.5e-13   48.0   0.0   2   2   0.00012    0.0031   14.4   0.0    93   139   206   251   198   292 0.68 -
1979at4891_9|contig_5:51083-51799       -            239 24610at4891          -            180   1.7e-13   47.8   0.0   1   1   1.3e-14   3.4e-13   46.8   0.0    43   128    91   185    39   189 0.83 -
10800at4891_3|contig_4:63703-64656      -            318 24610at4891          -            180   1.8e-13   47.8   0.0   1   1   2.5e-14   6.3e-13   46.0   0.0    50   128   118   214   110   218 0.76 -
10618at4891_9|contig_27:96822-97655     -            278 24610at4891          -            180   4.6e-13   46.4   0.0   1   1   4.7e-14   1.2e-12   45.1   0.0    48   127   118   212   109   219 0.80 -
2373at4891_0|contig_7:98844-99797       -            318 24610at4891          -            180   5.2e-13   46.2   0.0   1   1     1e-13   2.6e-12   43.9   0.0    42   128   140   244   128   306 0.82 -
10800at4891_1|contig_25:541174-542148   -            325 24610at4891          -            180   7.5e-13   45.7   0.0   1   1   1.5e-13   3.9e-12   43.4   0.0    35   127   140   250   132   301 0.74 -
4598at4891_7|contig_13:179569-182226    -            886 24610at4891          -            180   8.4e-13   45.6   0.0   1   2   3.3e-09   8.4e-08   29.3   0.0    49    79   142   172   128   188 0.89 -
4598at4891_7|contig_13:179569-182226    -            886 24610at4891          -            180   8.4e-13   45.6   0.0   2   2   0.00031    0.0079   13.1   0.0    92   127   218   252   190   306 0.72 -
7925at4891_4|contig_4:792466-793365     -            300 24610at4891          -            180   8.7e-13   45.5   0.0   1   1     8e-14     2e-12   44.3   0.0    50   127   115   204   101   210 0.80 -
13862at4891_2|contig_20:678469-680928   -            820 24610at4891          -            180   9.3e-13   45.4   0.1   1   1   1.5e-13   3.9e-12   43.4   0.1    48   131   297   406   270   456 0.79 -
10618at4891_1|contig_2:83294-84256      -            321 24610at4891          -            180   1.3e-12   45.0   0.8   1   3       1.1        27    1.5   0.0   115   146    31    62    25    97 0.74 -
10618at4891_1|contig_2:83294-84256      -            321 24610at4891          -            180   1.3e-12   45.0   0.8   2   3   8.2e-10   2.1e-08   31.2   0.0    44    79   122   157    84   160 0.84 -
10618at4891_1|contig_2:83294-84256      -            321 24610at4891          -            180   1.3e-12   45.0   0.8   3   3    0.0068      0.17    8.7   0.0   106   125   233   252   172   256 0.89 -
693at4891_2|contig_19:680998-685725     -           1576 24610at4891          -            180   1.3e-12   45.0   0.1   1   2   8.1e-12   2.1e-10   37.8   0.0    45    94  1365  1419  1319  1423 0.80 -
693at4891_2|contig_19:680998-685725     -           1576 24610at4891          -            180   1.3e-12   45.0   0.1   2   2      0.26       6.7    3.5   0.0    93   127  1458  1494  1453  1497 0.78 -
18893at4891_8|contig_19:710302-711162   -            287 24610at4891          -            180   2.2e-12   44.2   0.0   1   2   5.5e-09   1.4e-07   28.6   0.0    48    92   104   153    86   161 0.83 -
18893at4891_8|contig_19:710302-711162   -            287 24610at4891          -            180   2.2e-12   44.2   0.0   2   2   0.00023    0.0058   13.5   0.0    93   127   183   216   165   266 0.87 -
8179at4891_1|contig_26:64265-65287      -            341 24610at4891          -            180   2.9e-12   43.8   0.0   1   2   6.7e-09   1.7e-07   28.3   0.0    41    90   137   191   121   196 0.82 -
8179at4891_1|contig_26:64265-65287      -            341 24610at4891          -            180   2.9e-12   43.8   0.0   2   2   0.00031    0.0078   13.1   0.0    93   127   220   253   215   303 0.86 -
14247at4891_6|contig_26:219262-219933   -            224 24610at4891          -            180   5.9e-12   42.8   0.0   1   1   1.3e-12   3.2e-11   40.4   0.0    42   126   102   203    93   208 0.77 -
7925at4891_2|contig_19:333931-335160    -            410 24610at4891          -            180   1.3e-11   41.7   2.4   1   2   2.3e-09   5.8e-08   29.8   0.4    51    94   122   170   102   179 0.81 -
7925at4891_2|contig_19:333931-335160    -            410 24610at4891          -            180   1.3e-11   41.7   2.4   2   2   0.00095     0.024   11.5   0.1    90   125   235   269   232   273 0.86 -
7925at4891_6|contig_19:596887-597765    -            293 24610at4891          -            180   2.4e-11   40.8   0.2   1   2   2.6e-09   6.6e-08   29.6   0.1    23    87    88   159    81   164 0.79 -
7925at4891_6|contig_19:596887-597765    -            293 24610at4891          -            180   2.4e-11   40.8   0.2   2   2    0.0053      0.14    9.0   0.0    94   127   183   218   170   247 0.81 -
24610at4891_1|contig_25:604162-604689   -            176 24610at4891          -            180   3.9e-11   40.1   0.0   1   1   7.5e-12   1.9e-10   37.9   0.0    49    88     9    53     3   150 0.86 -
24610at4891_6|contig_7:69201-69833      -            211 24610at4891          -            180   4.8e-11   39.8   0.2   1   1   4.8e-12   1.2e-10   38.5   0.2    42   127   108   205    98   209 0.80 -
9903at4891_2|contig_7:169975-171882     -            636 24610at4891          -            180   9.4e-11   38.9   0.0   1   1   8.2e-12   2.1e-10   37.8   0.0    49   124   431   523   422   529 0.77 -
19258at4891_3|contig_14:68473-69369     -            299 24610at4891          -            180     1e-10   38.8   0.4   1   1   1.8e-11   4.5e-10   36.7   0.4    31   127    84   202    53   207 0.69 -
10800at4891_5|contig_7:544888-545940    -            351 24610at4891          -            180   1.4e-10   38.4   0.0   1   1   1.3e-11   3.4e-10   37.1   0.0    49    88   109   153    79   185 0.84 -
7925at4891_6|contig_13:693354-695069    -            572 24610at4891          -            180   2.7e-10   37.4   0.0   1   2   9.9e-06   0.00025   18.0   0.0    50    88   280   323   246   327 0.84 -
7925at4891_6|contig_13:693354-695069    -            572 24610at4891          -            180   2.7e-10   37.4   0.0   2   2   2.3e-05   0.00058   16.8   0.0    77   124   360   406   352   411 0.87 -
7925at4891_6|contig_20:193629-195320    -            564 24610at4891          -            180   5.4e-10   36.4   0.1   1   2   7.5e-06   0.00019   18.3   0.0    49    88   271   315   257   319 0.80 -
7925at4891_6|contig_20:193629-195320    -            564 24610at4891          -            180   5.4e-10   36.4   0.1   2   2   5.4e-05    0.0014   15.5   0.0    85   124   360   398   342   403 0.86 -
1341at4891_2|contig_22:301925-304957    -           1011 24610at4891          -            180   6.2e-10   36.2   0.0   1   2     3e-10   7.7e-09   32.7   0.1    47    80   673   706   644   713 0.84 -
1341at4891_2|contig_22:301925-304957    -           1011 24610at4891          -            180   6.2e-10   36.2   0.0   2   2         8     2e+02   -1.3   0.0    94   114   750   770   748   772 0.86 -
18893at4891_2|contig_6:176330-176926    -            199 24610at4891          -            180   9.5e-10   35.6   0.1   1   2   3.3e-08   8.4e-07   26.0   0.0    30    85    13    75     2    83 0.79 -
18893at4891_2|contig_6:176330-176926    -            199 24610at4891          -            180   9.5e-10   35.6   0.1   2   2     0.012      0.31    7.9   0.0    94   127   101   136    89   178 0.82 -
13507at4891_4|contig_5:54431-55735      -            435 24610at4891          -            180   1.3e-09   35.2   0.5   1   2   0.00075     0.019   11.8   0.2    64    86   168   191   164   211 0.75 -
13507at4891_4|contig_5:54431-55735      -            435 24610at4891          -            180   1.3e-09   35.2   0.5   2   2   1.5e-06   3.7e-05   20.7   0.0    85   128   241   283   225   331 0.89 -
10800at4891_7|contig_14:394918-395871   -            318 24610at4891          -            180   1.3e-09   35.2   1.9   1   1   4.7e-10   1.2e-08   32.0   1.9    28   112    74   179    39   212 0.66 -
7925at4891_3|contig_27:199701-201185    -            495 24610at4891          -            180   2.3e-09   34.4   0.0   1   2   2.5e-08   6.5e-07   26.4   0.0    40    87    97   152    78   155 0.74 -
7925at4891_3|contig_27:199701-201185    -            495 24610at4891          -            180   2.3e-09   34.4   0.0   2   2     0.056       1.4    5.7   0.0    95   127   362   394   359   451 0.91 -
10800at4891_0|contig_20:777378-778376   -            333 24610at4891          -            180   2.4e-09   34.3   0.1   1   1   1.5e-10   3.9e-09   33.6   0.1    51   109   106   175    76   179 0.77 -
10800at4891_9|contig_4:458166-459056    -            297 24610at4891          -            180   8.8e-09   32.5   1.6   1   1   1.5e-08   3.9e-07   27.1   1.6    21   126    97   228    89   237 0.76 -
2630at4891_2|contig_4:378801-383156     -           1452 24610at4891          -            180   2.7e-08   30.9   2.4   1   2   2.1e-08   5.4e-07   26.6   0.4    28    84   104   166    90   173 0.81 -
2630at4891_2|contig_4:378801-383156     -           1452 24610at4891          -            180   2.7e-08   30.9   2.4   2   2      0.92        23    1.8   0.0   111   179   218   287   214   288 0.63 -
7349at4891_2|contig_25:543253-545895    -            881 24610at4891          -            180   7.2e-07   26.2   0.1   1   2     6e-07   1.5e-05   21.9   0.0    52    80   528   556   520   578 0.79 -
7349at4891_2|contig_25:543253-545895    -            881 24610at4891          -            180   7.2e-07   26.2   0.1   2   2       2.8        72    0.2   0.0   115   128   794   807   787   814 0.84 -
2373at4891_6|contig_20:840037-841020    -            328 24610at4891          -            180   2.5e-06   24.5   0.0   1   2    0.0058      0.15    8.9   0.0    68    85   184   206   177   216 0.74 -
2373at4891_6|contig_20:840037-841020    -            328 24610at4891          -            180   2.5e-06   24.5   0.0   2   2   0.00038    0.0097   12.8   0.0    90   127   228   267   224   315 0.83 -
17239at4891_2|contig_7:314527-316524    -            666 24610at4891          -            180   2.7e-06   24.4   0.5   1   2   5.6e-07   1.4e-05   22.0   0.0    47    78   327   358   321   361 0.89 -
17239at4891_2|contig_7:314527-316524    -            666 24610at4891          -            180   2.7e-06   24.4   0.5   2   2       9.6   2.4e+02   -1.6   0.0   139   175   585   621   581   624 0.84 -
17728at4891|contig_2:237087-237584      -            166 24610at4891          -            180   4.6e-06   23.6   0.0   1   1   3.2e-07   8.1e-06   22.8   0.0    73   131     1    63     1    91 0.84 -
13303at4891_4|contig_17:405605-406333   -            243 24610at4891          -            180   1.7e-05   21.8   0.0   1   1   1.7e-06   4.4e-05   20.4   0.0    50    79   121   150   104   167 0.91 -
3044at4891_1|contig_13:900085-903093    -           1003 24610at4891          -            180   8.2e-05   19.5   0.1   1   1   8.3e-06   0.00021   18.2   0.1    41    79   791   829   773   830 0.85 -
#
# Program:         hmmsearch
# Version:         3.1b2 (February 2015)
# Pipeline mode:   SEARCH
# Query file:      /mnt/c/Users/HMarton/GitHub/LundUni/Pages/Projects/de_novo_BINP29/busco_downloads/lineages/saccharomycetes_odb10/hmms/24610at4891.hmm
# Target file:     /mnt/c/Users/HMarton/GitHub/LundUni/Pages/Projects/de_novo_BINP29/results/04_busco/BUSCO_assembly.fasta/run_saccharomycetes_odb10/metaeuk_output/initial_results/assembly.fasta.modified.fas
# Option settings: hmmsearch --domtblout /mnt/c/Users/HMarton/GitHub/LundUni/Pages/Projects/de_novo_BINP29/results/04_busco/BUSCO_assembly.fasta/run_saccharomycetes_odb10/hmmer_output/initial_run_results/24610at4891.out --cpu 1 /mnt/c/Users/HMarton/GitHub/LundUni/Pages/Projects/de_novo_BINP29/busco_downloads/lineages/saccharomycetes_odb10/hmms/24610at4891.hmm /mnt/c/Users/HMarton/GitHub/LundUni/Pages/Projects/de_novo_BINP29/results/04_busco/BUSCO_assembly.fasta/run_saccharomycetes_odb10/metaeuk_output/initial_results/assembly.fasta.modified.fas 
# Current dir:     /mnt/c/Users/HMarton/GitHub/LundUni/Pages/Projects/de_novo_BINP29
# Date:            Fri Feb 23 20:13:40 2024
# [ok]
