#                                                                                               --- full sequence --- -------------- this domain -------------   hmm coord   ali coord   env coord
# target name                           accession   tlen query name           accession   qlen   E-value  score  bias   #  of  c-Evalue  i-Evalue  score  bias  from    to  from    to  from    to  acc description of target
#                   ------------------- ---------- ----- -------------------- ---------- ----- --------- ------ ----- --- --- --------- --------- ------ ----- ----- ----- ----- ----- ----- ----- ---- ---------------------
24629at4891_2|contig_2:832757-833506    -            250 24629at4891          -            218  5.8e-118  389.6   0.1   1   1  7.2e-120  1.8e-117  388.1   0.1     1   218     1   250     1   250 0.93 -
23912at4891_5|contig_13:786562-787332   -            257 24629at4891          -            218   9.6e-47  156.8   0.4   1   1   1.3e-48   3.1e-46  155.2   0.4     3   215     4   239     2   241 0.88 -
23591at4891_8|contig_3:250015-250767    -            251 24629at4891          -            218   8.2e-42  140.7   0.0   1   1   1.1e-43   2.6e-41  139.1   0.0     5   213     4   231     1   236 0.85 -
24692at4891_2|contig_3:1013035-1013898  -            288 24629at4891          -            218   1.9e-37  126.4   0.0   1   1   2.1e-39   5.2e-37  125.0   0.0     5   197     8   223     4   241 0.85 -
23380at4891_2|contig_13:1026386-1027165 -            260 24629at4891          -            218   1.7e-31  107.0   0.0   1   1   1.4e-33   3.5e-31  106.0   0.0     5   187     8   213     4   229 0.85 -
27496at4891|contig_2:34570-35271        -            234 24629at4891          -            218   7.2e-26   88.6   0.0   1   1   3.6e-28   8.7e-26   88.3   0.0     5   168     6   183     2   221 0.81 -
28217at4891_2|contig_13:493955-494704   -            250 24629at4891          -            218   4.3e-22   76.2   0.1   1   1     3e-24   7.3e-22   75.5   0.1     5   217    10   245     6   246 0.81 -
21752at4891_3|contig_3:626122-626904    -            261 24629at4891          -            218   5.3e-09   33.5   0.6   1   1     5e-10   1.2e-07   29.0   0.6    30   197    39   211     4   229 0.72 -
27869at4891|contig_17:178738-179322     -            195 24629at4891          -            218   0.00028   18.0   0.0   1   1   1.6e-06    0.0004   17.5   0.0    38   180    20   167     3   190 0.76 -
22859at4891_1|contig_4:665756-666478    -            241 24629at4891          -            218     0.012   12.7   0.0   1   1    0.0001     0.025   11.6   0.0    50   162    59   174     8   183 0.84 -
22393at4891_8|contig_20:209417-210277   -            287 24629at4891          -            218     0.014   12.5   0.1   1   1   0.00015     0.037   11.1   0.1    32   173    88   231    66   241 0.71 -
#
# Program:         hmmsearch
# Version:         3.1b2 (February 2015)
# Pipeline mode:   SEARCH
# Query file:      /mnt/c/Users/HMarton/GitHub/LundUni/Pages/Projects/de_novo_BINP29/busco_downloads/lineages/saccharomycetes_odb10/hmms/24629at4891.hmm
# Target file:     /mnt/c/Users/HMarton/GitHub/LundUni/Pages/Projects/de_novo_BINP29/results/04_busco/BUSCO_assembly.fasta/run_saccharomycetes_odb10/metaeuk_output/initial_results/assembly.fasta.modified.fas
# Option settings: hmmsearch --domtblout /mnt/c/Users/HMarton/GitHub/LundUni/Pages/Projects/de_novo_BINP29/results/04_busco/BUSCO_assembly.fasta/run_saccharomycetes_odb10/hmmer_output/initial_run_results/24629at4891.out --cpu 1 /mnt/c/Users/HMarton/GitHub/LundUni/Pages/Projects/de_novo_BINP29/busco_downloads/lineages/saccharomycetes_odb10/hmms/24629at4891.hmm /mnt/c/Users/HMarton/GitHub/LundUni/Pages/Projects/de_novo_BINP29/results/04_busco/BUSCO_assembly.fasta/run_saccharomycetes_odb10/metaeuk_output/initial_results/assembly.fasta.modified.fas 
# Current dir:     /mnt/c/Users/HMarton/GitHub/LundUni/Pages/Projects/de_novo_BINP29
# Date:            Fri Feb 23 20:13:43 2024
# [ok]
