#                                                                                             --- full sequence --- -------------- this domain -------------   hmm coord   ali coord   env coord
# target name                         accession   tlen query name           accession   qlen   E-value  score  bias   #  of  c-Evalue  i-Evalue  score  bias  from    to  from    to  from    to  acc description of target
#                 ------------------- ---------- ----- -------------------- ---------- ----- --------- ------ ----- --- --- --------- --------- ------ ----- ----- ----- ----- ----- ----- ----- ---- ---------------------
24646at4891_7|contig_2:891639-892568  -            310 24646at4891          -            237  2.1e-116  384.8  13.6   1   3  1.9e-108  4.2e-106  351.1   4.9     1   193     6   224     6   231 0.92 -
24646at4891_7|contig_2:891639-892568  -            310 24646at4891          -            237  2.1e-116  384.8  13.6   2   3   1.2e-12   2.7e-10   37.5   0.6   189   228   239   278   235   292 0.80 -
24646at4891_7|contig_2:891639-892568  -            310 24646at4891          -            237  2.1e-116  384.8  13.6   3   3      0.81   1.8e+02   -1.2   0.0   223   236   297   310   290   310 0.86 -
17830at4891_8|contig_13:855593-856567 -            325 24646at4891          -            237   1.1e-19   68.3   0.2   1   1   9.2e-22   2.1e-19   67.3   0.2     2   168     3   180     2   201 0.80 -
28105at4891_7|contig_2:390757-391272  -            172 24646at4891          -            237   3.5e-07   27.3   0.1   1   1     2e-09   4.4e-07   27.0   0.1    44   123    43   126     3   147 0.75 -
26506at4891_1|contig_3:490945-491490  -            182 24646at4891          -            237   6.4e-05   19.9   0.0   1   1   3.7e-07   8.2e-05   19.6   0.0     4   147     8   152     5   159 0.77 -
25808at4891_9|contig_2:663395-664018  -            208 24646at4891          -            237   0.00015   18.7   0.0   1   1   8.4e-07   0.00019   18.4   0.0     4    91    10    93     4   159 0.74 -
28703at4891_1|contig_3:676866-677216  -            117 24646at4891          -            237   0.00015   18.7   0.0   1   1   7.9e-07   0.00018   18.5   0.0     4    94     1    86     1   114 0.77 -
26145at4891_1|contig_27:215778-216395 -            206 24646at4891          -            237   0.00017   18.5   0.3   1   1   1.2e-06   0.00027   17.9   0.2     4   103    10   105     8   154 0.72 -
26506at4891|contig_12:402868-404283   -            279 24646at4891          -            237    0.0003   17.7   0.0   1   1     2e-06   0.00043   17.2   0.0     2    89    74   156    73   202 0.75 -
33356at4891_7|contig_27:140667-141311 -            215 24646at4891          -            237    0.0016   15.4   0.1   1   1     1e-05    0.0022   14.9   0.1     3    93    21   106    19   154 0.69 -
26506at4891_7|contig_4:75898-76467    -            190 24646at4891          -            237    0.0029   14.5   0.0   1   1   1.6e-05    0.0035   14.2   0.0     4   128     1   130     1   171 0.70 -
28105at4891_2|contig_3:503460-503984  -            175 24646at4891          -            237    0.0072   13.2   0.0   1   1   4.1e-05    0.0091   12.9   0.0     4   131    19   142    16   158 0.67 -
32172at4891_1|contig_17:214949-215617 -            223 24646at4891          -            237     0.011   12.6   0.1   1   1   0.00011     0.025   11.4   0.0     4    64    15    75    13    90 0.82 -
#
# Program:         hmmsearch
# Version:         3.1b2 (February 2015)
# Pipeline mode:   SEARCH
# Query file:      /mnt/c/Users/HMarton/GitHub/LundUni/Pages/Projects/de_novo_BINP29/busco_downloads/lineages/saccharomycetes_odb10/hmms/24646at4891.hmm
# Target file:     /mnt/c/Users/HMarton/GitHub/LundUni/Pages/Projects/de_novo_BINP29/results/04_busco/BUSCO_assembly.fasta/run_saccharomycetes_odb10/metaeuk_output/initial_results/assembly.fasta.modified.fas
# Option settings: hmmsearch --domtblout /mnt/c/Users/HMarton/GitHub/LundUni/Pages/Projects/de_novo_BINP29/results/04_busco/BUSCO_assembly.fasta/run_saccharomycetes_odb10/hmmer_output/initial_run_results/24646at4891.out --cpu 1 /mnt/c/Users/HMarton/GitHub/LundUni/Pages/Projects/de_novo_BINP29/busco_downloads/lineages/saccharomycetes_odb10/hmms/24646at4891.hmm /mnt/c/Users/HMarton/GitHub/LundUni/Pages/Projects/de_novo_BINP29/results/04_busco/BUSCO_assembly.fasta/run_saccharomycetes_odb10/metaeuk_output/initial_results/assembly.fasta.modified.fas 
# Current dir:     /mnt/c/Users/HMarton/GitHub/LundUni/Pages/Projects/de_novo_BINP29
# Date:            Fri Feb 23 20:13:45 2024
# [ok]
