#                                                                                               --- full sequence --- -------------- this domain -------------   hmm coord   ali coord   env coord
# target name                           accession   tlen query name           accession   qlen   E-value  score  bias   #  of  c-Evalue  i-Evalue  score  bias  from    to  from    to  from    to  acc description of target
#                   ------------------- ---------- ----- -------------------- ---------- ----- --------- ------ ----- --- --- --------- --------- ------ ----- ----- ----- ----- ----- ----- ----- ---- ---------------------
24692at4891_2|contig_3:1013035-1013898  -            288 24692at4891          -            218    5e-121  399.6   0.0   1   1  2.8e-123  7.6e-121  398.9   0.0     1   218     1   239     1   239 0.93 -
23380at4891_2|contig_13:1026386-1027165 -            260 24692at4891          -            218   4.4e-37  125.1   0.0   1   1   4.8e-38   1.3e-35  120.3   0.0     6   199     6   223     1   242 0.76 -
24629at4891_2|contig_2:832757-833506    -            250 24692at4891          -            218   6.1e-35  118.1   0.0   1   1   4.6e-37   1.2e-34  117.1   0.0     6   193     3   206     1   222 0.85 -
23591at4891_8|contig_3:250015-250767    -            251 24692at4891          -            218   7.6e-35  117.8   0.0   1   1   3.3e-37   8.9e-35  117.5   0.0     6   170     2   183     1   238 0.85 -
23912at4891_5|contig_13:786562-787332   -            257 24692at4891          -            218   5.9e-31  105.1   0.1   1   1   3.1e-33   8.2e-31  104.6   0.1     7   174     5   192     1   229 0.82 -
28217at4891_2|contig_13:493955-494704   -            250 24692at4891          -            218   8.9e-27   91.4   0.0   1   1   4.7e-29   1.3e-26   90.9   0.0     5   167     7   185     3   206 0.87 -
27496at4891|contig_2:34570-35271        -            234 24692at4891          -            218   2.1e-23   80.4   0.0   1   1   1.2e-25   3.2e-23   79.8   0.0     7   168     5   178     2   185 0.83 -
21752at4891_3|contig_3:626122-626904    -            261 24692at4891          -            218   4.3e-07   27.1   0.0   1   1   2.2e-09   5.9e-07   26.6   0.0    28   179    23   188     9   207 0.77 -
27869at4891|contig_17:178738-179322     -            195 24692at4891          -            218   9.3e-06   22.7   0.0   1   1   4.8e-08   1.3e-05   22.2   0.0    38   143     5   125     2   138 0.78 -
22859at4891_1|contig_4:665756-666478    -            241 24692at4891          -            218   3.1e-05   21.0   0.0   1   1   1.7e-07   4.6e-05   20.4   0.0    31   152    25   159     3   177 0.77 -
#
# Program:         hmmsearch
# Version:         3.1b2 (February 2015)
# Pipeline mode:   SEARCH
# Query file:      /mnt/c/Users/HMarton/GitHub/LundUni/Pages/Projects/de_novo_BINP29/busco_downloads/lineages/saccharomycetes_odb10/hmms/24692at4891.hmm
# Target file:     /mnt/c/Users/HMarton/GitHub/LundUni/Pages/Projects/de_novo_BINP29/results/04_busco/BUSCO_assembly.fasta/run_saccharomycetes_odb10/metaeuk_output/initial_results/assembly.fasta.modified.fas
# Option settings: hmmsearch --domtblout /mnt/c/Users/HMarton/GitHub/LundUni/Pages/Projects/de_novo_BINP29/results/04_busco/BUSCO_assembly.fasta/run_saccharomycetes_odb10/hmmer_output/initial_run_results/24692at4891.out --cpu 1 /mnt/c/Users/HMarton/GitHub/LundUni/Pages/Projects/de_novo_BINP29/busco_downloads/lineages/saccharomycetes_odb10/hmms/24692at4891.hmm /mnt/c/Users/HMarton/GitHub/LundUni/Pages/Projects/de_novo_BINP29/results/04_busco/BUSCO_assembly.fasta/run_saccharomycetes_odb10/metaeuk_output/initial_results/assembly.fasta.modified.fas 
# Current dir:     /mnt/c/Users/HMarton/GitHub/LundUni/Pages/Projects/de_novo_BINP29
# Date:            Fri Feb 23 20:13:46 2024
# [ok]
