#                                                                                               --- full sequence --- -------------- this domain -------------   hmm coord   ali coord   env coord
# target name                           accession   tlen query name           accession   qlen   E-value  score  bias   #  of  c-Evalue  i-Evalue  score  bias  from    to  from    to  from    to  acc description of target
#                   ------------------- ---------- ----- -------------------- ---------- ----- --------- ------ ----- --- --- --------- --------- ------ ----- ----- ----- ----- ----- ----- ----- ---- ---------------------
2534at4891_2|contig_13:1055395-1059525  -           1377 2534at4891           -            630  2.6e-291  964.5  21.8   1   5     1e-07   1.2e-05   20.9   0.2     6    42   243   282   238   295 0.86 -
2534at4891_2|contig_13:1055395-1059525  -           1377 2534at4891           -            630  2.6e-291  964.5  21.8   2   5   3.3e-08   3.8e-06   22.5   0.1    38    65   319   346   283   353 0.82 -
2534at4891_2|contig_13:1055395-1059525  -           1377 2534at4891           -            630  2.6e-291  964.5  21.8   3   5  4.1e-187  4.8e-185  613.5   0.1    61   361   390   703   380   733 0.91 -
2534at4891_2|contig_13:1055395-1059525  -           1377 2534at4891           -            630  2.6e-291  964.5  21.8   4   5   4.3e-36   4.9e-34  114.7   0.1   359   469   751   875   745   930 0.87 -
2534at4891_2|contig_13:1055395-1059525  -           1377 2534at4891           -            630  2.6e-291  964.5  21.8   5   5     1e-61   1.2e-59  199.3   5.3   491   630   962  1121   937  1121 0.85 -
2862at4891_6|contig_14:230035-232539    -            835 2534at4891           -            630  6.8e-147  487.5   0.0   1   2   1.6e-82   1.8e-80  268.0   0.0    80   343   210   478   199   482 0.93 -
2862at4891_6|contig_14:230035-232539    -            835 2534at4891           -            630  6.8e-147  487.5   0.0   2   2   2.7e-67   3.2e-65  217.7   0.0    79   306   482   713   478   743 0.89 -
6567at4891_2|contig_12:157325-159655    -            777 2534at4891           -            630  9.1e-140  463.9   0.0   1   2     5e-78   5.9e-76  253.2   0.0    81   341   242   505   227   511 0.90 -
6567at4891_2|contig_12:157325-159655    -            777 2534at4891           -            630  9.1e-140  463.9   0.0   2   2   1.5e-64   1.8e-62  208.6   0.0    81   304   513   738   506   745 0.95 -
3496at4891_7|contig_16:372469-374952    -            828 2534at4891           -            630  2.5e-121  403.0   0.0   1   2     1e-64   1.2e-62  209.2   0.0    80   361   201   489   184   504 0.87 -
3496at4891_7|contig_16:372469-374952    -            828 2534at4891           -            630  2.5e-121  403.0   0.0   2   2   2.4e-59   2.8e-57  191.5   0.0    80   339   529   809   507   823 0.81 -
11586at4891_6|contig_3:807549-808859    -            437 2534at4891           -            630   4.8e-65  217.1   0.0   1   1   6.6e-67   7.6e-65  216.4   0.0    79   321   176   422   156   434 0.87 -
8568at4891_1|contig_25:497875-499275    -            467 2534at4891           -            630   1.5e-61  205.5   0.0   1   1   2.5e-63   2.9e-61  204.6   0.0    80   305   205   434   195   464 0.88 -
13867at4891_0|contig_13:429550-430761   -            404 2534at4891           -            630   4.7e-60  200.6   0.0   1   1   5.9e-62   6.9e-60  200.1   0.0    81   322   144   389   122   402 0.89 -
12258at4891_9|contig_14:431939-433255   -            439 2534at4891           -            630   5.7e-60  200.4   0.0   1   1   6.6e-62   7.7e-60  199.9   0.0    71   321   165   425   154   435 0.87 -
3680at4891_2|contig_19:19898-22750      -            951 2534at4891           -            630   4.9e-58  193.9   0.1   1   2      0.28        33   -0.4   0.0   181   265   463   550   426   560 0.73 -
3680at4891_2|contig_19:19898-22750      -            951 2534at4891           -            630   4.9e-58  193.9   0.1   2   2   5.2e-59     6e-57  190.4   0.0    80   305   649   879   629   947 0.86 -
15588at4891_2|contig_13:561749-562834   -            362 2534at4891           -            630   1.2e-55  186.0   0.0   1   1   1.4e-57   1.6e-55  185.7   0.0    79   324    86   329    79   355 0.90 -
12973at4891_7|contig_3:545690-546997    -            436 2534at4891           -            630     7e-51  170.3   1.1   1   2         1   1.2e+02   -2.2   0.2   443   479    42    78    17   111 0.66 -
12973at4891_7|contig_3:545690-546997    -            436 2534at4891           -            630     7e-51  170.3   1.1   2   2   7.3e-53   8.4e-51  170.1   0.1    82   305   181   408   157   430 0.88 -
12560at4891_2|contig_20:60719-62029     -            437 2534at4891           -            630   1.5e-50  169.2   0.0   1   1   1.6e-52   1.9e-50  168.9   0.0    77   304   126   353   103   414 0.91 -
11201at4891_1|contig_14:1235634-1236917 -            428 2534at4891           -            630   4.7e-50  167.6   0.1   1   1     6e-52     7e-50  167.0   0.1    80   315   168   408   161   423 0.88 -
4361at4891_2|contig_20:329906-332146    -            747 2534at4891           -            630   6.3e-49  163.9   0.0   1   1   8.1e-51   9.4e-49  163.3   0.0    65   322   262   519   251   542 0.90 -
12560at4891_7|contig_20:524640-525614   -            325 2534at4891           -            630   8.2e-48  160.2   0.0   1   1   9.3e-50   1.1e-47  159.8   0.0    74   338    33   306    13   320 0.77 -
2212at4891_1|contig_4:417367-419637     -            757 2534at4891           -            630   3.1e-47  158.3   0.2   1   1   2.1e-48   2.5e-46  155.3   0.1    80   443   233   627   212   630 0.75 -
4361at4891_5|contig_17:190479-192038    -            520 2534at4891           -            630   4.8e-47  157.6   0.0   1   1   5.8e-49   6.7e-47  157.2   0.0    76   315    66   316    39   335 0.84 -
4544at4891_2|contig_25:599635-602748    -           1038 2534at4891           -            630   2.4e-46  155.3   0.0   1   1   4.2e-48   4.9e-46  154.3   0.0    76   306   684   924   662   947 0.89 -
12560at4891_1|contig_17:244681-245616   -            312 2534at4891           -            630   1.2e-40  136.5   0.0   1   2     8e-30   9.3e-28   93.9   0.0    80   201    17   134     7   144 0.93 -
12560at4891_1|contig_17:244681-245616   -            312 2534at4891           -            630   1.2e-40  136.5   0.0   2   2   1.1e-13   1.3e-11   40.6   0.0   219   339   173   294   164   305 0.75 -
8686at4891_2|contig_14:1199143-1200501  -            453 2534at4891           -            630   1.5e-12   43.7   0.0   1   1     1e-13   1.2e-11   40.7   0.0   110   253   256   391   250   438 0.78 -
15588at4891_4|contig_4:218105-218647    -            181 2534at4891           -            630     4e-12   42.3   0.0   1   1   8.6e-14     1e-11   41.0   0.0   115   267     2   178     1   181 0.76 -
14136at4891_2|contig_2:518028-520229    -            734 2534at4891           -            630    0.0007   15.1   0.3   1   2   1.7e-05    0.0019   13.6   0.0   117   191   167   238   163   242 0.72 -
14136at4891_2|contig_2:518028-520229    -            734 2534at4891           -            630    0.0007   15.1   0.3   2   2       1.3   1.5e+02   -2.6   0.4   484   528   635   683   603   695 0.54 -
18264at4891_2|contig_19:86572-87573     -            334 2534at4891           -            630      0.01   11.2   0.0   1   1   0.00016     0.019   10.3   0.0   121   141    49    69    42    79 0.87 -
#
# Program:         hmmsearch
# Version:         3.1b2 (February 2015)
# Pipeline mode:   SEARCH
# Query file:      /mnt/c/Users/HMarton/GitHub/LundUni/Pages/Projects/de_novo_BINP29/busco_downloads/lineages/saccharomycetes_odb10/hmms/2534at4891.hmm
# Target file:     /mnt/c/Users/HMarton/GitHub/LundUni/Pages/Projects/de_novo_BINP29/results/04_busco/BUSCO_assembly.fasta/run_saccharomycetes_odb10/metaeuk_output/initial_results/assembly.fasta.modified.fas
# Option settings: hmmsearch --domtblout /mnt/c/Users/HMarton/GitHub/LundUni/Pages/Projects/de_novo_BINP29/results/04_busco/BUSCO_assembly.fasta/run_saccharomycetes_odb10/hmmer_output/initial_run_results/2534at4891.out --cpu 1 /mnt/c/Users/HMarton/GitHub/LundUni/Pages/Projects/de_novo_BINP29/busco_downloads/lineages/saccharomycetes_odb10/hmms/2534at4891.hmm /mnt/c/Users/HMarton/GitHub/LundUni/Pages/Projects/de_novo_BINP29/results/04_busco/BUSCO_assembly.fasta/run_saccharomycetes_odb10/metaeuk_output/initial_results/assembly.fasta.modified.fas 
# Current dir:     /mnt/c/Users/HMarton/GitHub/LundUni/Pages/Projects/de_novo_BINP29
# Date:            Fri Feb 23 20:13:49 2024
# [ok]
