#                                                                                             --- full sequence --- -------------- this domain -------------   hmm coord   ali coord   env coord
# target name                         accession   tlen query name           accession   qlen   E-value  score  bias   #  of  c-Evalue  i-Evalue  score  bias  from    to  from    to  from    to  acc description of target
#                 ------------------- ---------- ----- -------------------- ---------- ----- --------- ------ ----- --- --- --------- --------- ------ ----- ----- ----- ----- ----- ----- ----- ---- ---------------------
25783at4891_2|contig_13:939914-940822 -            303 25783at4891          -            234  1.3e-107  355.9   0.7   1   1    5e-110  1.9e-107  355.4   0.4     3   230    66   303    63   303 0.92 -
468at4891_2|contig_2:352560-357527    -           1656 25783at4891          -            234   0.00048   17.0   0.1   1   1   2.4e-06   0.00092   16.1   0.1   145   206  1190  1255  1127  1276 0.72 -
12584at4891_7|contig_14:979627-982632 -           1002 25783at4891          -            234    0.0022   14.9   0.2   1   1   1.4e-05    0.0052   13.6   0.2   155   208   813   866   791   891 0.82 -
631at4891_7|contig_14:612236-616042   -           1269 25783at4891          -            234    0.0051   13.7   0.3   1   1   2.6e-05    0.0099   12.7   0.3   156   197   951   991   943  1003 0.80 -
631at4891_7|contig_17:507673-511464   -           1264 25783at4891          -            234    0.0055   13.6   0.2   1   1   2.8e-05     0.011   12.6   0.2   156   197   947   987   940   999 0.81 -
1529at4891_2|contig_6:247721-251170   -           1150 25783at4891          -            234    0.0061   13.4   0.0   1   1     3e-05     0.011   12.5   0.0   158   205   861   907   851   927 0.80 -
631at4891_2|contig_5:120556-124536    -           1327 25783at4891          -            234     0.013   12.4   0.3   1   2       2.6   9.9e+02   -3.6   0.0    37    57    39    59    36    72 0.78 -
631at4891_2|contig_5:120556-124536    -           1327 25783at4891          -            234     0.013   12.4   0.3   2   2   7.6e-05     0.029   11.2   0.1   162   206   921   965   913   985 0.79 -
#
# Program:         hmmsearch
# Version:         3.1b2 (February 2015)
# Pipeline mode:   SEARCH
# Query file:      /mnt/c/Users/HMarton/GitHub/LundUni/Pages/Projects/de_novo_BINP29/busco_downloads/lineages/saccharomycetes_odb10/hmms/25783at4891.hmm
# Target file:     /mnt/c/Users/HMarton/GitHub/LundUni/Pages/Projects/de_novo_BINP29/results/04_busco/BUSCO_assembly.fasta/run_saccharomycetes_odb10/metaeuk_output/initial_results/assembly.fasta.modified.fas
# Option settings: hmmsearch --domtblout /mnt/c/Users/HMarton/GitHub/LundUni/Pages/Projects/de_novo_BINP29/results/04_busco/BUSCO_assembly.fasta/run_saccharomycetes_odb10/hmmer_output/initial_run_results/25783at4891.out --cpu 1 /mnt/c/Users/HMarton/GitHub/LundUni/Pages/Projects/de_novo_BINP29/busco_downloads/lineages/saccharomycetes_odb10/hmms/25783at4891.hmm /mnt/c/Users/HMarton/GitHub/LundUni/Pages/Projects/de_novo_BINP29/results/04_busco/BUSCO_assembly.fasta/run_saccharomycetes_odb10/metaeuk_output/initial_results/assembly.fasta.modified.fas 
# Current dir:     /mnt/c/Users/HMarton/GitHub/LundUni/Pages/Projects/de_novo_BINP29
# Date:            Fri Feb 23 20:14:27 2024
# [ok]
