#                                                                                             --- full sequence --- -------------- this domain -------------   hmm coord   ali coord   env coord
# target name                         accession   tlen query name           accession   qlen   E-value  score  bias   #  of  c-Evalue  i-Evalue  score  bias  from    to  from    to  from    to  acc description of target
#                 ------------------- ---------- ----- -------------------- ---------- ----- --------- ------ ----- --- --- --------- --------- ------ ----- ----- ----- ----- ----- ----- ----- ---- ---------------------
26895at4891_2|contig_13:233598-234656 -            353 26895at4891          -            221   2.7e-65  217.3  11.9   1   3   1.3e-14   1.2e-11   41.9   0.0     1    40     1    40     1    47 0.94 -
26895at4891_2|contig_13:233598-234656 -            353 26895at4891          -            221   2.7e-65  217.3  11.9   2   3   6.4e-25   5.7e-22   75.6   0.8    45   156    87   244    60   257 0.79 -
26895at4891_2|contig_13:233598-234656 -            353 26895at4891          -            221   2.7e-65  217.3  11.9   3   3   2.7e-32   2.4e-29   99.7   1.7   151   220   258   339   253   340 0.84 -
23143at4891_7|contig_20:56481-57449   -            323 26895at4891          -            221   1.4e-24   84.2   0.0   1   2   0.00034       0.3    7.9   0.0    48   104    35    95    17   103 0.86 -
23143at4891_7|contig_20:56481-57449   -            323 26895at4891          -            221   1.4e-24   84.2   0.0   2   2   2.9e-23   2.6e-20   70.2   0.0    70   220   110   296   101   297 0.72 -
25313at4891_2|contig_14:288951-290189 -            413 26895at4891          -            221   9.5e-24   81.4   2.3   1   2     0.003       2.7    4.8   0.0   171   194   100   123    94   127 0.92 -
25313at4891_2|contig_14:288951-290189 -            413 26895at4891          -            221   9.5e-24   81.4   2.3   2   2   2.8e-23   2.5e-20   70.3   0.6    46   218   144   361   141   364 0.77 -
#
# Program:         hmmsearch
# Version:         3.1b2 (February 2015)
# Pipeline mode:   SEARCH
# Query file:      /mnt/c/Users/HMarton/GitHub/LundUni/Pages/Projects/de_novo_BINP29/busco_downloads/lineages/saccharomycetes_odb10/hmms/26895at4891.hmm
# Target file:     /mnt/c/Users/HMarton/GitHub/LundUni/Pages/Projects/de_novo_BINP29/results/04_busco/BUSCO_assembly.fasta/run_saccharomycetes_odb10/metaeuk_output/initial_results/assembly.fasta.modified.fas
# Option settings: hmmsearch --domtblout /mnt/c/Users/HMarton/GitHub/LundUni/Pages/Projects/de_novo_BINP29/results/04_busco/BUSCO_assembly.fasta/run_saccharomycetes_odb10/hmmer_output/initial_run_results/26895at4891.out --cpu 1 /mnt/c/Users/HMarton/GitHub/LundUni/Pages/Projects/de_novo_BINP29/busco_downloads/lineages/saccharomycetes_odb10/hmms/26895at4891.hmm /mnt/c/Users/HMarton/GitHub/LundUni/Pages/Projects/de_novo_BINP29/results/04_busco/BUSCO_assembly.fasta/run_saccharomycetes_odb10/metaeuk_output/initial_results/assembly.fasta.modified.fas 
# Current dir:     /mnt/c/Users/HMarton/GitHub/LundUni/Pages/Projects/de_novo_BINP29
# Date:            Fri Feb 23 20:14:00 2024
# [ok]
