#                                                                                               --- full sequence --- -------------- this domain -------------   hmm coord   ali coord   env coord
# target name                           accession   tlen query name           accession   qlen   E-value  score  bias   #  of  c-Evalue  i-Evalue  score  bias  from    to  from    to  from    to  acc description of target
#                   ------------------- ---------- ----- -------------------- ---------- ----- --------- ------ ----- --- --- --------- --------- ------ ----- ----- ----- ----- ----- ----- ----- ---- ---------------------
27496at4891|contig_2:34570-35271        -            234 27496at4891          -            191   5.3e-96  316.7   0.1   1   1   3.2e-98   9.6e-96  315.8   0.1     1   191    10   228    10   228 0.90 -
23380at4891_2|contig_13:1026386-1027165 -            260 27496at4891          -            191   1.6e-31  106.3   0.0   1   1   4.9e-33   1.5e-30  103.2   0.0     3   191    14   234    12   234 0.75 -
24629at4891_2|contig_2:832757-833506    -            250 27496at4891          -            191   1.6e-30  103.1   0.0   1   1   8.8e-33   2.6e-30  102.4   0.0     2   173    10   202     9   219 0.82 -
23591at4891_8|contig_3:250015-250767    -            251 27496at4891          -            191   9.5e-30  100.5   0.0   1   1   5.8e-32   1.7e-29   99.7   0.0     3   184    10   218     8   224 0.80 -
23912at4891_5|contig_13:786562-787332   -            257 27496at4891          -            191   2.1e-27   92.9   0.3   1   1     1e-29     3e-27   92.4   0.3     2   175    11   201    10   214 0.82 -
24692at4891_2|contig_3:1013035-1013898  -            288 27496at4891          -            191   2.8e-26   89.2   0.0   1   1   1.5e-28   4.4e-26   88.6   0.0     3   158    14   183    12   209 0.85 -
28217at4891_2|contig_13:493955-494704   -            250 27496at4891          -            191   7.5e-17   58.5   0.0   1   1   5.5e-19   1.6e-16   57.4   0.0     3   163    16   192    14   234 0.77 -
22859at4891_1|contig_4:665756-666478    -            241 27496at4891          -            191   1.1e-08   31.8   0.0   1   1     5e-11   1.5e-08   31.4   0.0    22   153    27   171    17   197 0.84 -
21752at4891_3|contig_3:626122-626904    -            261 27496at4891          -            191   8.7e-06   22.4   0.0   1   2   1.2e-07   3.5e-05   20.4   0.0    19   162    25   178    19   194 0.78 -
21752at4891_3|contig_3:626122-626904    -            261 27496at4891          -            191   8.7e-06   22.4   0.0   2   2      0.29        88   -0.5   0.0   115   158   184   227   179   233 0.72 -
#
# Program:         hmmsearch
# Version:         3.1b2 (February 2015)
# Pipeline mode:   SEARCH
# Query file:      /mnt/c/Users/HMarton/GitHub/LundUni/Pages/Projects/de_novo_BINP29/busco_downloads/lineages/saccharomycetes_odb10/hmms/27496at4891.hmm
# Target file:     /mnt/c/Users/HMarton/GitHub/LundUni/Pages/Projects/de_novo_BINP29/results/04_busco/BUSCO_assembly.fasta/run_saccharomycetes_odb10/metaeuk_output/initial_results/assembly.fasta.modified.fas
# Option settings: hmmsearch --domtblout /mnt/c/Users/HMarton/GitHub/LundUni/Pages/Projects/de_novo_BINP29/results/04_busco/BUSCO_assembly.fasta/run_saccharomycetes_odb10/hmmer_output/initial_run_results/27496at4891.out --cpu 1 /mnt/c/Users/HMarton/GitHub/LundUni/Pages/Projects/de_novo_BINP29/busco_downloads/lineages/saccharomycetes_odb10/hmms/27496at4891.hmm /mnt/c/Users/HMarton/GitHub/LundUni/Pages/Projects/de_novo_BINP29/results/04_busco/BUSCO_assembly.fasta/run_saccharomycetes_odb10/metaeuk_output/initial_results/assembly.fasta.modified.fas 
# Current dir:     /mnt/c/Users/HMarton/GitHub/LundUni/Pages/Projects/de_novo_BINP29
# Date:            Fri Feb 23 20:13:44 2024
# [ok]
