#                                                                                               --- full sequence --- -------------- this domain -------------   hmm coord   ali coord   env coord
# target name                           accession   tlen query name           accession   qlen   E-value  score  bias   #  of  c-Evalue  i-Evalue  score  bias  from    to  from    to  from    to  acc description of target
#                   ------------------- ---------- ----- -------------------- ---------- ----- --------- ------ ----- --- --- --------- --------- ------ ----- ----- ----- ----- ----- ----- ----- ---- ---------------------
28907at4891_2|contig_20:859065-860021   -            319 28907at4891          -            239   5.4e-78  259.1   5.5   1   3   2.6e-49   1.4e-47  159.5   1.4    62   151    37   132     9   147 0.89 -
28907at4891_2|contig_20:859065-860021   -            319 28907at4891          -            239   5.4e-78  259.1   5.5   2   3   5.3e-25   2.8e-23   80.0   0.0   145   215   147   223   138   243 0.88 -
28907at4891_2|contig_20:859065-860021   -            319 28907at4891          -            239   5.4e-78  259.1   5.5   3   3   7.5e-07     4e-05   20.5   0.1   208   239   285   319   268   319 0.80 -
17077at4891_7|contig_20:675144-676478   -            445 28907at4891          -            239     1e-12   45.4   0.5   1   2     1e-13   5.4e-12   43.0   0.7    73   214   141   290   129   309 0.79 -
17077at4891_7|contig_20:675144-676478   -            445 28907at4891          -            239     1e-12   45.4   0.5   2   2       3.3   1.7e+02   -1.2   0.0   183   214   342   373   330   383 0.86 -
3060at4891_2|contig_16:48934-51762      -            943 28907at4891          -            239   5.5e-12   43.0  13.2   1   6      0.02       1.1    6.0   0.0   157   214    93   151    83   168 0.77 -
3060at4891_2|contig_16:48934-51762      -            943 28907at4891          -            239   5.5e-12   43.0  13.2   2   6   0.00061     0.033   11.0   0.3    68   175   124   236   110   245 0.76 -
3060at4891_2|contig_16:48934-51762      -            943 28907at4891          -            239   5.5e-12   43.0  13.2   3   6       1.5        81   -0.1   0.0   185   215   391   421   375   433 0.69 -
3060at4891_2|contig_16:48934-51762      -            943 28907at4891          -            239   5.5e-12   43.0  13.2   4   6     0.043       2.3    4.9   0.0    52   102   460   509   454   517 0.82 -
3060at4891_2|contig_16:48934-51762      -            943 28907at4891          -            239   5.5e-12   43.0  13.2   5   6   1.3e-08     7e-07   26.3   0.7    62   132   570   643   557   649 0.84 -
3060at4891_2|contig_16:48934-51762      -            943 28907at4891          -            239   5.5e-12   43.0  13.2   6   6       0.3        16    2.2   0.0   100   131   652   684   645   687 0.84 -
15960at4891_0|contig_19:620356-621267   -            304 28907at4891          -            239   1.4e-11   41.6  10.8   1   2   8.7e-09   4.6e-07   26.9   0.3    81   215     6   148     5   155 0.75 -
15960at4891_0|contig_19:620356-621267   -            304 28907at4891          -            239   1.4e-11   41.6  10.8   2   2   0.00011    0.0057   13.5   4.6    76   135   218   282   191   286 0.85 -
16921at4891_9|contig_26:99454-100452    -            333 28907at4891          -            239   1.8e-11   41.3   6.8   1   4      0.79        42    0.8   0.0   191   212    10    32     3    38 0.61 -
16921at4891_9|contig_26:99454-100452    -            333 28907at4891          -            239   1.8e-11   41.3   6.8   2   4   0.00017    0.0091   12.8   0.2   180   226    90   141    69   153 0.66 -
16921at4891_9|contig_26:99454-100452    -            333 28907at4891          -            239   1.8e-11   41.3   6.8   3   4     0.019         1    6.1   0.0    79   214   190   250   177   267 0.56 -
16921at4891_9|contig_26:99454-100452    -            333 28907at4891          -            239   1.8e-11   41.3   6.8   4   4   9.2e-07   4.9e-05   20.2   0.2    71   130   268   330   253   332 0.82 -
17785at4891_2|contig_3:827964-829340    -            459 28907at4891          -            239   8.6e-11   39.1   2.3   1   4   1.4e-05   0.00077   16.3   0.0    69   131   107   170    94   178 0.85 -
17785at4891_2|contig_3:827964-829340    -            459 28907at4891          -            239   8.6e-11   39.1   2.3   2   4      0.62        33    1.2   0.0   177   212   199   235   192   245 0.75 -
17785at4891_2|contig_3:827964-829340    -            459 28907at4891          -            239   8.6e-11   39.1   2.3   3   4     0.018      0.99    6.2   0.1   145   216   245   320   234   342 0.76 -
17785at4891_2|contig_3:827964-829340    -            459 28907at4891          -            239   8.6e-11   39.1   2.3   4   4   0.00057      0.03   11.1   0.1    53   137   363   409   348   452 0.57 -
1495at4891_2|contig_14:101101-104910    -           1270 28907at4891          -            239     1e-10   38.8   5.3   1   4    0.0016     0.086    9.6   0.1   174   221    51    99    21   107 0.80 -
1495at4891_2|contig_14:101101-104910    -           1270 28907at4891          -            239     1e-10   38.8   5.3   2   4     0.016      0.83    6.4   0.1   184   218   107   143    99   161 0.73 -
1495at4891_2|contig_14:101101-104910    -           1270 28907at4891          -            239     1e-10   38.8   5.3   3   4      0.65        35    1.1   0.0    64   102   159   197   155   201 0.76 -
1495at4891_2|contig_14:101101-104910    -           1270 28907at4891          -            239     1e-10   38.8   5.3   4   4   6.5e-07   3.5e-05   20.7   0.1   158   225   228   302   206   309 0.75 -
16921at4891_6|contig_6:255886-256704    -            273 28907at4891          -            239   1.9e-10   38.0   5.8   1   3      0.41        22    1.7   0.0    77    94    35    52    29    72 0.86 -
16921at4891_6|contig_6:255886-256704    -            273 28907at4891          -            239   1.9e-10   38.0   5.8   2   3   2.9e-05    0.0016   15.3   1.0    78   135    76   136    55   143 0.85 -
16921at4891_6|contig_6:255886-256704    -            273 28907at4891          -            239   1.9e-10   38.0   5.8   3   3     7e-07   3.7e-05   20.6   0.0    70   135   198   265   193   269 0.84 -
18416at4891_5|contig_14:714201-715316   -            372 28907at4891          -            239   3.7e-10   37.0   1.5   1   3   3.6e-06   0.00019   18.3   0.1    57   134    52   136    41   205 0.75 -
18416at4891_5|contig_14:714201-715316   -            372 28907at4891          -            239   3.7e-10   37.0   1.5   2   3    0.0053      0.28    7.9   0.0    72   138   181   255   170   262 0.67 -
18416at4891_5|contig_14:714201-715316   -            372 28907at4891          -            239   3.7e-10   37.0   1.5   3   3    0.0034      0.18    8.5   0.2    69    94   287   313   268   318 0.86 -
8291at4891_7|contig_25:639374-641518    -            715 28907at4891          -            239   4.4e-10   36.8   5.1   1   2   0.00033     0.018   11.9   0.1    99   131     7    39     3    57 0.86 -
8291at4891_7|contig_25:639374-641518    -            715 28907at4891          -            239   4.4e-10   36.8   5.1   2   2   2.8e-08   1.5e-06   25.2   1.5    68   212   102   247    75   258 0.80 -
17074at4891_3|contig_25:163898-164776   -            293 28907at4891          -            239     8e-10   35.9   0.7   1   4     0.002      0.11    9.3   0.0    65    98    14    47     7    55 0.82 -
17074at4891_3|contig_25:163898-164776   -            293 28907at4891          -            239     8e-10   35.9   0.7   2   4      0.11         6    3.6   0.0   194   214    84   104    66   115 0.80 -
17074at4891_3|contig_25:163898-164776   -            293 28907at4891          -            239     8e-10   35.9   0.7   3   4      0.13       7.2    3.3   0.0   119   135   154   170   148   178 0.86 -
17074at4891_3|contig_25:163898-164776   -            293 28907at4891          -            239     8e-10   35.9   0.7   4   4   4.3e-05    0.0023   14.8   0.1    69   135   185   249   173   255 0.77 -
7896at4891_2|contig_2:489252-491096     -            615 28907at4891          -            239   8.4e-10   35.8   0.3   1   4       0.3        16    2.2   0.0   153   213    29    95    21   112 0.73 -
7896at4891_2|contig_2:489252-491096     -            615 28907at4891          -            239   8.4e-10   35.8   0.3   2   4   0.00032     0.017   11.9   0.0   108   172   256   317   207   374 0.73 -
7896at4891_2|contig_2:489252-491096     -            615 28907at4891          -            239   8.4e-10   35.8   0.3   3   4     0.041       2.2    5.0   0.0   128   197   469   543   453   550 0.73 -
7896at4891_2|contig_2:489252-491096     -            615 28907at4891          -            239   8.4e-10   35.8   0.3   4   4   0.00059     0.031   11.1   0.0   156   213   555   612   547   614 0.84 -
6943at4891_4|contig_16:316645-318099    -            485 28907at4891          -            239   1.4e-09   35.1   6.4   1   5      0.49        26    1.5   0.0   196   231    80   115    71   121 0.86 -
6943at4891_4|contig_16:316645-318099    -            485 28907at4891          -            239   1.4e-09   35.1   6.4   2   5      0.41        22    1.7   0.1   195   214   132   151   128   163 0.82 -
6943at4891_4|contig_16:316645-318099    -            485 28907at4891          -            239   1.4e-09   35.1   6.4   3   5     0.054       2.9    4.6   0.0    48    77   192   221   160   226 0.88 -
6943at4891_4|contig_16:316645-318099    -            485 28907at4891          -            239   1.4e-09   35.1   6.4   4   5   4.9e-06   0.00026   17.9   0.5   149   231   226   310   220   314 0.76 -
6943at4891_4|contig_16:316645-318099    -            485 28907at4891          -            239   1.4e-09   35.1   6.4   5   5    0.0016     0.084    9.6   0.2    56   141   297   385   293   398 0.77 -
11696at4891_2|contig_2:401773-403305    -            511 28907at4891          -            239   3.1e-09   34.0   3.5   1   5       2.3   1.2e+02   -0.7   0.0   176   235   262   325   259   329 0.63 -
11696at4891_2|contig_2:401773-403305    -            511 28907at4891          -            239   3.1e-09   34.0   3.5   2   5   0.00036     0.019   11.8   0.0   110   139   326   357   317   364 0.78 -
11696at4891_2|contig_2:401773-403305    -            511 28907at4891          -            239   3.1e-09   34.0   3.5   3   5     0.015       0.8    6.4   0.1   180   216   361   399   355   408 0.73 -
11696at4891_2|contig_2:401773-403305    -            511 28907at4891          -            239   3.1e-09   34.0   3.5   4   5   6.2e-05    0.0033   14.2   0.1    62    98   415   450   398   456 0.81 -
11696at4891_2|contig_2:401773-403305    -            511 28907at4891          -            239   3.1e-09   34.0   3.5   5   5       6.2   3.3e+02   -2.1   0.0   185   205   479   501   470   508 0.61 -
20201at4891_2|contig_14:976480-977445   -            322 28907at4891          -            239   3.5e-09   33.8   8.8   1   6   5.8e-06   0.00031   17.6   0.0   138   233     5   104     2   110 0.81 -
20201at4891_2|contig_14:976480-977445   -            322 28907at4891          -            239   3.5e-09   33.8   8.8   2   6     0.087       4.6    3.9   0.2   185   215   104   135    99   141 0.81 -
20201at4891_2|contig_14:976480-977445   -            322 28907at4891          -            239   3.5e-09   33.8   8.8   3   6    0.0087      0.47    7.2   0.3   179   211   143   177   137   204 0.77 -
20201at4891_2|contig_14:976480-977445   -            322 28907at4891          -            239   3.5e-09   33.8   8.8   4   6       4.8   2.6e+02   -1.8   0.0   199   212   211   224   186   228 0.70 -
20201at4891_2|contig_14:976480-977445   -            322 28907at4891          -            239   3.5e-09   33.8   8.8   5   6     0.056         3    4.6   0.0   104   131   246   273   241   292 0.93 -
20201at4891_2|contig_14:976480-977445   -            322 28907at4891          -            239   3.5e-09   33.8   8.8   6   6      0.19        10    2.8   0.0   186   211   293   321   286   322 0.79 -
6943at4891_1|contig_4:208656-209474     -            273 28907at4891          -            239   6.3e-09   33.0   6.8   1   3         9   4.8e+02   -2.6   0.0   122   140     4    21     2    29 0.73 -
6943at4891_1|contig_4:208656-209474     -            273 28907at4891          -            239   6.3e-09   33.0   6.8   2   3     0.019      0.99    6.1   0.1    68    96    59    87    40    96 0.65 -
6943at4891_1|contig_4:208656-209474     -            273 28907at4891          -            239   6.3e-09   33.0   6.8   3   3   5.1e-10   2.7e-08   30.9   1.8    68   226    59   240    52   250 0.71 -
17077at4891_2|contig_17:290336-291190   -            285 28907at4891          -            239   7.5e-09   32.7   6.6   1   4    0.0002     0.011   12.6   0.0   103   134     3    34     1    42 0.93 -
17077at4891_2|contig_17:290336-291190   -            285 28907at4891          -            239   7.5e-09   32.7   6.6   2   4      0.65        35    1.1   0.0    77    95    59    77    40    89 0.62 -
17077at4891_2|contig_17:290336-291190   -            285 28907at4891          -            239   7.5e-09   32.7   6.6   3   4   0.00013     0.007   13.2   1.3    78   136   123   185   114   188 0.80 -
17077at4891_2|contig_17:290336-291190   -            285 28907at4891          -            239   7.5e-09   32.7   6.6   4   4       0.1       5.5    3.7   0.0   114   133   223   242   218   250 0.86 -
8998at4891_7|contig_19:41018-42367      -            450 28907at4891          -            239   8.1e-09   32.6   5.2   1   2   1.8e-06   9.7e-05   19.3   1.9    96   229   111   249    71   258 0.78 -
8998at4891_7|contig_19:41018-42367      -            450 28907at4891          -            239   8.1e-09   32.6   5.2   2   2   0.00011     0.006   13.4   0.1    73   137   254   324   248   359 0.72 -
24709at4891_2|contig_19:568817-569980   -            388 28907at4891          -            239   8.4e-09   32.6   0.2   1   2   9.6e-09   5.1e-07   26.7   0.2   105   215    60   179    44   197 0.82 -
24709at4891_2|contig_19:568817-569980   -            388 28907at4891          -            239   8.4e-09   32.6   0.2   2   2      0.12       6.6    3.4   0.0   103   132   288   320   284   323 0.72 -
17074at4891_2|contig_20:54833-56221     -            463 28907at4891          -            239   1.3e-08   32.0   0.1   1   3     0.015       0.8    6.5   0.1   161   212   192   246   161   251 0.68 -
17074at4891_2|contig_20:54833-56221     -            463 28907at4891          -            239   1.3e-08   32.0   0.1   2   3   8.4e-07   4.5e-05   20.4   0.0    94   215   253   379   251   385 0.75 -
17074at4891_2|contig_20:54833-56221     -            463 28907at4891          -            239   1.3e-08   32.0   0.1   3   3         1        55    0.4   0.0    99   131   386   421   380   448 0.80 -
3606at4891_2|contig_4:201583-203973     -            797 28907at4891          -            239   2.3e-08   31.1   0.1   1   2   6.8e-07   3.6e-05   20.7   0.3    76   213   535   680   522   682 0.78 -
3606at4891_2|contig_4:201583-203973     -            797 28907at4891          -            239   2.3e-08   31.1   0.1   2   2    0.0012     0.062   10.1   0.0    52   134   639   724   638   730 0.81 -
29122at4891_2|contig_3:738061-739326    -            422 28907at4891          -            239   2.9e-08   30.8   7.0   1   4    0.0076      0.41    7.4   0.1   172   214    78   122    51   143 0.71 -
29122at4891_2|contig_3:738061-739326    -            422 28907at4891          -            239   2.9e-08   30.8   7.0   2   4   9.5e-06   0.00051   16.9   0.3   101   229    88   225    81   233 0.79 -
29122at4891_2|contig_3:738061-739326    -            422 28907at4891          -            239   2.9e-08   30.8   7.0   3   4   3.2e-06   0.00017   18.5   0.5    73   174   187   301   175   308 0.73 -
29122at4891_2|contig_3:738061-739326    -            422 28907at4891          -            239   2.9e-08   30.8   7.0   4   4      0.13       6.8    3.4   0.0    67    95   351   378   323   418 0.79 -
2851at4891_2|contig_12:490170-492617    -            816 28907at4891          -            239   4.3e-08   30.3   5.0   1   5     0.071       3.8    4.2   0.0   139   231    98   195    62   202 0.69 -
2851at4891_2|contig_12:490170-492617    -            816 28907at4891          -            239   4.3e-08   30.3   5.0   2   5       4.9   2.6e+02   -1.8   0.0   195   214   207   226   205   232 0.87 -
2851at4891_2|contig_12:490170-492617    -            816 28907at4891          -            239   4.3e-08   30.3   5.0   3   5       3.5   1.9e+02   -1.3   0.1   196   215   400   419   376   438 0.68 -
2851at4891_2|contig_12:490170-492617    -            816 28907at4891          -            239   4.3e-08   30.3   5.0   4   5   9.2e-06   0.00049   17.0   0.1    78   133   503   562   465   566 0.82 -
2851at4891_2|contig_12:490170-492617    -            816 28907at4891          -            239   4.3e-08   30.3   5.0   5   5   0.00012    0.0066   13.3   0.2    80   135   547   606   544   641 0.85 -
16921at4891_7|contig_4:236757-237653    -            299 28907at4891          -            239   6.9e-08   29.6   0.9   1   3      0.64        34    1.1   0.0   165   208    19    64     5    71 0.68 -
16921at4891_7|contig_4:236757-237653    -            299 28907at4891          -            239   6.9e-08   29.6   0.9   2   3   2.4e-08   1.3e-06   25.4   0.3    62   133    78   153    31   170 0.77 -
16921at4891_7|contig_4:236757-237653    -            299 28907at4891          -            239   6.9e-08   29.6   0.9   3   3       1.2        63    0.2   0.0    66    94   175   202   158   208 0.60 -
17077at4891_6|contig_27:153722-154366   -            215 28907at4891          -            239   9.3e-08   29.2   0.7   1   3   7.8e-06   0.00042   17.2   0.1    75   134    13    75     4    84 0.86 -
17077at4891_6|contig_27:153722-154366   -            215 28907at4891          -            239   9.3e-08   29.2   0.7   2   3      0.27        15    2.3   0.0    77    98   100   121    85   132 0.62 -
17077at4891_6|contig_27:153722-154366   -            215 28907at4891          -            239   9.3e-08   29.2   0.7   3   3     0.015      0.78    6.5   0.0    77   216   163   184   146   204 0.64 -
2568at4891_2|contig_14:683282-686707    -           1142 28907at4891          -            239   1.2e-07   28.8   4.2   1   3      0.17         9    3.0   0.3   162   215    38    96    25   105 0.77 -
2568at4891_2|contig_14:683282-686707    -           1142 28907at4891          -            239   1.2e-07   28.8   4.2   2   3   0.00066     0.036   10.9   0.1    52    96    97   141    94   145 0.90 -
2568at4891_2|contig_14:683282-686707    -           1142 28907at4891          -            239   1.2e-07   28.8   4.2   3   3   4.4e-05    0.0024   14.7   0.0   162   215   173   229   155   236 0.81 -
16921at4891_3|contig_7:193212-193847    -            212 28907at4891          -            239   1.8e-07   28.2   1.2   1   3      0.15       7.8    3.2   0.1    76   103    10    37     4    58 0.64 -
16921at4891_3|contig_7:193212-193847    -            212 28907at4891          -            239   1.8e-07   28.2   1.2   2   3     0.023       1.2    5.8   0.1   118   135    78    95    43    99 0.76 -
16921at4891_3|contig_7:193212-193847    -            212 28907at4891          -            239   1.8e-07   28.2   1.2   3   3     2e-06   0.00011   19.1   0.2    91   211    89   212    85   212 0.79 -
665at4891_4|contig_14:188455-192051     -           1199 28907at4891          -            239   2.3e-07   27.9   1.2   1   3     0.017      0.93    6.2   0.0   161   215    29    84    22   105 0.81 -
665at4891_4|contig_14:188455-192051     -           1199 28907at4891          -            239   2.3e-07   27.9   1.2   2   3    0.0019       0.1    9.4   0.5    80   138   109   171   100   249 0.71 -
665at4891_4|contig_14:188455-192051     -           1199 28907at4891          -            239   2.3e-07   27.9   1.2   3   3     0.062       3.3    4.4   0.1   187   215   255   284   241   305 0.67 -
16305at4891_3|contig_4:370794-372398    -            535 28907at4891          -            239   2.3e-07   27.9   4.0   1   3    0.0089      0.47    7.2   0.3    53    96   250   291   203   299 0.77 -
16305at4891_3|contig_4:370794-372398    -            535 28907at4891          -            239   2.3e-07   27.9   4.0   2   3   4.5e-06   0.00024   18.0   0.1    64   134   358   430   354   442 0.86 -
16305at4891_3|contig_4:370794-372398    -            535 28907at4891          -            239   2.3e-07   27.9   4.0   3   3      0.77        41    0.8   0.0   119   138   457   476   451   485 0.76 -
4206at4891_2|contig_26:118102-120855    -            918 28907at4891          -            239   3.5e-07   27.3   3.7   1   3      0.51        27    1.4   0.0   165   215    35    86    22   129 0.70 -
4206at4891_2|contig_26:118102-120855    -            918 28907at4891          -            239   3.5e-07   27.3   3.7   2   3     0.025       1.3    5.7   0.2    63   131   144   218   139   223 0.71 -
4206at4891_2|contig_26:118102-120855    -            918 28907at4891          -            239   3.5e-07   27.3   3.7   3   3   8.4e-06   0.00045   17.1   0.4    69   213   349   502   302   532 0.75 -
17074at4891_6|contig_13:512010-512720   -            237 28907at4891          -            239   5.3e-07   26.7   0.8   1   3   1.7e-05   0.00093   16.1   0.0   154   212    48   108    38   112 0.87 -
17074at4891_6|contig_13:512010-512720   -            237 28907at4891          -            239   5.3e-07   26.7   0.8   2   3     0.024       1.3    5.8   0.0   175   215   111   156   109   165 0.76 -
17074at4891_6|contig_13:512010-512720   -            237 28907at4891          -            239   5.3e-07   26.7   0.8   3   3      0.33        18    2.0   0.3   180   220   161   204   155   215 0.67 -
5502at4891_2|contig_3:61943-65851       -           1303 28907at4891          -            239     8e-07   26.1   0.4   1   4   4.7e-05    0.0025   14.7   0.1    65   127   223   294   209   303 0.68 -
5502at4891_2|contig_3:61943-65851       -           1303 28907at4891          -            239     8e-07   26.1   0.4   2   4     0.027       1.4    5.6   0.0   163   215   311   365   301   376 0.80 -
5502at4891_2|contig_3:61943-65851       -           1303 28907at4891          -            239     8e-07   26.1   0.4   3   4       2.1   1.1e+02   -0.6   0.0    34    51   402   419   391   436 0.84 -
5502at4891_2|contig_3:61943-65851       -           1303 28907at4891          -            239     8e-07   26.1   0.4   4   4       7.5     4e+02   -2.4   0.0   168   215   439   486   421   492 0.68 -
11568at4891_2|contig_25:274915-276138   -            408 28907at4891          -            239   1.2e-06   25.5   0.7   1   3     0.085       4.5    4.0   0.0   177   218    37    78    30    96 0.76 -
11568at4891_2|contig_25:274915-276138   -            408 28907at4891          -            239   1.2e-06   25.5   0.7   2   3   0.00023     0.012   12.4   0.4    76   141   111   180    91   186 0.75 -
11568at4891_2|contig_25:274915-276138   -            408 28907at4891          -            239   1.2e-06   25.5   0.7   3   3     0.043       2.3    5.0   0.0   101   138   290   330   282   352 0.66 -
16921at4891_8|contig_26:80163-80855     -            231 28907at4891          -            239   3.9e-06   23.8   0.1   1   2   1.7e-05   0.00091   16.1   0.1    81   218    13   165     3   168 0.62 -
16921at4891_8|contig_26:80163-80855     -            231 28907at4891          -            239   3.9e-06   23.8   0.1   2   2       0.2        11    2.7   0.0   194   218   195   219   176   227 0.78 -
17147at4891_9|contig_14:1176799-1178028 -            410 28907at4891          -            239   3.7e-05   20.7   0.1   1   3   0.00029     0.015   12.1   0.1    69   213   121   277   115   290 0.78 -
17147at4891_9|contig_14:1176799-1178028 -            410 28907at4891          -            239   3.7e-05   20.7   0.1   2   3     0.039       2.1    5.1   0.0   115   215   259   369   247   381 0.67 -
17147at4891_9|contig_14:1176799-1178028 -            410 28907at4891          -            239   3.7e-05   20.7   0.1   3   3      0.11       5.7    3.7   0.1    56    85   372   401   367   410 0.74 -
17712at4891_2|contig_2:849820-851199    -            460 28907at4891          -            239   5.6e-05   20.1   1.6   1   4       2.2   1.2e+02   -0.6   0.0    66    95    14    44     3    49 0.44 -
17712at4891_2|contig_2:849820-851199    -            460 28907at4891          -            239   5.6e-05   20.1   1.6   2   4     0.013      0.67    6.7   0.0   184   215    70   102    63   109 0.80 -
17712at4891_2|contig_2:849820-851199    -            460 28907at4891          -            239   5.6e-05   20.1   1.6   3   4      0.25        13    2.5   0.0   158   195   160   197   142   217 0.48 -
17712at4891_2|contig_2:849820-851199    -            460 28907at4891          -            239   5.6e-05   20.1   1.6   4   4     0.013      0.69    6.7   0.1    63   101   371   408   336   411 0.84 -
17077at4891_3|contig_13:310121-310963   -            281 28907at4891          -            239   6.8e-05   19.8   1.7   1   3     0.093         5    3.9   0.2   185   224    22    62    11    72 0.76 -
17077at4891_3|contig_13:310121-310963   -            281 28907at4891          -            239   6.8e-05   19.8   1.7   2   3   0.00013    0.0071   13.2   0.0   156   214    76   136    66   152 0.82 -
17077at4891_3|contig_13:310121-310963   -            281 28907at4891          -            239   6.8e-05   19.8   1.7   3   3       1.2        63    0.2   0.0   181   212   144   179   134   190 0.68 -
33087at4891_2|contig_13:103254-104441   -            396 28907at4891          -            239   9.6e-05   19.3   0.2   1   4    0.0022      0.12    9.1   0.0   103   138    14    48     9    50 0.89 -
33087at4891_2|contig_13:103254-104441   -            396 28907at4891          -            239   9.6e-05   19.3   0.2   2   4       2.1   1.1e+02   -0.6   0.0   180   207   228   255   203   264 0.79 -
33087at4891_2|contig_13:103254-104441   -            396 28907at4891          -            239   9.6e-05   19.3   0.2   3   4     0.058       3.1    4.5   0.0   103   140   289   327   282   340 0.86 -
33087at4891_2|contig_13:103254-104441   -            396 28907at4891          -            239   9.6e-05   19.3   0.2   4   4       2.7   1.4e+02   -0.9   0.0   108   124   357   373   352   376 0.77 -
5986at4891_2|contig_2:487177-488715     -            513 28907at4891          -            239   0.00011   19.1   0.2   1   2     0.031       1.6    5.4   0.0   167   215   105   156    89   170 0.73 -
5986at4891_2|contig_2:487177-488715     -            513 28907at4891          -            239   0.00011   19.1   0.2   2   2    0.0015     0.078    9.8   0.0   147   228   174   254   167   263 0.77 -
4263at4891_2|contig_20:740125-743160    -           1012 28907at4891          -            239   0.00012   19.0  10.2   1   4   0.00027     0.015   12.1   0.0    90   135   161   210   148   221 0.81 -
4263at4891_2|contig_20:740125-743160    -           1012 28907at4891          -            239   0.00012   19.0  10.2   2   4   0.00072     0.038   10.8   0.4    77   137   232   304   220   307 0.73 -
4263at4891_2|contig_20:740125-743160    -           1012 28907at4891          -            239   0.00012   19.0  10.2   3   4       9.8   5.2e+02   -2.8   0.0   186   215   712   741   700   744 0.77 -
4263at4891_2|contig_20:740125-743160    -           1012 28907at4891          -            239   0.00012   19.0  10.2   4   4       4.6   2.5e+02   -1.7   0.0   109   134   769   797   766   847 0.79 -
10099at4891_2|contig_4:594881-597400    -            840 28907at4891          -            239   0.00021   18.1   1.2   1   4     0.021       1.1    6.0   0.0   177   215    70   110    50   115 0.83 -
10099at4891_2|contig_4:594881-597400    -            840 28907at4891          -            239   0.00021   18.1   1.2   2   4    0.0086      0.46    7.2   0.0    96   132   128   165   126   172 0.83 -
10099at4891_2|contig_4:594881-597400    -            840 28907at4891          -            239   0.00021   18.1   1.2   3   4      0.29        16    2.2   0.0    77   132   148   207   146   218 0.80 -
10099at4891_2|contig_4:594881-597400    -            840 28907at4891          -            239   0.00021   18.1   1.2   4   4         2   1.1e+02   -0.5   0.0   185   212   356   384   314   390 0.56 -
27209at4891_7|contig_12:526249-527970   -            574 28907at4891          -            239   0.00073   16.4   0.3   1   1   6.3e-05    0.0034   14.2   0.3    65   186   286   422   279   429 0.73 -
15470at4891|contig_25:457952-458512     -            187 28907at4891          -            239    0.0034   14.2   0.3   1   3      0.19        10    2.8   0.0    72    95     7    30     2    38 0.77 -
15470at4891|contig_25:457952-458512     -            187 28907at4891          -            239    0.0034   14.2   0.3   2   3    0.0065      0.35    7.6   0.1    67    95    44    72    32    84 0.85 -
15470at4891|contig_25:457952-458512     -            187 28907at4891          -            239    0.0034   14.2   0.3   3   3       1.1        61    0.3   0.0   198   215   168   185   145   187 0.64 -
16921at4891_3|contig_14:495798-496592   -            265 28907at4891          -            239    0.0043   13.9   0.4   1   2    0.0017     0.093    9.5   0.2    68   137     5    79     2    85 0.67 -
16921at4891_3|contig_14:495798-496592   -            265 28907at4891          -            239    0.0043   13.9   0.4   2   2      0.43        23    1.7   0.0   114   136   105   127    90   193 0.75 -
14677at4891_4|contig_14:168793-170358   -            522 28907at4891          -            239    0.0069   13.2   0.0   1   2      0.17       9.2    3.0   0.0    68    95   336   363   302   368 0.89 -
14677at4891_4|contig_14:168793-170358   -            522 28907at4891          -            239    0.0069   13.2   0.0   2   2     0.011      0.59    6.9   0.0   119   205   405   504   386   514 0.63 -
10649at4891_2|contig_16:198326-200116   -            597 28907at4891          -            239    0.0075   13.1   0.0   1   2       2.9   1.5e+02   -1.0   0.0   183   214   300   333   257   347 0.70 -
10649at4891_2|contig_16:198326-200116   -            597 28907at4891          -            239    0.0075   13.1   0.0   2   2    0.0025      0.13    9.0   0.0   115   213   424   532   416   544 0.67 -
20201at4891_5|contig_2:470938-471882    -            315 28907at4891          -            239    0.0079   13.0   5.2   1   4     0.026       1.4    5.7   0.1   178   214    83   120    78   127 0.69 -
20201at4891_5|contig_2:470938-471882    -            315 28907at4891          -            239    0.0079   13.0   5.2   2   4     0.023       1.2    5.8   0.1    68    95   134   161   124   165 0.90 -
20201at4891_5|contig_2:470938-471882    -            315 28907at4891          -            239    0.0079   13.0   5.2   3   4      0.58        31    1.2   0.1   120   133   258   271   189   281 0.71 -
20201at4891_5|contig_2:470938-471882    -            315 28907at4891          -            239    0.0079   13.0   5.2   4   4      0.65        35    1.1   0.1   121   134   259   272   231   315 0.75 -
10660at4891_2|contig_12:85099-87051     -            651 28907at4891          -            239    0.0086   12.9   0.0   1   3      0.39        21    1.8   0.0   196   215    94   113    74   123 0.80 -
10660at4891_2|contig_12:85099-87051     -            651 28907at4891          -            239    0.0086   12.9   0.0   2   3      0.09       4.8    3.9   0.0   177   214   131   171   128   178 0.84 -
10660at4891_2|contig_12:85099-87051     -            651 28907at4891          -            239    0.0086   12.9   0.0   3   3    0.0059      0.32    7.8   0.0    73   134   148   212   139   221 0.87 -
12680at4891_2|contig_25:268397-269374   -            326 28907at4891          -            239     0.012   12.4   0.3   1   2      0.24        13    2.5   0.1    64    88    23    47    17    67 0.82 -
12680at4891_2|contig_25:268397-269374   -            326 28907at4891          -            239     0.012   12.4   0.3   2   2     0.012      0.62    6.8   0.0   104   141   109   147   105   161 0.76 -
1653at4891_4|contig_13:269973-272027    -            685 28907at4891          -            239     0.012   12.4   0.1   1   2      0.21        11    2.7   0.0    72    97     4    29     1    34 0.89 -
1653at4891_4|contig_13:269973-272027    -            685 28907at4891          -            239     0.012   12.4   0.1   2   2    0.0085      0.45    7.3   0.0    77   131    54   112    37   122 0.74 -
#
# Program:         hmmsearch
# Version:         3.1b2 (February 2015)
# Pipeline mode:   SEARCH
# Query file:      /mnt/c/Users/HMarton/GitHub/LundUni/Pages/Projects/de_novo_BINP29/busco_downloads/lineages/saccharomycetes_odb10/hmms/28907at4891.hmm
# Target file:     /mnt/c/Users/HMarton/GitHub/LundUni/Pages/Projects/de_novo_BINP29/results/04_busco/BUSCO_assembly.fasta/run_saccharomycetes_odb10/metaeuk_output/initial_results/assembly.fasta.modified.fas
# Option settings: hmmsearch --domtblout /mnt/c/Users/HMarton/GitHub/LundUni/Pages/Projects/de_novo_BINP29/results/04_busco/BUSCO_assembly.fasta/run_saccharomycetes_odb10/hmmer_output/initial_run_results/28907at4891.out --cpu 1 /mnt/c/Users/HMarton/GitHub/LundUni/Pages/Projects/de_novo_BINP29/busco_downloads/lineages/saccharomycetes_odb10/hmms/28907at4891.hmm /mnt/c/Users/HMarton/GitHub/LundUni/Pages/Projects/de_novo_BINP29/results/04_busco/BUSCO_assembly.fasta/run_saccharomycetes_odb10/metaeuk_output/initial_results/assembly.fasta.modified.fas 
# Current dir:     /mnt/c/Users/HMarton/GitHub/LundUni/Pages/Projects/de_novo_BINP29
# Date:            Fri Feb 23 20:14:36 2024
# [ok]
