#                                                                                             --- full sequence --- -------------- this domain -------------   hmm coord   ali coord   env coord
# target name                         accession   tlen query name           accession   qlen   E-value  score  bias   #  of  c-Evalue  i-Evalue  score  bias  from    to  from    to  from    to  acc description of target
#                 ------------------- ---------- ----- -------------------- ---------- ----- --------- ------ ----- --- --- --------- --------- ------ ----- ----- ----- ----- ----- ----- ----- ---- ---------------------
30108at4891_2|contig_22:310991-312112 -            374 30108at4891          -            214   9.6e-83  274.1   3.3   1   2   7.1e-21   4.8e-18   62.7   0.1     7    60   111   170    94   176 0.82 -
30108at4891_2|contig_22:310991-312112 -            374 30108at4891          -            214   9.6e-83  274.1   3.3   2   2   2.2e-66   1.5e-63  211.4   0.4    47   214   177   373   170   373 0.86 -
20191at4891_9|contig_4:331850-332830  -            327 30108at4891          -            214   0.00011   19.0   0.2   1   2   9.6e-06    0.0064   13.2   0.1    58    95   125   163    91   177 0.80 -
20191at4891_9|contig_4:331850-332830  -            327 30108at4891          -            214   0.00011   19.0   0.2   2   2    0.0099       6.6    3.4   0.0   125   159   245   278   216   300 0.72 -
20191at4891_2|contig_14:433831-434649 -            273 30108at4891          -            214     0.014   12.1   1.3   1   2   0.00031      0.21    8.3   0.0    75    97   128   150   120   164 0.86 -
20191at4891_2|contig_14:433831-434649 -            273 30108at4891          -            214     0.014   12.1   1.3   2   2     0.052        35    1.0   0.3   142   159   217   234   207   272 0.70 -
29660at4891_7|contig_19:653679-654734 -            352 30108at4891          -            214     0.018   11.8   0.0   1   1   4.5e-05      0.03   11.1   0.0    83   139   264   324   236   330 0.74 -
#
# Program:         hmmsearch
# Version:         3.1b2 (February 2015)
# Pipeline mode:   SEARCH
# Query file:      /mnt/c/Users/HMarton/GitHub/LundUni/Pages/Projects/de_novo_BINP29/busco_downloads/lineages/saccharomycetes_odb10/hmms/30108at4891.hmm
# Target file:     /mnt/c/Users/HMarton/GitHub/LundUni/Pages/Projects/de_novo_BINP29/results/04_busco/BUSCO_assembly.fasta/run_saccharomycetes_odb10/metaeuk_output/initial_results/assembly.fasta.modified.fas
# Option settings: hmmsearch --domtblout /mnt/c/Users/HMarton/GitHub/LundUni/Pages/Projects/de_novo_BINP29/results/04_busco/BUSCO_assembly.fasta/run_saccharomycetes_odb10/hmmer_output/initial_run_results/30108at4891.out --cpu 1 /mnt/c/Users/HMarton/GitHub/LundUni/Pages/Projects/de_novo_BINP29/busco_downloads/lineages/saccharomycetes_odb10/hmms/30108at4891.hmm /mnt/c/Users/HMarton/GitHub/LundUni/Pages/Projects/de_novo_BINP29/results/04_busco/BUSCO_assembly.fasta/run_saccharomycetes_odb10/metaeuk_output/initial_results/assembly.fasta.modified.fas 
# Current dir:     /mnt/c/Users/HMarton/GitHub/LundUni/Pages/Projects/de_novo_BINP29
# Date:            Fri Feb 23 20:14:30 2024
# [ok]
