#                                                                                               --- full sequence --- -------------- this domain -------------   hmm coord   ali coord   env coord
# target name                           accession   tlen query name           accession   qlen   E-value  score  bias   #  of  c-Evalue  i-Evalue  score  bias  from    to  from    to  from    to  acc description of target
#                   ------------------- ---------- ----- -------------------- ---------- ----- --------- ------ ----- --- --- --------- --------- ------ ----- ----- ----- ----- ----- ----- ----- ---- ---------------------
30941at4891_2|contig_26:74422-76197     -            592 30941at4891          -            206   7.7e-74  244.8   4.8   1   3   6.9e-49   2.6e-46  154.9   0.1     2   132     4   159     3   213 0.72 -
30941at4891_2|contig_26:74422-76197     -            592 30941at4891          -            206   7.7e-74  244.8   4.8   2   3    0.0047       1.8    5.2   0.3   120   149   205   242   202   250 0.71 -
30941at4891_2|contig_26:74422-76197     -            592 30941at4891          -            206   7.7e-74  244.8   4.8   3   3   7.6e-27   2.9e-24   82.9   0.1   150   206   533   590   517   590 0.90 -
2138at4891_2|contig_4:590685-594416     -           1244 30941at4891          -            206   2.9e-17   60.0   2.9   1   3     6e-06    0.0023   14.6   0.1   156   205    10    66     6    67 0.80 -
2138at4891_2|contig_4:590685-594416     -           1244 30941at4891          -            206   2.9e-17   60.0   2.9   2   3   5.3e-07    0.0002   18.0   0.2   156   205    76   128    68   129 0.86 -
2138at4891_2|contig_4:590685-594416     -           1244 30941at4891          -            206   2.9e-17   60.0   2.9   3   3   2.3e-09   8.9e-07   25.8   0.0   152   205   356   411   344   412 0.86 -
8023at4891_2|contig_22:223253-225148    -            632 30941at4891          -            206   2.9e-13   46.9   1.3   1   3       2.1   8.1e+02   -3.5   0.5   154   174   167   187   138   205 0.54 -
8023at4891_2|contig_22:223253-225148    -            632 30941at4891          -            206   2.9e-13   46.9   1.3   2   3   6.8e-08   2.6e-05   21.0   0.0   132   205   477   551   458   552 0.72 -
8023at4891_2|contig_22:223253-225148    -            632 30941at4891          -            206   2.9e-13   46.9   1.3   3   3     1e-08   3.8e-06   23.7   0.0   149   203   577   631   572   632 0.92 -
36972at4891_2|contig_17:398743-399762   -            340 30941at4891          -            206   1.1e-09   35.3   1.2   1   2       1.3   4.9e+02   -2.8   0.0    98   120   218   240   198   256 0.74 -
36972at4891_2|contig_17:398743-399762   -            340 30941at4891          -            206   1.1e-09   35.3   1.2   2   2   3.6e-12   1.4e-09   34.9   0.4   154   206   285   338   278   338 0.83 -
10684at4891_2|contig_4:197585-199234    -            550 30941at4891          -            206   6.6e-09   32.7   0.0   1   2   1.7e-08   6.5e-06   22.9   0.0   144   205    67   128    44   129 0.87 -
10684at4891_2|contig_4:197585-199234    -            550 30941at4891          -            206   6.6e-09   32.7   0.0   2   2     0.001      0.39    7.3   0.0   151   205   157   213   140   214 0.88 -
21312at4891_2|contig_14:1224139-1225584 -            482 30941at4891          -            206     3e-08   30.5   0.7   1   2      0.67   2.6e+02   -1.9   0.7   128   161   166   197   146   200 0.57 -
21312at4891_2|contig_14:1224139-1225584 -            482 30941at4891          -            206     3e-08   30.5   0.7   2   2     2e-10   7.5e-08   29.3   0.0   152   206   424   479   400   479 0.85 -
38822at4891_7|contig_14:756167-756712   -            182 30941at4891          -            206   5.7e-08   29.6   0.1   1   2   1.5e-10   5.7e-08   29.6   0.1   151   205    58   113    40   114 0.88 -
38822at4891_7|contig_14:756167-756712   -            182 30941at4891          -            206   5.7e-08   29.6   0.1   2   2      0.91   3.5e+02   -2.3   0.3   158   166   151   159   118   177 0.52 -
#
# Program:         hmmsearch
# Version:         3.1b2 (February 2015)
# Pipeline mode:   SEARCH
# Query file:      /mnt/c/Users/HMarton/GitHub/LundUni/Pages/Projects/de_novo_BINP29/busco_downloads/lineages/saccharomycetes_odb10/hmms/30941at4891.hmm
# Target file:     /mnt/c/Users/HMarton/GitHub/LundUni/Pages/Projects/de_novo_BINP29/results/04_busco/BUSCO_assembly.fasta/run_saccharomycetes_odb10/metaeuk_output/initial_results/assembly.fasta.modified.fas
# Option settings: hmmsearch --domtblout /mnt/c/Users/HMarton/GitHub/LundUni/Pages/Projects/de_novo_BINP29/results/04_busco/BUSCO_assembly.fasta/run_saccharomycetes_odb10/hmmer_output/initial_run_results/30941at4891.out --cpu 1 /mnt/c/Users/HMarton/GitHub/LundUni/Pages/Projects/de_novo_BINP29/busco_downloads/lineages/saccharomycetes_odb10/hmms/30941at4891.hmm /mnt/c/Users/HMarton/GitHub/LundUni/Pages/Projects/de_novo_BINP29/results/04_busco/BUSCO_assembly.fasta/run_saccharomycetes_odb10/metaeuk_output/initial_results/assembly.fasta.modified.fas 
# Current dir:     /mnt/c/Users/HMarton/GitHub/LundUni/Pages/Projects/de_novo_BINP29
# Date:            Fri Feb 23 20:14:34 2024
# [ok]
