#                                                                                             --- full sequence --- -------------- this domain -------------   hmm coord   ali coord   env coord
# target name                         accession   tlen query name           accession   qlen   E-value  score  bias   #  of  c-Evalue  i-Evalue  score  bias  from    to  from    to  from    to  acc description of target
#                 ------------------- ---------- ----- -------------------- ---------- ----- --------- ------ ----- --- --- --------- --------- ------ ----- ----- ----- ----- ----- ----- ----- ---- ---------------------
32081at4891_2|contig_13:436961-437887 -            309 32081at4891          -            241  5.3e-103  341.2  21.3   1   2   7.9e-28   4.2e-25   86.1   8.7     1    82     1    86     1   101 0.88 -
32081at4891_2|contig_13:436961-437887 -            309 32081at4891          -            241  5.3e-103  341.2  21.3   2   2   3.3e-81   1.7e-78  260.9   5.0    74   241   127   309    96   309 0.89 -
34824at4891|contig_14:528466-528795   -            110 32081at4891          -            241   6.9e-13   46.2   0.4   1   1   1.3e-15   7.2e-13   46.1   0.4   205   239    74   108    44   110 0.89 -
35584at4891_6|contig_7:553521-553895  -            125 32081at4891          -            241   9.7e-09   32.6   2.2   1   1   2.5e-11   1.4e-08   32.1   2.2   155   238    42   121    25   123 0.77 -
34458at4891|contig_13:393939-394304   -            122 32081at4891          -            241    0.0013   15.8   0.5   1   2      0.38   2.1e+02   -1.2   0.6   225   236     1    12     1    14 0.90 -
34458at4891|contig_13:393939-394304   -            122 32081at4891          -            241    0.0013   15.8   0.5   2   2   2.5e-06    0.0013   15.8   0.5   202   235    74   107    68   111 0.93 -
34017at4891_2|contig_16:250251-250970 -            240 32081at4891          -            241    0.0033   14.4   3.6   1   2   6.2e-06    0.0033   14.4   3.6   130   176    24    70    10    86 0.85 -
34017at4891_2|contig_16:250251-250970 -            240 32081at4891          -            241    0.0033   14.4   3.6   2   2      0.19     1e+02   -0.2   0.1   165   186   155   176   101   200 0.68 -
#
# Program:         hmmsearch
# Version:         3.1b2 (February 2015)
# Pipeline mode:   SEARCH
# Query file:      /mnt/c/Users/HMarton/GitHub/LundUni/Pages/Projects/de_novo_BINP29/busco_downloads/lineages/saccharomycetes_odb10/hmms/32081at4891.hmm
# Target file:     /mnt/c/Users/HMarton/GitHub/LundUni/Pages/Projects/de_novo_BINP29/results/04_busco/BUSCO_assembly.fasta/run_saccharomycetes_odb10/metaeuk_output/initial_results/assembly.fasta.modified.fas
# Option settings: hmmsearch --domtblout /mnt/c/Users/HMarton/GitHub/LundUni/Pages/Projects/de_novo_BINP29/results/04_busco/BUSCO_assembly.fasta/run_saccharomycetes_odb10/hmmer_output/initial_run_results/32081at4891.out --cpu 1 /mnt/c/Users/HMarton/GitHub/LundUni/Pages/Projects/de_novo_BINP29/busco_downloads/lineages/saccharomycetes_odb10/hmms/32081at4891.hmm /mnt/c/Users/HMarton/GitHub/LundUni/Pages/Projects/de_novo_BINP29/results/04_busco/BUSCO_assembly.fasta/run_saccharomycetes_odb10/metaeuk_output/initial_results/assembly.fasta.modified.fas 
# Current dir:     /mnt/c/Users/HMarton/GitHub/LundUni/Pages/Projects/de_novo_BINP29
# Date:            Fri Feb 23 20:14:58 2024
# [ok]
