#                                                                                             --- full sequence --- -------------- this domain -------------   hmm coord   ali coord   env coord
# target name                         accession   tlen query name           accession   qlen   E-value  score  bias   #  of  c-Evalue  i-Evalue  score  bias  from    to  from    to  from    to  acc description of target
#                 ------------------- ---------- ----- -------------------- ---------- ----- --------- ------ ----- --- --- --------- --------- ------ ----- ----- ----- ----- ----- ----- ----- ---- ---------------------
33667at4891_3|contig_14:610530-610946 -            139 33667at4891          -            129   7.9e-69  226.7   2.1   1   1   1.9e-70   3.9e-68  224.5   2.1     8   123     1   122     1   138 0.92 -
31657at4891_7|contig_14:549713-550111 -            133 33667at4891          -            129   6.7e-35  117.0   1.1   1   1   9.5e-37     2e-34  115.5   1.1    22   129    11   132     3   132 0.85 -
31657at4891_7|contig_4:411228-411626  -            133 33667at4891          -            129   4.3e-34  114.4   0.7   1   1   4.7e-36   9.6e-34  113.3   0.7    22   129    11   132     3   132 0.86 -
29070at4891_1|contig_3:953547-953954  -            136 33667at4891          -            129   1.3e-30  103.1   0.1   1   1   7.1e-33   1.5e-30  103.0   0.1     7   124     5   129     1   134 0.83 -
31320at4891_2|contig_14:790803-791447 -            215 33667at4891          -            129   8.8e-30  100.5   0.0   1   1   6.8e-32   1.4e-29   99.8   0.0     2   123     4   133     3   141 0.91 -
32220at4891|contig_13:413463-413957   -            165 33667at4891          -            129   1.4e-26   90.1   0.1   1   1   8.9e-29   1.8e-26   89.7   0.1     3   123     7   132     5   139 0.87 -
32220at4891|contig_12:327373-327807   -            145 33667at4891          -            129   4.7e-23   78.7   0.1   1   1   2.9e-25     6e-23   78.4   0.1    30   120    37   130    20   139 0.89 -
31569at4891_3|contig_17:132806-133423 -            206 33667at4891          -            129   1.6e-21   73.7   0.1   1   1     1e-23   2.1e-21   73.4   0.1    22   120    22   126     2   144 0.82 -
29070at4891|contig_2:612017-612502    -            162 33667at4891          -            129   1.7e-19   67.2   0.4   1   1   8.3e-21   1.7e-18   64.0   0.4     2   115     3   136     2   147 0.82 -
32025at4891_3|contig_14:331528-331962 -            145 33667at4891          -            129     2e-18   63.7   0.0   1   1   1.1e-20   2.3e-18   63.6   0.0    45   117    48   122    16   133 0.86 -
29070at4891_1|contig_14:542317-542793 -            159 33667at4891          -            129   8.3e-17   58.5   0.6   1   1   3.3e-18   6.7e-16   55.6   0.5    37   123    46   147    14   152 0.81 -
28812at4891_1|contig_17:360366-361115 -            250 33667at4891          -            129   4.1e-11   40.1   0.0   1   1     3e-13   6.1e-11   39.5   0.0     2   105     7   117     6   136 0.82 -
35931at4891_8|contig_13:365884-366282 -            133 33667at4891          -            129   1.9e-05   21.7   0.0   1   1   1.2e-07   2.4e-05   21.4   0.0    32   108    40   121    23   127 0.81 -
#
# Program:         hmmsearch
# Version:         3.1b2 (February 2015)
# Pipeline mode:   SEARCH
# Query file:      /mnt/c/Users/HMarton/GitHub/LundUni/Pages/Projects/de_novo_BINP29/busco_downloads/lineages/saccharomycetes_odb10/hmms/33667at4891.hmm
# Target file:     /mnt/c/Users/HMarton/GitHub/LundUni/Pages/Projects/de_novo_BINP29/results/04_busco/BUSCO_assembly.fasta/run_saccharomycetes_odb10/metaeuk_output/initial_results/assembly.fasta.modified.fas
# Option settings: hmmsearch --domtblout /mnt/c/Users/HMarton/GitHub/LundUni/Pages/Projects/de_novo_BINP29/results/04_busco/BUSCO_assembly.fasta/run_saccharomycetes_odb10/hmmer_output/initial_run_results/33667at4891.out --cpu 1 /mnt/c/Users/HMarton/GitHub/LundUni/Pages/Projects/de_novo_BINP29/busco_downloads/lineages/saccharomycetes_odb10/hmms/33667at4891.hmm /mnt/c/Users/HMarton/GitHub/LundUni/Pages/Projects/de_novo_BINP29/results/04_busco/BUSCO_assembly.fasta/run_saccharomycetes_odb10/metaeuk_output/initial_results/assembly.fasta.modified.fas 
# Current dir:     /mnt/c/Users/HMarton/GitHub/LundUni/Pages/Projects/de_novo_BINP29
# Date:            Fri Feb 23 20:15:13 2024
# [ok]
