#                                                                                               --- full sequence --- -------------- this domain -------------   hmm coord   ali coord   env coord
# target name                           accession   tlen query name           accession   qlen   E-value  score  bias   #  of  c-Evalue  i-Evalue  score  bias  from    to  from    to  from    to  acc description of target
#                   ------------------- ---------- ----- -------------------- ---------- ----- --------- ------ ----- --- --- --------- --------- ------ ----- ----- ----- ----- ----- ----- ----- ---- ---------------------
3606at4891_2|contig_4:201583-203973     -            797 3606at4891           -            510  1.3e-240  796.6  28.4   1   5     9e-15   3.1e-13   46.5   0.0     1    38    55    92    55    99 0.93 -
3606at4891_2|contig_4:201583-203973     -            797 3606at4891           -            510  1.3e-240  796.6  28.4   2   5   6.8e-45   2.3e-43  145.8   1.3    27   160   142   293   137   303 0.87 -
3606at4891_2|contig_4:201583-203973     -            797 3606at4891           -            510  1.3e-240  796.6  28.4   3   5    0.0012     0.042    9.7   0.4   144   180   310   350   305   376 0.79 -
3606at4891_2|contig_4:201583-203973     -            797 3606at4891           -            510  1.3e-240  796.6  28.4   4   5  1.4e-169  4.8e-168  557.2   9.3   148   477   387   732   381   747 0.90 -
3606at4891_2|contig_4:201583-203973     -            797 3606at4891           -            510  1.3e-240  796.6  28.4   5   5   2.9e-14   9.8e-13   44.8   0.0   467   510   752   796   739   796 0.92 -
2851at4891_2|contig_12:490170-492617    -            816 3606at4891           -            510   1.1e-69  232.7  23.9   1   5     2e-07   6.6e-06   22.3   0.0   393   470    58   133    27   139 0.88 -
2851at4891_2|contig_12:490170-492617    -            816 3606at4891           -            510   1.1e-69  232.7  23.9   2   5   2.3e-10   7.9e-09   31.9   0.3   358   471    65   180    62   191 0.83 -
2851at4891_2|contig_12:490170-492617    -            816 3606at4891           -            510   1.1e-69  232.7  23.9   3   5   2.1e-08   7.1e-07   25.4   0.1   350   465   140   269   134   286 0.77 -
2851at4891_2|contig_12:490170-492617    -            816 3606at4891           -            510   1.1e-69  232.7  23.9   4   5   4.3e-32   1.4e-30  103.6   3.9   230   466   389   644   383   645 0.88 -
2851at4891_2|contig_12:490170-492617    -            816 3606at4891           -            510   1.1e-69  232.7  23.9   5   5   1.2e-29     4e-28   95.6   0.8   269   442   489   663   482   711 0.85 -
4206at4891_2|contig_26:118102-120855    -            918 3606at4891           -            510   5.3e-59  197.4   8.9   1   6   6.7e-15   2.3e-13   46.9   0.3   253   425    37   220    13   223 0.83 -
4206at4891_2|contig_26:118102-120855    -            918 3606at4891           -            510   5.3e-59  197.4   8.9   2   6   3.9e-15   1.3e-13   47.7   0.0   353   469   259   375   244   378 0.91 -
4206at4891_2|contig_26:118102-120855    -            918 3606at4891           -            510   5.3e-59  197.4   8.9   3   6   1.8e-17   6.1e-16   55.4   0.1   394   483   343   431   336   433 0.93 -
4206at4891_2|contig_26:118102-120855    -            918 3606at4891           -            510   5.3e-59  197.4   8.9   4   6   6.5e-24   2.2e-22   76.6   0.3   346   474   379   508   376   514 0.92 -
4206at4891_2|contig_26:118102-120855    -            918 3606at4891           -            510   5.3e-59  197.4   8.9   5   6     0.015      0.51    6.1   0.0   398   471   517   609   511   627 0.55 -
4206at4891_2|contig_26:118102-120855    -            918 3606at4891           -            510   5.3e-59  197.4   8.9   6   6       3.7   1.3e+02   -1.8   0.0   315   333   681   699   677   709 0.85 -
3060at4891_2|contig_16:48934-51762      -            943 3606at4891           -            510   2.4e-53  178.8  16.2   1   4   1.9e-11   6.5e-10   35.5   0.5   398   472    81   154    40   173 0.67 -
3060at4891_2|contig_16:48934-51762      -            943 3606at4891           -            510   2.4e-53  178.8  16.2   2   4   3.8e-08   1.3e-06   24.6   0.2   220   335   154   269   151   286 0.74 -
3060at4891_2|contig_16:48934-51762      -            943 3606at4891           -            510   2.4e-53  178.8  16.2   3   4   3.9e-14   1.3e-12   44.4   0.0   352   471   389   505   384   514 0.87 -
3060at4891_2|contig_16:48934-51762      -            943 3606at4891           -            510   2.4e-53  178.8  16.2   4   4   1.4e-25   4.8e-24   82.1   2.4   229   383   531   686   517   696 0.94 -
16921at4891_9|contig_26:99454-100452    -            333 3606at4891           -            510   4.3e-48  161.4  16.8   1   3   1.2e-12   4.2e-11   39.4   0.3   352   426     2    84     1    86 0.80 -
16921at4891_9|contig_26:99454-100452    -            333 3606at4891           -            510   4.3e-48  161.4  16.8   2   3     5e-15   1.7e-13   47.3   1.7   327   408    69   150    56   160 0.89 -
16921at4891_9|contig_26:99454-100452    -            333 3606at4891           -            510   4.3e-48  161.4  16.8   3   3   1.3e-28   4.5e-27   92.1   3.3   326   466   191   331   183   333 0.95 -
15960at4891_0|contig_19:620356-621267   -            304 3606at4891           -            510   4.8e-44  148.1  14.1   1   3   2.1e-17   7.1e-16   55.1   0.3   369   471     6   108     2   114 0.90 -
15960at4891_0|contig_19:620356-621267   -            304 3606at4891           -            510   4.8e-44  148.1  14.1   2   3   2.2e-19   7.5e-18   61.7   0.1   348   489    70   210    67   216 0.92 -
15960at4891_0|contig_19:620356-621267   -            304 3606at4891           -            510   4.8e-44  148.1  14.1   3   3   1.6e-16   5.5e-15   52.2   3.5   310   403   205   300   197   303 0.65 -
16921at4891_6|contig_6:255886-256704    -            273 3606at4891           -            510   2.8e-41  139.0  11.7   1   2   4.8e-30   1.6e-28   96.8   8.2   247   402     2   153     1   171 0.91 -
16921at4891_6|contig_6:255886-256704    -            273 3606at4891           -            510   2.8e-41  139.0  11.7   2   2   2.3e-13   7.6e-12   41.8   0.1   367   433   207   271   199   273 0.90 -
16921at4891_8|contig_26:80163-80855     -            231 3606at4891           -            510   6.5e-41  137.7   2.0   1   2   1.1e-35   3.8e-34  115.4   0.9   317   477     3   169     1   177 0.90 -
16921at4891_8|contig_26:80163-80855     -            231 3606at4891           -            510   6.5e-41  137.7   2.0   2   2   4.6e-07   1.6e-05   21.0   0.0   351   399   182   230   176   231 0.72 -
17077at4891_7|contig_20:675144-676478   -            445 3606at4891           -            510   1.9e-39  132.9   8.6   1   3   9.2e-10   3.1e-08   29.9   0.5   348   406   127   186   123   187 0.95 -
17077at4891_7|contig_20:675144-676478   -            445 3606at4891           -            510   1.9e-39  132.9   8.6   2   3   1.8e-29     6e-28   95.0   2.3   262   451   167   356   165   356 0.96 -
17077at4891_7|contig_20:675144-676478   -            445 3606at4891           -            510   1.9e-39  132.9   8.6   3   3   5.2e-09   1.7e-07   27.5   0.0   378   473   325   427   323   433 0.79 -
665at4891_4|contig_14:188455-192051     -           1199 3606at4891           -            510   7.8e-39  130.9  13.4   1   5   1.6e-28   5.6e-27   91.8   1.2   234   384    16   167     3   175 0.88 -
665at4891_4|contig_14:188455-192051     -           1199 3606at4891           -            510   7.8e-39  130.9  13.4   2   5   8.4e-05    0.0028   13.6   0.0   349   387   204   242   194   250 0.86 -
665at4891_4|contig_14:188455-192051     -           1199 3606at4891           -            510   7.8e-39  130.9  13.4   3   5   2.8e-13   9.3e-12   41.6   0.1   237   342   217   324   215   334 0.61 -
665at4891_4|contig_14:188455-192051     -           1199 3606at4891           -            510   7.8e-39  130.9  13.4   4   5         5   1.7e+02   -2.2   0.1   378   449   476   541   467   551 0.64 -
665at4891_4|contig_14:188455-192051     -           1199 3606at4891           -            510   7.8e-39  130.9  13.4   5   5       1.1        37   -0.0   0.1   110   211   604   708   591   739 0.73 -
17074at4891_2|contig_20:54833-56221     -            463 3606at4891           -            510   7.4e-38  127.7   8.7   1   2   2.7e-34     9e-33  110.9   2.3   231   461   176   416   171   416 0.88 -
17074at4891_2|contig_20:54833-56221     -            463 3606at4891           -            510   7.4e-38  127.7   8.7   2   2   3.2e-09   1.1e-07   28.1   0.7   392   466   388   463   381   463 0.89 -
8291at4891_7|contig_25:639374-641518    -            715 3606at4891           -            510   2.5e-30  102.8  10.4   1   2   0.00065     0.022   10.6   0.2   260   311     2    53     1    62 0.80 -
8291at4891_7|contig_25:639374-641518    -            715 3606at4891           -            510   2.5e-30  102.8  10.4   2   2   2.3e-29   7.7e-28   94.6   6.2   232   471    57   292    49   307 0.86 -
4490at4891_2|contig_13:927939-930293    -            785 3606at4891           -            510   1.5e-29  100.3  10.3   1   5   1.6e-09   5.3e-08   29.2   0.1   229   339    15   129     5   136 0.70 -
4490at4891_2|contig_13:927939-930293    -            785 3606at4891           -            510   1.5e-29  100.3  10.3   2   5    0.0067      0.23    7.3   0.0   428   468   192   235   161   244 0.56 -
4490at4891_2|contig_13:927939-930293    -            785 3606at4891           -            510   1.5e-29  100.3  10.3   3   5      0.33        11    1.7   0.1   436   467   279   309   272   320 0.76 -
4490at4891_2|contig_13:927939-930293    -            785 3606at4891           -            510   1.5e-29  100.3  10.3   4   5   4.4e-05    0.0015   14.5   0.1   325   381   353   412   322   418 0.75 -
4490at4891_2|contig_13:927939-930293    -            785 3606at4891           -            510   1.5e-29  100.3  10.3   5   5   9.5e-16   3.2e-14   49.7   0.1   231   363   560   710   555   714 0.79 -
17074at4891_3|contig_25:163898-164776   -            293 3606at4891           -            510   5.1e-29   98.5   6.8   1   3   1.6e-07   5.5e-06   22.5   0.0   351   434    11   112     5   113 0.72 -
17074at4891_3|contig_25:163898-164776   -            293 3606at4891           -            510   5.1e-29   98.5   6.8   2   3   2.5e-15   8.4e-14   48.3   0.3   353   472    75   212    66   224 0.70 -
17074at4891_3|contig_25:163898-164776   -            293 3606at4891           -            510   5.1e-29   98.5   6.8   3   3   3.7e-14   1.3e-12   44.4   0.3   411   472   154   212   147   293 0.70 -
17077at4891_2|contig_17:290336-291190   -            285 3606at4891           -            510   3.9e-28   95.6   9.7   1   3   9.5e-13   3.2e-11   39.8   1.1   351   425     2    77     1   102 0.81 -
17077at4891_2|contig_17:290336-291190   -            285 3606at4891           -            510   3.9e-28   95.6   9.7   2   3   8.6e-15   2.9e-13   46.5   0.5   389   474   106   188   102   204 0.89 -
17077at4891_2|contig_17:290336-291190   -            285 3606at4891           -            510   3.9e-28   95.6   9.7   3   3   7.2e-05    0.0024   13.8   0.0   367   428   226   285   208   285 0.76 -
8998at4891_7|contig_19:41018-42367      -            450 3606at4891           -            510   2.9e-27   92.7   8.5   1   2   5.8e-24     2e-22   76.8   5.3   242   435    92   287    66   326 0.83 -
8998at4891_7|contig_19:41018-42367      -            450 3606at4891           -            510   2.9e-27   92.7   8.5   2   2   1.3e-05   0.00042   16.3   0.0   307   340   330   363   319   368 0.86 -
17785at4891_2|contig_3:827964-829340    -            459 3606at4891           -            510   3.7e-27   92.4   7.7   1   3       1.4        46   -0.3   0.0    11    42    69   101    62   107 0.74 -
17785at4891_2|contig_3:827964-829340    -            459 3606at4891           -            510   3.7e-27   92.4   7.7   2   3   9.5e-11   3.2e-09   33.2   0.1   215   301    90   173    79   186 0.82 -
17785at4891_2|contig_3:827964-829340    -            459 3606at4891           -            510   3.7e-27   92.4   7.7   3   3   3.7e-19   1.3e-17   60.9   3.4   259   506   197   442   173   445 0.77 -
6943at4891_4|contig_16:316645-318099    -            485 3606at4891           -            510   6.7e-27   91.5  12.5   1   4   0.00048     0.016   11.1   0.0   268   313    64   110    38   116 0.83 -
6943at4891_4|contig_16:316645-318099    -            485 3606at4891           -            510   6.7e-27   91.5  12.5   2   4   5.7e-05    0.0019   14.1   0.1   283   302   133   152   128   160 0.88 -
6943at4891_4|contig_16:316645-318099    -            485 3606at4891           -            510   6.7e-27   91.5  12.5   3   4   1.2e-07   4.2e-06   22.9   0.1   415   481   196   262   172   268 0.84 -
6943at4891_4|contig_16:316645-318099    -            485 3606at4891           -            510   6.7e-27   91.5  12.5   4   4     3e-15     1e-13   48.0   2.0   320   427   269   379   264   394 0.88 -
15470at4891_1|contig_2:377940-378977    -            346 3606at4891           -            510     3e-26   89.4   1.4   1   2   1.4e-20   4.6e-19   65.7   4.0   230   433    11   233     3   235 0.80 -
15470at4891_1|contig_2:377940-378977    -            346 3606at4891           -            510     3e-26   89.4   1.4   2   2   0.00058      0.02   10.8   0.0   393   424   290   321   276   326 0.88 -
17147at4891_9|contig_14:1176799-1178028 -            410 3606at4891           -            510   6.9e-26   88.2   0.5   1   2   8.4e-13   2.9e-11   40.0   0.0   348   430   111   195   107   210 0.86 -
17147at4891_9|contig_14:1176799-1178028 -            410 3606at4891           -            510   6.9e-26   88.2   0.5   2   2   5.1e-14   1.7e-12   44.0   0.3   308   460   243   403   237   410 0.79 -
10099at4891_2|contig_4:594881-597400    -            840 3606at4891           -            510   2.6e-25   86.3   2.2   1   4   0.00011    0.0036   13.2   0.0   398   428    19    49    14    57 0.86 -
10099at4891_2|contig_4:594881-597400    -            840 3606at4891           -            510   2.6e-25   86.3   2.2   2   4   1.2e-07   4.2e-06   22.9   0.0   268   303    76   111    67   118 0.78 -
10099at4891_2|contig_4:594881-597400    -            840 3606at4891           -            510   2.6e-25   86.3   2.2   3   4   5.5e-11   1.9e-09   34.0   0.2   262   340   128   207   122   221 0.92 -
10099at4891_2|contig_4:594881-597400    -            840 3606at4891           -            510   2.6e-25   86.3   2.2   4   4   0.00022    0.0073   12.2   0.0   360   425   318   385   308   401 0.67 -
16305at4891_3|contig_4:370794-372398    -            535 3606at4891           -            510   3.5e-25   85.8   4.8   1   3   6.3e-09   2.1e-07   27.2   0.6   354   447   220   314   203   324 0.62 -
16305at4891_3|contig_4:370794-372398    -            535 3606at4891           -            510   3.5e-25   85.8   4.8   2   3   6.2e-11   2.1e-09   33.8   0.0   236   299   325   387   322   393 0.90 -
16305at4891_3|contig_4:370794-372398    -            535 3606at4891           -            510   3.5e-25   85.8   4.8   3   3   4.9e-08   1.7e-06   24.2   0.3   264   340   394   470   389   483 0.80 -
29122at4891_2|contig_3:738061-739326    -            422 3606at4891           -            510   4.4e-25   85.5  14.3   1   2   9.4e-07   3.2e-05   20.0   0.2   391   479    87   174    80   175 0.90 -
29122at4891_2|contig_3:738061-739326    -            422 3606at4891           -            510   4.4e-25   85.5  14.3   2   2     3e-09     1e-07   28.3   0.2   232   424   352   419   344   421 0.58 -
17077at4891_6|contig_27:153722-154366   -            215 3606at4891           -            510   7.8e-25   84.7   7.5   1   3   2.4e-13   8.3e-12   41.7   0.5   395   471     4    77     1    81 0.83 -
17077at4891_6|contig_27:153722-154366   -            215 3606at4891           -            510   7.8e-25   84.7   7.5   2   3   4.3e-06   0.00014   17.8   0.1   348   389    81   124    78   127 0.86 -
17077at4891_6|contig_27:153722-154366   -            215 3606at4891           -            510   7.8e-25   84.7   7.5   3   3   2.8e-09   9.6e-08   28.3   0.2   347   415   147   213   141   215 0.72 -
16921at4891_7|contig_4:236757-237653    -            299 3606at4891           -            510   5.1e-24   82.0   3.1   1   3    0.0003      0.01   11.7   0.0   234   295     3    64     1    66 0.45 -
16921at4891_7|contig_4:236757-237653    -            299 3606at4891           -            510   5.1e-24   82.0   3.1   2   3     6e-19     2e-17   60.2   0.3   314   434    42   162    37   168 0.92 -
16921at4891_7|contig_4:236757-237653    -            299 3606at4891           -            510   5.1e-24   82.0   3.1   3   3   1.8e-05   0.00059   15.8   0.1   357   445   177   278   172   297 0.71 -
16921at4891_4|contig_2:441697-442182    -            162 3606at4891           -            510   2.1e-23   80.0   0.9   1   1   6.5e-25   2.2e-23   79.9   0.9   262   407     9   160     1   162 0.89 -
2368at4891_2|contig_12:134999-137800    -            934 3606at4891           -            510   1.4e-22   77.3   7.4   1   4   0.00014    0.0047   12.9   0.0   376   464   223   315   181   324 0.85 -
2368at4891_2|contig_12:134999-137800    -            934 3606at4891           -            510   1.4e-22   77.3   7.4   2   4       0.5        17    1.1   0.0   269   301   343   374   335   387 0.73 -
2368at4891_2|contig_12:134999-137800    -            934 3606at4891           -            510   1.4e-22   77.3   7.4   3   4   3.3e-07   1.1e-05   21.5   0.5   374   472   431   530   422   537 0.88 -
2368at4891_2|contig_12:134999-137800    -            934 3606at4891           -            510   1.4e-22   77.3   7.4   4   4   1.4e-13   4.7e-12   42.5   0.1   232   331   541   640   536   653 0.91 -
4263at4891_2|contig_20:740125-743160    -           1012 3606at4891           -            510   3.1e-22   76.1   8.5   1   5      0.01      0.35    6.7   0.0   414   476    22    82     4   115 0.79 -
4263at4891_2|contig_20:740125-743160    -           1012 3606at4891           -            510   3.1e-22   76.1   8.5   2   5   1.6e-18   5.4e-17   58.8   1.2   362   468   145   250   141   291 0.63 -
4263at4891_2|contig_20:740125-743160    -           1012 3606at4891           -            510   3.1e-22   76.1   8.5   3   5      0.13       4.5    3.0   0.0   406   476   675   747   661   776 0.64 -
4263at4891_2|contig_20:740125-743160    -           1012 3606at4891           -            510   3.1e-22   76.1   8.5   4   5       1.3        45   -0.3   0.0   243   264   781   802   759   831 0.66 -
4263at4891_2|contig_20:740125-743160    -           1012 3606at4891           -            510   3.1e-22   76.1   8.5   5   5     0.011      0.37    6.6   0.1   366   429   898   969   874   988 0.67 -
20201at4891_2|contig_14:976480-977445   -            322 3606at4891           -            510   5.8e-20   68.6  14.4   1   2   3.3e-21   1.1e-19   67.7  10.9   234   424    16   224     6   230 0.76 -
20201at4891_2|contig_14:976480-977445   -            322 3606at4891           -            510   5.8e-20   68.6  14.4   2   2      0.28       9.3    2.0   0.1   433   466   286   321   236   322 0.53 -
16921at4891_3|contig_7:193212-193847    -            212 3606at4891           -            510     5e-19   65.5   1.5   1   1     3e-18     1e-16   57.9   0.8   363   471    11   136     1   150 0.70 -
13320at4891_1|contig_17:374252-375346   -            365 3606at4891           -            510   3.2e-18   62.9   0.1   1   2   4.7e-17   1.6e-15   54.0   0.3   357   489    39   175    27   192 0.85 -
13320at4891_1|contig_17:374252-375346   -            365 3606at4891           -            510   3.2e-18   62.9   0.1   2   2     0.017      0.56    6.0   0.0   398   453   271   325   266   332 0.67 -
11568at4891_2|contig_25:274915-276138   -            408 3606at4891           -            510   5.8e-18   62.0   4.7   1   3   3.4e-06   0.00012   18.2   0.1   392   450    42    97    35   113 0.71 -
11568at4891_2|contig_25:274915-276138   -            408 3606at4891           -            510   5.8e-18   62.0   4.7   2   3   2.1e-10   7.1e-09   32.0   1.0   239   302   111   174    98   257 0.60 -
11568at4891_2|contig_25:274915-276138   -            408 3606at4891           -            510   5.8e-18   62.0   4.7   3   3   0.00018    0.0062   12.4   0.0   349   392   289   334   279   350 0.84 -
5986at4891_2|contig_2:487177-488715     -            513 3606at4891           -            510   2.1e-17   60.2   3.1   1   2   7.2e-19   2.4e-17   60.0   1.4   229   467    39   285    29   293 0.85 -
5986at4891_2|contig_2:487177-488715     -            513 3606at4891           -            510   2.1e-17   60.2   3.1   2   2       3.2   1.1e+02   -1.6   0.0     5    61   412   476   409   502 0.68 -
10660at4891_2|contig_12:85099-87051     -            651 3606at4891           -            510   2.3e-17   60.1   0.1   1   2    0.0015      0.05    9.5   0.0   387   426    72   112    64   121 0.78 -
10660at4891_2|contig_12:85099-87051     -            651 3606at4891           -            510   2.3e-17   60.1   0.1   2   2   2.7e-15     9e-14   48.2   0.1   344   468   130   258   127   265 0.81 -
17077at4891_3|contig_13:310121-310963   -            281 3606at4891           -            510   4.6e-17   59.1   5.5   1   2     6e-07     2e-05   20.7   0.5   375   447     1    73     1    77 0.91 -
17077at4891_3|contig_13:310121-310963   -            281 3606at4891           -            510   4.6e-17   59.1   5.5   2   2   9.2e-12   3.1e-10   36.5   0.5   242   425    76   275    76   280 0.75 -
20201at4891_5|contig_2:470938-471882    -            315 3606at4891           -            510   5.1e-17   58.9   3.8   1   2     5e-16   1.7e-14   50.6   0.8   303   422    81   200     1   206 0.86 -
20201at4891_5|contig_2:470938-471882    -            315 3606at4891           -            510   5.1e-17   58.9   3.8   2   2    0.0057      0.19    7.5   0.1   411   464   257   313   243   315 0.68 -
17074at4891_6|contig_13:512010-512720   -            237 3606at4891           -            510   1.3e-16   57.6   9.4   1   2   3.6e-12   1.2e-10   37.9   2.3   345   484    30   170     7   182 0.83 -
17074at4891_6|contig_13:512010-512720   -            237 3606at4891           -            510   1.3e-16   57.6   9.4   2   2   3.9e-10   1.3e-08   31.2   0.8   352   466   120   237   114   237 0.56 -
16921at4891_0|contig_13:510455-511225   -            257 3606at4891           -            510   2.5e-16   56.6   0.4   1   2   9.6e-16   3.3e-14   49.7   0.1   351   435    69   153    56   172 0.92 -
16921at4891_0|contig_13:510455-511225   -            257 3606at4891           -            510   2.5e-16   56.6   0.4   2   2     0.024      0.81    5.5   0.0   359   427   185   255   174   257 0.82 -
2531at4891_2|contig_2:566682-569015     -            778 3606at4891           -            510   9.5e-16   54.7   1.0   1   2     8e-09   2.7e-07   26.8   0.0   388   431   400   443   396   450 0.92 -
2531at4891_2|contig_2:566682-569015     -            778 3606at4891           -            510   9.5e-16   54.7   1.0   2   2   1.4e-08   4.9e-07   26.0   0.4   250   381   630   776   616   778 0.83 -
1653at4891_4|contig_13:269973-272027    -            685 3606at4891           -            510   2.7e-15   53.2   0.1   1   1   1.2e-16     4e-15   52.7   0.1   318   435     3   124     1   161 0.63 -
12947at4891_2|contig_5:63925-65199      -            425 3606at4891           -            510   5.8e-15   52.1   0.1   1   3   4.6e-11   1.6e-09   34.2   0.0   400   474    30   107    19   116 0.79 -
12947at4891_2|contig_5:63925-65199      -            425 3606at4891           -            510   5.8e-15   52.1   0.1   2   3     0.018       0.6    5.9   0.1   382   426   200   244   135   249 0.84 -
12947at4891_2|contig_5:63925-65199      -            425 3606at4891           -            510   5.8e-15   52.1   0.1   3   3    0.0048      0.16    7.8   0.2   358   425   270   342   261   348 0.79 -
17712at4891_2|contig_2:849820-851199    -            460 3606at4891           -            510   7.6e-15   51.7   2.8   1   4     3e-05     0.001   15.1   0.0   436   474    10    50     5    66 0.84 -
17712at4891_2|contig_2:849820-851199    -            460 3606at4891           -            510   7.6e-15   51.7   2.8   2   4    0.0019     0.065    9.1   0.0   437   470    69   102    54   116 0.71 -
17712at4891_2|contig_2:849820-851199    -            460 3606at4891           -            510   7.6e-15   51.7   2.8   3   4   2.8e-07   9.4e-06   21.8   0.1   396   468   145   216   133   223 0.83 -
17712at4891_2|contig_2:849820-851199    -            460 3606at4891           -            510   7.6e-15   51.7   2.8   4   4      0.12       3.9    3.2   0.0   394   427   371   404   343   410 0.78 -
12680at4891_2|contig_25:268397-269374   -            326 3606at4891           -            510   2.1e-14   50.3   0.0   1   2    0.0015     0.051    9.4   0.0   271   306    24    59    18    78 0.82 -
12680at4891_2|contig_25:268397-269374   -            326 3606at4891           -            510   2.1e-14   50.3   0.0   2   2   1.6e-12   5.6e-11   39.0   0.0   240   437    79   288    69   322 0.82 -
4664at4891_2|contig_4:46686-49286       -            867 3606at4891           -            510   3.6e-14   49.5   4.9   1   3   2.9e-12   9.7e-11   38.2   0.0   394   488     7   108     4   122 0.89 -
4664at4891_2|contig_4:46686-49286       -            867 3606at4891           -            510   3.6e-14   49.5   4.9   2   3    0.0023     0.078    8.8   0.2   409   450   287   328   235   353 0.73 -
4664at4891_2|contig_4:46686-49286       -            867 3606at4891           -            510   3.6e-14   49.5   4.9   3   3       8.4   2.8e+02   -2.9   0.1    93   117   693   717   658   771 0.53 -
7896at4891_2|contig_2:489252-491096     -            615 3606at4891           -            510   1.7e-13   47.3   8.3   1   5    0.0097      0.33    6.8   0.3   346   440    55   162    46   190 0.67 -
7896at4891_2|contig_2:489252-491096     -            615 3606at4891           -            510   1.7e-13   47.3   8.3   2   5   5.9e-07     2e-05   20.7   0.1   397   471   207   284   193   294 0.64 -
7896at4891_2|contig_2:489252-491096     -            615 3606at4891           -            510   1.7e-13   47.3   8.3   3   5     5e-08   1.7e-06   24.2   0.5   371   467   269   363   260   383 0.75 -
7896at4891_2|contig_2:489252-491096     -            615 3606at4891           -            510   1.7e-13   47.3   8.3   4   5      0.34        12    1.6   0.0   235   284   494   544   463   547 0.86 -
7896at4891_2|contig_2:489252-491096     -            615 3606at4891           -            510   1.7e-13   47.3   8.3   5   5   0.00036     0.012   11.5   0.0   410   468   555   612   498   615 0.81 -
1495at4891_2|contig_14:101101-104910    -           1270 3606at4891           -            510   4.2e-13   46.0   1.4   1   1   1.2e-13     4e-12   42.8   1.2   230   474    63   336    56   344 0.76 -
24793at4891_2|contig_27:74478-75452     -            325 3606at4891           -            510   8.1e-13   45.1   0.1   1   1   4.4e-14   1.5e-12   44.2   0.0   381   472   227   320   219   325 0.87 -
15470at4891|contig_25:457952-458512     -            187 3606at4891           -            510   9.2e-13   44.9   0.3   1   2   5.8e-14     2e-12   43.8   0.1   317   422     7   111     3   131 0.82 -
15470at4891|contig_25:457952-458512     -            187 3606at4891           -            510   9.2e-13   44.9   0.3   2   2       3.5   1.2e+02   -1.7   0.0   242   260   168   185   155   187 0.53 -
6943at4891_1|contig_4:208656-209474     -            273 3606at4891           -            510   1.3e-12   44.4   3.0   1   3   0.00024    0.0081   12.1   0.0   442   482    59   100    50   125 0.77 -
6943at4891_1|contig_4:208656-209474     -            273 3606at4891           -            510   1.3e-12   44.4   3.0   2   3   0.00054     0.018   10.9   0.1   399   473   110   187   101   193 0.72 -
6943at4891_1|contig_4:208656-209474     -            273 3606at4891           -            510   1.3e-12   44.4   3.0   3   3   6.8e-10   2.3e-08   30.4   1.0   357   467   155   269   149   271 0.79 -
6691at4891_2|contig_20:138548-140266    -            573 3606at4891           -            510   4.4e-12   42.6   0.1   1   3   5.3e-12   1.8e-10   37.3   0.0   313   431   237   357   229   368 0.86 -
6691at4891_2|contig_20:138548-140266    -            573 3606at4891           -            510   4.4e-12   42.6   0.1   2   3         2        69   -0.9   0.0   285   303   412   430   398   443 0.48 -
6691at4891_2|contig_20:138548-140266    -            573 3606at4891           -            510   4.4e-12   42.6   0.1   3   3      0.67        23    0.7   0.0   443   473   476   506   462   513 0.78 -
24709at4891_2|contig_19:568817-569980   -            388 3606at4891           -            510   7.1e-12   42.0   2.0   1   3   1.4e-07   4.7e-06   22.8   0.2   368   470    27   134    15   141 0.80 -
24709at4891_2|contig_19:568817-569980   -            388 3606at4891           -            510   7.1e-12   42.0   2.0   2   3   3.2e-05    0.0011   15.0   0.1   346   386   138   180   136   198 0.85 -
24709at4891_2|contig_19:568817-569980   -            388 3606at4891           -            510   7.1e-12   42.0   2.0   3   3      0.22       7.3    2.3   0.0   448   470   301   323   277   327 0.68 -
5443at4891_2|contig_14:1088388-1090643  -            752 3606at4891           -            510   1.1e-11   41.3   9.6   1   4       3.5   1.2e+02   -1.7   0.0   378   428    12    60    10    94 0.68 -
5443at4891_2|contig_14:1088388-1090643  -            752 3606at4891           -            510   1.1e-11   41.3   9.6   2   4   5.7e-08   1.9e-06   24.0   0.7   376   474    97   197    83   220 0.84 -
5443at4891_2|contig_14:1088388-1090643  -            752 3606at4891           -            510   1.1e-11   41.3   9.6   3   4     4e-05    0.0013   14.6   0.2   241   303   226   288   211   293 0.86 -
5443at4891_2|contig_14:1088388-1090643  -            752 3606at4891           -            510   1.1e-11   41.3   9.6   4   4     0.029      0.98    5.2   0.1   374   470   371   478   362   499 0.69 -
28907at4891_2|contig_20:859065-860021   -            319 3606at4891           -            510   1.7e-11   40.7   0.0   1   2   3.8e-08   1.3e-06   24.6   0.0   405   474    50   120    34   128 0.77 -
28907at4891_2|contig_20:859065-860021   -            319 3606at4891           -            510   1.7e-11   40.7   0.0   2   2     6e-05     0.002   14.0   0.0   408   471   159   224   146   235 0.74 -
16921at4891_3|contig_19:170554-171357   -            268 3606at4891           -            510   2.3e-11   40.3   1.7   1   3      0.33        11    1.7   0.0   442   477     1    36     1    46 0.87 -
16921at4891_3|contig_19:170554-171357   -            268 3606at4891           -            510   2.3e-11   40.3   1.7   2   3    0.0077      0.26    7.1   0.0   391   453    90   158    60   167 0.79 -
16921at4891_3|contig_19:170554-171357   -            268 3606at4891           -            510   2.3e-11   40.3   1.7   3   3   1.3e-09   4.6e-08   29.4   0.1   353   432   187   266   183   268 0.92 -
6711at4891_3|contig_26:300073-302241    -            723 3606at4891           -            510   4.7e-11   39.2   7.9   1   5     7e-07   2.4e-05   20.4   0.3   224   301   298   380   286   387 0.87 -
6711at4891_3|contig_26:300073-302241    -            723 3606at4891           -            510   4.7e-11   39.2   7.9   2   5       4.8   1.6e+02   -2.1   0.0   285   314   452   481   440   483 0.84 -
6711at4891_3|contig_26:300073-302241    -            723 3606at4891           -            510   4.7e-11   39.2   7.9   3   5       5.6   1.9e+02   -2.4   0.0   399   425   524   550   520   553 0.88 -
6711at4891_3|contig_26:300073-302241    -            723 3606at4891           -            510   4.7e-11   39.2   7.9   4   5   2.1e-06   7.1e-05   18.8   0.2   229   325   594   692   581   704 0.57 -
6711at4891_3|contig_26:300073-302241    -            723 3606at4891           -            510   4.7e-11   39.2   7.9   5   5      0.38        13    1.5   0.0   406   425   702   721   692   723 0.69 -
16921at4891_5|contig_3:821998-822693    -            232 3606at4891           -            510   2.4e-10   36.9   7.8   1   2   5.7e-11   1.9e-09   33.9   3.9   241   362    65   191    27   200 0.60 -
16921at4891_5|contig_3:821998-822693    -            232 3606at4891           -            510   2.4e-10   36.9   7.8   2   2     0.046       1.6    4.5   0.1   284   298   217   231   211   232 0.87 -
2568at4891_2|contig_14:683282-686707    -           1142 3606at4891           -            510   7.7e-10   35.2   6.3   1   1   6.1e-11   2.1e-09   33.8   6.3   315   480    66   239    21   253 0.77 -
14374at4891_2|contig_13:332709-333749   -            347 3606at4891           -            510   1.1e-09   34.7   6.6   1   3   5.5e-07   1.8e-05   20.8   0.7   242   302    22    88     3   138 0.75 -
14374at4891_2|contig_13:332709-333749   -            347 3606at4891           -            510   1.1e-09   34.7   6.6   2   3       0.4        13    1.4   0.0   394   426   210   246   203   255 0.74 -
14374at4891_2|contig_13:332709-333749   -            347 3606at4891           -            510   1.1e-09   34.7   6.6   3   3   8.3e-05    0.0028   13.6   0.3   234   300   263   333   254   343 0.69 -
18416at4891_5|contig_14:714201-715316   -            372 3606at4891           -            510   2.6e-09   33.5   0.1   1   3     0.015      0.52    6.1   0.0   243   302    77   136    38   147 0.62 -
18416at4891_5|contig_14:714201-715316   -            372 3606at4891           -            510   2.6e-09   33.5   0.1   2   3   1.6e-05   0.00053   16.0   0.0   397   475   175   257   163   266 0.78 -
18416at4891_5|contig_14:714201-715316   -            372 3606at4891           -            510   2.6e-09   33.5   0.1   3   3    0.0049      0.16    7.7   0.0   274   470   286   316   268   346 0.61 -
16921at4891_3|contig_14:495798-496592   -            265 3606at4891           -            510   4.7e-09   32.6   0.3   1   2   4.7e-10   1.6e-08   30.9   0.1   361   473     9   129     1   139 0.76 -
16921at4891_3|contig_14:495798-496592   -            265 3606at4891           -            510   4.7e-09   32.6   0.3   2   2       1.9        65   -0.8   0.0   445   466   172   193   161   198 0.75 -
33087at4891_2|contig_13:103254-104441   -            396 3606at4891           -            510   8.9e-09   31.7   0.8   1   2      0.13       4.3    3.1   0.0   274   299    19    42     9    71 0.78 -
33087at4891_2|contig_13:103254-104441   -            396 3606at4891           -            510   8.9e-09   31.7   0.8   2   2   1.3e-08   4.4e-07   26.1   0.1   389   476   226   328   200   336 0.80 -
5502at4891_2|contig_3:61943-65851       -           1303 3606at4891           -            510   1.1e-08   31.4   0.5   1   2   1.9e-06   6.5e-05   19.0   0.2   410   475   190   260   166   286 0.76 -
5502at4891_2|contig_3:61943-65851       -           1303 3606at4891           -            510   1.1e-08   31.4   0.5   2   2    0.0011     0.036    9.9   0.0   358   384   338   364   328   376 0.86 -
11696at4891_2|contig_2:401773-403305    -            511 3606at4891           -            510   3.2e-08   29.9   1.7   1   2   1.2e-05   0.00041   16.3   0.7   395   473   320   401   312   413 0.79 -
11696at4891_2|contig_2:401773-403305    -            511 3606at4891           -            510   3.2e-08   29.9   1.7   2   2   0.00035     0.012   11.5   0.0   269   301   415   448   404   454 0.75 -
6917at4891_2|contig_7:297328-299076     -            583 3606at4891           -            510   4.8e-08   29.3   0.1   1   3   0.00045     0.015   11.2   0.0   439   473   237   271   223   316 0.69 -
6917at4891_2|contig_7:297328-299076     -            583 3606at4891           -            510   4.8e-08   29.3   0.1   2   3     0.015       0.5    6.2   0.0   394   455   452   520   429   527 0.62 -
6917at4891_2|contig_7:297328-299076     -            583 3606at4891           -            510   4.8e-08   29.3   0.1   3   3     0.001     0.035   10.0   0.0   395   469   503   581   490   583 0.68 -
3223at4891_4|contig_20:629764-632451    -            896 3606at4891           -            510   7.1e-08   28.7   2.3   1   2   4.4e-08   1.5e-06   24.4   0.5   231   305   258   331   191   356 0.69 -
3223at4891_4|contig_20:629764-632451    -            896 3606at4891           -            510   7.1e-08   28.7   2.3   2   2     0.096       3.3    3.5   0.1   443   507   611   674   572   677 0.82 -
10649at4891_2|contig_16:198326-200116   -            597 3606at4891           -            510   8.6e-08   28.5   0.1   1   5      0.41        14    1.4   0.0   397   426   172   201   164   275 0.78 -
10649at4891_2|contig_16:198326-200116   -            597 3606at4891           -            510   8.6e-08   28.5   0.1   2   5    0.0024     0.081    8.8   0.0   351   405   300   354   291   365 0.90 -
10649at4891_2|contig_16:198326-200116   -            597 3606at4891           -            510   8.6e-08   28.5   0.1   3   5     0.061       2.1    4.1   0.0   443   469   417   443   408   450 0.84 -
10649at4891_2|contig_16:198326-200116   -            597 3606at4891           -            510   8.6e-08   28.5   0.1   4   5    0.0047      0.16    7.8   0.0   246   302   476   534   466   545 0.76 -
10649at4891_2|contig_16:198326-200116   -            597 3606at4891           -            510   8.6e-08   28.5   0.1   5   5       5.7   1.9e+02   -2.4   0.0   270   299   557   586   551   591 0.72 -
27209at4891_7|contig_12:526249-527970   -            574 3606at4891           -            510   5.2e-07   25.9   5.7   1   3       8.8     3e+02   -3.0   0.0   241   260   227   246   223   249 0.80 -
27209at4891_7|contig_12:526249-527970   -            574 3606at4891           -            510   5.2e-07   25.9   5.7   2   3   4.4e-08   1.5e-06   24.4   1.9   368   477   301   415   273   425 0.64 -
27209at4891_7|contig_12:526249-527970   -            574 3606at4891           -            510   5.2e-07   25.9   5.7   3   3       0.3        10    1.8   0.0   369   391   492   514   473   534 0.74 -
5370at4891_4|contig_17:325129-326763    -            545 3606at4891           -            510     6e-07   25.7   0.1   1   1   3.3e-08   1.1e-06   24.8   0.1   243   341   196   295   176   306 0.75 -
21297at4891_1|contig_3:380300-381307    -            336 3606at4891           -            510   1.1e-06   24.9   0.0   1   1     8e-08   2.7e-06   23.5   0.0   396   462   250   314   238   324 0.86 -
14552at4891_2|contig_4:127680-128819    -            380 3606at4891           -            510   5.1e-06   22.6   1.1   1   1   2.7e-07   9.1e-06   21.8   1.1   235   380    21   175     6   182 0.60 -
24793at4891_6|contig_13:968897-970240   -            448 3606at4891           -            510   8.7e-06   21.9   0.0   1   1   4.3e-07   1.4e-05   21.1   0.0   391   479   219   309   215   315 0.89 -
4082at4891_2|contig_4:793850-796870     -           1007 3606at4891           -            510     9e-05   18.5   0.2   1   3      0.44        15    1.3   0.0   397   429   122   154    75   168 0.79 -
4082at4891_2|contig_4:793850-796870     -           1007 3606at4891           -            510     9e-05   18.5   0.2   2   3    0.0025     0.084    8.7   0.0   361   389   241   269   235   281 0.85 -
4082at4891_2|contig_4:793850-796870     -           1007 3606at4891           -            510     9e-05   18.5   0.2   3   3     0.051       1.7    4.4   0.0   360   400   464   506   452   568 0.69 -
12237at4891_2|contig_19:296301-297962   -            554 3606at4891           -            510   0.00016   17.7   5.7   1   3   0.00023    0.0077   12.1   0.1   365   425   106   168    95   255 0.76 -
12237at4891_2|contig_19:296301-297962   -            554 3606at4891           -            510   0.00016   17.7   5.7   2   3     0.013      0.42    6.4   0.0   396   435   344   383   337   392 0.88 -
12237at4891_2|contig_19:296301-297962   -            554 3606at4891           -            510   0.00016   17.7   5.7   3   3       6.8   2.3e+02   -2.6   0.5   139   186   499   544   476   553 0.53 -
19161at4891_7|contig_14:1241427-1243349 -            641 3606at4891           -            510   0.00017   17.6   0.1   1   1   8.6e-06   0.00029   16.8   0.1   377   466   168   255   159   302 0.71 -
12381at4891_2|contig_6:370698-371990    -            431 3606at4891           -            510   0.00068   15.6   0.1   1   1   3.7e-05    0.0012   14.8   0.1   174   388    15   240     2   359 0.67 -
30938at4891_2|contig_14:760645-761976   -            444 3606at4891           -            510   0.00078   15.4   2.0   1   2       0.6        20    0.9   0.0   445   474   108   138    95   145 0.60 -
30938at4891_2|contig_14:760645-761976   -            444 3606at4891           -            510   0.00078   15.4   2.0   2   2   0.00015     0.005   12.7   0.4   350   433   191   277   183   280 0.82 -
14677at4891_4|contig_14:168793-170358   -            522 3606at4891           -            510    0.0012   14.8   0.0   1   3       9.6   3.2e+02   -3.1   0.0   360   384   191   217   185   222 0.63 -
14677at4891_4|contig_14:168793-170358   -            522 3606at4891           -            510    0.0012   14.8   0.0   2   3      0.15         5    2.9   0.0   369   383   349   363   256   368 0.88 -
14677at4891_4|contig_14:168793-170358   -            522 3606at4891           -            510    0.0012   14.8   0.0   3   3    0.0017     0.058    9.2   0.0   439   473   390   424   385   463 0.76 -
15697at4891_3|contig_17:408371-409825   -            485 3606at4891           -            510    0.0025   13.8   0.4   1   2         8   2.7e+02   -2.9   0.0   410   435    98   123    88   125 0.75 -
15697at4891_3|contig_17:408371-409825   -            485 3606at4891           -            510    0.0025   13.8   0.4   2   2   0.00018    0.0061   12.5   0.1   370   455   328   413   314   445 0.69 -
2549at4891_2|contig_22:82561-87222      -           1554 3606at4891           -            510    0.0035   13.3  15.4   1   5       7.4   2.5e+02   -2.8   2.1   162   208   815   862   800   885 0.49 -
2549at4891_2|contig_22:82561-87222      -           1554 3606at4891           -            510    0.0035   13.3  15.4   2   5      0.32        11    1.7   0.1   411   466  1224  1283  1207  1305 0.61 -
2549at4891_2|contig_22:82561-87222      -           1554 3606at4891           -            510    0.0035   13.3  15.4   3   5   0.00012    0.0041   13.0   0.2   366   472  1268  1386  1253  1396 0.68 -
2549at4891_2|contig_22:82561-87222      -           1554 3606at4891           -            510    0.0035   13.3  15.4   4   5      0.54        18    1.0   0.0   409   428  1416  1435  1397  1450 0.72 -
2549at4891_2|contig_22:82561-87222      -           1554 3606at4891           -            510    0.0035   13.3  15.4   5   5     0.017      0.56    6.0   0.2   223   277  1450  1502  1442  1546 0.81 -
#
# Program:         hmmsearch
# Version:         3.1b2 (February 2015)
# Pipeline mode:   SEARCH
# Query file:      /mnt/c/Users/HMarton/GitHub/LundUni/Pages/Projects/de_novo_BINP29/busco_downloads/lineages/saccharomycetes_odb10/hmms/3606at4891.hmm
# Target file:     /mnt/c/Users/HMarton/GitHub/LundUni/Pages/Projects/de_novo_BINP29/results/04_busco/BUSCO_assembly.fasta/run_saccharomycetes_odb10/metaeuk_output/initial_results/assembly.fasta.modified.fas
# Option settings: hmmsearch --domtblout /mnt/c/Users/HMarton/GitHub/LundUni/Pages/Projects/de_novo_BINP29/results/04_busco/BUSCO_assembly.fasta/run_saccharomycetes_odb10/hmmer_output/initial_run_results/3606at4891.out --cpu 1 /mnt/c/Users/HMarton/GitHub/LundUni/Pages/Projects/de_novo_BINP29/busco_downloads/lineages/saccharomycetes_odb10/hmms/3606at4891.hmm /mnt/c/Users/HMarton/GitHub/LundUni/Pages/Projects/de_novo_BINP29/results/04_busco/BUSCO_assembly.fasta/run_saccharomycetes_odb10/metaeuk_output/initial_results/assembly.fasta.modified.fas 
# Current dir:     /mnt/c/Users/HMarton/GitHub/LundUni/Pages/Projects/de_novo_BINP29
# Date:            Fri Feb 23 20:15:15 2024
# [ok]
