#                                                                                             --- full sequence --- -------------- this domain -------------   hmm coord   ali coord   env coord
# target name                         accession   tlen query name           accession   qlen   E-value  score  bias   #  of  c-Evalue  i-Evalue  score  bias  from    to  from    to  from    to  acc description of target
#                 ------------------- ---------- ----- -------------------- ---------- ----- --------- ------ ----- --- --- --------- --------- ------ ----- ----- ----- ----- ----- ----- ----- ---- ---------------------
36316at4891_1|contig_14:427395-427889 -            165 36316at4891          -             71     6e-32  106.9   8.5   1   2      0.84   1.7e+02   -0.3   0.1     3    13     8    18     6    22 0.82 -
36316at4891_1|contig_14:427395-427889 -            165 36316at4891          -             71     6e-32  106.9   8.5   2   2   2.9e-34     6e-32  106.9   8.5    13    71    37    98    33    98 0.97 -
36106at4891_8|contig_3:70930-71292    -            121 36316at4891          -             71   3.7e-13   46.7  10.6   1   1   2.7e-15   5.6e-13   46.1  10.6     2    71    39   114    38   114 0.84 -
36316at4891_3|contig_20:222211-222345 -             45 36316at4891          -             71   5.1e-07   27.0   6.9   1   1   3.6e-09   7.4e-07   26.5   6.9    28    68     1    45     1    45 0.74 -
17898at4891_7|contig_3:301977-303614  -            546 36316at4891          -             71   1.2e-05   22.6   3.4   1   1   1.2e-07   2.4e-05   21.7   3.4    10    68   337   395   329   398 0.76 -
4366at4891_2|contig_2:168503-173188   -           1562 36316at4891          -             71   4.8e-05   20.7   4.6   1   1   6.7e-07   0.00014   19.3   4.6    15    70  1506  1557  1495  1558 0.82 -
36316at4891_3|contig_4:452039-452194  -             52 36316at4891          -             71   0.00013   19.3   4.4   1   1   1.3e-06   0.00026   18.3   4.4    26    68     6    52     1    52 0.67 -
7410at4891_2|contig_25:299367-301640  -            758 36316at4891          -             71    0.0038   14.6   4.5   1   1   3.5e-05    0.0073   13.7   4.5    17    69   699   753   693   755 0.70 -
5523at4891_1|contig_12:438701-443242  -           1514 36316at4891          -             71    0.0087   13.5   5.9   1   1   0.00012     0.024   12.1   5.9    27    68  1200  1239  1196  1241 0.82 -
18487at4891_3|contig_22:483138-484877 -            580 36316at4891          -             71     0.013   13.0   7.2   1   1   0.00018     0.037   11.4   7.2    27    69   237   279   231   281 0.70 -
9030at4891_2|contig_16:236943-240434  -           1164 36316at4891          -             71     0.013   12.9   2.0   1   1   0.00014     0.028   11.8   2.0    40    70   925   958   902   959 0.71 -
5502at4891_2|contig_3:61943-65851     -           1303 36316at4891          -             71     0.028   11.9   6.7   1   1   0.00029     0.059   10.8   6.7    17    65  1249  1298  1245  1302 0.80 -
4765at4891_2|contig_2:199906-202980   -           1025 36316at4891          -             71     0.054   11.0   2.5   1   1   0.00055      0.11    9.9   2.5    25    67   925   972   922   975 0.69 -
23747at4891_2|contig_26:108579-109790 -            404 36316at4891          -             71       1.7    6.1   9.0   1   2     0.016       3.3    5.2   4.4    27    70    18    59     4    60 0.75 -
23747at4891_2|contig_26:108579-109790 -            404 36316at4891          -             71       1.7    6.1   9.0   2   2     0.085        17    2.9   0.1    57    71   174   188   161   188 0.73 -
#
# Program:         hmmsearch
# Version:         3.1b2 (February 2015)
# Pipeline mode:   SEARCH
# Query file:      /mnt/c/Users/HMarton/GitHub/LundUni/Pages/Projects/de_novo_BINP29/busco_downloads/lineages/saccharomycetes_odb10/hmms/36316at4891.hmm
# Target file:     /mnt/c/Users/HMarton/GitHub/LundUni/Pages/Projects/de_novo_BINP29/results/04_busco/BUSCO_assembly.fasta/run_saccharomycetes_odb10/metaeuk_output/initial_results/assembly.fasta.modified.fas
# Option settings: hmmsearch --domtblout /mnt/c/Users/HMarton/GitHub/LundUni/Pages/Projects/de_novo_BINP29/results/04_busco/BUSCO_assembly.fasta/run_saccharomycetes_odb10/hmmer_output/initial_run_results/36316at4891.out --cpu 1 /mnt/c/Users/HMarton/GitHub/LundUni/Pages/Projects/de_novo_BINP29/busco_downloads/lineages/saccharomycetes_odb10/hmms/36316at4891.hmm /mnt/c/Users/HMarton/GitHub/LundUni/Pages/Projects/de_novo_BINP29/results/04_busco/BUSCO_assembly.fasta/run_saccharomycetes_odb10/metaeuk_output/initial_results/assembly.fasta.modified.fas 
# Current dir:     /mnt/c/Users/HMarton/GitHub/LundUni/Pages/Projects/de_novo_BINP29
# Date:            Fri Feb 23 20:14:38 2024
# [ok]
