#                                                                                              --- full sequence --- -------------- this domain -------------   hmm coord   ali coord   env coord
# target name                          accession   tlen query name           accession   qlen   E-value  score  bias   #  of  c-Evalue  i-Evalue  score  bias  from    to  from    to  from    to  acc description of target
#                  ------------------- ---------- ----- -------------------- ---------- ----- --------- ------ ----- --- --- --------- --------- ------ ----- ----- ----- ----- ----- ----- ----- ---- ---------------------
3845at4891_2|contig_25:547935-550946   -           1004 3845at4891           -            724  9.9e-241  798.1  15.1   1   4     0.076       9.7    1.4   0.4     2    32     1    29     1    50 0.68 -
3845at4891_2|contig_25:547935-550946   -           1004 3845at4891           -            724  9.9e-241  798.1  15.1   2   4   9.2e-91   1.2e-88  295.3   3.8    11   292    74   399    64   437 0.84 -
3845at4891_2|contig_25:547935-550946   -           1004 3845at4891           -            724  9.9e-241  798.1  15.1   3   4   1.7e-05    0.0021   13.5   0.0   305   341   465   503   462   509 0.89 -
3845at4891_2|contig_25:547935-550946   -           1004 3845at4891           -            724  9.9e-241  798.1  15.1   4   4  1.2e-149  1.5e-147  490.0   0.1   340   724   533  1004   528  1004 0.84 -
3845at4891_1|contig_3:575756-578284    -            843 3845at4891           -            724  1.9e-107  357.4   0.0   1   2   4.2e-42   5.3e-40  134.5   0.4    49   282     4   296     1   312 0.76 -
3845at4891_1|contig_3:575756-578284    -            843 3845at4891           -            724  1.9e-107  357.4   0.0   2   2   6.4e-68   8.1e-66  219.8   0.0   314   673   394   816   381   841 0.79 -
3845at4891_1|contig_14:1217192-1219702 -            837 3845at4891           -            724  7.8e-107  355.4   0.0   1   2   1.6e-41   2.1e-39  132.5   0.3    55   282     4   290     1   306 0.75 -
3845at4891_1|contig_14:1217192-1219702 -            837 3845at4891           -            724  7.8e-107  355.4   0.0   2   2   6.2e-68   7.9e-66  219.9   0.0   314   673   388   810   375   835 0.79 -
3246at4891_2|contig_19:327076-330405   -           1110 3845at4891           -            724   4.3e-83  276.9   0.1   1   5     2e-40   2.5e-38  128.9   0.0    60   219    11   190     4   195 0.82 -
3246at4891_2|contig_19:327076-330405   -           1110 3845at4891           -            724   4.3e-83  276.9   0.1   2   5   1.4e-05    0.0017   13.8   0.0   215   291   222   323   212   331 0.73 -
3246at4891_2|contig_19:327076-330405   -           1110 3845at4891           -            724   4.3e-83  276.9   0.1   3   5     5e-20   6.3e-18   61.5   0.0   313   477   578   771   549   779 0.81 -
3246at4891_2|contig_19:327076-330405   -           1110 3845at4891           -            724   4.3e-83  276.9   0.1   4   5   1.1e-05    0.0014   14.1   0.0   542   568   892   918   874   929 0.90 -
3246at4891_2|contig_19:327076-330405   -           1110 3845at4891           -            724   4.3e-83  276.9   0.1   5   5   6.7e-17   8.5e-15   51.2   0.0   578   703   950  1094   933  1108 0.80 -
2825at4891_2|contig_16:177548-179779   -            744 3845at4891           -            724   3.3e-35  118.6   0.1   1   3   2.1e-20   2.7e-18   62.7   0.1    63   190    48   190    16   194 0.78 -
2825at4891_2|contig_16:177548-179779   -            744 3845at4891           -            724   3.3e-35  118.6   0.1   2   3   1.9e-10   2.4e-08   29.8   0.0   317   464   372   533   349   542 0.77 -
2825at4891_2|contig_16:177548-179779   -            744 3845at4891           -            724   3.3e-35  118.6   0.1   3   3     4e-08   5.1e-06   22.1   0.0   548   658   589   715   582   724 0.74 -
2926at4891_7|contig_7:217802-220150    -            783 3845at4891           -            724     1e-30  103.8   1.4   1   3   7.4e-22   9.5e-20   67.5   0.1    66   191     6   138     2   180 0.84 -
2926at4891_7|contig_7:217802-220150    -            783 3845at4891           -            724     1e-30  103.8   1.4   2   3   3.1e-05    0.0039   12.6   0.0   317   400   340   424   317   434 0.78 -
2926at4891_7|contig_7:217802-220150    -            783 3845at4891           -            724     1e-30  103.8   1.4   3   3   3.7e-08   4.8e-06   22.2   0.1   373   470   424   526   416   532 0.78 -
5963at4891_6|contig_12:355150-357021   -            624 3845at4891           -            724   1.4e-23   80.2   1.1   1   2   3.7e-25   4.7e-23   78.4   0.1    57   189    13   157     3   170 0.85 -
5963at4891_6|contig_12:355150-357021   -            624 3845at4891           -            724   1.4e-23   80.2   1.1   2   2      0.24        31   -0.3   0.1   319   351   231   265   227   306 0.69 -
4591at4891_2|contig_5:140776-143781    -           1002 3845at4891           -            724     7e-12   41.5   0.0   1   2       7.3   9.2e+02   -5.2   3.6    17    49    67    99    60   119 0.79 -
4591at4891_2|contig_5:140776-143781    -           1002 3845at4891           -            724     7e-12   41.5   0.0   2   2   5.5e-14     7e-12   41.5   0.0    67   190   404   535   342   566 0.67 -
14521at4891_7|contig_3:679299-680492   -            398 3845at4891           -            724   2.2e-11   39.9   0.2   1   2   1.5e-12   1.9e-10   36.8   0.1    69   189    10   137     4   146 0.78 -
14521at4891_7|contig_3:679299-680492   -            398 3845at4891           -            724   2.2e-11   39.9   0.2   2   2      0.12        15    0.8   0.0   318   371   226   282   213   300 0.72 -
6437at4891_2|contig_3:272854-274761    -            636 3845at4891           -            724     4e-10   35.7   0.7   1   1   1.1e-11   1.4e-09   33.9   0.7    65   190   102   219    89   239 0.80 -
7621at4891_2|contig_20:240716-242020   -            435 3845at4891           -            724     1e-08   31.1   0.2   1   1   8.7e-10   1.1e-07   27.6   0.2    97   161    50   112     1   121 0.70 -
7621at4891_2|contig_4:341120-342424    -            435 3845at4891           -            724     1e-08   31.1   0.2   1   1   8.7e-10   1.1e-07   27.6   0.2    97   161    50   112     1   121 0.70 -
6549at4891_2|contig_25:74605-76428     -            608 3845at4891           -            724   4.1e-08   29.1   1.0   1   2       1.8   2.3e+02   -3.2   0.1   492   541    32    78    30    83 0.75 -
6549at4891_2|contig_25:74605-76428     -            608 3845at4891           -            724   4.1e-08   29.1   1.0   2   2   4.6e-10   5.9e-08   28.5   0.1    98   165   217   279   143   317 0.87 -
22405at4891_2|contig_26:231021-231950  -            310 3845at4891           -            724   3.5e-07   26.0   0.3   1   2   5.9e-09   7.5e-07   24.9   0.1    69   148    30   106    18   115 0.92 -
22405at4891_2|contig_26:231021-231950  -            310 3845at4891           -            724   3.5e-07   26.0   0.3   2   2      0.89   1.1e+02   -2.1   0.0    24    75   179   233   175   236 0.79 -
27558at4891_5|contig_2:773657-774256   -            200 3845at4891           -            724   0.00011   17.8   0.1   1   1   1.3e-06   0.00016   17.2   0.1    70   135     8    72     2    78 0.90 -
22405at4891_9|contig_7:574041-574883   -            281 3845at4891           -            724   0.00056   15.4   0.0   1   1   6.4e-06   0.00082   14.8   0.0    70   147     8    84     4    95 0.83 -
7621at4891_7|contig_14:782265-784304   -            680 3845at4891           -            724    0.0013   14.1   0.0   1   1   2.4e-05     0.003   13.0   0.0   100   169   308   372   302   408 0.70 -
25808at4891_9|contig_2:663395-664018   -            208 3845at4891           -            724     0.003   13.0   0.1   1   1   6.7e-05    0.0085   11.5   0.1    65   174     5   102     1   112 0.75 -
14739at4891_2|contig_22:235194-236399  -            402 3845at4891           -            724    0.0038   12.6   0.0   1   1   4.2e-05    0.0054   12.1   0.0    70   155    35   116    22   119 0.74 -
33356at4891_1|contig_26:178530-179105  -            192 3845at4891           -            724     0.014   10.8   0.0   1   1   0.00013     0.017   10.5   0.0    68   130     4    64     1    73 0.86 -
6624at4891_2|contig_17:206121-207701   -            527 3845at4891           -            724     0.025    9.9   0.4   1   2      0.18        23    0.2   0.0    66   113    98   138    84   145 0.73 -
6624at4891_2|contig_17:206121-207701   -            527 3845at4891           -            724     0.025    9.9   0.4   2   2    0.0011      0.14    7.5   0.1   132   204   189   268   183   276 0.71 -
#
# Program:         hmmsearch
# Version:         3.1b2 (February 2015)
# Pipeline mode:   SEARCH
# Query file:      /mnt/c/Users/HMarton/GitHub/LundUni/Pages/Projects/de_novo_BINP29/busco_downloads/lineages/saccharomycetes_odb10/hmms/3845at4891.hmm
# Target file:     /mnt/c/Users/HMarton/GitHub/LundUni/Pages/Projects/de_novo_BINP29/results/04_busco/BUSCO_assembly.fasta/run_saccharomycetes_odb10/metaeuk_output/initial_results/assembly.fasta.modified.fas
# Option settings: hmmsearch --domtblout /mnt/c/Users/HMarton/GitHub/LundUni/Pages/Projects/de_novo_BINP29/results/04_busco/BUSCO_assembly.fasta/run_saccharomycetes_odb10/hmmer_output/initial_run_results/3845at4891.out --cpu 1 /mnt/c/Users/HMarton/GitHub/LundUni/Pages/Projects/de_novo_BINP29/busco_downloads/lineages/saccharomycetes_odb10/hmms/3845at4891.hmm /mnt/c/Users/HMarton/GitHub/LundUni/Pages/Projects/de_novo_BINP29/results/04_busco/BUSCO_assembly.fasta/run_saccharomycetes_odb10/metaeuk_output/initial_results/assembly.fasta.modified.fas 
# Current dir:     /mnt/c/Users/HMarton/GitHub/LundUni/Pages/Projects/de_novo_BINP29
# Date:            Fri Feb 23 20:15:23 2024
# [ok]
