#                                                                                             --- full sequence --- -------------- this domain -------------   hmm coord   ali coord   env coord
# target name                         accession   tlen query name           accession   qlen   E-value  score  bias   #  of  c-Evalue  i-Evalue  score  bias  from    to  from    to  from    to  acc description of target
#                 ------------------- ---------- ----- -------------------- ---------- ----- --------- ------ ----- --- --- --------- --------- ------ ----- ----- ----- ----- ----- ----- ----- ---- ---------------------
41431at4891_3|contig_14:277295-278317 -            341 41431at4891          -             88   2.1e-18   63.8  65.7   1   6   6.9e-09   6.2e-06   23.9  10.4     2    44    11    53    10    57 0.87 -
41431at4891_3|contig_14:277295-278317 -            341 41431at4891          -             88   2.1e-18   63.8  65.7   2   6       1.2   1.1e+03   -2.6   8.0     6    40    63    97    58   109 0.56 -
41431at4891_3|contig_14:277295-278317 -            341 41431at4891          -             88   2.1e-18   63.8  65.7   3   6     0.055        49    1.8   6.0    11    64   105   157   100   162 0.76 -
41431at4891_3|contig_14:277295-278317 -            341 41431at4891          -             88   2.1e-18   63.8  65.7   4   6     1e-07     9e-05   20.2  10.4    18    63   190   235   181   238 0.88 -
41431at4891_3|contig_14:277295-278317 -            341 41431at4891          -             88   2.1e-18   63.8  65.7   5   6      0.97   8.7e+02   -2.2   0.1    29    51   247   269   236   277 0.58 -
41431at4891_3|contig_14:277295-278317 -            341 41431at4891          -             88   2.1e-18   63.8  65.7   6   6     4e-15   3.6e-12   43.9   0.6    59    88   312   341   286   341 0.91 -
9948at4891_7|contig_22:423666-425321  -            552 41431at4891          -             88      0.23    9.2   7.5   1   1   0.00055      0.49    8.2   7.5     4    48    60   104    58   119 0.87 -
40078at4891_1|contig_7:80693-81010    -            106 41431at4891          -             88      0.59    7.9   7.2   1   2    0.0093       8.3    4.3   0.6    39    68    17    46     4    61 0.70 -
40078at4891_1|contig_7:80693-81010    -            106 41431at4891          -             88      0.59    7.9   7.2   2   2   0.00095      0.85    7.4   1.2    22    59    61    98    55   104 0.90 -
#
# Program:         hmmsearch
# Version:         3.1b2 (February 2015)
# Pipeline mode:   SEARCH
# Query file:      /mnt/c/Users/HMarton/GitHub/LundUni/Pages/Projects/de_novo_BINP29/busco_downloads/lineages/saccharomycetes_odb10/hmms/41431at4891.hmm
# Target file:     /mnt/c/Users/HMarton/GitHub/LundUni/Pages/Projects/de_novo_BINP29/results/04_busco/BUSCO_assembly.fasta/run_saccharomycetes_odb10/metaeuk_output/initial_results/assembly.fasta.modified.fas
# Option settings: hmmsearch --domtblout /mnt/c/Users/HMarton/GitHub/LundUni/Pages/Projects/de_novo_BINP29/results/04_busco/BUSCO_assembly.fasta/run_saccharomycetes_odb10/hmmer_output/initial_run_results/41431at4891.out --cpu 1 /mnt/c/Users/HMarton/GitHub/LundUni/Pages/Projects/de_novo_BINP29/busco_downloads/lineages/saccharomycetes_odb10/hmms/41431at4891.hmm /mnt/c/Users/HMarton/GitHub/LundUni/Pages/Projects/de_novo_BINP29/results/04_busco/BUSCO_assembly.fasta/run_saccharomycetes_odb10/metaeuk_output/initial_results/assembly.fasta.modified.fas 
# Current dir:     /mnt/c/Users/HMarton/GitHub/LundUni/Pages/Projects/de_novo_BINP29
# Date:            Fri Feb 23 20:15:51 2024
# [ok]
