#                                                                                            --- full sequence --- -------------- this domain -------------   hmm coord   ali coord   env coord
# target name                        accession   tlen query name           accession   qlen   E-value  score  bias   #  of  c-Evalue  i-Evalue  score  bias  from    to  from    to  from    to  acc description of target
#                ------------------- ---------- ----- -------------------- ---------- ----- --------- ------ ----- --- --- --------- --------- ------ ----- ----- ----- ----- ----- ----- ----- ---- ---------------------
4281at4891_2|contig_19:29132-31690   -            853 4281at4891           -            524  1.2e-249  826.6  22.2   1   3     9e-50   4.8e-47  158.0   2.8     1   135    16   176    16   181 0.84 -
4281at4891_2|contig_19:29132-31690   -            853 4281at4891           -            524  1.2e-249  826.6  22.2   2   3  5.4e-204  2.9e-201  666.9   3.3   132   500   196   603   187   619 0.91 -
4281at4891_2|contig_19:29132-31690   -            853 4281at4891           -            524  1.2e-249  826.6  22.2   3   3   9.5e-06    0.0051   12.8   1.3   493   520   639   672   609   676 0.75 -
5926at4891_2|contig_25:637088-638932 -            615 4281at4891           -            524   5.2e-59  197.5   5.3   1   1   2.1e-61   1.1e-58  196.4   5.3    55   480    50   510    44   515 0.80 -
5926at4891_0|contig_19:423124-424305 -            394 4281at4891           -            524   1.5e-43  146.5   7.8   1   1   1.4e-45   7.4e-43  144.2   7.8   119   472     5   387     2   392 0.82 -
5926at4891_8|contig_3:526080-527612  -            511 4281at4891           -            524   3.1e-41  138.9  11.2   1   1   2.6e-43   1.4e-40  136.7  11.2   118   473   104   488    94   510 0.77 -
5926at4891_4|contig_6:344174-345433  -            420 4281at4891           -            524   5.2e-14   49.0   3.3   1   1   7.6e-16   4.1e-13   46.1   3.3   124   393   107   382    73   399 0.70 -
#
# Program:         hmmsearch
# Version:         3.1b2 (February 2015)
# Pipeline mode:   SEARCH
# Query file:      /mnt/c/Users/HMarton/GitHub/LundUni/Pages/Projects/de_novo_BINP29/busco_downloads/lineages/saccharomycetes_odb10/hmms/4281at4891.hmm
# Target file:     /mnt/c/Users/HMarton/GitHub/LundUni/Pages/Projects/de_novo_BINP29/results/04_busco/BUSCO_assembly.fasta/run_saccharomycetes_odb10/metaeuk_output/initial_results/assembly.fasta.modified.fas
# Option settings: hmmsearch --domtblout /mnt/c/Users/HMarton/GitHub/LundUni/Pages/Projects/de_novo_BINP29/results/04_busco/BUSCO_assembly.fasta/run_saccharomycetes_odb10/hmmer_output/initial_run_results/4281at4891.out --cpu 1 /mnt/c/Users/HMarton/GitHub/LundUni/Pages/Projects/de_novo_BINP29/busco_downloads/lineages/saccharomycetes_odb10/hmms/4281at4891.hmm /mnt/c/Users/HMarton/GitHub/LundUni/Pages/Projects/de_novo_BINP29/results/04_busco/BUSCO_assembly.fasta/run_saccharomycetes_odb10/metaeuk_output/initial_results/assembly.fasta.modified.fas 
# Current dir:     /mnt/c/Users/HMarton/GitHub/LundUni/Pages/Projects/de_novo_BINP29
# Date:            Fri Feb 23 20:15:43 2024
# [ok]
