#                                                                                               --- full sequence --- -------------- this domain -------------   hmm coord   ali coord   env coord
# target name                           accession   tlen query name           accession   qlen   E-value  score  bias   #  of  c-Evalue  i-Evalue  score  bias  from    to  from    to  from    to  acc description of target
#                   ------------------- ---------- ----- -------------------- ---------- ----- --------- ------ ----- --- --- --------- --------- ------ ----- ----- ----- ----- ----- ----- ----- ---- ---------------------
4490at4891_2|contig_13:927939-930293    -            785 4490at4891           -            530  2.7e-189  627.3  17.8   1   3  1.3e-136  7.5e-135  447.7   6.5     1   366     9   505     9   514 0.79 -
4490at4891_2|contig_13:927939-930293    -            785 4490at4891           -            530  2.7e-189  627.3  17.8   2   3   4.2e-51   2.5e-49  165.4   1.6   365   479   534   683   527   688 0.88 -
4490at4891_2|contig_13:927939-930293    -            785 4490at4891           -            530  2.7e-189  627.3  17.8   3   3   0.00023     0.014   11.2   0.0   485   530   717   785   693   785 0.66 -
16921at4891_9|contig_26:99454-100452    -            333 4490at4891           -            530   1.9e-17   60.2  10.7   1   5   0.00037     0.022   10.5   0.1   119   293     2    32     1    40 0.44 -
16921at4891_9|contig_26:99454-100452    -            333 4490at4891           -            530   1.9e-17   60.2  10.7   2   5   0.00094     0.056    9.2   0.1   178   214    44    87    39    92 0.78 -
16921at4891_9|contig_26:99454-100452    -            333 4490at4891           -            530   1.9e-17   60.2  10.7   3   5   4.4e-05    0.0026   13.5   0.0   115   151    90   130    83   157 0.80 -
16921at4891_9|contig_26:99454-100452    -            333 4490at4891           -            530   1.9e-17   60.2  10.7   4   5   1.6e-07   9.4e-06   21.6   0.4   413   480   210   291   162   293 0.73 -
16921at4891_9|contig_26:99454-100452    -            333 4490at4891           -            530   1.9e-17   60.2  10.7   5   5   1.5e-05   0.00091   15.1   0.4   252   332   249   330   248   332 0.86 -
16921at4891_8|contig_26:80163-80855     -            231 4490at4891           -            530   4.4e-15   52.4   0.7   1   4    0.0033       0.2    7.3   0.0   130   148    12    30     8    34 0.88 -
16921at4891_8|contig_26:80163-80855     -            231 4490at4891           -            530   4.4e-15   52.4   0.7   2   4   1.3e-05   0.00078   15.3   0.0   115   149    34    73    31    81 0.87 -
16921at4891_8|contig_26:80163-80855     -            231 4490at4891           -            530   4.4e-15   52.4   0.7   3   4     0.027       1.6    4.4   0.0   268   294    84   111    69   121 0.63 -
16921at4891_8|contig_26:80163-80855     -            231 4490at4891           -            530   4.4e-15   52.4   0.7   4   4   3.3e-07     2e-05   20.5   0.0   118   213   128   217   122   221 0.78 -
3606at4891_2|contig_4:201583-203973     -            797 4490at4891           -            530   5.2e-15   52.2   0.3   1   4     8e-06   0.00048   16.0   0.0   132   211   482   555   470   557 0.65 -
3606at4891_2|contig_4:201583-203973     -            797 4490at4891           -            530   5.2e-15   52.2   0.3   2   4     3e-05    0.0018   14.1   0.0   260   294   562   596   556   603 0.90 -
3606at4891_2|contig_4:201583-203973     -            797 4490at4891           -            530   5.2e-15   52.2   0.3   3   4    0.0002     0.012   11.4   0.0   261   334   605   679   600   690 0.84 -
3606at4891_2|contig_4:201583-203973     -            797 4490at4891           -            530   5.2e-15   52.2   0.3   4   4     0.088       5.2    2.6   0.0   426   455   697   726   682   731 0.59 -
17074at4891_3|contig_25:163898-164776   -            293 4490at4891           -            530     2e-11   40.3   0.4   1   3   9.6e-07   5.7e-05   19.0   0.0   115   213     8   106     4   116 0.87 -
17074at4891_3|contig_25:163898-164776   -            293 4490at4891           -            530     2e-11   40.3   0.4   2   3    0.0076      0.45    6.2   0.0   124   148   147   171   134   176 0.88 -
17074at4891_3|contig_25:163898-164776   -            293 4490at4891           -            530     2e-11   40.3   0.4   3   3   0.00013    0.0076   12.0   0.0   116   152   176   215   172   234 0.82 -
16921at4891_6|contig_6:255886-256704    -            273 4490at4891           -            530   2.5e-11   40.0   4.3   1   5   0.00013    0.0078   12.0   0.0   115   150    20    58    11    63 0.82 -
16921at4891_6|contig_6:255886-256704    -            273 4490at4891           -            530   2.5e-11   40.0   4.3   2   5    0.0014     0.085    8.5   0.0   116   148    61    96    53   101 0.79 -
16921at4891_6|contig_6:255886-256704    -            273 4490at4891           -            530   2.5e-11   40.0   4.3   3   5   1.1e-05   0.00063   15.6   0.0   178   210   102   134    99   152 0.78 -
16921at4891_6|contig_6:255886-256704    -            273 4490at4891           -            530   2.5e-11   40.0   4.3   4   5      0.85        51   -0.6   0.0   131   153   209   231   205   237 0.68 -
16921at4891_6|contig_6:255886-256704    -            273 4490at4891           -            530   2.5e-11   40.0   4.3   5   5      0.13       7.9    2.1   0.1   126   147   244   265   212   271 0.63 -
4206at4891_2|contig_26:118102-120855    -            918 4490at4891           -            530     4e-11   39.3   6.9   1   6      0.47        28    0.2   0.0   409   452    82   124    51   130 0.80 -
4206at4891_2|contig_26:118102-120855    -            918 4490at4891           -            530     4e-11   39.3   6.9   2   6   0.00018     0.011   11.5   0.2   261   294   142   175   136   183 0.88 -
4206at4891_2|contig_26:118102-120855    -            918 4490at4891           -            530     4e-11   39.3   6.9   3   6     0.055       3.3    3.3   0.0   179   210   189   220   178   223 0.73 -
4206at4891_2|contig_26:118102-120855    -            918 4490at4891           -            530     4e-11   39.3   6.9   4   6     0.062       3.7    3.1   0.0   179   215   343   379   329   385 0.83 -
4206at4891_2|contig_26:118102-120855    -            918 4490at4891           -            530     4e-11   39.3   6.9   5   6    0.0052      0.31    6.7   0.0   263   300   385   422   377   427 0.88 -
4206at4891_2|contig_26:118102-120855    -            918 4490at4891           -            530     4e-11   39.3   6.9   6   6   0.00018     0.011   11.5   0.0   115   147   467   504   431   518 0.74 -
16921at4891_3|contig_7:193212-193847    -            212 4490at4891           -            530   5.1e-11   39.0   0.3   1   3   0.00019     0.011   11.4   0.0   121   152     2    36     1    60 0.74 -
16921at4891_3|contig_7:193212-193847    -            212 4490at4891           -            530   5.1e-11   39.0   0.3   2   3    0.0019      0.11    8.2   0.0   124   151    72    99    37   102 0.84 -
16921at4891_3|contig_7:193212-193847    -            212 4490at4891           -            530   5.1e-11   39.0   0.3   3   3   2.7e-06   0.00016   17.5   0.0   115   148   100   136    96   161 0.86 -
10099at4891_2|contig_4:594881-597400    -            840 4490at4891           -            530   5.8e-11   38.8   2.2   1   5       4.6   2.7e+02   -3.0   0.1   131   146    32    47    30    51 0.87 -
10099at4891_2|contig_4:594881-597400    -            840 4490at4891           -            530   5.8e-11   38.8   2.2   2   5     3e-05    0.0018   14.1   0.0   419   452    75   108    68   115 0.88 -
10099at4891_2|contig_4:594881-597400    -            840 4490at4891           -            530   5.8e-11   38.8   2.2   3   5   0.00043     0.026   10.3   0.2   258   336   130   209   122   221 0.71 -
10099at4891_2|contig_4:594881-597400    -            840 4490at4891           -            530   5.8e-11   38.8   2.2   4   5       1.7     1e+02   -1.6   0.0   125   144   322   341   314   348 0.82 -
10099at4891_2|contig_4:594881-597400    -            840 4490at4891           -            530   5.8e-11   38.8   2.2   5   5   0.00071     0.042    9.5   0.0   264   301   355   391   339   395 0.83 -
15960at4891_0|contig_19:620356-621267   -            304 4490at4891           -            530   5.9e-11   38.8   4.3   1   4      0.19        11    1.6   0.0   131   485     6    25     2    61 0.64 -
15960at4891_0|contig_19:620356-621267   -            304 4490at4891           -            530   5.9e-11   38.8   4.3   2   4    0.0033       0.2    7.4   0.2   422   451    75   104    35   109 0.65 -
15960at4891_0|contig_19:620356-621267   -            304 4490at4891           -            530   5.9e-11   38.8   4.3   3   4     0.049       2.9    3.5   0.0   418   451   112   145   106   155 0.83 -
15960at4891_0|contig_19:620356-621267   -            304 4490at4891           -            530   5.9e-11   38.8   4.3   4   4   1.8e-08   1.1e-06   24.7   0.7   416   500   201   300   160   303 0.81 -
17785at4891_2|contig_3:827964-829340    -            459 4490at4891           -            530   7.6e-11   38.4   2.2   1   4      0.05         3    3.5   0.0   120   148   102   135    95   140 0.78 -
17785at4891_2|contig_3:827964-829340    -            459 4490at4891           -            530   7.6e-11   38.4   2.2   2   4   1.7e-06    0.0001   18.2   0.0   116   209   139   235   135   244 0.80 -
17785at4891_2|contig_3:827964-829340    -            459 4490at4891           -            530   7.6e-11   38.4   2.2   3   4      0.11       6.3    2.4   0.1   468   484   305   321   275   356 0.75 -
17785at4891_2|contig_3:827964-829340    -            459 4490at4891           -            530   7.6e-11   38.4   2.2   4   4   0.00021     0.013   11.3   0.0   113   150   367   410   342   453 0.80 -
16921at4891_4|contig_2:441697-442182    -            162 4490at4891           -            530   1.8e-10   37.2   3.1   1   3   0.00048     0.028   10.1   0.0   116   148    13    51     2    59 0.63 -
16921at4891_4|contig_2:441697-442182    -            162 4490at4891           -            530   1.8e-10   37.2   3.1   2   3   3.3e-07     2e-05   20.5   0.7   259   334    60   136    52   142 0.88 -
16921at4891_4|contig_2:441697-442182    -            162 4490at4891           -            530   1.8e-10   37.2   3.1   3   3     0.017      0.99    5.0   0.0   175   191   143   159   137   162 0.80 -
20201at4891_2|contig_14:976480-977445   -            322 4490at4891           -            530   1.3e-09   34.3  16.5   1   5     0.092       5.5    2.6   0.0   129   150    22    43     3    50 0.81 -
20201at4891_2|contig_14:976480-977445   -            322 4490at4891           -            530   1.3e-09   34.3  16.5   2   5     0.016      0.96    5.1   0.1   263   295    53    85    48    91 0.63 -
20201at4891_2|contig_14:976480-977445   -            322 4490at4891           -            530   1.3e-09   34.3  16.5   3   5   1.7e-05     0.001   14.9   0.1   172   212    95   135    85   146 0.83 -
20201at4891_2|contig_14:976480-977445   -            322 4490at4891           -            530   1.3e-09   34.3  16.5   4   5   0.00041     0.024   10.3   0.9   177   220   146   189   139   191 0.84 -
20201at4891_2|contig_14:976480-977445   -            322 4490at4891           -            530   1.3e-09   34.3  16.5   5   5   0.00037     0.022   10.5   0.7   175   286   188   314   187   320 0.65 -
3060at4891_2|contig_16:48934-51762      -            943 4490at4891           -            530   1.5e-09   34.2  11.0   1   6    0.0031      0.18    7.5   0.0   179   213   119   153   101   168 0.82 -
3060at4891_2|contig_16:48934-51762      -            943 4490at4891           -            530   1.5e-09   34.2  11.0   2   6     0.025       1.5    4.5   0.2   123   155   170   201   153   213 0.70 -
3060at4891_2|contig_16:48934-51762      -            943 4490at4891           -            530   1.5e-09   34.2  11.0   3   6       1.5        92   -1.5   0.0   130   149   216   235   204   253 0.70 -
3060at4891_2|contig_16:48934-51762      -            943 4490at4891           -            530   1.5e-09   34.2  11.0   4   6    0.0015     0.088    8.5   0.0   385   479   387   501   378   542 0.80 -
3060at4891_2|contig_16:48934-51762      -            943 4490at4891           -            530   1.5e-09   34.2  11.0   5   6    0.0015     0.087    8.5   0.3   385   478   569   642   532   643 0.51 -
3060at4891_2|contig_16:48934-51762      -            943 4490at4891           -            530   1.5e-09   34.2  11.0   6   6   1.9e-05    0.0012   14.7   1.2   385   480   569   686   568   691 0.78 -
17077at4891_2|contig_17:290336-291190   -            285 4490at4891           -            530   3.6e-09   32.9   1.6   1   4    0.0038      0.22    7.2   0.1   117   146     1    34     1    41 0.78 -
17077at4891_2|contig_17:290336-291190   -            285 4490at4891           -            530   3.6e-09   32.9   1.6   2   4    0.0011     0.063    9.0   0.0   116   209    41   139    37   146 0.68 -
17077at4891_2|contig_17:290336-291190   -            285 4490at4891           -            530   3.6e-09   32.9   1.6   3   4   0.00062     0.037    9.7   0.0   176   211   148   183   140   186 0.90 -
17077at4891_2|contig_17:290336-291190   -            285 4490at4891           -            530   3.6e-09   32.9   1.6   4   4     0.081       4.8    2.8   0.0   114   146   208   243   193   280 0.75 -
17077at4891_6|contig_27:153722-154366   -            215 4490at4891           -            530   1.3e-08   31.0   1.2   1   4      0.05         3    3.5   0.0   309   335     7    33     2    38 0.82 -
17077at4891_6|contig_27:153722-154366   -            215 4490at4891           -            530   1.3e-08   31.0   1.2   2   4   7.1e-05    0.0042   12.9   0.1   115   146    40    75    32    81 0.87 -
17077at4891_6|contig_27:153722-154366   -            215 4490at4891           -            530   1.3e-08   31.0   1.2   3   4   0.00045     0.027   10.2   0.0   116   209    82   180    78   184 0.71 -
17077at4891_6|contig_27:153722-154366   -            215 4490at4891           -            530   1.3e-08   31.0   1.2   4   4     0.057       3.4    3.3   0.0    35    70   150   188   126   215 0.55 -
8998at4891_7|contig_19:41018-42367      -            450 4490at4891           -            530   1.8e-08   30.6   6.8   1   4   0.00017      0.01   11.6   0.9   163   212   102   151    89   159 0.88 -
8998at4891_7|contig_19:41018-42367      -            450 4490at4891           -            530   1.8e-08   30.6   6.8   2   4     0.001     0.061    9.0   0.2   421   480   160   233   151   233 0.75 -
8998at4891_7|contig_19:41018-42367      -            450 4490at4891           -            530   1.8e-08   30.6   6.8   3   4   8.1e-05    0.0048   12.7   0.1   385   451   200   275   195   285 0.79 -
8998at4891_7|contig_19:41018-42367      -            450 4490at4891           -            530   1.8e-08   30.6   6.8   4   4     0.031       1.9    4.1   0.0   422   452   334   364   321   379 0.62 -
17077at4891_7|contig_20:675144-676478   -            445 4490at4891           -            530   2.1e-08   30.4   6.5   1   4    0.0011     0.065    8.9   0.2   462   482   145   165   141   174 0.88 -
17077at4891_7|contig_20:675144-676478   -            445 4490at4891           -            530   2.1e-08   30.4   6.5   2   4   8.8e-06   0.00052   15.8   0.7   421   503   174   270   167   289 0.70 -
17077at4891_7|contig_20:675144-676478   -            445 4490at4891           -            530   2.1e-08   30.4   6.5   3   4     0.013       0.8    5.3   0.0   177   211   256   290   251   305 0.85 -
17077at4891_7|contig_20:675144-676478   -            445 4490at4891           -            530   2.1e-08   30.4   6.5   4   4     0.092       5.5    2.6   0.0   187   212   399   424   392   429 0.83 -
15470at4891_1|contig_2:377940-378977    -            346 4490at4891           -            530   2.3e-08   30.2   0.3   1   5   1.4e-06   8.2e-05   18.5   0.0   416   479     3    80     1    90 0.80 -
15470at4891_1|contig_2:377940-378977    -            346 4490at4891           -            530   2.3e-08   30.2   0.3   2   5       1.6        96   -1.5   0.0   420   441    90   111    80   114 0.80 -
15470at4891_1|contig_2:377940-378977    -            346 4490at4891           -            530   2.3e-08   30.2   0.3   3   5         2   1.2e+02   -1.8   0.0   268   287   156   175   146   192 0.75 -
15470at4891_1|contig_2:377940-378977    -            346 4490at4891           -            530   2.3e-08   30.2   0.3   4   5     0.011      0.67    5.6   0.1   421   448   194   221   168   228 0.84 -
15470at4891_1|contig_2:377940-378977    -            346 4490at4891           -            530   2.3e-08   30.2   0.3   5   5       0.3        18    0.9   0.0   288   337   274   324   241   337 0.74 -
29122at4891_2|contig_3:738061-739326    -            422 4490at4891           -            530   6.1e-08   28.8   5.1   1   2   7.7e-09   4.6e-07   25.9   1.7   151   292    61   207    46   211 0.77 -
29122at4891_2|contig_3:738061-739326    -            422 4490at4891           -            530   6.1e-08   28.8   5.1   2   2      0.25        15    1.1   0.1   257   288   383   414   331   421 0.59 -
2851at4891_2|contig_12:490170-492617    -            816 4490at4891           -            530   8.1e-08   28.4   7.9   1   6       1.4        83   -1.3   0.0   425   450    63    88    52    94 0.63 -
2851at4891_2|contig_12:490170-492617    -            816 4490at4891           -            530   8.1e-08   28.4   7.9   2   6     0.017         1    5.0   0.1    79   150    95   182    79   194 0.72 -
2851at4891_2|contig_12:490170-492617    -            816 4490at4891           -            530   8.1e-08   28.4   7.9   3   6      0.69        41   -0.3   0.0   131   162   211   242   206   245 0.82 -
2851at4891_2|contig_12:490170-492617    -            816 4490at4891           -            530   8.1e-08   28.4   7.9   4   6     0.043       2.6    3.7   0.0   117   148   384   420   374   439 0.72 -
2851at4891_2|contig_12:490170-492617    -            816 4490at4891           -            530   8.1e-08   28.4   7.9   5   6   0.00015     0.009   11.8   0.2   420   480   488   562   476   571 0.79 -
2851at4891_2|contig_12:490170-492617    -            816 4490at4891           -            530   8.1e-08   28.4   7.9   6   6    0.0078      0.46    6.1   0.0   177   213   571   607   563   695 0.90 -
6943at4891_4|contig_16:316645-318099    -            485 4490at4891           -            530   1.9e-07   27.2   3.9   1   6      0.33        19    0.8   0.0   130   150    82   102    58   114 0.76 -
6943at4891_4|contig_16:316645-318099    -            485 4490at4891           -            530   1.9e-07   27.2   3.9   2   6     0.021       1.2    4.7   0.1   127   155   133   160   123   173 0.79 -
6943at4891_4|contig_16:316645-318099    -            485 4490at4891           -            530   1.9e-07   27.2   3.9   3   6      0.44        26    0.3   0.0   182   209   220   248   215   253 0.80 -
6943at4891_4|contig_16:316645-318099    -            485 4490at4891           -            530   1.9e-07   27.2   3.9   4   6   0.00044     0.026   10.2   0.0   421   463   303   345   292   351 0.87 -
6943at4891_4|contig_16:316645-318099    -            485 4490at4891           -            530   1.9e-07   27.2   3.9   5   6    0.0059      0.35    6.5   0.1   266   298   349   381   344   392 0.70 -
6943at4891_4|contig_16:316645-318099    -            485 4490at4891           -            530   1.9e-07   27.2   3.9   6   6     0.019       1.1    4.9   0.1   130   161   362   393   356   402 0.82 -
17074at4891_2|contig_20:54833-56221     -            463 4490at4891           -            530   2.3e-07   27.0   4.3   1   3   3.2e-05    0.0019   14.0   0.0   260   300   259   299   240   311 0.87 -
17074at4891_2|contig_20:54833-56221     -            463 4490at4891           -            530   2.3e-07   27.0   4.3   2   3     0.017      0.98    5.0   0.2   253   293   336   376   310   422 0.68 -
17074at4891_2|contig_20:54833-56221     -            463 4490at4891           -            530   2.3e-07   27.0   4.3   3   3     0.027       1.6    4.4   0.1   114   143   429   463   425   463 0.78 -
665at4891_4|contig_14:188455-192051     -           1199 4490at4891           -            530   3.3e-07   26.4   9.0   1   4    0.0028      0.17    7.6   0.3   115   150    89   129    64   132 0.69 -
665at4891_4|contig_14:188455-192051     -           1199 4490at4891           -            530   3.3e-07   26.4   9.0   2   4    0.0098      0.58    5.8   0.1   130   152   223   245   199   255 0.74 -
665at4891_4|contig_14:188455-192051     -           1199 4490at4891           -            530   3.3e-07   26.4   9.0   3   4     0.088       5.2    2.6   0.0   179   212   251   284   246   293 0.60 -
665at4891_4|contig_14:188455-192051     -           1199 4490at4891           -            530   3.3e-07   26.4   9.0   4   4     0.042       2.5    3.7   0.1   264   356   491   591   475   601 0.75 -
17147at4891_9|contig_14:1176799-1178028 -            410 4490at4891           -            530   1.7e-06   24.1   0.3   1   2   0.00024     0.015   11.1   0.0   421   455   159   193   148   202 0.78 -
17147at4891_9|contig_14:1176799-1178028 -            410 4490at4891           -            530   1.7e-06   24.1   0.3   2   2   0.00068      0.04    9.6   0.0   412   453   236   278   219   288 0.84 -
17712at4891_2|contig_2:849820-851199    -            460 4490at4891           -            530   3.5e-06   23.0   0.1   1   4     0.014      0.84    5.3   0.0   420   457    68   105    65   107 0.90 -
17712at4891_2|contig_2:849820-851199    -            460 4490at4891           -            530   3.5e-06   23.0   0.1   2   4      0.06       3.6    3.2   0.0   264   293   144   173   135   177 0.88 -
17712at4891_2|contig_2:849820-851199    -            460 4490at4891           -            530   3.5e-06   23.0   0.1   3   4     0.081       4.8    2.8   0.0   180   208   186   214   176   221 0.64 -
17712at4891_2|contig_2:849820-851199    -            460 4490at4891           -            530   3.5e-06   23.0   0.1   4   4     0.029       1.7    4.2   0.0   265   287   373   395   364   410 0.83 -
16921at4891_0|contig_13:510455-511225   -            257 4490at4891           -            530   3.7e-06   23.0   0.1   1   2    0.0016     0.094    8.4   0.0   422   453    71   102    58   106 0.87 -
16921at4891_0|contig_13:510455-511225   -            257 4490at4891           -            530   3.7e-06   23.0   0.1   2   2   4.2e-05    0.0025   13.6   0.0   253   294   102   143   100   157 0.86 -
8291at4891_7|contig_25:639374-641518    -            715 4490at4891           -            530   5.2e-06   22.4   6.4   1   3     0.049       2.9    3.5   0.1   115   144     7    40     3    49 0.77 -
8291at4891_7|contig_25:639374-641518    -            715 4490at4891           -            530   5.2e-06   22.4   6.4   2   3    0.0001    0.0059   12.4   1.4   426   481   102   168    89   186 0.75 -
8291at4891_7|contig_25:639374-641518    -            715 4490at4891           -            530   5.2e-06   22.4   6.4   3   3    0.0071      0.42    6.3   0.0   116   146   215   249   210   293 0.78 -
20201at4891_5|contig_2:470938-471882    -            315 4490at4891           -            530   5.4e-06   22.4   1.5   1   4     0.039       2.3    3.8   0.0   131   152     1    22     1    47 0.69 -
20201at4891_5|contig_2:470938-471882    -            315 4490at4891           -            530   5.4e-06   22.4   1.5   2   4   1.9e-05    0.0011   14.7   0.2   264   325    90   151    85   160 0.79 -
20201at4891_5|contig_2:470938-471882    -            315 4490at4891           -            530   5.4e-06   22.4   1.5   3   4     0.026       1.6    4.4   0.0   415   468   123   177   119   180 0.82 -
20201at4891_5|contig_2:470938-471882    -            315 4490at4891           -            530   5.4e-06   22.4   1.5   4   4       1.4        81   -1.3   0.0   509   529   250   270   220   289 0.73 -
10660at4891_2|contig_12:85099-87051     -            651 4490at4891           -            530   6.1e-06   22.2   0.0   1   2     0.014      0.81    5.3   0.0   131   213    97   173    87   178 0.66 -
10660at4891_2|contig_12:85099-87051     -            651 4490at4891           -            530   6.1e-06   22.2   0.0   2   2   2.8e-05    0.0017   14.2   0.0   420   452   179   211   174   222 0.88 -
16921at4891_7|contig_4:236757-237653    -            299 4490at4891           -            530   1.1e-05   21.4   0.1   1   3     0.088       5.2    2.7   0.0   257   288    32    63    15    71 0.82 -
16921at4891_7|contig_4:236757-237653    -            299 4490at4891           -            530   1.1e-05   21.4   0.1   2   3   0.00028     0.016   10.9   0.0   260   336    76   154    69   176 0.84 -
16921at4891_7|contig_4:236757-237653    -            299 4490at4891           -            530   1.1e-05   21.4   0.1   3   3      0.03       1.8    4.2   0.0   426   451   177   202   171   207 0.78 -
12947at4891_2|contig_5:63925-65199      -            425 4490at4891           -            530   2.6e-05   20.1   2.4   1   3   5.7e-05    0.0034   13.2   0.2   422   466    71   123    67   129 0.74 -
12947at4891_2|contig_5:63925-65199      -            425 4490at4891           -            530   2.6e-05   20.1   2.4   2   3     0.024       1.4    4.5   0.0   272   325   134   187   124   214 0.85 -
12947at4891_2|contig_5:63925-65199      -            425 4490at4891           -            530   2.6e-05   20.1   2.4   3   3      0.33        19    0.8   0.2   131   164   229   261   182   312 0.60 -
18416at4891_5|contig_14:714201-715316   -            372 4490at4891           -            530   2.9e-05   20.0   1.3   1   3      0.94        56   -0.8   0.0   248   300    42    95    25    98 0.65 -
18416at4891_5|contig_14:714201-715316   -            372 4490at4891           -            530   2.9e-05   20.0   1.3   2   3     0.053       3.1    3.4   0.1   454   482   101   136    89   145 0.79 -
18416at4891_5|contig_14:714201-715316   -            372 4490at4891           -            530   2.9e-05   20.0   1.3   3   3   5.2e-05    0.0031   13.3   0.1   123   209   228   312   200   316 0.77 -
28907at4891_2|contig_20:859065-860021   -            319 4490at4891           -            530   4.2e-05   19.5   1.0   1   3    0.0068      0.41    6.3   0.2   177   216    36    76     8    81 0.78 -
28907at4891_2|contig_20:859065-860021   -            319 4490at4891           -            530   4.2e-05   19.5   1.0   2   3      0.41        24    0.4   0.0   418   461    79   124    71   130 0.58 -
28907at4891_2|contig_20:859065-860021   -            319 4490at4891           -            530   4.2e-05   19.5   1.0   3   3   0.00067      0.04    9.6   0.0   178   213   188   224   170   243 0.86 -
16305at4891_3|contig_4:370794-372398    -            535 4490at4891           -            530   7.7e-05   18.6   2.2   1   4       0.3        18    0.9   0.1   261   294   215   249   195   253 0.73 -
16305at4891_3|contig_4:370794-372398    -            535 4490at4891           -            530   7.7e-05   18.6   2.2   2   4     0.088       5.2    2.6   0.1   252   294   248   290   243   299 0.83 -
16305at4891_3|contig_4:370794-372398    -            535 4490at4891           -            530   7.7e-05   18.6   2.2   3   4    0.0013     0.078    8.7   0.0   177   210   355   388   348   393 0.87 -
16305at4891_3|contig_4:370794-372398    -            535 4490at4891           -            530   7.7e-05   18.6   2.2   4   4     0.068         4    3.0   0.0   255   297   391   432   387   451 0.68 -
1495at4891_2|contig_14:101101-104910    -           1270 4490at4891           -            530   0.00026   16.9   4.2   1   4    0.0084       0.5    6.0   0.1   403   455    88   141    58   144 0.79 -
1495at4891_2|contig_14:101101-104910    -           1270 4490at4891           -            530   0.00026   16.9   4.2   2   4         3   1.8e+02   -2.4   0.0   123   151   168   196   166   215 0.84 -
1495at4891_2|contig_14:101101-104910    -           1270 4490at4891           -            530   0.00026   16.9   4.2   3   4   0.00085     0.051    9.3   0.1   174   212   250   289   226   296 0.87 -
1495at4891_2|contig_14:101101-104910    -           1270 4490at4891           -            530   0.00026   16.9   4.2   4   4      0.38        23    0.5   0.0   125   164   630   668   609   679 0.73 -
16921at4891_5|contig_3:821998-822693    -            232 4490at4891           -            530   0.00051   15.9   9.8   1   3    0.0032      0.19    7.4   1.8   113   211    91   131    16   140 0.52 -
16921at4891_5|contig_3:821998-822693    -            232 4490at4891           -            530   0.00051   15.9   9.8   2   3    0.0069      0.41    6.3   0.1   113   142   135   167   132   174 0.85 -
16921at4891_5|contig_3:821998-822693    -            232 4490at4891           -            530   0.00051   15.9   9.8   3   3    0.0049      0.29    6.8   0.2   461   479   214   232   203   232 0.90 -
12680at4891_2|contig_25:268397-269374   -            326 4490at4891           -            530   0.00088   15.1   0.1   1   4      0.01      0.62    5.7   0.0   267   295    26    54    20    61 0.88 -
12680at4891_2|contig_25:268397-269374   -            326 4490at4891           -            530   0.00088   15.1   0.1   2   4     0.024       1.4    4.5   0.0   262   293   107   138    82   148 0.56 -
12680at4891_2|contig_25:268397-269374   -            326 4490at4891           -            530   0.00088   15.1   0.1   3   4       1.1        63   -0.9   0.0   427   442   202   217   190   229 0.68 -
12680at4891_2|contig_25:268397-269374   -            326 4490at4891           -            530   0.00088   15.1   0.1   4   4         2   1.2e+02   -1.8   0.0   430   455   254   279   248   294 0.78 -
11696at4891_2|contig_2:401773-403305    -            511 4490at4891           -            530    0.0012   14.6   3.6   1   4       8.4     5e+02   -3.9   0.0   343   371    12    40     6    44 0.83 -
11696at4891_2|contig_2:401773-403305    -            511 4490at4891           -            530    0.0012   14.6   3.6   2   4    0.0095      0.57    5.8   0.1   122   160   328   366   311   387 0.81 -
11696at4891_2|contig_2:401773-403305    -            511 4490at4891           -            530    0.0012   14.6   3.6   3   4       0.3        18    0.9   0.0   260   289   361   390   351   418 0.78 -
11696at4891_2|contig_2:401773-403305    -            511 4490at4891           -            530    0.0012   14.6   3.6   4   4    0.0023      0.13    7.9   0.1   129   210   431   508   410   511 0.78 -
6691at4891_2|contig_20:138548-140266    -            573 4490at4891           -            530    0.0023   13.7   0.8   1   4    0.0031      0.18    7.5   0.0   425   453   238   266   222   274 0.86 -
6691at4891_2|contig_20:138548-140266    -            573 4490at4891           -            530    0.0023   13.7   0.8   2   4     0.064       3.8    3.1   0.0   114   146   315   352   285   361 0.74 -
6691at4891_2|contig_20:138548-140266    -            573 4490at4891           -            530    0.0023   13.7   0.8   3   4       8.1   4.8e+02   -3.8   0.0    69    85   412   428   401   433 0.59 -
6691at4891_2|contig_20:138548-140266    -            573 4490at4891           -            530    0.0023   13.7   0.8   4   4       1.8     1e+02   -1.6   0.2   183   232   474   523   472   569 0.65 -
4263at4891_2|contig_20:740125-743160    -           1012 4490at4891           -            530    0.0024   13.7   3.9   1   3   0.00012    0.0071   12.1   0.3   419   484   175   254   167   271 0.77 -
4263at4891_2|contig_20:740125-743160    -           1012 4490at4891           -            530    0.0024   13.7   3.9   2   3      0.46        27    0.3   0.1    72   173   727   821   711   828 0.65 -
4263at4891_2|contig_20:740125-743160    -           1012 4490at4891           -            530    0.0024   13.7   3.9   3   3       3.2   1.9e+02   -2.5   0.0   132   148   952   968   940   983 0.68 -
15470at4891|contig_25:457952-458512     -            187 4490at4891           -            530    0.0046   12.7   0.4   1   2    0.0021      0.13    8.0   0.0   267   295     4    31     1    42 0.81 -
15470at4891|contig_25:457952-458512     -            187 4490at4891           -            530    0.0046   12.7   0.4   2   2     0.049       2.9    3.5   0.1   417   468    36    88    31    91 0.75 -
2531at4891_2|contig_2:566682-569015     -            778 4490at4891           -            530     0.008   11.9   1.0   1   4     0.015      0.87    5.2   0.0   118   149   405   441   396   463 0.66 -
2531at4891_2|contig_2:566682-569015     -            778 4490at4891           -            530     0.008   11.9   1.0   2   4      0.24        14    1.2   0.0   264   287   564   587   556   608 0.78 -
2531at4891_2|contig_2:566682-569015     -            778 4490at4891           -            530     0.008   11.9   1.0   3   4       2.2   1.3e+02   -2.0   0.0   182   208   652   678   625   684 0.77 -
2531at4891_2|contig_2:566682-569015     -            778 4490at4891           -            530     0.008   11.9   1.0   4   4      0.35        21    0.7   0.0   268   293   752   777   739   778 0.80 -
16921at4891_3|contig_14:495798-496592   -            265 4490at4891           -            530    0.0091   11.7   0.2   1   2     0.009      0.53    5.9   0.0   462   480    14    32     5    91 0.80 -
16921at4891_3|contig_14:495798-496592   -            265 4490at4891           -            530    0.0091   11.7   0.2   2   2     0.055       3.3    3.3   0.0   130   213   109   198   104   213 0.56 -
5986at4891_2|contig_2:487177-488715     -            513 4490at4891           -            530     0.016   11.0   0.0   1   2    0.0096      0.57    5.8   0.1   128   148   137   157    55   165 0.79 -
5986at4891_2|contig_2:487177-488715     -            513 4490at4891           -            530     0.016   11.0   0.0   2   2     0.074       4.4    2.9   0.0   116   146   163   199   158   205 0.78 -
#
# Program:         hmmsearch
# Version:         3.1b2 (February 2015)
# Pipeline mode:   SEARCH
# Query file:      /mnt/c/Users/HMarton/GitHub/LundUni/Pages/Projects/de_novo_BINP29/busco_downloads/lineages/saccharomycetes_odb10/hmms/4490at4891.hmm
# Target file:     /mnt/c/Users/HMarton/GitHub/LundUni/Pages/Projects/de_novo_BINP29/results/04_busco/BUSCO_assembly.fasta/run_saccharomycetes_odb10/metaeuk_output/initial_results/assembly.fasta.modified.fas
# Option settings: hmmsearch --domtblout /mnt/c/Users/HMarton/GitHub/LundUni/Pages/Projects/de_novo_BINP29/results/04_busco/BUSCO_assembly.fasta/run_saccharomycetes_odb10/hmmer_output/initial_run_results/4490at4891.out --cpu 1 /mnt/c/Users/HMarton/GitHub/LundUni/Pages/Projects/de_novo_BINP29/busco_downloads/lineages/saccharomycetes_odb10/hmms/4490at4891.hmm /mnt/c/Users/HMarton/GitHub/LundUni/Pages/Projects/de_novo_BINP29/results/04_busco/BUSCO_assembly.fasta/run_saccharomycetes_odb10/metaeuk_output/initial_results/assembly.fasta.modified.fas 
# Current dir:     /mnt/c/Users/HMarton/GitHub/LundUni/Pages/Projects/de_novo_BINP29
# Date:            Fri Feb 23 20:16:27 2024
# [ok]
