#                                                                                               --- full sequence --- -------------- this domain -------------   hmm coord   ali coord   env coord
# target name                           accession   tlen query name           accession   qlen   E-value  score  bias   #  of  c-Evalue  i-Evalue  score  bias  from    to  from    to  from    to  acc description of target
#                   ------------------- ---------- ----- -------------------- ---------- ----- --------- ------ ----- --- --- --------- --------- ------ ----- ----- ----- ----- ----- ----- ----- ---- ---------------------
4544at4891_2|contig_25:599635-602748    -           1038 4544at4891           -            682  3.9e-222  736.8   5.6   1   3   4.2e-21   5.1e-19   65.5   0.3     2   125    16   186    15   203 0.73 -
4544at4891_2|contig_25:599635-602748    -           1038 4544at4891           -            682  3.9e-222  736.8   5.6   2   3  8.8e-186  1.1e-183  609.7   0.1   213   612   450   926   420   944 0.80 -
4544at4891_2|contig_25:599635-602748    -           1038 4544at4891           -            682  3.9e-222  736.8   5.6   3   3     3e-17   3.6e-15   52.8   0.1   613   682   968  1038   956  1038 0.84 -
2862at4891_6|contig_14:230035-232539    -            835 4544at4891           -            682  1.8e-151  503.2   0.0   1   2   1.1e-66   1.3e-64  216.2   0.0   380   611   205   438   188   452 0.94 -
2862at4891_6|contig_14:230035-232539    -            835 4544at4891           -            682  1.8e-151  503.2   0.0   2   2   4.4e-86   5.4e-84  280.2   0.0   353   668   451   793   439   806 0.86 -
6567at4891_2|contig_12:157325-159655    -            777 4544at4891           -            682  4.8e-139  462.2   0.0   1   2   8.5e-60     1e-57  193.4   0.0   386   612   242   475   228   483 0.92 -
6567at4891_2|contig_12:157325-159655    -            777 4544at4891           -            682  4.8e-139  462.2   0.0   2   2   5.5e-82   6.6e-80  266.7   0.0   357   617   484   747   477   757 0.94 -
3496at4891_7|contig_16:372469-374952    -            828 4544at4891           -            682  1.3e-136  454.1   0.0   1   2     1e-55   1.3e-53  179.9   0.0   386   617   202   439   170   470 0.89 -
3496at4891_7|contig_16:372469-374952    -            828 4544at4891           -            682  1.3e-136  454.1   0.0   2   2   1.6e-83     2e-81  271.8   0.0   357   658   501   822   491   826 0.90 -
3680at4891_2|contig_19:19898-22750      -            951 4544at4891           -            682     2e-86  288.3   0.1   1   2       0.2        24    0.5   0.0   564   646   561   640   548   647 0.75 -
3680at4891_2|contig_19:19898-22750      -            951 4544at4891           -            682     2e-86  288.3   0.1   2   2   1.4e-87   1.7e-85  285.2   0.0   358   659   621   948   569   950 0.83 -
2212at4891_1|contig_4:417367-419637     -            757 4544at4891           -            682   2.6e-58  195.4   0.1   1   2   2.9e-57   3.6e-55  185.0   0.0   424   649   275   518   263   529 0.86 -
2212at4891_1|contig_4:417367-419637     -            757 4544at4891           -            682   2.6e-58  195.4   0.1   2   2   0.00093      0.11    8.2   0.0   426   458   560   592   539   603 0.87 -
11586at4891_6|contig_3:807549-808859    -            437 4544at4891           -            682   4.7e-58  194.5   0.0   1   1   5.1e-60   6.2e-58  194.1   0.0   375   609   167   406   134   430 0.88 -
13867at4891_0|contig_13:429550-430761   -            404 4544at4891           -            682   1.3e-54  183.2   0.0   1   1   1.3e-56   1.5e-54  182.9   0.0   386   609   144   372    76   402 0.88 -
11201at4891_1|contig_14:1235634-1236917 -            428 4544at4891           -            682   1.2e-53  179.9   0.0   1   1   1.2e-55   1.4e-53  179.7   0.0   381   609   164   398   107   428 0.88 -
15588at4891_2|contig_13:561749-562834   -            362 4544at4891           -            682   4.8e-52  174.7   0.0   1   1   4.8e-54   5.9e-52  174.4   0.0   382   622    84   326    51   355 0.90 -
2534at4891_2|contig_13:1055395-1059525  -           1377 4544at4891           -            682     1e-51  173.6   0.0   1   2   2.8e-53   3.4e-51  171.9   0.0   385   643   409   676   403   683 0.93 -
2534at4891_2|contig_13:1055395-1059525  -           1377 4544at4891           -            682     1e-51  173.6   0.0   2   2       1.2   1.4e+02   -2.1   0.1   246   276   816   846   760   912 0.57 -
12258at4891_9|contig_14:431939-433255   -            439 4544at4891           -            682   6.1e-51  171.0   0.0   1   1   6.5e-53   7.9e-51  170.6   0.0   379   614   173   413   147   436 0.87 -
12973at4891_7|contig_3:545690-546997    -            436 4544at4891           -            682   8.4e-51  170.6   0.1   1   2       1.5   1.8e+02   -2.4   0.0   169   236    58   128    49   173 0.57 -
12973at4891_7|contig_3:545690-546997    -            436 4544at4891           -            682   8.4e-51  170.6   0.1   2   2   1.3e-52   1.6e-50  169.6   0.0   382   607   176   406   150   429 0.90 -
8568at4891_1|contig_25:497875-499275    -            467 4544at4891           -            682   1.7e-50  169.5   0.0   1   1   1.9e-52   2.3e-50  169.1   0.0   382   611   202   436   191   457 0.90 -
4361at4891_2|contig_20:329906-332146    -            747 4544at4891           -            682   8.2e-49  164.0   0.0   1   1   9.9e-51   1.2e-48  163.4   0.0   377   610   269   503   253   551 0.88 -
4361at4891_5|contig_17:190479-192038    -            520 4544at4891           -            682   4.3e-48  161.6   0.0   1   1   5.1e-50   6.2e-48  161.1   0.0   384   649    69   346    59   350 0.85 -
12560at4891_2|contig_20:60719-62029     -            437 4544at4891           -            682   9.3e-44  147.3   0.0   1   2   4.6e-45   5.6e-43  144.7   0.0   381   615   125   360   114   374 0.92 -
12560at4891_2|contig_20:60719-62029     -            437 4544at4891           -            682   9.3e-44  147.3   0.0   2   2      0.26        32    0.1   0.0   614   659   388   432   382   436 0.78 -
12560at4891_7|contig_20:524640-525614   -            325 4544at4891           -            682   4.7e-42  141.6   0.0   1   1   4.8e-44   5.8e-42  141.3   0.0   375   660    29   322    10   325 0.88 -
12560at4891_1|contig_17:244681-245616   -            312 4544at4891           -            682   2.7e-35  119.3   0.0   1   2   2.8e-27   3.3e-25   85.9   0.0   381   515    13   147     5   153 0.88 -
12560at4891_1|contig_17:244681-245616   -            312 4544at4891           -            682   2.7e-35  119.3   0.0   2   2   9.1e-11   1.1e-08   31.4   0.0   518   659   170   308   163   311 0.86 -
8686at4891_2|contig_14:1199143-1200501  -            453 4544at4891           -            682   1.5e-09   34.2   0.1   1   1   3.1e-10   3.7e-08   29.6   0.1   420   597   261   435   249   448 0.76 -
15588at4891_4|contig_4:218105-218647    -            181 4544at4891           -            682   9.7e-06   21.6   0.4   1   1     9e-07   0.00011   18.1   0.4   426   567     8   176     5   180 0.68 -
26145at4891_7|contig_19:440365-440862   -            166 4544at4891           -            682    0.0037   13.1   0.0   1   1   3.1e-05    0.0037   13.1   0.0   215   323     3   109     1   154 0.83 -
#
# Program:         hmmsearch
# Version:         3.1b2 (February 2015)
# Pipeline mode:   SEARCH
# Query file:      /mnt/c/Users/HMarton/GitHub/LundUni/Pages/Projects/de_novo_BINP29/busco_downloads/lineages/saccharomycetes_odb10/hmms/4544at4891.hmm
# Target file:     /mnt/c/Users/HMarton/GitHub/LundUni/Pages/Projects/de_novo_BINP29/results/04_busco/BUSCO_assembly.fasta/run_saccharomycetes_odb10/metaeuk_output/initial_results/assembly.fasta.modified.fas
# Option settings: hmmsearch --domtblout /mnt/c/Users/HMarton/GitHub/LundUni/Pages/Projects/de_novo_BINP29/results/04_busco/BUSCO_assembly.fasta/run_saccharomycetes_odb10/hmmer_output/initial_run_results/4544at4891.out --cpu 1 /mnt/c/Users/HMarton/GitHub/LundUni/Pages/Projects/de_novo_BINP29/busco_downloads/lineages/saccharomycetes_odb10/hmms/4544at4891.hmm /mnt/c/Users/HMarton/GitHub/LundUni/Pages/Projects/de_novo_BINP29/results/04_busco/BUSCO_assembly.fasta/run_saccharomycetes_odb10/metaeuk_output/initial_results/assembly.fasta.modified.fas 
# Current dir:     /mnt/c/Users/HMarton/GitHub/LundUni/Pages/Projects/de_novo_BINP29
# Date:            Fri Feb 23 20:15:19 2024
# [ok]
