#                                                                                               --- full sequence --- -------------- this domain -------------   hmm coord   ali coord   env coord
# target name                           accession   tlen query name           accession   qlen   E-value  score  bias   #  of  c-Evalue  i-Evalue  score  bias  from    to  from    to  from    to  acc description of target
#                   ------------------- ---------- ----- -------------------- ---------- ----- --------- ------ ----- --- --- --------- --------- ------ ----- ----- ----- ----- ----- ----- ----- ---- ---------------------
4598at4891_7|contig_13:179569-182226    -            886 4598at4891           -            484  1.4e-191  634.8  34.5   1   7  1.6e-144  4.2e-143  474.9   2.0     1   269    19   322    19   356 0.90 -
4598at4891_7|contig_13:179569-182226    -            886 4598at4891           -            484  1.4e-191  634.8  34.5   2   7   3.6e-07   9.4e-06   21.9   0.1   274   304   410   439   374   460 0.82 -
4598at4891_7|contig_13:179569-182226    -            886 4598at4891           -            484  1.4e-191  634.8  34.5   3   7   2.2e-07   5.6e-06   22.7   0.0   305   337   502   534   499   549 0.87 -
4598at4891_7|contig_13:179569-182226    -            886 4598at4891           -            484  1.4e-191  634.8  34.5   4   7   6.5e-08   1.7e-06   24.4   0.1   333   370   582   618   574   641 0.81 -
4598at4891_7|contig_13:179569-182226    -            886 4598at4891           -            484  1.4e-191  634.8  34.5   5   7   2.1e-18   5.3e-17   59.1   2.8   366   441   689   769   666   775 0.84 -
4598at4891_7|contig_13:179569-182226    -            886 4598at4891           -            484  1.4e-191  634.8  34.5   6   7   6.8e-12   1.7e-10   37.6   0.5   419   463   776   827   765   832 0.87 -
4598at4891_7|contig_13:179569-182226    -            886 4598at4891           -            484  1.4e-191  634.8  34.5   7   7   0.00051     0.013   11.6   0.2   461   484   858   881   854   881 0.94 -
13507at4891_4|contig_5:54431-55735      -            435 4598at4891           -            484     3e-39  132.4   1.1   1   2   5.2e-16   1.3e-14   51.1   0.2     1   141    29   184    29   192 0.74 -
13507at4891_4|contig_5:54431-55735      -            435 4598at4891           -            484     3e-39  132.4   1.1   2   2     1e-24   2.6e-23   79.9   0.0   152   303   225   388   218   422 0.77 -
10618at4891_1|contig_14:274187-275725   -            513 4598at4891           -            484   3.8e-35  118.9   0.6   1   1   3.2e-34   8.1e-33  111.2   0.6    13   265   224   482   204   494 0.76 -
2373at4891_2|contig_2:660056-662167     -            704 4598at4891           -            484   3.8e-34  115.6   0.1   1   2   6.3e-12   1.6e-10   37.6   0.1     4    85    89   178    87   181 0.83 -
2373at4891_2|contig_2:660056-662167     -            704 4598at4891           -            484   3.8e-34  115.6   0.1   2   2   1.1e-23   2.9e-22   76.4   0.0   107   258   180   332   174   338 0.82 -
18893at4891_8|contig_25:537995-538810   -            272 4598at4891           -            484   8.4e-34  114.5   0.4   1   2   8.5e-06   0.00022   17.4   0.1     4    82    19   106    16   113 0.82 -
18893at4891_8|contig_25:537995-538810   -            272 4598at4891           -            484   8.4e-34  114.5   0.4   2   2   1.6e-29   4.1e-28   95.7   0.0   110   253   114   251   106   263 0.87 -
10800at4891_2|contig_14:1386168-1388057 -            630 4598at4891           -            484   1.9e-33  113.2   1.4   1   2   3.2e-08   8.3e-07   25.4   0.9     3    84    58   147    56   152 0.75 -
10800at4891_2|contig_14:1386168-1388057 -            630 4598at4891           -            484   1.9e-33  113.2   1.4   2   2   8.5e-27   2.2e-25   86.7   0.0   109   265   152   305   144   309 0.89 -
18893at4891_3|contig_7:102022-102819    -            266 4598at4891           -            484   4.5e-32  108.8   0.4   1   1   4.6e-31   1.2e-29  100.8   0.4     4   252    14   245    11   255 0.82 -
10800at4891_1|contig_26:274750-275748   -            333 4598at4891           -            484   7.8e-31  104.7   0.1   1   2     2e-06   5.3e-05   19.5   0.1    30    76    57   104    32   115 0.79 -
10800at4891_1|contig_26:274750-275748   -            333 4598at4891           -            484   7.8e-31  104.7   0.1   2   2   9.8e-26   2.5e-24   83.2   0.0   109   274   117   283   107   295 0.83 -
13862at4891_2|contig_20:678469-680928   -            820 4598at4891           -            484   2.2e-30  103.1   0.0   1   3      0.41        11    2.0   0.0   392   420   137   167   111   176 0.69 -
13862at4891_2|contig_20:678469-680928   -            820 4598at4891           -            484   2.2e-30  103.1   0.0   2   3   1.4e-10   3.6e-09   33.2   0.0     3    78   204   286   202   296 0.79 -
13862at4891_2|contig_20:678469-680928   -            820 4598at4891           -            484   2.2e-30  103.1   0.0   3   3   7.5e-20   1.9e-18   63.8   0.0   113   264   301   467   296   476 0.81 -
10800at4891_5|contig_25:423174-424337   -            388 4598at4891           -            484   3.1e-30  102.7   0.3   1   2   0.00012    0.0031   13.6   0.1    34    82    84   133    67   140 0.83 -
10800at4891_5|contig_25:423174-424337   -            388 4598at4891           -            484   3.1e-30  102.7   0.3   2   2   3.7e-27   9.4e-26   87.9   0.0   105   267   136   296   127   306 0.86 -
10618at4891_1|contig_13:226871-227755   -            295 4598at4891           -            484   3.2e-30  102.6   1.4   1   1   1.4e-29   3.6e-28   95.9   1.4     2   262     6   293     5   295 0.70 -
18893at4891_0|contig_20:775437-776210   -            258 4598at4891           -            484   3.3e-30  102.6   0.2   1   1     4e-29     1e-27   94.4   0.2     3   252    11   243     9   248 0.82 -
10800at4891_8|contig_14:1438586-1439614 -            343 4598at4891           -            484   5.5e-30  101.9   0.0   1   1     2e-28   5.1e-27   92.1   0.0    34   269    92   309    86   317 0.85 -
18893at4891_2|contig_20:785071-786153   -            361 4598at4891           -            484   1.2e-29  100.7   2.3   1   2   0.00071     0.018   11.1   0.8     2    77   108   192   107   197 0.82 -
18893at4891_2|contig_20:785071-786153   -            361 4598at4891           -            484   1.2e-29  100.7   2.3   2   2   1.5e-27   3.9e-26   89.2   0.0   103   257   198   348   194   358 0.87 -
1979at4891_9|contig_5:51083-51799       -            239 4598at4891           -            484   2.1e-28   96.6   0.5   1   2     1e-11   2.7e-10   36.9   0.4     3    80     3    86     1    93 0.81 -
1979at4891_9|contig_5:51083-51799       -            239 4598at4891           -            484   2.1e-28   96.6   0.5   2   2   2.2e-18   5.5e-17   59.0   0.0    99   226    86   202    84   217 0.90 -
8179at4891_4|contig_4:522585-523808     -            408 4598at4891           -            484   2.3e-28   96.5   0.8   1   2   1.4e-05   0.00036   16.7   0.0    29    84    77   133    73   136 0.87 -
8179at4891_4|contig_4:522585-523808     -            408 4598at4891           -            484   2.3e-28   96.5   0.8   2   2   1.3e-24   3.5e-23   79.4   0.0   102   261   131   299   128   311 0.84 -
10800at4891_8|contig_16:117615-118544   -            310 4598at4891           -            484   3.3e-28   96.0   0.9   1   2   0.00012    0.0031   13.7   0.3    39    87    80   129    60   131 0.83 -
10800at4891_8|contig_16:117615-118544   -            310 4598at4891           -            484   3.3e-28   96.0   0.9   2   2   1.4e-25   3.7e-24   82.6   0.0   102   274   124   293   121   304 0.84 -
1979at4891_9|contig_22:245831-246577    -            249 4598at4891           -            484   6.8e-28   95.0   0.0   1   2   1.1e-06   2.7e-05   20.4   0.0     3    78     3    86     1    98 0.78 -
1979at4891_9|contig_22:245831-246577    -            249 4598at4891           -            484   6.8e-28   95.0   0.0   2   2   9.8e-23   2.5e-21   73.3   0.0   104   259    91   246    86   249 0.80 -
10618at4891_2|contig_12:436244-437239   -            332 4598at4891           -            484   1.8e-27   93.6   3.2   1   4      0.32       8.3    2.3   0.4     2    26    18    42    17    65 0.62 -
10618at4891_2|contig_12:436244-437239   -            332 4598at4891           -            484   1.8e-27   93.6   3.2   2   4      0.39        10    2.1   0.3    11    64    44   115    38   127 0.49 -
10618at4891_2|contig_12:436244-437239   -            332 4598at4891           -            484   1.8e-27   93.6   3.2   3   4   1.5e-07   3.7e-06   23.3   0.1   105   145   137   176   130   188 0.86 -
10618at4891_2|contig_12:436244-437239   -            332 4598at4891           -            484   1.8e-27   93.6   3.2   4   4   6.9e-20   1.8e-18   63.9   0.0   151   263   208   328   200   331 0.88 -
10800at4891_6|contig_20:656687-657607   -            307 4598at4891           -            484   3.7e-27   92.5   1.2   1   1   3.8e-25   9.7e-24   81.3   1.2    13   261    46   282    38   290 0.80 -
18893at4891|contig_3:771132-771953      -            274 4598at4891           -            484     4e-27   92.4   1.0   1   2   1.1e-07   2.9e-06   23.7   0.5     8    86    25   105    20   108 0.82 -
18893at4891|contig_3:771132-771953      -            274 4598at4891           -            484     4e-27   92.4   1.0   2   2   4.9e-21   1.3e-19   67.7   0.0   110   255   109   260   102   267 0.75 -
4279at4891_0|contig_22:475853-477571    -            573 4598at4891           -            484   1.3e-26   90.7   0.0   1   2   3.1e-05    0.0008   15.6   0.1     3    74   308   385   306   397 0.70 -
4279at4891_0|contig_22:475853-477571    -            573 4598at4891           -            484   1.3e-26   90.7   0.0   2   2   1.1e-22   2.9e-21   73.1   0.0   116   272   406   562   393   564 0.85 -
9903at4891_6|contig_14:1459934-1460752  -            273 4598at4891           -            484   1.7e-26   90.3   0.0   1   2   4.6e-07   1.2e-05   21.6   0.0     3    79     1    84     1    87 0.77 -
9903at4891_6|contig_14:1459934-1460752  -            273 4598at4891           -            484   1.7e-26   90.3   0.0   2   2   6.3e-21   1.6e-19   67.3   0.0   101   253    88   239    80   264 0.80 -
4279at4891_2|contig_19:69269-71791      -            841 4598at4891           -            484   2.2e-26   90.0   0.0   1   1   5.2e-27   1.3e-25   87.4   0.0    14   239   590   794   585   822 0.85 -
18893at4891_0|contig_14:668700-669635   -            312 4598at4891           -            484   2.4e-26   89.9   1.0   1   2   0.00054     0.014   11.5   0.3    39    80   108   150    87   158 0.77 -
18893at4891_0|contig_14:668700-669635   -            312 4598at4891           -            484   2.4e-26   89.9   1.0   2   2   4.7e-24   1.2e-22   77.7   0.0   107   261   157   308   150   312 0.85 -
10618at4891_9|contig_3:289864-290688    -            275 4598at4891           -            484   2.6e-26   89.8   0.0   1   2   4.2e-07   1.1e-05   21.8   0.1     4    75    18    99    15   113 0.75 -
10618at4891_9|contig_3:289864-290688    -            275 4598at4891           -            484   2.6e-26   89.8   0.0   2   2   5.9e-21   1.5e-19   67.4   0.0    93   263    97   273    94   275 0.79 -
18893at4891_2|contig_14:1406891-1407697 -            269 4598at4891           -            484   2.6e-26   89.7   1.6   1   2   0.00035    0.0091   12.1   0.4    13    84    30   103    10   105 0.80 -
18893at4891_2|contig_14:1406891-1407697 -            269 4598at4891           -            484   2.6e-26   89.7   1.6   2   2   3.2e-24   8.2e-23   78.2   0.1   102   256   101   265    97   269 0.82 -
10618at4891_9|contig_27:96822-97655     -            278 4598at4891           -            484   6.2e-26   88.5   0.1   1   2   8.3e-08   2.1e-06   24.1   0.2    14    86    41   115    20   122 0.81 -
10618at4891_9|contig_27:96822-97655     -            278 4598at4891           -            484   6.2e-26   88.5   0.1   2   2   9.5e-20   2.4e-18   63.5   0.0   110   237   119   241   102   278 0.80 -
8179at4891_7|contig_2:468220-469278     -            353 4598at4891           -            484   1.7e-25   87.1   0.1   1   2   0.00037    0.0095   12.0   0.1     3    80    35   121    33   130 0.85 -
8179at4891_7|contig_2:468220-469278     -            353 4598at4891           -            484   1.7e-25   87.1   0.1   2   2   9.6e-23   2.5e-21   73.3   0.0   111   255   132   273   127   321 0.88 -
4279at4891_2|contig_3:104949-106895     -            649 4598at4891           -            484   2.9e-25   86.3   0.1   1   1   5.6e-26   1.4e-24   84.0   0.1    13   227   396   590   390   636 0.82 -
17728at4891_8|contig_20:449738-450622   -            295 4598at4891           -            484   4.7e-25   85.6   0.2   1   1   7.1e-25   1.8e-23   80.4   0.2     2   226     8   217     7   240 0.82 -
17309at4891_9|contig_20:673604-674344   -            247 4598at4891           -            484   7.1e-25   85.0   0.0   1   2    0.0007     0.018   11.1   0.0     1    69     2    72     2    90 0.87 -
17309at4891_9|contig_20:673604-674344   -            247 4598at4891           -            484   7.1e-25   85.0   0.0   2   2   2.3e-22     6e-21   72.1   0.0   112   261    95   242    82   246 0.83 -
18893at4891_0|contig_3:124445-125233    -            263 4598at4891           -            484   8.4e-25   84.8   0.3   1   2   3.5e-05    0.0009   15.4   0.1    13    84    26    99     6   103 0.75 -
18893at4891_0|contig_3:124445-125233    -            263 4598at4891           -            484   8.4e-25   84.8   0.3   2   2   7.7e-22     2e-20   70.3   0.1    94   253    92   256    88   263 0.78 -
8179at4891_2|contig_22:51398-53689      -            764 4598at4891           -            484   1.6e-24   83.8   0.1   1   2   0.00085     0.022   10.8   0.1     3    84   358   451   356   457 0.67 -
8179at4891_2|contig_22:51398-53689      -            764 4598at4891           -            484   1.6e-24   83.8   0.1   2   2   4.2e-22   1.1e-20   71.2   0.0   110   253   457   597   450   601 0.82 -
8179at4891_6|contig_25:465775-466938    -            388 4598at4891           -            484     2e-24   83.5   0.1   1   2   5.3e-05    0.0014   14.8   0.1     3    81    72   159    70   167 0.86 -
8179at4891_6|contig_25:465775-466938    -            388 4598at4891           -            484     2e-24   83.5   0.1   2   2   8.5e-21   2.2e-19   66.9   0.0   111   255   169   310   160   323 0.87 -
1979at4891_2|contig_7:233658-238085     -           1476 4598at4891           -            484   2.2e-24   83.4   0.1   1   2   4.2e-07   1.1e-05   21.7   0.1     3    78  1181  1270  1179  1275 0.78 -
1979at4891_2|contig_7:233658-238085     -           1476 4598at4891           -            484   2.2e-24   83.4   0.1   2   2   1.8e-18   4.7e-17   59.2   0.0   104   232  1276  1398  1271  1415 0.86 -
18893at4891_8|contig_19:710302-711162   -            287 4598at4891           -            484   1.7e-23   80.4   0.7   1   2   5.1e-07   1.3e-05   21.5   0.2    13    78    25    91    11   102 0.84 -
18893at4891_8|contig_19:710302-711162   -            287 4598at4891           -            484   1.7e-23   80.4   0.7   2   2   1.8e-17   4.7e-16   55.9   0.0   111   254   106   269    98   275 0.75 -
8274at4891_4|contig_12:220169-222259    -            697 4598at4891           -            484     2e-23   80.3   0.4   1   2    0.0019     0.048    9.7   0.1    27    74   474   522   460   527 0.79 -
8274at4891_4|contig_12:220169-222259    -            697 4598at4891           -            484     2e-23   80.3   0.4   2   2   3.2e-21   8.2e-20   68.3   0.0    91   227   522   650   519   659 0.84 -
8179at4891_1|contig_26:64265-65287      -            341 4598at4891           -            484   2.4e-23   80.0   1.1   1   1   8.5e-22   2.2e-20   70.2   1.1    14   254    66   306    47   312 0.78 -
7925at4891_2|contig_19:333931-335160    -            410 4598at4891           -            484   3.1e-23   79.6   0.1   1   3   8.7e-06   0.00022   17.4   0.0     3    78    24   108    22   118 0.81 -
7925at4891_2|contig_19:333931-335160    -            410 4598at4891           -            484   3.1e-23   79.6   0.1   2   3    0.0054      0.14    8.2   0.0   110   140   120   150   111   158 0.81 -
7925at4891_2|contig_19:333931-335160    -            410 4598at4891           -            484   3.1e-23   79.6   0.1   3   3   7.3e-16   1.9e-14   50.6   0.0   170   241   233   304   229   323 0.90 -
7925at4891_4|contig_4:792466-793365     -            300 4598at4891           -            484   1.7e-22   77.2   0.0   1   2   0.00071     0.018   11.1   0.1    13    81    34   106    14   116 0.73 -
7925at4891_4|contig_4:792466-793365     -            300 4598at4891           -            484   1.7e-22   77.2   0.0   2   2     5e-20   1.3e-18   64.4   0.0   114   254   118   255   107   274 0.84 -
18893at4891_6|contig_13:183537-184541   -            335 4598at4891           -            484   3.3e-22   76.2   0.1   1   1   8.8e-23   2.3e-21   73.5   0.1    31   228    87   281    62   333 0.76 -
17728at4891_7|contig_4:259136-260008    -            291 4598at4891           -            484   3.6e-22   76.1   0.0   1   2   8.7e-05    0.0022   14.1   0.0     2    70     6    86     5    93 0.64 -
17728at4891_7|contig_4:259136-260008    -            291 4598at4891           -            484   3.6e-22   76.1   0.0   2   2   8.5e-19   2.2e-17   60.3   0.0    92   226    90   217    86   228 0.87 -
12549at4891_7|contig_13:600557-601663   -            369 4598at4891           -            484     7e-21   71.8   0.6   1   2   2.6e-21   6.8e-20   68.6   0.5    82   218   100   235    22   245 0.71 -
12549at4891_7|contig_13:600557-601663   -            369 4598at4891           -            484     7e-21   71.8   0.6   2   2       4.8   1.2e+02   -1.5   0.0   238   262   293   317   288   327 0.83 -
7925at4891_4|contig_14:1368916-1369803  -            296 4598at4891           -            484   8.9e-21   71.5   2.6   1   2    0.0012      0.03   10.4   0.8     2    79    13   103    12   109 0.70 -
7925at4891_4|contig_14:1368916-1369803  -            296 4598at4891           -            484   8.9e-21   71.5   2.6   2   2   2.1e-18   5.3e-17   59.0   0.1   103   228   107   241    99   291 0.71 -
12549at4891_1|contig_16:78495-79799     -            435 4598at4891           -            484   1.7e-20   70.6   0.2   1   2       1.4        37    0.2   0.1    14    66    48   101    30   114 0.77 -
12549at4891_1|contig_16:78495-79799     -            435 4598at4891           -            484   1.7e-20   70.6   0.2   2   2   4.5e-21   1.1e-19   67.8   0.0    96   226   109   229    99   233 0.88 -
10800at4891_3|contig_4:63703-64656      -            318 4598at4891           -            484     2e-20   70.4   0.1   1   2     0.022      0.57    6.2   0.1    15    73    39   100    16   105 0.63 -
10800at4891_3|contig_4:63703-64656      -            318 4598at4891           -            484     2e-20   70.4   0.1   2   2   6.9e-20   1.8e-18   63.9   0.0    93   257   100   272    98   287 0.74 -
12549at4891_6|contig_3:79079-79948      -            290 4598at4891           -            484   2.2e-20   70.2   0.1   1   1   1.1e-21   2.8e-20   69.8   0.1     3   261     1   258     1   274 0.71 -
19258at4891_2|contig_25:450756-452138   -            461 4598at4891           -            484   4.4e-20   69.2   0.2   1   1   3.7e-21   9.5e-20   68.1   0.2    23   215   189   390   179   458 0.76 -
10800at4891_7|contig_14:394918-395871   -            318 4598at4891           -            484   6.5e-20   68.7   0.1   1   1   1.2e-18   3.1e-17   59.8   0.1    15   238    26   239     5   280 0.74 -
17309at4891_7|contig_14:166356-167894   -            513 4598at4891           -            484   9.3e-20   68.1   0.1   1   1   6.3e-21   1.6e-19   67.3   0.1     3   268   197   471   195   489 0.77 -
17309at4891_1|contig_20:654260-655075   -            272 4598at4891           -            484   4.5e-19   65.9   0.0   1   2      0.48        12    1.8   0.0    32    68    45    84    16    99 0.75 -
17309at4891_1|contig_20:654260-655075   -            272 4598at4891           -            484   4.5e-19   65.9   0.0   2   2     3e-19   7.7e-18   61.8   0.0   114   230   114   220   100   245 0.84 -
13862at4891_1|contig_3:990254-991516    -            421 4598at4891           -            484   5.8e-19   65.5   0.4   1   1   3.8e-18   9.8e-17   58.2   0.4    34   279   159   411   147   416 0.72 -
12549at4891_2|contig_2:389379-390209    -            277 4598at4891           -            484   5.8e-19   65.5   2.1   1   1   2.4e-18   6.1e-17   58.8   2.1     3   226     1   208     1   214 0.67 -
7925at4891_3|contig_27:199701-201185    -            495 4598at4891           -            484   6.5e-19   65.4   0.3   1   3   1.6e-06   4.1e-05   19.8   0.1     3    80    12    99    10   108 0.78 -
7925at4891_3|contig_27:199701-201185    -            495 4598at4891           -            484   6.5e-19   65.4   0.3   2   3    0.0068      0.18    7.9   0.0   109   142   108   141   100   168 0.82 -
7925at4891_3|contig_27:199701-201185    -            495 4598at4891           -            484   6.5e-19   65.4   0.3   3   3   6.7e-11   1.7e-09   34.3   0.0   162   254   346   454   336   469 0.75 -
10800at4891_1|contig_17:418432-419427   -            332 4598at4891           -            484   1.1e-18   64.6   3.7   1   2   7.6e-10     2e-08   30.8   0.8    15    75    30   104    14   107 0.71 -
10800at4891_1|contig_17:418432-419427   -            332 4598at4891           -            484   1.1e-18   64.6   3.7   2   2   1.4e-09   3.6e-08   29.9   0.1   113   237   130   271   116   328 0.73 -
10800at4891_4|contig_25:324564-325607   -            348 4598at4891           -            484   1.2e-18   64.4   0.0   1   1     1e-19   2.6e-18   63.4   0.0    37   258    91   326    79   340 0.71 -
7925at4891_6|contig_13:693354-695069    -            572 4598at4891           -            484   1.7e-18   64.0   0.1   1   3   0.00015    0.0039   13.3   0.0     2    78   182   267   181   277 0.79 -
7925at4891_6|contig_13:693354-695069    -            572 4598at4891           -            484   1.7e-18   64.0   0.1   2   3     0.016       0.4    6.7   0.0   109   141   278   310   268   323 0.83 -
7925at4891_6|contig_13:693354-695069    -            572 4598at4891           -            484   1.7e-18   64.0   0.1   3   3   1.1e-12   2.9e-11   40.1   0.0   170   236   371   437   367   440 0.92 -
17728at4891_4|contig_14:261673-262572   -            300 4598at4891           -            484   3.7e-18   62.9   0.2   1   2   7.9e-07     2e-05   20.8   0.1     2    85     6    96     5   108 0.79 -
17728at4891_4|contig_14:261673-262572   -            300 4598at4891           -            484   3.7e-18   62.9   0.2   2   2   1.6e-12   4.2e-11   39.6   0.0   126   223   118   208   110   215 0.82 -
12549at4891_2|contig_14:307002-307844   -            281 4598at4891           -            484   5.4e-18   62.3   0.8   1   1   3.3e-17   8.6e-16   55.1   0.8     4   227     2   209     1   221 0.66 -
5371at4891_0|contig_7:140255-141172     -            306 4598at4891           -            484     1e-17   61.4   0.2   1   1   6.7e-19   1.7e-17   60.6   0.2    96   226    96   218     9   225 0.78 -
693at4891_2|contig_26:94839-98648       -           1270 4598at4891           -            484   1.9e-17   60.5   0.1   1   2   8.9e-06   0.00023   17.4   0.0     3    77   986  1070   984  1076 0.76 -
693at4891_2|contig_26:94839-98648       -           1270 4598at4891           -            484   1.9e-17   60.5   0.1   2   2   1.2e-12   3.2e-11   40.0   0.0   106   215  1079  1199  1070  1213 0.68 -
17309at4891_3|contig_3:768376-769242    -            289 4598at4891           -            484   2.4e-17   60.2   0.0   1   1   1.5e-18   3.8e-17   59.5   0.0   117   217   127   217   101   287 0.89 -
12549at4891|contig_22:396894-397937     -            348 4598at4891           -            484   2.9e-17   59.9   0.0   1   2   1.3e-17   3.3e-16   56.4   0.0   101   226   113   235    97   240 0.85 -
12549at4891|contig_22:396894-397937     -            348 4598at4891           -            484   2.9e-17   59.9   0.0   2   2      0.91        23    0.8   0.0   238   264   283   309   275   332 0.81 -
693at4891_2|contig_19:680998-685725     -           1576 4598at4891           -            484   3.6e-17   59.6   0.1   1   3   1.7e-05   0.00045   16.4   0.0     3    77  1272  1356  1270  1362 0.78 -
693at4891_2|contig_19:680998-685725     -           1576 4598at4891           -            484   3.6e-17   59.6   0.1   2   3   1.2e-05   0.00032   16.9   0.0   105   159  1364  1409  1358  1423 0.78 -
693at4891_2|contig_19:680998-685725     -           1576 4598at4891           -            484   3.6e-17   59.6   0.1   3   3   2.6e-07   6.6e-06   22.4   0.0   174   226  1457  1513  1450  1565 0.65 -
17728at4891_8|contig_7:207884-208945    -            354 4598at4891           -            484   1.4e-16   57.7   2.3   1   1   3.7e-17   9.4e-16   54.9   2.3   110   226   139   264    49   274 0.91 -
7925at4891_6|contig_20:193629-195320    -            564 4598at4891           -            484   2.2e-16   57.0   1.5   1   3    0.0016      0.04   10.0   0.0     2    80   174   261   173   277 0.74 -
7925at4891_6|contig_20:193629-195320    -            564 4598at4891           -            484   2.2e-16   57.0   1.5   2   3     0.021      0.55    6.2   0.0   110   141   271   302   261   315 0.84 -
7925at4891_6|contig_20:193629-195320    -            564 4598at4891           -            484   2.2e-16   57.0   1.5   3   3   3.5e-12     9e-11   38.5   0.0   170   228   363   421   358   433 0.88 -
5371at4891_3|contig_13:618782-619768    -            329 4598at4891           -            484   2.7e-16   56.7   1.0   1   2     4e-16     1e-14   51.5   0.2     3   227     4   233     2   252 0.71 -
5371at4891_3|contig_13:618782-619768    -            329 4598at4891           -            484   2.7e-16   56.7   1.0   2   2         6   1.5e+02   -1.8   0.0   453   476   289   312   266   322 0.70 -
14247at4891_6|contig_26:219262-219933   -            224 4598at4891           -            484   3.4e-16   56.4   0.0   1   2   9.2e-06   0.00024   17.3   0.0    15    77    31    96    25   107 0.80 -
14247at4891_6|contig_26:219262-219933   -            224 4598at4891           -            484   3.4e-16   56.4   0.0   2   2   8.4e-12   2.2e-10   37.2   0.0   110   213   109   209    98   216 0.85 -
12549at4891_4|contig_4:614314-615255    -            314 4598at4891           -            484   3.5e-16   56.3   0.5   1   2     2e-15   5.1e-14   49.2   0.5    37   218    54   222    32   230 0.77 -
12549at4891_4|contig_4:614314-615255    -            314 4598at4891           -            484   3.5e-16   56.3   0.5   2   2       2.3        60   -0.5   0.0   238   265   279   306   274   313 0.85 -
12549at4891_8|contig_19:56848-57819     -            324 4598at4891           -            484   3.6e-16   56.3   0.0   1   1   1.1e-16   2.7e-15   53.4   0.0   107   228   104   218     3   222 0.88 -
24610at4891_6|contig_7:69201-69833      -            211 4598at4891           -            484     1e-15   54.8   0.5   1   1   4.2e-16   1.1e-14   51.4   0.5     2   208     7   205     6   208 0.72 -
12549at4891_5|contig_25:522837-523922   -            362 4598at4891           -            484   1.3e-15   54.5   0.9   1   2   2.9e-15   7.3e-14   48.7   0.0    99   226   109   233    96   237 0.85 -
12549at4891_5|contig_25:522837-523922   -            362 4598at4891           -            484   1.3e-15   54.5   0.9   2   2      0.12       3.1    3.7   0.1   238   278   281   321   277   357 0.84 -
9903at4891_2|contig_7:169975-171882     -            636 4598at4891           -            484   4.8e-15   52.6   0.0   1   2      0.25       6.5    2.7   0.0     2    73   333   411   332   424 0.67 -
9903at4891_2|contig_7:169975-171882     -            636 4598at4891           -            484   4.8e-15   52.6   0.0   2   2   5.9e-15   1.5e-13   47.7   0.0   119   279   440   605   422   618 0.70 -
19258at4891_3|contig_3:240605-241474    -            290 4598at4891           -            484   5.2e-15   52.5   0.0   1   1   1.9e-15     5e-14   49.2   0.0   112   262   146   288    37   290 0.92 -
2373at4891_0|contig_7:98844-99797       -            318 4598at4891           -            484   9.8e-15   51.6   0.0   1   1   6.2e-16   1.6e-14   50.9   0.0    45   212    79   247    75   263 0.79 -
19258at4891_3|contig_14:68473-69369     -            299 4598at4891           -            484   1.4e-14   51.0   1.9   1   2   0.00069     0.018   11.2   1.1    15    75    31    94    24   108 0.74 -
19258at4891_3|contig_14:68473-69369     -            299 4598at4891           -            484   1.4e-14   51.0   1.9   2   2   2.8e-12   7.3e-11   38.8   0.0   108   215   105   209    96   219 0.84 -
10618at4891_1|contig_2:83294-84256      -            321 4598at4891           -            484   2.5e-14   50.2   2.5   1   1   6.9e-15   1.8e-13   47.4   2.5     3   230    13   276    11   319 0.76 -
12549at4891_0|contig_3:442313-443170    -            286 4598at4891           -            484   7.1e-14   48.7   1.6   1   3      0.01      0.27    7.3   0.1     2    58     8    67     7    76 0.82 -
12549at4891_0|contig_3:442313-443170    -            286 4598at4891           -            484   7.1e-14   48.7   1.6   2   3   3.7e-12   9.6e-11   38.4   0.0   108   217    97   200    91   213 0.86 -
12549at4891_0|contig_3:442313-443170    -            286 4598at4891           -            484   7.1e-14   48.7   1.6   3   3       1.1        28    0.6   0.0   237   261   261   285   248   286 0.82 -
18893at4891_9|contig_5:95917-96708      -            264 4598at4891           -            484   9.9e-14   48.3   0.0   1   2      0.21       5.3    3.0   0.0    27    64    48    88    10    97 0.66 -
18893at4891_9|contig_5:95917-96708      -            264 4598at4891           -            484   9.9e-14   48.3   0.0   2   2   1.1e-13   2.9e-12   43.4   0.0   112   260   120   260    98   264 0.86 -
17265at4891_6|contig_25:489034-490485   -            484 4598at4891           -            484   1.1e-13   48.1   0.1   1   1   2.3e-12     6e-11   39.1   0.1     3   228   174   380   172   389 0.69 -
24610at4891_2|contig_27:192597-193703   -            369 4598at4891           -            484   1.1e-13   48.1   0.2   1   1   7.1e-15   1.8e-13   47.4   0.2    33   202    45   234    41   241 0.72 -
12549at4891|contig_20:275273-276247     -            325 4598at4891           -            484   1.3e-13   47.9   0.8   1   2   4.9e-14   1.2e-12   44.6   0.6    98   223   100   226    11   247 0.81 -
12549at4891|contig_20:275273-276247     -            325 4598at4891           -            484   1.3e-13   47.9   0.8   2   2       1.2        31    0.4   0.0   238   268   279   309   261   315 0.83 -
17265at4891_1|contig_20:82311-83252     -            314 4598at4891           -            484   1.6e-13   47.5   1.8   1   1   6.7e-14   1.7e-12   44.2   1.8     2   221     6   231     5   239 0.73 -
1220at4891_2|contig_14:999025-1003986   -           1654 4598at4891           -            484   2.9e-13   46.7   3.2   1   3     0.057       1.5    4.8   0.2   179   277   439   538   288   545 0.74 -
1220at4891_2|contig_14:999025-1003986   -           1654 4598at4891           -            484   2.9e-13   46.7   3.2   2   3       8.9   2.3e+02   -2.4   0.0    53    76   771   794   763   806 0.74 -
1220at4891_2|contig_14:999025-1003986   -           1654 4598at4891           -            484   2.9e-13   46.7   3.2   3   3   1.3e-12   3.4e-11   39.9   0.0   111   258   810   971   773   986 0.75 -
12549at4891|contig_6:274079-274876      -            266 4598at4891           -            484   9.6e-12   41.7   0.3   1   2   1.4e-12   3.6e-11   39.8   0.1   108   241    66   193    57   220 0.84 -
12549at4891|contig_6:274079-274876      -            266 4598at4891           -            484   9.6e-12   41.7   0.3   2   2       2.8        72   -0.7   0.0   238   258   232   252   215   258 0.83 -
14247at4891_2|contig_20:467953-469599   -            549 4598at4891           -            484   2.9e-11   40.1   0.2   1   2   9.2e-12   2.4e-10   37.1   0.1    86   217   240   368   202   387 0.82 -
14247at4891_2|contig_20:467953-469599   -            549 4598at4891           -            484   2.9e-11   40.1   0.2   2   2       1.9        49   -0.2   0.0   236   274   436   475   427   482 0.77 -
10800at4891_1|contig_25:541174-542148   -            325 4598at4891           -            484   9.7e-11   38.4   0.0   1   1   3.2e-10   8.3e-09   32.0   0.0    64   217   124   259    78   306 0.73 -
1341at4891_2|contig_22:301925-304957    -           1011 4598at4891           -            484   1.2e-09   34.8   0.0   1   2   6.2e-10   1.6e-08   31.1   0.0   109   168   674   737   609   765 0.82 -
1341at4891_2|contig_22:301925-304957    -           1011 4598at4891           -            484   1.2e-09   34.8   0.0   2   2      0.98        25    0.7   0.0   194   260   799   876   791   901 0.60 -
5371at4891_2|contig_16:337739-339910    -            724 4598at4891           -            484   2.5e-09   33.8   0.1   1   2   0.00017    0.0045   13.1   0.0   108   145   409   446   378   457 0.86 -
5371at4891_2|contig_16:337739-339910    -            724 4598at4891           -            484   2.5e-09   33.8   0.1   2   2   6.8e-06   0.00017   17.8   0.0   150   244   474   565   466   586 0.84 -
13303at4891_9|contig_14:418131-419624   -            498 4598at4891           -            484   1.1e-08   31.7   0.1   1   2   3.2e-07   8.2e-06   22.1   0.3   103   141   127   165    29   177 0.61 -
13303at4891_9|contig_14:418131-419624   -            498 4598at4891           -            484   1.1e-08   31.7   0.1   2   2     0.022      0.57    6.2   0.0   180   211   276   308   269   324 0.77 -
7925at4891_6|contig_19:596887-597765    -            293 4598at4891           -            484   1.6e-08   31.1   0.3   1   2   5.8e-05    0.0015   14.7   0.2    21   145    34   151     5   159 0.66 -
7925at4891_6|contig_19:596887-597765    -            293 4598at4891           -            484   1.6e-08   31.1   0.3   2   2    0.0034     0.086    8.9   0.0   191   224   201   234   174   281 0.72 -
7349at4891_2|contig_25:543253-545895    -            881 4598at4891           -            484   3.7e-08   29.9   1.0   1   2   2.6e-05   0.00066   15.9   0.7    32   141   456   556   421   572 0.69 -
7349at4891_2|contig_25:543253-545895    -            881 4598at4891           -            484   3.7e-08   29.9   1.0   2   2     0.002     0.051    9.6   0.0   195   217   793   815   790   843 0.87 -
2373at4891_6|contig_20:840037-841020    -            328 4598at4891           -            484   1.4e-07   27.9   0.0   1   2     0.036      0.91    5.5   0.0    32    80    51   105    38   121 0.81 -
2373at4891_6|contig_20:840037-841020    -            328 4598at4891           -            484   1.4e-07   27.9   0.0   2   2   1.2e-06     3e-05   20.3   0.0   128   221   183   280   175   321 0.79 -
10800at4891_9|contig_4:458166-459056    -            297 4598at4891           -            484   4.5e-07   26.3   2.4   1   1   1.2e-07   3.1e-06   23.6   2.4    26   240    50   260    36   283 0.66 -
17239at4891_2|contig_7:314527-316524    -            666 4598at4891           -            484   6.7e-07   25.7   0.0   1   2   2.3e-05   0.00059   16.0   0.0   100   144   319   363   262   367 0.71 -
17239at4891_2|contig_7:314527-316524    -            666 4598at4891           -            484   6.7e-07   25.7   0.0   2   2      0.01      0.26    7.3   0.0   187   227   435   476   431   505 0.81 -
24610at4891_1|contig_25:604162-604689   -            176 4598at4891           -            484   1.1e-06   25.0   0.0   1   1   5.9e-08   1.5e-06   24.6   0.0   112   190    11    88     3    98 0.77 -
7925at4891|contig_20:440502-441533      -            344 4598at4891           -            484   1.7e-06   24.4   1.7   1   1   5.3e-07   1.4e-05   21.4   1.4   105   258   152   320   134   328 0.69 -
19362at4891_2|contig_13:372535-374901   -            789 4598at4891           -            484     2e-06   24.1   1.7   1   1   4.9e-07   1.3e-05   21.5   1.6    15   224    65   270    56   331 0.79 -
10800at4891_5|contig_7:544888-545940    -            351 4598at4891           -            484   1.2e-05   21.6   0.0   1   1   8.1e-07   2.1e-05   20.8   0.0   112   189   111   187    96   234 0.81 -
10800at4891_0|contig_20:777378-778376   -            333 4598at4891           -            484   1.5e-05   21.3   0.1   1   2       4.8   1.2e+02   -1.5   0.0     2    17    11    26    10    39 0.81 -
10800at4891_0|contig_20:777378-778376   -            333 4598at4891           -            484   1.5e-05   21.3   0.1   2   2   1.5e-06   3.9e-05   19.9   0.0   108   253   102   250    84   260 0.77 -
18893at4891_2|contig_6:176330-176926    -            199 4598at4891           -            484   2.2e-05   20.7   0.4   1   1   1.3e-05   0.00034   16.8   0.4   118   250    43   181     1   192 0.62 -
17728at4891|contig_2:237087-237584      -            166 4598at4891           -            484   0.00072   15.7   0.0   1   1   4.2e-05    0.0011   15.2   0.0   154   255     7   106     2   114 0.82 -
13303at4891_4|contig_17:405605-406333   -            243 4598at4891           -            484    0.0064   12.6   0.0   1   2       9.5   2.5e+02   -2.5   0.0     2    18    10    26     9    38 0.78 -
13303at4891_4|contig_17:405605-406333   -            243 4598at4891           -            484    0.0064   12.6   0.0   2   2   0.00043     0.011   11.8   0.0   112   142   122   152   100   243 0.82 -
#
# Program:         hmmsearch
# Version:         3.1b2 (February 2015)
# Pipeline mode:   SEARCH
# Query file:      /mnt/c/Users/HMarton/GitHub/LundUni/Pages/Projects/de_novo_BINP29/busco_downloads/lineages/saccharomycetes_odb10/hmms/4598at4891.hmm
# Target file:     /mnt/c/Users/HMarton/GitHub/LundUni/Pages/Projects/de_novo_BINP29/results/04_busco/BUSCO_assembly.fasta/run_saccharomycetes_odb10/metaeuk_output/initial_results/assembly.fasta.modified.fas
# Option settings: hmmsearch --domtblout /mnt/c/Users/HMarton/GitHub/LundUni/Pages/Projects/de_novo_BINP29/results/04_busco/BUSCO_assembly.fasta/run_saccharomycetes_odb10/hmmer_output/initial_run_results/4598at4891.out --cpu 1 /mnt/c/Users/HMarton/GitHub/LundUni/Pages/Projects/de_novo_BINP29/busco_downloads/lineages/saccharomycetes_odb10/hmms/4598at4891.hmm /mnt/c/Users/HMarton/GitHub/LundUni/Pages/Projects/de_novo_BINP29/results/04_busco/BUSCO_assembly.fasta/run_saccharomycetes_odb10/metaeuk_output/initial_results/assembly.fasta.modified.fas 
# Current dir:     /mnt/c/Users/HMarton/GitHub/LundUni/Pages/Projects/de_novo_BINP29
# Date:            Fri Feb 23 20:15:35 2024
# [ok]
