#                                                                                               --- full sequence --- -------------- this domain -------------   hmm coord   ali coord   env coord
# target name                           accession   tlen query name           accession   qlen   E-value  score  bias   #  of  c-Evalue  i-Evalue  score  bias  from    to  from    to  from    to  acc description of target
#                   ------------------- ---------- ----- -------------------- ---------- ----- --------- ------ ----- --- --- --------- --------- ------ ----- ----- ----- ----- ----- ----- ----- ---- ---------------------
5370at4891_4|contig_17:325129-326763    -            545 5370at4891           -            409  4.1e-198  655.4   5.1   1   2  2.8e-187  1.5e-185  614.0   0.1     1   377    30   460    30   474 0.92 -
5370at4891_4|contig_17:325129-326763    -            545 5370at4891           -            409  4.1e-198  655.4   5.1   2   2   5.3e-13     3e-11   40.0   2.3   362   403   476   517   456   521 0.88 -
3060at4891_2|contig_16:48934-51762      -            943 5370at4891           -            409     4e-19   65.9  12.5   1   7   3.7e-05     0.002   14.2   0.0   188   247    91   150    42   157 0.80 -
3060at4891_2|contig_16:48934-51762      -            943 5370at4891           -            409     4e-19   65.9  12.5   2   7    0.0034      0.19    7.7   0.2   212   275   157   230   152   238 0.57 -
3060at4891_2|contig_16:48934-51762      -            943 5370at4891           -            409     4e-19   65.9  12.5   3   7    0.0018     0.098    8.7   0.0   208   250   381   422   373   429 0.83 -
3060at4891_2|contig_16:48934-51762      -            943 5370at4891           -            409     4e-19   65.9  12.5   4   7   1.7e-05   0.00094   15.3   0.0   190   249   444   504   425   516 0.88 -
3060at4891_2|contig_16:48934-51762      -            943 5370at4891           -            409     4e-19   65.9  12.5   5   7     0.003      0.17    7.9   0.0   212   248   567   603   545   636 0.82 -
3060at4891_2|contig_16:48934-51762      -            943 5370at4891           -            409     4e-19   65.9  12.5   6   7   4.8e-05    0.0027   13.8   0.0   198   246   637   685   631   691 0.92 -
3060at4891_2|contig_16:48934-51762      -            943 5370at4891           -            409     4e-19   65.9  12.5   7   7       3.3   1.8e+02   -2.1   0.6     1    55   872   927   872   933 0.80 -
15960at4891_0|contig_19:620356-621267   -            304 5370at4891           -            409   8.8e-17   58.2   1.8   1   4   2.9e-10   1.6e-08   31.0   0.1   148   249     5   107     2   114 0.86 -
15960at4891_0|contig_19:620356-621267   -            304 5370at4891           -            409   8.8e-17   58.2   1.8   2   4    0.0015     0.082    8.9   0.0   216   287   115   188   108   198 0.79 -
15960at4891_0|contig_19:620356-621267   -            304 5370at4891           -            409   8.8e-17   58.2   1.8   3   4     0.002      0.11    8.5   0.0   207   248   197   238   172   251 0.83 -
15960at4891_0|contig_19:620356-621267   -            304 5370at4891           -            409   8.8e-17   58.2   1.8   4   4    0.0051      0.28    7.2   0.0   220   248   253   281   241   289 0.85 -
3606at4891_2|contig_4:201583-203973     -            797 5370at4891           -            409   1.3e-16   57.7   0.1   1   2   4.1e-08   2.3e-06   23.9   0.0   176   246   525   595   515   600 0.91 -
3606at4891_2|contig_4:201583-203973     -            797 5370at4891           -            409   1.3e-16   57.7   0.1   2   2   2.7e-09   1.5e-07   27.8   0.0   147   253   622   729   609   740 0.88 -
16921at4891_8|contig_26:80163-80855     -            231 5370at4891           -            409   9.4e-14   48.3   0.8   1   5   0.00017    0.0092   12.1   0.0   221   250     1    30     1    50 0.88 -
16921at4891_8|contig_26:80163-80855     -            231 5370at4891           -            409   9.4e-14   48.3   0.8   2   5   0.00019     0.011   11.9   0.0   214   267    36    89    30    92 0.72 -
16921at4891_8|contig_26:80163-80855     -            231 5370at4891           -            409   9.4e-14   48.3   0.8   3   5    0.0014     0.079    9.0   0.1   216   246    79   110    75   116 0.86 -
16921at4891_8|contig_26:80163-80855     -            231 5370at4891           -            409   9.4e-14   48.3   0.8   4   5   0.00021     0.012   11.7   0.0   217   266   130   180   127   202 0.74 -
16921at4891_8|contig_26:80163-80855     -            231 5370at4891           -            409   9.4e-14   48.3   0.8   5   5      0.11       6.3    2.7   0.0   204   248   171   215   163   223 0.89 -
4206at4891_2|contig_26:118102-120855    -            918 5370at4891           -            409     4e-13   46.2   0.1   1   5      0.19        10    2.0   0.0   222   287    69   139    52   149 0.67 -
4206at4891_2|contig_26:118102-120855    -            918 5370at4891           -            409     4e-13   46.2   0.1   2   5      0.18        10    2.0   0.0   220   249   148   177   134   188 0.80 -
4206at4891_2|contig_26:118102-120855    -            918 5370at4891           -            409     4e-13   46.2   0.1   3   5   3.3e-05    0.0018   14.4   0.0   142   248   268   375   260   379 0.90 -
4206at4891_2|contig_26:118102-120855    -            918 5370at4891           -            409     4e-13   46.2   0.1   4   5   0.00018      0.01   11.9   0.0   178   248   347   417   340   426 0.87 -
4206at4891_2|contig_26:118102-120855    -            918 5370at4891           -            409     4e-13   46.2   0.1   5   5   7.3e-06   0.00041   16.5   0.0   181   257   435   514   420   536 0.80 -
16921at4891_9|contig_26:99454-100452    -            333 5370at4891           -            409     5e-13   45.9   7.8   1   5     0.007      0.39    6.7   0.2   187   251    15    87     7   107 0.64 -
16921at4891_9|contig_26:99454-100452    -            333 5370at4891           -            409     5e-13   45.9   7.8   2   5     0.039       2.2    4.2   0.2   197   249    75   126    69   138 0.56 -
16921at4891_9|contig_26:99454-100452    -            333 5370at4891           -            409     5e-13   45.9   7.8   3   5     7e-09   3.9e-07   26.5   0.0   189   249   190   251   176   257 0.84 -
16921at4891_9|contig_26:99454-100452    -            333 5370at4891           -            409     5e-13   45.9   7.8   4   5   0.00033     0.019   11.1   0.1   217   251   261   295   253   314 0.84 -
16921at4891_9|contig_26:99454-100452    -            333 5370at4891           -            409     5e-13   45.9   7.8   5   5       1.6        87   -1.0   0.0   218   245   304   331   297   332 0.76 -
17077at4891_7|contig_20:675144-676478   -            445 5370at4891           -            409   1.7e-12   44.2   3.1   1   5    0.0064      0.35    6.8   0.1   216   249   131   165   119   173 0.80 -
17077at4891_7|contig_20:675144-676478   -            445 5370at4891           -            409   1.7e-12   44.2   3.1   2   5   3.7e-05    0.0021   14.2   0.1   190   250   148   208   132   213 0.84 -
17077at4891_7|contig_20:675144-676478   -            445 5370at4891           -            409   1.7e-12   44.2   3.1   3   5    0.0024      0.13    8.2   0.1   219   249   219   249   210   253 0.90 -
17077at4891_7|contig_20:675144-676478   -            445 5370at4891           -            409   1.7e-12   44.2   3.1   4   5    0.0024      0.13    8.3   0.0   210   253   252   295   249   313 0.88 -
17077at4891_7|contig_20:675144-676478   -            445 5370at4891           -            409   1.7e-12   44.2   3.1   5   5    0.0039      0.22    7.5   0.0   164   252   331   427   302   434 0.64 -
8998at4891_7|contig_19:41018-42367      -            450 5370at4891           -            409   5.8e-11   39.1   0.1   1   3   9.7e-07   5.4e-05   19.4   0.1   167   250   111   194    79   216 0.79 -
8998at4891_7|contig_19:41018-42367      -            450 5370at4891           -            409   5.8e-11   39.1   0.1   2   3   0.00025     0.014   11.4   0.0   192   267   220   297   206   303 0.81 -
8998at4891_7|contig_19:41018-42367      -            450 5370at4891           -            409   5.8e-11   39.1   0.1   3   3     0.038       2.1    4.3   0.0   207   246   323   363   313   375 0.80 -
10099at4891_2|contig_4:594881-597400    -            840 5370at4891           -            409     1e-10   38.2   0.0   1   4     0.018      0.98    5.4   0.0   218   248    17    47    10    56 0.87 -
10099at4891_2|contig_4:594881-597400    -            840 5370at4891           -            409     1e-10   38.2   0.0   2   4    0.0014     0.079    9.0   0.0   207   252    68   113    63   120 0.90 -
10099at4891_2|contig_4:594881-597400    -            840 5370at4891           -            409     1e-10   38.2   0.0   3   4   8.4e-05    0.0047   13.0   0.0   199   255   160   216   143   222 0.87 -
10099at4891_2|contig_4:594881-597400    -            840 5370at4891           -            409     1e-10   38.2   0.0   4   4     0.029       1.6    4.7   0.0   190   244   327   382   317   389 0.68 -
17074at4891_3|contig_25:163898-164776   -            293 5370at4891           -            409   4.1e-10   36.3   0.0   1   3    0.0011      0.06    9.4   0.0   218   255    14    52     6    59 0.80 -
17074at4891_3|contig_25:163898-164776   -            293 5370at4891           -            409   4.1e-10   36.3   0.0   2   3       4.4   2.4e+02   -2.5   0.0   232   249    88   105    68   126 0.60 -
17074at4891_3|contig_25:163898-164776   -            293 5370at4891           -            409   4.1e-10   36.3   0.0   3   3   3.4e-08   1.9e-06   24.2   0.0   185   259   148   220   133   253 0.85 -
2851at4891_2|contig_12:490170-492617    -            816 5370at4891           -            409   2.4e-09   33.7   0.6   1   5      0.61        34    0.3   0.0   206   258    48   102    42   114 0.77 -
2851at4891_2|contig_12:490170-492617    -            816 5370at4891           -            409   2.4e-09   33.7   0.6   2   5   0.00019      0.01   11.9   0.0   148   249   116   227   108   236 0.82 -
2851at4891_2|contig_12:490170-492617    -            816 5370at4891           -            409   2.4e-09   33.7   0.6   3   5       9.6   5.4e+02   -3.6   0.0   222   246   392   416   381   422 0.83 -
2851at4891_2|contig_12:490170-492617    -            816 5370at4891           -            409   2.4e-09   33.7   0.6   4   5     0.014       0.8    5.7   0.0   216   251   489   524   468   543 0.78 -
2851at4891_2|contig_12:490170-492617    -            816 5370at4891           -            409   2.4e-09   33.7   0.6   5   5   0.00082     0.046    9.8   0.0   141   245   540   644   528   651 0.55 -
665at4891_4|contig_14:188455-192051     -           1199 5370at4891           -            409     1e-08   31.7   0.1   1   3   1.6e-05    0.0009   15.4   0.0   155   249    32   126    14   140 0.90 -
665at4891_4|contig_14:188455-192051     -           1199 5370at4891           -            409     1e-08   31.7   0.1   2   3       1.2        66   -0.6   0.0   233   248   152   167   145   175 0.84 -
665at4891_4|contig_14:188455-192051     -           1199 5370at4891           -            409     1e-08   31.7   0.1   3   3   0.00021     0.012   11.7   0.0   190   275   223   311   201   344 0.82 -
16921at4891_3|contig_7:193212-193847    -            212 5370at4891           -            409   1.5e-08   31.1   0.1   1   2    0.0015     0.086    8.9   0.0   228   268    10    51     2    68 0.76 -
16921at4891_3|contig_7:193212-193847    -            212 5370at4891           -            409   1.5e-08   31.1   0.1   2   2   4.7e-07   2.6e-05   20.4   0.0   185   255    73   141    52   162 0.86 -
4263at4891_2|contig_20:740125-743160    -           1012 5370at4891           -            409   1.5e-08   31.1   1.2   1   3   2.9e-08   1.6e-06   24.4   0.1   191   261   152   222   142   257 0.86 -
4263at4891_2|contig_20:740125-743160    -           1012 5370at4891           -            409   1.5e-08   31.1   1.2   2   3      0.22        12    1.7   0.0   226   253   774   802   765   853 0.66 -
4263at4891_2|contig_20:740125-743160    -           1012 5370at4891           -            409   1.5e-08   31.1   1.2   3   3      0.43        24    0.8   0.0   218   256   936   974   870   993 0.80 -
17785at4891_2|contig_3:827964-829340    -            459 5370at4891           -            409   4.8e-08   29.5   3.9   1   4      0.19        10    2.0   0.1   215   248   141   173   117   193 0.67 -
17785at4891_2|contig_3:827964-829340    -            459 5370at4891           -            409   4.8e-08   29.5   3.9   2   4     0.044       2.5    4.1   0.0   239   281   198   241   191   257 0.86 -
17785at4891_2|contig_3:827964-829340    -            459 5370at4891           -            409   4.8e-08   29.5   3.9   3   4   0.00088     0.049    9.7   0.1   185   269   252   339   248   345 0.79 -
17785at4891_2|contig_3:827964-829340    -            459 5370at4891           -            409   4.8e-08   29.5   3.9   4   4   9.6e-05    0.0053   12.8   0.0   184   259   337   418   325   440 0.73 -
16305at4891_3|contig_4:370794-372398    -            535 5370at4891           -            409   5.9e-08   29.2   0.5   1   3    0.0024      0.13    8.2   0.3   191   266   235   310   213   315 0.77 -
16305at4891_3|contig_4:370794-372398    -            535 5370at4891           -            409   5.9e-08   29.2   0.5   2   3    0.0033      0.18    7.8   0.0   197   254   338   395   333   418 0.83 -
16305at4891_3|contig_4:370794-372398    -            535 5370at4891           -            409   5.9e-08   29.2   0.5   3   3   0.00073      0.04    9.9   0.0   195   254   419   478   396   489 0.86 -
17074at4891_2|contig_20:54833-56221     -            463 5370at4891           -            409   1.9e-07   27.5   0.4   1   3     0.016      0.88    5.5   0.0   214   267   260   314   230   320 0.84 -
17074at4891_2|contig_20:54833-56221     -            463 5370at4891           -            409   1.9e-07   27.5   0.4   2   3   2.4e-05    0.0013   14.8   0.1   199   254   329   384   319   402 0.85 -
17074at4891_2|contig_20:54833-56221     -            463 5370at4891           -            409   1.9e-07   27.5   0.4   3   3      0.11       6.2    2.8   0.0   201   245   419   463   408   463 0.80 -
17074at4891_6|contig_13:512010-512720   -            237 5370at4891           -            409   2.2e-07   27.3   0.7   1   2   6.9e-05    0.0038   13.3   0.4   131   255    32   162     2   179 0.65 -
17074at4891_6|contig_13:512010-512720   -            237 5370at4891           -            409   2.2e-07   27.3   0.7   2   2     9e-05     0.005   12.9   0.0   183   245   175   237   166   237 0.93 -
12947at4891_2|contig_5:63925-65199      -            425 5370at4891           -            409   3.8e-07   26.5   0.0   1   2   4.8e-06   0.00027   17.1   0.0   179   249    29   103    21   114 0.86 -
12947at4891_2|contig_5:63925-65199      -            425 5370at4891           -            409   3.8e-07   26.5   0.0   2   2    0.0063      0.35    6.8   0.0   187   249   180   245   171   260 0.78 -
15470at4891_1|contig_2:377940-378977    -            346 5370at4891           -            409   5.6e-07   25.9   0.0   1   3   5.2e-06   0.00029   17.0   0.0   183   251    17    85     4   103 0.84 -
15470at4891_1|contig_2:377940-378977    -            346 5370at4891           -            409   5.6e-07   25.9   0.0   2   3      0.16         9    2.2   0.0   227   287   162   224   136   268 0.59 -
15470at4891_1|contig_2:377940-378977    -            346 5370at4891           -            409   5.6e-07   25.9   0.0   3   3     0.027       1.5    4.8   0.0   126   245   189   320   182   326 0.58 -
6943at4891_4|contig_16:316645-318099    -            485 5370at4891           -            409   7.9e-07   25.5   1.8   1   3   0.00011    0.0059   12.7   0.0   191   263    83   166    69   177 0.82 -
6943at4891_4|contig_16:316645-318099    -            485 5370at4891           -            409   7.9e-07   25.5   1.8   2   3    0.0023      0.13    8.3   0.1   198   256   199   258   188   274 0.80 -
6943at4891_4|contig_16:316645-318099    -            485 5370at4891           -            409   7.9e-07   25.5   1.8   3   3       0.3        16    1.3   0.0   205   248   292   335   259   352 0.72 -
20201at4891_2|contig_14:976480-977445   -            322 5370at4891           -            409   1.3e-06   24.7   0.1   1   2   1.1e-07   6.2e-06   22.5   0.1   158   249    38   135    24   183 0.81 -
20201at4891_2|contig_14:976480-977445   -            322 5370at4891           -            409   1.3e-06   24.7   0.1   2   2      0.79        44   -0.1   0.0   190   205   164   179   142   226 0.51 -
16921at4891_4|contig_2:441697-442182    -            162 5370at4891           -            409   1.3e-06   24.7   0.8   1   2   0.00036      0.02   10.9   0.0   216   249    64    97    53   102 0.84 -
16921at4891_4|contig_2:441697-442182    -            162 5370at4891           -            409   1.3e-06   24.7   0.8   2   2   0.00012    0.0065   12.6   0.2   212   250   102   140    96   151 0.86 -
16921at4891_7|contig_4:236757-237653    -            299 5370at4891           -            409   1.4e-06   24.6   0.0   1   2   7.5e-06   0.00042   16.5   0.0   215   249    78   112    68   134 0.77 -
16921at4891_7|contig_4:236757-237653    -            299 5370at4891           -            409   1.4e-06   24.6   0.0   2   2     0.019         1    5.3   0.0   219   247   175   203   136   227 0.88 -
11696at4891_2|contig_2:401773-403305    -            511 5370at4891           -            409   2.4e-06   23.8   0.9   1   2   3.1e-05    0.0017   14.5   0.2   216   271   319   378   307   382 0.84 -
11696at4891_2|contig_2:401773-403305    -            511 5370at4891           -            409   2.4e-06   23.8   0.9   2   2    0.0036       0.2    7.6   0.0   194   248   385   448   380   460 0.68 -
17077at4891_2|contig_17:290336-291190   -            285 5370at4891           -            409     3e-06   23.5   2.0   1   4      0.01      0.57    6.2   0.0   230   254    16    40     3    51 0.83 -
17077at4891_2|contig_17:290336-291190   -            285 5370at4891           -            409     3e-06   23.5   2.0   2   4      0.28        16    1.4   0.0   227   247    57    77    42    83 0.77 -
17077at4891_2|contig_17:290336-291190   -            285 5370at4891           -            409     3e-06   23.5   2.0   3   4   0.00063     0.035   10.2   0.1   188   251   123   186   108   192 0.85 -
17077at4891_2|contig_17:290336-291190   -            285 5370at4891           -            409     3e-06   23.5   2.0   4   4      0.12       6.7    2.6   0.0   203   248   193   243   186   273 0.72 -
10660at4891_2|contig_12:85099-87051     -            651 5370at4891           -            409   3.1e-06   23.5   0.1   1   1   1.5e-07   8.1e-06   22.1   0.0   190   251   155   215   137   226 0.87 -
16921at4891_0|contig_13:510455-511225   -            257 5370at4891           -            409     7e-06   22.3   0.1   1   3     0.018         1    5.3   0.0   214   249    68   103    44   109 0.76 -
16921at4891_0|contig_13:510455-511225   -            257 5370at4891           -            409     7e-06   22.3   0.1   2   3    0.0025      0.14    8.2   0.0   214   247   110   143   105   152 0.90 -
16921at4891_0|contig_13:510455-511225   -            257 5370at4891           -            409     7e-06   22.3   0.1   3   3     0.017      0.93    5.5   0.0   186   249   190   255   169   257 0.70 -
17077at4891_3|contig_13:310121-310963   -            281 5370at4891           -            409   7.7e-06   22.2   0.8   1   2     2e-06   0.00011   18.3   0.2   158   269    46   158    35   163 0.81 -
17077at4891_3|contig_13:310121-310963   -            281 5370at4891           -            409   7.7e-06   22.2   0.8   2   2      0.14       7.7    2.4   0.0   163   247   189   275   180   281 0.72 -
11568at4891_2|contig_25:274915-276138   -            408 5370at4891           -            409   8.1e-06   22.1   3.8   1   4    0.0034      0.19    7.8   0.0   210   262    38    88    31    98 0.84 -
11568at4891_2|contig_25:274915-276138   -            408 5370at4891           -            409   8.1e-06   22.1   3.8   2   4     0.051       2.8    3.9   0.4   199   250   124   175   110   186 0.84 -
11568at4891_2|contig_25:274915-276138   -            408 5370at4891           -            409   8.1e-06   22.1   3.8   3   4      0.17       9.7    2.1   0.0   105   130   193   219   182   260 0.69 -
11568at4891_2|contig_25:274915-276138   -            408 5370at4891           -            409   8.1e-06   22.1   3.8   4   4     0.014       0.8    5.7   0.0   226   254   304   332   283   361 0.76 -
6943at4891_1|contig_4:208656-209474     -            273 5370at4891           -            409   1.6e-05   21.2   2.0   1   3    0.0044      0.25    7.4   0.1   181   251    61   141    43   160 0.75 -
6943at4891_1|contig_4:208656-209474     -            273 5370at4891           -            409   1.6e-05   21.2   2.0   2   3     0.033       1.9    4.5   0.0   231   261   166   196   141   211 0.66 -
6943at4891_1|contig_4:208656-209474     -            273 5370at4891           -            409   1.6e-05   21.2   2.0   3   3   0.00041     0.023   10.8   0.3   148   245   167   268   162   271 0.75 -
4490at4891_2|contig_13:927939-930293    -            785 5370at4891           -            409     2e-05   20.8   0.7   1   4   0.00045     0.025   10.6   0.0   192   298    31   153    15   177 0.65 -
4490at4891_2|contig_13:927939-930293    -            785 5370at4891           -            409     2e-05   20.8   0.7   2   4      0.46        26    0.7   0.0   214   250   198   238   190   263 0.75 -
4490at4891_2|contig_13:927939-930293    -            785 5370at4891           -            409     2e-05   20.8   0.7   3   4      0.58        32    0.4   0.0   214   245   381   412   356   421 0.81 -
4490at4891_2|contig_13:927939-930293    -            785 5370at4891           -            409     2e-05   20.8   0.7   4   4      0.15       8.3    2.3   0.0   230   253   667   690   631   708 0.86 -
16921at4891_6|contig_6:255886-256704    -            273 5370at4891           -            409   2.3e-05   20.6   1.6   1   4      0.48        27    0.7   0.0   199   246     7    52     1    60 0.67 -
16921at4891_6|contig_6:255886-256704    -            273 5370at4891           -            409   2.3e-05   20.6   1.6   2   4   0.00011    0.0062   12.6   0.2   162   252    52   139    38   150 0.81 -
16921at4891_6|contig_6:255886-256704    -            273 5370at4891           -            409   2.3e-05   20.6   1.6   3   4      0.11       5.9    2.8   0.0   233   251   209   227   197   245 0.73 -
16921at4891_6|contig_6:255886-256704    -            273 5370at4891           -            409   2.3e-05   20.6   1.6   4   4      0.58        32    0.4   0.0   233   249   249   265   229   271 0.74 -
24793at4891_2|contig_27:74478-75452     -            325 5370at4891           -            409     6e-05   19.3   0.0   1   2   8.2e-05    0.0046   13.1   0.0   196   248   220   273   208   279 0.88 -
24793at4891_2|contig_27:74478-75452     -            325 5370at4891           -            409     6e-05   19.3   0.0   2   2      0.05       2.8    3.9   0.0   219   251   288   320   281   324 0.85 -
17077at4891_6|contig_27:153722-154366   -            215 5370at4891           -            409   6.4e-05   19.2   0.2   1   3    0.0013     0.071    9.1   0.1   194   254    22    81     2    90 0.77 -
17077at4891_6|contig_27:153722-154366   -            215 5370at4891           -            409   6.4e-05   19.2   0.2   2   3      0.13       7.2    2.5   0.0   227   249    98   120    82   127 0.76 -
17077at4891_6|contig_27:153722-154366   -            215 5370at4891           -            409   6.4e-05   19.2   0.2   3   3     0.054         3    3.8   0.0   219   251   152   185   135   197 0.77 -
16921at4891_3|contig_19:170554-171357   -            268 5370at4891           -            409   8.1e-05   18.8   0.2   1   4      0.53        30    0.5   0.0   224   251     4    31     1    44 0.81 -
16921at4891_3|contig_19:170554-171357   -            268 5370at4891           -            409   8.1e-05   18.8   0.2   2   4      0.33        18    1.2   0.0   216   259    93   138    48   142 0.81 -
16921at4891_3|contig_19:170554-171357   -            268 5370at4891           -            409   8.1e-05   18.8   0.2   3   4      0.13       7.3    2.5   0.1    68    97   148   177   143   180 0.92 -
16921at4891_3|contig_19:170554-171357   -            268 5370at4891           -            409   8.1e-05   18.8   0.2   4   4    0.0014     0.077    9.0   0.0   211   251   181   221   177   241 0.88 -
5502at4891_2|contig_3:61943-65851       -           1303 5370at4891           -            409   8.7e-05   18.7   0.2   1   3   6.2e-05    0.0035   13.5   0.2   184   263   184   269   165   281 0.77 -
5502at4891_2|contig_3:61943-65851       -           1303 5370at4891           -            409   8.7e-05   18.7   0.2   2   3         4   2.2e+02   -2.4   0.0   154   203   311   361   303   370 0.73 -
5502at4891_2|contig_3:61943-65851       -           1303 5370at4891           -            409   8.7e-05   18.7   0.2   3   3      0.26        14    1.6   0.0   290   311  1186  1208  1167  1217 0.82 -
13320at4891_1|contig_17:374252-375346   -            365 5370at4891           -            409   0.00013   18.1   0.1   1   4     0.013      0.72    5.8   0.0   217   251    35    70    12    90 0.77 -
13320at4891_1|contig_17:374252-375346   -            365 5370at4891           -            409   0.00013   18.1   0.1   2   4      0.14       7.8    2.4   0.0   225   256    87   118    75   135 0.82 -
13320at4891_1|contig_17:374252-375346   -            365 5370at4891           -            409   0.00013   18.1   0.1   3   4     0.013      0.75    5.8   0.1   232   255   139   162   120   187 0.79 -
13320at4891_1|contig_17:374252-375346   -            365 5370at4891           -            409   0.00013   18.1   0.1   4   4       3.5   1.9e+02   -2.2   0.0   220   247   271   298   266   328 0.66 -
2368at4891_2|contig_12:134999-137800    -            934 5370at4891           -            409   0.00016   17.8   4.0   1   4     0.096       5.3    3.0   0.2   112   180    83   156    67   164 0.75 -
2368at4891_2|contig_12:134999-137800    -            934 5370at4891           -            409   0.00016   17.8   4.0   2   4      0.42        23    0.9   0.0   154   246   180   272   160   282 0.75 -
2368at4891_2|contig_12:134999-137800    -            934 5370at4891           -            409   0.00016   17.8   4.0   3   4     0.022       1.2    5.1   0.0   192   249   471   528   451   550 0.85 -
2368at4891_2|contig_12:134999-137800    -            934 5370at4891           -            409   0.00016   17.8   4.0   4   4     0.003      0.17    7.9   0.0   150   260   513   632   512   718 0.73 -
2531at4891_2|contig_2:566682-569015     -            778 5370at4891           -            409   0.00023   17.3   0.1   1   3   0.00039     0.022   10.8   0.0   217   248   407   438   400   452 0.90 -
2531at4891_2|contig_2:566682-569015     -            778 5370at4891           -            409   0.00023   17.3   0.1   2   3      0.25        14    1.6   0.0   210   240   557   587   538   621 0.78 -
2531at4891_2|contig_2:566682-569015     -            778 5370at4891           -            409   0.00023   17.3   0.1   3   3      0.41        23    0.9   0.0   208   273   641   708   581   728 0.66 -
17147at4891_9|contig_14:1176799-1178028 -            410 5370at4891           -            409   0.00032   16.9   0.0   1   3    0.0022      0.12    8.4   0.0   191   249   133   192   118   204 0.80 -
17147at4891_9|contig_14:1176799-1178028 -            410 5370at4891           -            409   0.00032   16.9   0.0   2   3     0.031       1.7    4.6   0.0   165   261   192   290   189   299 0.60 -
17147at4891_9|contig_14:1176799-1178028 -            410 5370at4891           -            409   0.00032   16.9   0.0   3   3       2.3   1.3e+02   -1.6   0.0   217   250   337   370   323   392 0.75 -
33087at4891_2|contig_13:103254-104441   -            396 5370at4891           -            409   0.00055   16.1   0.0   1   3         9     5e+02   -3.5   0.0   232   248    28    44    20    70 0.72 -
33087at4891_2|contig_13:103254-104441   -            396 5370at4891           -            409   0.00055   16.1   0.0   2   3      0.02       1.1    5.2   0.0   252   310   189   255   183   259 0.70 -
33087at4891_2|contig_13:103254-104441   -            396 5370at4891           -            409   0.00055   16.1   0.0   3   3    0.0026      0.15    8.1   0.0   206   251   280   324   265   343 0.76 -
10099at4891_3|contig_3:403949-405628    -            560 5370at4891           -            409     0.003   13.7   0.0   1   2      0.52        29    0.5   0.0   217   255    30    67     7    93 0.80 -
10099at4891_3|contig_3:403949-405628    -            560 5370at4891           -            409     0.003   13.7   0.0   2   2   0.00051     0.028   10.5   0.0   185   244   154   214   147   230 0.89 -
24709at4891_2|contig_19:568817-569980   -            388 5370at4891           -            409    0.0074   12.4   0.0   1   2   0.00043     0.024   10.7   0.0   190   251    27    91    15   109 0.84 -
24709at4891_2|contig_19:568817-569980   -            388 5370at4891           -            409    0.0074   12.4   0.0   2   2       3.8   2.1e+02   -2.3   0.0   221   249   294   323   288   327 0.72 -
14374at4891_2|contig_13:332709-333749   -            347 5370at4891           -            409     0.011   11.8   0.6   1   3     0.018         1    5.3   0.1   221   260    12    50     6    67 0.72 -
14374at4891_2|contig_13:332709-333749   -            347 5370at4891           -            409     0.011   11.8   0.6   2   3      0.22        13    1.7   0.1   228   247    67    86    52    96 0.81 -
14374at4891_2|contig_13:332709-333749   -            347 5370at4891           -            409     0.011   11.8   0.6   3   3      0.31        17    1.3   0.0   217   247   303   333   280   344 0.74 -
12680at4891_2|contig_25:268397-269374   -            326 5370at4891           -            409     0.014   11.5   0.0   1   3     0.046       2.6    4.0   0.0   218   246    24    52    18    99 0.76 -
12680at4891_2|contig_25:268397-269374   -            326 5370at4891           -            409     0.014   11.5   0.0   2   3     0.012      0.64    6.0   0.0   147   253    38   145    36   151 0.83 -
12680at4891_2|contig_25:268397-269374   -            326 5370at4891           -            409     0.014   11.5   0.0   3   3      0.43        24    0.8   0.0    69    98   203   232   191   239 0.81 -
14677at4891_4|contig_14:168793-170358   -            522 5370at4891           -            409     0.015   11.4   0.0   1   2    0.0014     0.079    9.0   0.0   175   250   289   366   275   377 0.69 -
14677at4891_4|contig_14:168793-170358   -            522 5370at4891           -            409     0.015   11.4   0.0   2   2       1.2        65   -0.6   0.0   217   257   389   429   372   468 0.68 -
#
# Program:         hmmsearch
# Version:         3.1b2 (February 2015)
# Pipeline mode:   SEARCH
# Query file:      /mnt/c/Users/HMarton/GitHub/LundUni/Pages/Projects/de_novo_BINP29/busco_downloads/lineages/saccharomycetes_odb10/hmms/5370at4891.hmm
# Target file:     /mnt/c/Users/HMarton/GitHub/LundUni/Pages/Projects/de_novo_BINP29/results/04_busco/BUSCO_assembly.fasta/run_saccharomycetes_odb10/metaeuk_output/initial_results/assembly.fasta.modified.fas
# Option settings: hmmsearch --domtblout /mnt/c/Users/HMarton/GitHub/LundUni/Pages/Projects/de_novo_BINP29/results/04_busco/BUSCO_assembly.fasta/run_saccharomycetes_odb10/hmmer_output/initial_run_results/5370at4891.out --cpu 1 /mnt/c/Users/HMarton/GitHub/LundUni/Pages/Projects/de_novo_BINP29/busco_downloads/lineages/saccharomycetes_odb10/hmms/5370at4891.hmm /mnt/c/Users/HMarton/GitHub/LundUni/Pages/Projects/de_novo_BINP29/results/04_busco/BUSCO_assembly.fasta/run_saccharomycetes_odb10/metaeuk_output/initial_results/assembly.fasta.modified.fas 
# Current dir:     /mnt/c/Users/HMarton/GitHub/LundUni/Pages/Projects/de_novo_BINP29
# Date:            Fri Feb 23 20:15:25 2024
# [ok]
