#                                                                                            --- full sequence --- -------------- this domain -------------   hmm coord   ali coord   env coord
# target name                        accession   tlen query name           accession   qlen   E-value  score  bias   #  of  c-Evalue  i-Evalue  score  bias  from    to  from    to  from    to  acc description of target
#                ------------------- ---------- ----- -------------------- ---------- ----- --------- ------ ----- --- --- --------- --------- ------ ----- ----- ----- ----- ----- ----- ----- ---- ---------------------
5741at4891_2|contig_4:336740-338734  -            665 5741at4891           -            547         0 1048.9   1.7   1   2  5.8e-246  3.9e-243  805.2   0.1     1   403    15   448    15   462 0.96 -
5741at4891_2|contig_4:336740-338734  -            665 5741at4891           -            547         0 1048.9   1.7   2   2   1.3e-75   8.6e-73  242.9   0.2   402   547   491   651   476   651 0.91 -
5741at4891_2|contig_20:238680-240500 -            607 5741at4891           -            547  4.5e-259  857.8   5.0   1   2  2.6e-197  1.8e-194  644.6   0.4     3   403     1   400     1   414 0.95 -
5741at4891_2|contig_20:238680-240500 -            607 5741at4891           -            547  4.5e-259  857.8   5.0   2   2   2.3e-65   1.5e-62  209.1   0.6   389   544   427   595   399   602 0.85 -
6821at4891_2|contig_17:331450-333159 -            570 5741at4891           -            547   5.1e-07   25.8   0.0   1   1   1.2e-09   8.2e-07   25.2   0.0   199   275   107   183    97   192 0.84 -
2724at4891_2|contig_6:199135-201318  -            728 5741at4891           -            547   0.00066   15.6   0.1   1   2    0.0034       2.3    3.9   0.0   197   254   410   467   401   486 0.77 -
2724at4891_2|contig_6:199135-201318  -            728 5741at4891           -            547   0.00066   15.6   0.1   2   2   7.8e-05     0.052    9.3   0.0   449   538   617   718   597   723 0.80 -
#
# Program:         hmmsearch
# Version:         3.1b2 (February 2015)
# Pipeline mode:   SEARCH
# Query file:      /mnt/c/Users/HMarton/GitHub/LundUni/Pages/Projects/de_novo_BINP29/busco_downloads/lineages/saccharomycetes_odb10/hmms/5741at4891.hmm
# Target file:     /mnt/c/Users/HMarton/GitHub/LundUni/Pages/Projects/de_novo_BINP29/results/04_busco/BUSCO_assembly.fasta/run_saccharomycetes_odb10/metaeuk_output/initial_results/assembly.fasta.modified.fas
# Option settings: hmmsearch --domtblout /mnt/c/Users/HMarton/GitHub/LundUni/Pages/Projects/de_novo_BINP29/results/04_busco/BUSCO_assembly.fasta/run_saccharomycetes_odb10/hmmer_output/initial_run_results/5741at4891.out --cpu 1 /mnt/c/Users/HMarton/GitHub/LundUni/Pages/Projects/de_novo_BINP29/busco_downloads/lineages/saccharomycetes_odb10/hmms/5741at4891.hmm /mnt/c/Users/HMarton/GitHub/LundUni/Pages/Projects/de_novo_BINP29/results/04_busco/BUSCO_assembly.fasta/run_saccharomycetes_odb10/metaeuk_output/initial_results/assembly.fasta.modified.fas 
# Current dir:     /mnt/c/Users/HMarton/GitHub/LundUni/Pages/Projects/de_novo_BINP29
# Date:            Fri Feb 23 20:16:11 2024
# [ok]
