#                                                                                            --- full sequence --- -------------- this domain -------------   hmm coord   ali coord   env coord
# target name                        accession   tlen query name           accession   qlen   E-value  score  bias   #  of  c-Evalue  i-Evalue  score  bias  from    to  from    to  from    to  acc description of target
#                ------------------- ---------- ----- -------------------- ---------- ----- --------- ------ ----- --- --- --------- --------- ------ ----- ----- ----- ----- ----- ----- ----- ---- ---------------------
5844at4891_2|contig_25:266244-268286 -            681 5844at4891           -            486  9.7e-178  588.9  19.6   1   3   8.6e-08   3.8e-05   19.7   0.2     2    50    12    67    11    97 0.79 -
5844at4891_2|contig_25:266244-268286 -            681 5844at4891           -            486  9.7e-178  588.9  19.6   2   3   1.4e-08   6.2e-06   22.3   0.6    67   100   145   178   130   186 0.87 -
5844at4891_2|contig_25:266244-268286 -            681 5844at4891           -            486  9.7e-178  588.9  19.6   3   3  1.4e-169  6.2e-167  553.3   8.5    89   486   195   678   179   678 0.86 -
5844at4891_7|contig_2:514176-515540  -            455 5844at4891           -            486   2.7e-69  231.3   0.0   1   1     1e-71   4.7e-69  230.5   0.0   100   462    51   455    42   455 0.78 -
5844at4891_4|contig_17:537876-539468 -            531 5844at4891           -            486   1.9e-65  218.6   5.7   1   2   2.2e-46   9.7e-44  147.0   1.9    99   409    67   413    61   422 0.78 -
5844at4891_4|contig_17:537876-539468 -            531 5844at4891           -            486   1.9e-65  218.6   5.7   2   2   7.4e-24   3.3e-21   72.7   0.1   405   479   452   530   444   531 0.86 -
5844at4891_8|contig_12:78848-80563   -            572 5844at4891           -            486     1e-59  199.7   1.4   1   3   3.6e-09   1.6e-06   24.2   0.1    99   138    55    95    45   109 0.85 -
5844at4891_8|contig_12:78848-80563   -            572 5844at4891           -            486     1e-59  199.7   1.4   2   3     8e-05     0.036    9.9   0.0   141   161   126   146   118   219 0.82 -
5844at4891_8|contig_12:78848-80563   -            572 5844at4891           -            486     1e-59  199.7   1.4   3   3   3.1e-51   1.4e-48  163.0   0.0   190   471   235   562   227   570 0.74 -
5844at4891_2|contig_22:136864-138375 -            504 5844at4891           -            486   7.8e-45  150.6   1.6   1   3   3.3e-11   1.5e-08   30.9   0.5    98   178   111   201   104   226 0.80 -
5844at4891_2|contig_22:136864-138375 -            504 5844at4891           -            486   7.8e-45  150.6   1.6   2   3   5.7e-13   2.6e-10   36.8   0.0   252   341   239   339   204   351 0.79 -
5844at4891_2|contig_22:136864-138375 -            504 5844at4891           -            486   7.8e-45  150.6   1.6   3   3   3.7e-26   1.7e-23   80.3   0.1   354   461   382   503   357   504 0.78 -
15588at4891_4|contig_4:218105-218647 -            181 5844at4891           -            486    0.0025   13.7   0.0   1   1   9.1e-06    0.0041   13.0   0.0   115   176     4    63     2    91 0.73 -
#
# Program:         hmmsearch
# Version:         3.1b2 (February 2015)
# Pipeline mode:   SEARCH
# Query file:      /mnt/c/Users/HMarton/GitHub/LundUni/Pages/Projects/de_novo_BINP29/busco_downloads/lineages/saccharomycetes_odb10/hmms/5844at4891.hmm
# Target file:     /mnt/c/Users/HMarton/GitHub/LundUni/Pages/Projects/de_novo_BINP29/results/04_busco/BUSCO_assembly.fasta/run_saccharomycetes_odb10/metaeuk_output/initial_results/assembly.fasta.modified.fas
# Option settings: hmmsearch --domtblout /mnt/c/Users/HMarton/GitHub/LundUni/Pages/Projects/de_novo_BINP29/results/04_busco/BUSCO_assembly.fasta/run_saccharomycetes_odb10/hmmer_output/initial_run_results/5844at4891.out --cpu 1 /mnt/c/Users/HMarton/GitHub/LundUni/Pages/Projects/de_novo_BINP29/busco_downloads/lineages/saccharomycetes_odb10/hmms/5844at4891.hmm /mnt/c/Users/HMarton/GitHub/LundUni/Pages/Projects/de_novo_BINP29/results/04_busco/BUSCO_assembly.fasta/run_saccharomycetes_odb10/metaeuk_output/initial_results/assembly.fasta.modified.fas 
# Current dir:     /mnt/c/Users/HMarton/GitHub/LundUni/Pages/Projects/de_novo_BINP29
# Date:            Fri Feb 23 20:16:22 2024
# [ok]
