#                                                                                            --- full sequence --- -------------- this domain -------------   hmm coord   ali coord   env coord
# target name                        accession   tlen query name           accession   qlen   E-value  score  bias   #  of  c-Evalue  i-Evalue  score  bias  from    to  from    to  from    to  acc description of target
#                ------------------- ---------- ----- -------------------- ---------- ----- --------- ------ ----- --- --- --------- --------- ------ ----- ----- ----- ----- ----- ----- ----- ---- ---------------------
5905at4891_1|contig_7:393955-395562  -            536 5905at4891           -            464  6.1e-257  849.9  13.9   1   1  5.5e-258  1.6e-255  845.2  13.9     1   464     3   533     3   533 0.93 -
7237at4891_5|contig_7:194275-195924  -            550 5905at4891           -            464   2.6e-73  244.5   4.3   1   1   1.9e-75   5.7e-73  243.3   4.3    10   460    20   524     6   527 0.84 -
6336at4891_2|contig_7:554267-555925  -            553 5905at4891           -            464   1.8e-68  228.5   4.3   1   1   9.1e-71   2.7e-68  227.9   4.3    11   460    33   546    28   550 0.80 -
7579at4891_1|contig_14:193871-195454 -            528 5905at4891           -            464   2.7e-62  208.1  13.7   1   1   2.5e-64   7.3e-62  206.7  13.7    12   460    17   525     7   527 0.79 -
4972at4891|contig_14:861190-862857   -            556 5905at4891           -            464   6.5e-62  206.9  13.6   1   1   1.6e-63   4.8e-61  204.0  13.6    12   460    19   542    15   544 0.77 -
8285at4891_2|contig_6:75390-76970    -            527 5905at4891           -            464   8.1e-57  190.1   5.4   1   1   5.5e-59   1.6e-56  189.1   5.4    11   461    14   516     9   518 0.80 -
5530at4891_2|contig_14:810373-812010 -            546 5905at4891           -            464   2.9e-51  171.8   1.7   1   1   1.4e-52   4.3e-50  167.9   1.7    15   460    18   534     9   538 0.77 -
11866at4891_2|contig_7:406363-408066 -            568 5905at4891           -            464   1.5e-45  152.9  10.9   1   1   1.1e-46   3.2e-44  148.6  10.9    17   462    29   547    18   549 0.76 -
300at4891_2|contig_27:78938-85306    -           2123 5905at4891           -            464   5.7e-12   42.2   0.1   1   1   3.2e-14   9.4e-12   41.5   0.1   149   334   676   877   634   887 0.72 -
#
# Program:         hmmsearch
# Version:         3.1b2 (February 2015)
# Pipeline mode:   SEARCH
# Query file:      /mnt/c/Users/HMarton/GitHub/LundUni/Pages/Projects/de_novo_BINP29/busco_downloads/lineages/saccharomycetes_odb10/hmms/5905at4891.hmm
# Target file:     /mnt/c/Users/HMarton/GitHub/LundUni/Pages/Projects/de_novo_BINP29/results/04_busco/BUSCO_assembly.fasta/run_saccharomycetes_odb10/metaeuk_output/initial_results/assembly.fasta.modified.fas
# Option settings: hmmsearch --domtblout /mnt/c/Users/HMarton/GitHub/LundUni/Pages/Projects/de_novo_BINP29/results/04_busco/BUSCO_assembly.fasta/run_saccharomycetes_odb10/hmmer_output/initial_run_results/5905at4891.out --cpu 1 /mnt/c/Users/HMarton/GitHub/LundUni/Pages/Projects/de_novo_BINP29/busco_downloads/lineages/saccharomycetes_odb10/hmms/5905at4891.hmm /mnt/c/Users/HMarton/GitHub/LundUni/Pages/Projects/de_novo_BINP29/results/04_busco/BUSCO_assembly.fasta/run_saccharomycetes_odb10/metaeuk_output/initial_results/assembly.fasta.modified.fas 
# Current dir:     /mnt/c/Users/HMarton/GitHub/LundUni/Pages/Projects/de_novo_BINP29
# Date:            Fri Feb 23 20:16:26 2024
# [ok]
