#                                                                                             --- full sequence --- -------------- this domain -------------   hmm coord   ali coord   env coord
# target name                         accession   tlen query name           accession   qlen   E-value  score  bias   #  of  c-Evalue  i-Evalue  score  bias  from    to  from    to  from    to  acc description of target
#                 ------------------- ---------- ----- -------------------- ---------- ----- --------- ------ ----- --- --- --------- --------- ------ ----- ----- ----- ----- ----- ----- ----- ---- ---------------------
6821at4891_2|contig_17:331450-333159  -            570 6821at4891           -            351    9e-126  416.9   3.4   1   3   1.1e-84   5.8e-82  272.8   0.2     1   228    23   288    23   307 0.83 -
6821at4891_2|contig_17:331450-333159  -            570 6821at4891           -            351    9e-126  416.9   3.4   2   3   2.4e-42   1.3e-39  133.6   0.1   201   325   297   445   284   449 0.80 -
6821at4891_2|contig_17:331450-333159  -            570 6821at4891           -            351    9e-126  416.9   3.4   3   3   0.00056       0.3    7.4   0.1   331   351   494   518   482   518 0.75 -
5475at4891_2|contig_22:421146-423221  -            692 6821at4891           -            351   3.6e-09   33.4   0.1   1   2     7e-09   3.8e-06   23.5   0.0    81   154   309   384   287   411 0.84 -
5475at4891_2|contig_22:421146-423221  -            692 6821at4891           -            351   3.6e-09   33.4   0.1   2   2   0.00045      0.24    7.7   0.1   294   327   453   486   408   493 0.85 -
5741at4891_2|contig_20:238680-240500  -            607 6821at4891           -            351   1.6e-07   28.0   0.0   1   2   8.7e-10   4.6e-07   26.5   0.0    85   136   197   248   176   252 0.88 -
5741at4891_2|contig_20:238680-240500  -            607 6821at4891           -            351   1.6e-07   28.0   0.0   2   2      0.67   3.6e+02   -2.7   0.0   304   327   480   504   461   507 0.67 -
5741at4891_2|contig_4:336740-338734   -            665 6821at4891           -            351   2.9e-07   27.2   0.0   1   2   1.8e-09   9.5e-07   25.5   0.0    84   137   245   298   229   309 0.86 -
5741at4891_2|contig_4:336740-338734   -            665 6821at4891           -            351   2.9e-07   27.2   0.0   2   2      0.77   4.1e+02   -2.9   0.0   307   329   534   556   511   566 0.65 -
10646at4891_7|contig_25:594890-596221 -            444 6821at4891           -            351   5.6e-06   22.9   0.0   1   2   8.2e-08   4.4e-05   20.0   0.0    12   149    37   194    28   204 0.72 -
10646at4891_7|contig_25:594890-596221 -            444 6821at4891           -            351   5.6e-06   22.9   0.0   2   2      0.15        81   -0.6   0.0   306   329   317   340   308   358 0.80 -
#
# Program:         hmmsearch
# Version:         3.1b2 (February 2015)
# Pipeline mode:   SEARCH
# Query file:      /mnt/c/Users/HMarton/GitHub/LundUni/Pages/Projects/de_novo_BINP29/busco_downloads/lineages/saccharomycetes_odb10/hmms/6821at4891.hmm
# Target file:     /mnt/c/Users/HMarton/GitHub/LundUni/Pages/Projects/de_novo_BINP29/results/04_busco/BUSCO_assembly.fasta/run_saccharomycetes_odb10/metaeuk_output/initial_results/assembly.fasta.modified.fas
# Option settings: hmmsearch --domtblout /mnt/c/Users/HMarton/GitHub/LundUni/Pages/Projects/de_novo_BINP29/results/04_busco/BUSCO_assembly.fasta/run_saccharomycetes_odb10/hmmer_output/initial_run_results/6821at4891.out --cpu 1 /mnt/c/Users/HMarton/GitHub/LundUni/Pages/Projects/de_novo_BINP29/busco_downloads/lineages/saccharomycetes_odb10/hmms/6821at4891.hmm /mnt/c/Users/HMarton/GitHub/LundUni/Pages/Projects/de_novo_BINP29/results/04_busco/BUSCO_assembly.fasta/run_saccharomycetes_odb10/metaeuk_output/initial_results/assembly.fasta.modified.fas 
# Current dir:     /mnt/c/Users/HMarton/GitHub/LundUni/Pages/Projects/de_novo_BINP29
# Date:            Fri Feb 23 20:15:54 2024
# [ok]
