#                                                                                             --- full sequence --- -------------- this domain -------------   hmm coord   ali coord   env coord
# target name                         accession   tlen query name           accession   qlen   E-value  score  bias   #  of  c-Evalue  i-Evalue  score  bias  from    to  from    to  from    to  acc description of target
#                 ------------------- ---------- ----- -------------------- ---------- ----- --------- ------ ----- --- --- --------- --------- ------ ----- ----- ----- ----- ----- ----- ----- ---- ---------------------
6917at4891_2|contig_7:297328-299076   -            583 6917at4891           -            422  2.2e-168  557.5  39.4   1   4   2.9e-05    0.0026   13.7   6.1     2    62     2    55     1    64 0.55 -
6917at4891_2|contig_7:297328-299076   -            583 6917at4891           -            422  2.2e-168  557.5  39.4   2   4    0.0067       0.6    5.9  10.7    26    64    61    99    52   102 0.72 -
6917at4891_2|contig_7:297328-299076   -            583 6917at4891           -            422  2.2e-168  557.5  39.4   3   4   1.7e-25   1.6e-23   80.3   9.1    40   113    93   171    88   177 0.83 -
6917at4891_2|contig_7:297328-299076   -            583 6917at4891           -            422  2.2e-168  557.5  39.4   4   4  3.1e-143  2.7e-141  468.2   1.5   121   422   212   583   193   583 0.89 -
4206at4891_2|contig_26:118102-120855  -            918 6917at4891           -            422     1e-12   44.7  12.9   1   6     0.017       1.5    4.5   0.0   335   419    88   175    53   178 0.74 -
4206at4891_2|contig_26:118102-120855  -            918 6917at4891           -            422     1e-12   44.7  12.9   2   6      0.02       1.8    4.3   0.0   392   420   262   290   257   292 0.91 -
4206at4891_2|contig_26:118102-120855  -            918 6917at4891           -            422     1e-12   44.7  12.9   3   6   2.4e-07   2.2e-05   20.5   0.1   309   422   310   419   293   419 0.82 -
4206at4891_2|contig_26:118102-120855  -            918 6917at4891           -            422     1e-12   44.7  12.9   4   6    0.0018      0.16    7.7   0.0   136   180   465   509   455   545 0.85 -
4206at4891_2|contig_26:118102-120855  -            918 6917at4891           -            422     1e-12   44.7  12.9   5   6      0.29        26    0.5   0.0   391   412   679   700   673   705 0.87 -
4206at4891_2|contig_26:118102-120855  -            918 6917at4891           -            422     1e-12   44.7  12.9   6   6      0.05       4.4    3.0   6.9    32    84   860   911   850   916 0.80 -
2851at4891_2|contig_12:490170-492617  -            816 6917at4891           -            422   1.6e-10   37.5   1.5   1   3    0.0037      0.33    6.8   0.0   344   381    62    97    18   103 0.77 -
2851at4891_2|contig_12:490170-492617  -            816 6917at4891           -            422   1.6e-10   37.5   1.5   2   3   0.00028     0.025   10.5   0.2   249   349    86   196    83   201 0.75 -
2851at4891_2|contig_12:490170-492617  -            816 6917at4891           -            422   1.6e-10   37.5   1.5   3   3     9e-08     8e-06   22.0   0.0   129   263   473   614   457   660 0.73 -
15960at4891_0|contig_19:620356-621267 -            304 6917at4891           -            422   1.5e-09   34.2   0.5   1   4      0.06       5.3    2.8   0.0   158   172     5    19     2    31 0.86 -
15960at4891_0|contig_19:620356-621267 -            304 6917at4891           -            422   1.5e-09   34.2   0.5   2   4     0.012       1.1    5.0   0.0   144   198    31    86    21    87 0.80 -
15960at4891_0|contig_19:620356-621267 -            304 6917at4891           -            422   1.5e-09   34.2   0.5   3   4   2.7e-05    0.0024   13.8   0.1   304   420    79   190    75   193 0.83 -
15960at4891_0|contig_19:620356-621267 -            304 6917at4891           -            422   1.5e-09   34.2   0.5   4   4   0.00031     0.027   10.3   0.0   157   228   221   293   190   299 0.80 -
3060at4891_2|contig_16:48934-51762    -            943 6917at4891           -            422   2.2e-09   33.7   0.2   1   4     0.027       2.4    3.9   0.0   313   364    90   142    78   151 0.82 -
3060at4891_2|contig_16:48934-51762    -            943 6917at4891           -            422   2.2e-09   33.7   0.2   2   4     0.058       5.2    2.8   0.0   150   180   208   238   165   348 0.89 -
3060at4891_2|contig_16:48934-51762    -            943 6917at4891           -            422   2.2e-09   33.7   0.2   3   4    0.0072      0.64    5.8   0.0   260   365   388   495   380   501 0.77 -
3060at4891_2|contig_16:48934-51762    -            943 6917at4891           -            422   2.2e-09   33.7   0.2   4   4   9.1e-06   0.00081   15.3   0.0   152   230   581   659   575   674 0.90 -
665at4891_4|contig_14:188455-192051   -           1199 6917at4891           -            422   7.7e-09   31.9   6.9   1   5   9.4e-06   0.00084   15.3   0.0   146   230    53   139    47   144 0.86 -
665at4891_4|contig_14:188455-192051   -           1199 6917at4891           -            422   7.7e-09   31.9   6.9   2   5     0.043       3.9    3.2   0.0   151   176   142   169   137   175 0.82 -
665at4891_4|contig_14:188455-192051   -           1199 6917at4891           -            422   7.7e-09   31.9   6.9   3   5   0.00016     0.015   11.2   0.0   139   177   246   286   213   293 0.77 -
665at4891_4|contig_14:188455-192051   -           1199 6917at4891           -            422   7.7e-09   31.9   6.9   4   5       1.2   1.1e+02   -1.5   0.0   326   364   476   513   444   521 0.82 -
665at4891_4|contig_14:188455-192051   -           1199 6917at4891           -            422   7.7e-09   31.9   6.9   5   5      0.83        74   -1.0   2.0     4    66   816   877   813   885 0.80 -
16921at4891_3|contig_7:193212-193847  -            212 6917at4891           -            422   2.5e-08   30.2   0.9   1   4    0.0067       0.6    5.9   0.0   149   184     5    38     2    58 0.76 -
16921at4891_3|contig_7:193212-193847  -            212 6917at4891           -            422   2.5e-08   30.2   0.9   2   4      0.22        20    0.9   0.0   404   419    78    93    67    96 0.76 -
16921at4891_3|contig_7:193212-193847  -            212 6917at4891           -            422   2.5e-08   30.2   0.9   3   4   3.4e-06    0.0003   16.8   0.0   146   174   106   134    99   156 0.83 -
16921at4891_3|contig_7:193212-193847  -            212 6917at4891           -            422   2.5e-08   30.2   0.9   4   4      0.14        12    1.6   0.2   272   329   155   212   148   212 0.75 -
17077at4891_6|contig_27:153722-154366 -            215 6917at4891           -            422   2.9e-08   30.0   0.5   1   3    0.0031      0.28    7.0   0.0   146   176     6    36     2    45 0.85 -
17077at4891_6|contig_27:153722-154366 -            215 6917at4891           -            422   2.9e-08   30.0   0.5   2   3   0.00013     0.012   11.5   0.0   147   216    47   119    40   126 0.74 -
17077at4891_6|contig_27:153722-154366 -            215 6917at4891           -            422   2.9e-08   30.0   0.5   3   3   0.00096     0.085    8.7   0.1   146   183   154   191   148   208 0.85 -
3606at4891_2|contig_4:201583-203973   -            797 6917at4891           -            422   8.1e-08   28.5   9.7   1   7       1.9   1.7e+02   -2.2   0.0   364   420   440   496   428   498 0.64 -
3606at4891_2|contig_4:201583-203973   -            797 6917at4891           -            422   8.1e-08   28.5   9.7   2   7   0.00099     0.088    8.6   0.0   384   420   516   555   510   557 0.81 -
3606at4891_2|contig_4:201583-203973   -            797 6917at4891           -            422   8.1e-08   28.5   9.7   3   7      0.42        37   -0.0   0.0   395   421   572   598   568   600 0.90 -
3606at4891_2|contig_4:201583-203973   -            797 6917at4891           -            422   8.1e-08   28.5   9.7   4   7      0.12        11    1.7   0.0   149   174   612   639   607   647 0.81 -
3606at4891_2|contig_4:201583-203973   -            797 6917at4891           -            422   8.1e-08   28.5   9.7   5   7   0.00013     0.012   11.5   0.0   306   358   656   709   648   710 0.77 -
3606at4891_2|contig_4:201583-203973   -            797 6917at4891           -            422   8.1e-08   28.5   9.7   6   7    0.0021      0.19    7.6   0.0   144   174   692   724   684   730 0.81 -
3606at4891_2|contig_4:201583-203973   -            797 6917at4891           -            422   8.1e-08   28.5   9.7   7   7      0.32        28    0.4   0.0   178   205   766   794   763   797 0.80 -
17077at4891_2|contig_17:290336-291190 -            285 6917at4891           -            422   1.9e-07   27.3   0.4   1   3    0.0038      0.34    6.7   0.0   151   215    10    77     4    81 0.72 -
17077at4891_2|contig_17:290336-291190 -            285 6917at4891           -            422   1.9e-07   27.3   0.4   2   3   4.8e-05    0.0043   13.0   0.1   146   219   113   186   107   197 0.92 -
17077at4891_2|contig_17:290336-291190 -            285 6917at4891           -            422   1.9e-07   27.3   0.4   3   3      0.02       1.8    4.3   0.0   270   332   222   283   202   285 0.78 -
17074at4891_6|contig_13:512010-512720 -            237 6917at4891           -            422   1.5e-06   24.4   0.0   1   3   0.00012      0.01   11.7   0.0   315   373    10    67     2    73 0.75 -
17074at4891_6|contig_13:512010-512720 -            237 6917at4891           -            422   1.5e-06   24.4   0.0   2   3     0.033         3    3.6   0.0   313   353    91   132    74   137 0.76 -
17074at4891_6|contig_13:512010-512720 -            237 6917at4891           -            422   1.5e-06   24.4   0.0   3   3     0.001      0.09    8.6   0.0   145   228   121   210   117   222 0.73 -
17074at4891_3|contig_25:163898-164776 -            293 6917at4891           -            422   1.6e-06   24.2   0.2   1   3     0.012         1    5.1   0.0   180   223    68   111    15   114 0.76 -
17074at4891_3|contig_25:163898-164776 -            293 6917at4891           -            422   1.6e-06   24.2   0.2   2   3   0.00063     0.056    9.3   0.0   314   354   151   192   137   215 0.66 -
17074at4891_3|contig_25:163898-164776 -            293 6917at4891           -            422   1.6e-06   24.2   0.2   3   3   0.00038     0.034   10.0   0.0   147   204   182   236   174   249 0.77 -
16921at4891_6|contig_6:255886-256704  -            273 6917at4891           -            422   3.1e-06   23.3   0.1   1   3    0.0017      0.15    7.9   0.0   147   172    27    52    19    60 0.87 -
16921at4891_6|contig_6:255886-256704  -            273 6917at4891           -            422   3.1e-06   23.3   0.1   2   3    0.0015      0.13    8.0   0.0   148   222    68   141    59   155 0.66 -
16921at4891_6|contig_6:255886-256704  -            273 6917at4891           -            422   3.1e-06   23.3   0.1   3   3     0.035       3.1    3.6   0.0   156   217   206   265   197   271 0.82 -
2368at4891_2|contig_12:134999-137800  -            934 6917at4891           -            422   3.3e-06   23.2   2.1   1   5     0.024       2.2    4.1   0.0   316   356   215   256   197   308 0.86 -
2368at4891_2|contig_12:134999-137800  -            934 6917at4891           -            422   3.3e-06   23.2   2.1   2   5         1        90   -1.3   0.0   140   174   284   320   271   325 0.81 -
2368at4891_2|contig_12:134999-137800  -            934 6917at4891           -            422   3.3e-06   23.2   2.1   3   5     0.035       3.1    3.5   0.1   284   333   436   486   413   496 0.71 -
2368at4891_2|contig_12:134999-137800  -            934 6917at4891           -            422   3.3e-06   23.2   2.1   4   5     3e-05    0.0026   13.7   0.1   283   419   479   609   471   611 0.86 -
2368at4891_2|contig_12:134999-137800  -            934 6917at4891           -            422   3.3e-06   23.2   2.1   5   5      0.58        52   -0.5   0.0   394   412   625   643   621   650 0.82 -
16921at4891_8|contig_26:80163-80855   -            231 6917at4891           -            422   5.9e-06   22.4   0.1   1   3    0.0021      0.19    7.6   0.0   395   420     3    28     1    30 0.91 -
16921at4891_8|contig_26:80163-80855   -            231 6917at4891           -            422   5.9e-06   22.4   0.1   2   3     0.085       7.6    2.3   0.0   146   178    40    74    26    82 0.74 -
16921at4891_8|contig_26:80163-80855   -            231 6917at4891           -            422   5.9e-06   22.4   0.1   3   3   0.00078     0.069    9.0   0.1   303   388    83   176    79   216 0.66 -
24793at4891_2|contig_27:74478-75452   -            325 6917at4891           -            422   9.3e-06   21.7   0.0   1   1   1.6e-07   1.4e-05   21.1   0.0   322   421   220   318   213   319 0.89 -
16921at4891_9|contig_26:99454-100452  -            333 6917at4891           -            422     2e-05   20.6   0.3   1   4     0.027       2.4    3.9   0.0   393   417     7    31     4    34 0.91 -
16921at4891_9|contig_26:99454-100452  -            333 6917at4891           -            422     2e-05   20.6   0.3   2   4     0.018       1.6    4.4   0.0   156   176   107   127    83   150 0.80 -
16921at4891_9|contig_26:99454-100452  -            333 6917at4891           -            422     2e-05   20.6   0.3   3   4       1.3   1.2e+02   -1.7   0.0   202   230   193   222   180   229 0.75 -
16921at4891_9|contig_26:99454-100452  -            333 6917at4891           -            422     2e-05   20.6   0.3   4   4    0.0032      0.28    7.0   0.1   315   417   233   331   222   333 0.84 -
12947at4891_2|contig_5:63925-65199    -            425 6917at4891           -            422     3e-05   20.0   0.3   1   4   2.7e-05    0.0024   13.8   0.0   315   364    39    93    28   103 0.80 -
12947at4891_2|contig_5:63925-65199    -            425 6917at4891           -            422     3e-05   20.0   0.3   2   4      0.18        16    1.2   0.0   298   362   167   233   158   240 0.71 -
12947at4891_2|contig_5:63925-65199    -            425 6917at4891           -            422     3e-05   20.0   0.3   3   4      0.71        63   -0.8   0.0   162   186   232   256   209   284 0.66 -
12947at4891_2|contig_5:63925-65199    -            425 6917at4891           -            422     3e-05   20.0   0.3   4   4      0.37        33    0.2   0.2   238   297   283   349   274   352 0.69 -
5986at4891_2|contig_2:487177-488715   -            513 6917at4891           -            422     7e-05   18.9   0.0   1   4     0.024       2.1    4.1   0.0   303   360    41    98    36   103 0.81 -
5986at4891_2|contig_2:487177-488715   -            513 6917at4891           -            422     7e-05   18.9   0.0   2   4     0.024       2.1    4.1   0.0   314   364    93   146    90   156 0.73 -
5986at4891_2|contig_2:487177-488715   -            513 6917at4891           -            422     7e-05   18.9   0.0   3   4   0.00079      0.07    9.0   0.0   146   221   168   245   124   256 0.69 -
5986at4891_2|contig_2:487177-488715   -            513 6917at4891           -            422     7e-05   18.9   0.0   4   4      0.49        44   -0.2   0.0   272   335   268   336   246   378 0.72 -
15470at4891_1|contig_2:377940-378977  -            346 6917at4891           -            422   8.2e-05   18.6   0.1   1   3       0.3        27    0.5   0.0   291   336    85   132    54   147 0.70 -
15470at4891_1|contig_2:377940-378977  -            346 6917at4891           -            422   8.2e-05   18.6   0.1   2   3   2.9e-05    0.0026   13.7   0.1   307   385   158   236   142   258 0.80 -
15470at4891_1|contig_2:377940-378977  -            346 6917at4891           -            422   8.2e-05   18.6   0.1   3   3      0.42        37   -0.0   0.0   390   420   293   323   288   325 0.88 -
16921at4891_4|contig_2:441697-442182  -            162 6917at4891           -            422   0.00025   17.0   0.0   1   3      0.54        48   -0.4   0.0   240   257    13    30     7    31 0.87 -
16921at4891_4|contig_2:441697-442182  -            162 6917at4891           -            422   0.00025   17.0   0.0   2   3   0.00012     0.011   11.7   0.0   155   233    30   113    21   118 0.85 -
16921at4891_4|contig_2:441697-442182  -            162 6917at4891           -            422   0.00025   17.0   0.0   3   3     0.049       4.3    3.1   0.0   155   176   119   140   108   147 0.79 -
6711at4891_3|contig_26:300073-302241  -            723 6917at4891           -            422    0.0003   16.8   0.2   1   4     0.023         2    4.2   0.0   336   420   296   380   287   382 0.72 -
6711at4891_3|contig_26:300073-302241  -            723 6917at4891           -            422    0.0003   16.8   0.2   2   4       0.8        72   -0.9   0.0   304   334   524   553   512   562 0.77 -
6711at4891_3|contig_26:300073-302241  -            723 6917at4891           -            422    0.0003   16.8   0.2   3   4       0.8        71   -0.9   0.0   309   333   645   669   601   685 0.54 -
6711at4891_3|contig_26:300073-302241  -            723 6917at4891           -            422    0.0003   16.8   0.2   4   4    0.0017      0.15    7.9   0.0   385   420   685   722   671   723 0.81 -
17074at4891_2|contig_20:54833-56221   -            463 6917at4891           -            422   0.00071   15.5   3.7   1   4       0.6        53   -0.5   0.6     6    44    70   106    65   116 0.72 -
17074at4891_2|contig_20:54833-56221   -            463 6917at4891           -            422   0.00071   15.5   3.7   2   4      0.57        50   -0.5   0.0   310   356   183   230   169   241 0.72 -
17074at4891_2|contig_20:54833-56221   -            463 6917at4891           -            422   0.00071   15.5   3.7   3   4   0.00025     0.023   10.6   0.0   149   251   267   375   262   378 0.86 -
17074at4891_2|contig_20:54833-56221   -            463 6917at4891           -            422   0.00071   15.5   3.7   4   4    0.0083      0.74    5.6   0.0   315   355   361   404   351   463 0.63 -
4490at4891_2|contig_13:927939-930293  -            785 6917at4891           -            422   0.00099   15.1   0.0   1   6     0.006      0.53    6.1   0.0   392   422    61    91    52    91 0.94 -
4490at4891_2|contig_13:927939-930293  -            785 6917at4891           -            422   0.00099   15.1   0.0   2   6       1.3   1.1e+02   -1.6   0.0   394   420   106   132   101   134 0.89 -
4490at4891_2|contig_13:927939-930293  -            785 6917at4891           -            422   0.00099   15.1   0.0   3   6       3.9   3.4e+02   -3.2   0.0   158   173   220   235   204   240 0.61 -
4490at4891_2|contig_13:927939-930293  -            785 6917at4891           -            422   0.00099   15.1   0.0   4   6       3.6   3.2e+02   -3.1   0.0   149   188   284   325   271   331 0.81 -
4490at4891_2|contig_13:927939-930293  -            785 6917at4891           -            422   0.00099   15.1   0.0   5   6      0.11       9.9    1.9   0.0   345   369   608   632   558   642 0.73 -
4490at4891_2|contig_13:927939-930293  -            785 6917at4891           -            422   0.00099   15.1   0.0   6   6      0.48        43   -0.2   0.0   303   346   703   749   668   757 0.73 -
16305at4891_3|contig_4:370794-372398  -            535 6917at4891           -            422    0.0015   14.4   0.2   1   3    0.0026      0.23    7.3   0.0   386   418   216   248   203   251 0.90 -
16305at4891_3|contig_4:370794-372398  -            535 6917at4891           -            422    0.0015   14.4   0.2   2   3     0.062       5.6    2.7   0.0   323   373   338   387   302   432 0.68 -
16305at4891_3|contig_4:370794-372398  -            535 6917at4891           -            422    0.0015   14.4   0.2   3   3      0.38        34    0.1   0.0   301   334   442   474   410   480 0.65 -
10099at4891_2|contig_4:594881-597400  -            840 6917at4891           -            422    0.0017   14.3   0.0   1   4     0.046       4.1    3.1   0.0   395   420    22    47    18    49 0.83 -
10099at4891_2|contig_4:594881-597400  -            840 6917at4891           -            422    0.0017   14.3   0.0   2   4     0.008      0.71    5.6   0.0   390   420    79   109    71   111 0.87 -
10099at4891_2|contig_4:594881-597400  -            840 6917at4891           -            422    0.0017   14.3   0.0   3   4       1.6   1.4e+02   -1.9   0.0   157   188   150   179   136   226 0.59 -
10099at4891_2|contig_4:594881-597400  -            840 6917at4891           -            422    0.0017   14.3   0.0   4   4      0.43        39   -0.1   0.0   340   364   353   377   315   385 0.78 -
14374at4891_2|contig_13:332709-333749 -            347 6917at4891           -            422    0.0018   14.2   0.0   1   3      0.47        42   -0.2   0.0   145   175    54    88    21    95 0.72 -
14374at4891_2|contig_13:332709-333749 -            347 6917at4891           -            422    0.0018   14.2   0.0   2   3     0.016       1.4    4.7   0.0   146   190   212   262   192   278 0.76 -
14374at4891_2|contig_13:332709-333749 -            347 6917at4891           -            422    0.0018   14.2   0.0   3   3      0.01      0.93    5.3   0.0   391   418   305   332   299   335 0.92 -
8998at4891_7|contig_19:41018-42367    -            450 6917at4891           -            422    0.0052   12.7   0.4   1   2    0.0006     0.053    9.4   0.2   275   362    92   181    63   231 0.77 -
8998at4891_7|contig_19:41018-42367    -            450 6917at4891           -            422    0.0052   12.7   0.4   2   2      0.67        60   -0.7   0.0   316   359   297   340   281   357 0.73 -
6242at4891_2|contig_19:247796-250138  -            781 6917at4891           -            422     0.012   11.5   0.0   1   3       1.2   1.1e+02   -1.5   1.3    34    73   180   219   162   232 0.75 -
6242at4891_2|contig_19:247796-250138  -            781 6917at4891           -            422     0.012   11.5   0.0   2   3       1.3   1.1e+02   -1.6   5.2    33    65   363   397   346   408 0.66 -
6242at4891_2|contig_19:247796-250138  -            781 6917at4891           -            422     0.012   11.5   0.0   3   3   0.00013     0.012   11.5   0.0   308   360   570   623   530   633 0.83 -
11696at4891_2|contig_2:401773-403305  -            511 6917at4891           -            422      0.19    7.5   5.5   1   2       1.9   1.7e+02   -2.2   0.0    78    79   216   217   167   248 0.57 -
11696at4891_2|contig_2:401773-403305  -            511 6917at4891           -            422      0.19    7.5   5.5   2   2   0.00068      0.06    9.2   0.1   282   420   296   448   274   450 0.63 -
#
# Program:         hmmsearch
# Version:         3.1b2 (February 2015)
# Pipeline mode:   SEARCH
# Query file:      /mnt/c/Users/HMarton/GitHub/LundUni/Pages/Projects/de_novo_BINP29/busco_downloads/lineages/saccharomycetes_odb10/hmms/6917at4891.hmm
# Target file:     /mnt/c/Users/HMarton/GitHub/LundUni/Pages/Projects/de_novo_BINP29/results/04_busco/BUSCO_assembly.fasta/run_saccharomycetes_odb10/metaeuk_output/initial_results/assembly.fasta.modified.fas
# Option settings: hmmsearch --domtblout /mnt/c/Users/HMarton/GitHub/LundUni/Pages/Projects/de_novo_BINP29/results/04_busco/BUSCO_assembly.fasta/run_saccharomycetes_odb10/hmmer_output/initial_run_results/6917at4891.out --cpu 1 /mnt/c/Users/HMarton/GitHub/LundUni/Pages/Projects/de_novo_BINP29/busco_downloads/lineages/saccharomycetes_odb10/hmms/6917at4891.hmm /mnt/c/Users/HMarton/GitHub/LundUni/Pages/Projects/de_novo_BINP29/results/04_busco/BUSCO_assembly.fasta/run_saccharomycetes_odb10/metaeuk_output/initial_results/assembly.fasta.modified.fas 
# Current dir:     /mnt/c/Users/HMarton/GitHub/LundUni/Pages/Projects/de_novo_BINP29
# Date:            Fri Feb 23 20:16:00 2024
# [ok]
