#                                                                                            --- full sequence --- -------------- this domain -------------   hmm coord   ali coord   env coord
# target name                        accession   tlen query name           accession   qlen   E-value  score  bias   #  of  c-Evalue  i-Evalue  score  bias  from    to  from    to  from    to  acc description of target
#                ------------------- ---------- ----- -------------------- ---------- ----- --------- ------ ----- --- --- --------- --------- ------ ----- ----- ----- ----- ----- ----- ----- ---- ---------------------
7030at4891_4|contig_22:210784-213423 -            880 7030at4891           -            600  3.2e-233  773.0  18.2   1   3   2.1e-73   9.4e-71  236.5   0.2     1   179     8   218     8   227 0.88 -
7030at4891_4|contig_22:210784-213423 -            880 7030at4891           -            600  3.2e-233  773.0  18.2   2   3   4.9e-40   2.2e-37  126.3   7.8   173   327   239   422   228   465 0.74 -
7030at4891_4|contig_22:210784-213423 -            880 7030at4891           -            600  3.2e-233  773.0  18.2   3   3  2.6e-127  1.2e-124  414.5   0.2   342   600   595   880   540   880 0.90 -
4918at4891_2|contig_3:142059-144950  -            964 7030at4891           -            600   6.1e-79  263.5   4.6   1   3      0.26   1.2e+02   -1.6   0.1   136   217   185   262   127   308 0.53 -
4918at4891_2|contig_3:142059-144950  -            964 7030at4891           -            600   6.1e-79  263.5   4.6   2   3   3.2e-11   1.4e-08   31.1   0.0   231   278   334   381   330   428 0.84 -
4918at4891_2|contig_3:142059-144950  -            964 7030at4891           -            600   6.1e-79  263.5   4.6   3   3     6e-72   2.7e-69  231.7   0.5   323   598   570   874   545   876 0.81 -
4918at4891_2|contig_26:61779-63710   -            644 7030at4891           -            600   2.7e-74  248.2   0.4   1   2   3.8e-13   1.7e-10   37.5   0.0   191   285    40   137    11   238 0.79 -
4918at4891_2|contig_26:61779-63710   -            644 7030at4891           -            600   2.7e-74  248.2   0.4   2   2   5.4e-65   2.4e-62  208.7   0.1   346   596   350   618   292   622 0.85 -
4918at4891_2|contig_14:620692-622863 -            724 7030at4891           -            600   5.8e-63  210.7   4.5   1   3     0.013       5.7    2.7   0.0   108   154    20    70     5    92 0.77 -
4918at4891_2|contig_14:620692-622863 -            724 7030at4891           -            600   5.8e-63  210.7   4.5   2   3   4.3e-13   1.9e-10   37.3   0.3   209   316   165   277   155   300 0.84 -
4918at4891_2|contig_14:620692-622863 -            724 7030at4891           -            600   5.8e-63  210.7   4.5   3   3   2.2e-53   9.8e-51  170.4   0.1   410   597   516   717   460   720 0.86 -
4918at4891|contig_14:172356-174773   -            806 7030at4891           -            600   5.7e-52  174.4   2.4   1   2   5.6e-06    0.0025   13.8   0.1   234   284   229   279   194   379 0.82 -
4918at4891|contig_14:172356-174773   -            806 7030at4891           -            600   5.7e-52  174.4   2.4   2   2   4.3e-48   1.9e-45  152.9   0.5   347   598   492   791   486   793 0.76 -
4918at4891_6|contig_27:134766-136970 -            735 7030at4891           -            600   5.5e-51  171.2  16.2   1   3   0.00061      0.27    7.1   0.1   109   170    24    87    13   126 0.67 -
4918at4891_6|contig_27:134766-136970 -            735 7030at4891           -            600   5.5e-51  171.2  16.2   2   3   1.8e-11   7.9e-09   32.0   3.6   202   306   159   267   104   328 0.69 -
4918at4891_6|contig_27:134766-136970 -            735 7030at4891           -            600   5.5e-51  171.2  16.2   3   3     1e-43   4.5e-41  138.5   2.0   324   553   432   662   403   701 0.79 -
#
# Program:         hmmsearch
# Version:         3.1b2 (February 2015)
# Pipeline mode:   SEARCH
# Query file:      /mnt/c/Users/HMarton/GitHub/LundUni/Pages/Projects/de_novo_BINP29/busco_downloads/lineages/saccharomycetes_odb10/hmms/7030at4891.hmm
# Target file:     /mnt/c/Users/HMarton/GitHub/LundUni/Pages/Projects/de_novo_BINP29/results/04_busco/BUSCO_assembly.fasta/run_saccharomycetes_odb10/metaeuk_output/initial_results/assembly.fasta.modified.fas
# Option settings: hmmsearch --domtblout /mnt/c/Users/HMarton/GitHub/LundUni/Pages/Projects/de_novo_BINP29/results/04_busco/BUSCO_assembly.fasta/run_saccharomycetes_odb10/hmmer_output/initial_run_results/7030at4891.out --cpu 1 /mnt/c/Users/HMarton/GitHub/LundUni/Pages/Projects/de_novo_BINP29/busco_downloads/lineages/saccharomycetes_odb10/hmms/7030at4891.hmm /mnt/c/Users/HMarton/GitHub/LundUni/Pages/Projects/de_novo_BINP29/results/04_busco/BUSCO_assembly.fasta/run_saccharomycetes_odb10/metaeuk_output/initial_results/assembly.fasta.modified.fas 
# Current dir:     /mnt/c/Users/HMarton/GitHub/LundUni/Pages/Projects/de_novo_BINP29
# Date:            Fri Feb 23 20:16:20 2024
# [ok]
