#                                                                                               --- full sequence --- -------------- this domain -------------   hmm coord   ali coord   env coord
# target name                           accession   tlen query name           accession   qlen   E-value  score  bias   #  of  c-Evalue  i-Evalue  score  bias  from    to  from    to  from    to  acc description of target
#                   ------------------- ---------- ----- -------------------- ---------- ----- --------- ------ ----- --- --- --------- --------- ------ ----- ----- ----- ----- ----- ----- ----- ---- ---------------------
7925at4891_6|contig_13:693354-695069    -            572 7925at4891           -            369  2.3e-188  622.8  15.5   1   2   1.1e-14   2.8e-13   46.7   1.6     2    39    94   131    93   142 0.91 -
7925at4891_6|contig_13:693354-695069    -            572 7925at4891           -            369  2.3e-188  622.8  15.5   2   2    2e-176    5e-175  579.0   6.5    28   363   156   549   148   553 0.91 -
7925at4891_6|contig_20:193629-195320    -            564 7925at4891           -            369  2.9e-188  622.5  16.0   1   2   5.1e-15   1.3e-13   47.8   2.6     2    39    86   123    85   137 0.89 -
7925at4891_6|contig_20:193629-195320    -            564 7925at4891           -            369  2.9e-188  622.5  16.0   2   2  5.2e-176  1.3e-174  577.6   5.6    29   363   149   541   142   545 0.91 -
7925at4891_2|contig_19:333931-335160    -            410 7925at4891           -            369   1.1e-73  245.4   3.2   1   2   4.3e-53   1.1e-51  173.1   0.7    35   195     4   170     1   189 0.89 -
7925at4891_2|contig_19:333931-335160    -            410 7925at4891           -            369   1.1e-73  245.4   3.2   2   2   2.1e-22   5.3e-21   72.2   0.1   197   335   213   369   194   391 0.73 -
8179at4891_1|contig_26:64265-65287      -            341 7925at4891           -            369     1e-59  199.6   0.9   1   1   5.9e-61   1.5e-59  199.0   0.9    34   317    19   313    10   341 0.82 -
18893at4891_8|contig_19:710302-711162   -            287 7925at4891           -            369   2.3e-58  195.1   0.2   1   1     1e-59   2.6e-58  194.9   0.2    49   321     1   281     1   286 0.84 -
7925at4891_3|contig_27:199701-201185    -            495 7925at4891           -            369   9.7e-58  193.0   0.3   1   2   1.4e-42   3.5e-41  138.5   0.0    45   195     2   160     1   176 0.89 -
7925at4891_3|contig_27:199701-201185    -            495 7925at4891           -            369   9.7e-58  193.0   0.3   2   2   1.8e-16   4.5e-15   52.6   0.1   219   335   358   495   349   495 0.77 -
8179at4891_7|contig_2:468220-469278     -            353 7925at4891           -            369   1.3e-52  176.1   1.5   1   2   1.8e-41   4.5e-40  134.9   0.1    45   189    25   175    16   181 0.89 -
8179at4891_7|contig_2:468220-469278     -            353 7925at4891           -            369   1.3e-52  176.1   1.5   2   2   2.2e-12   5.6e-11   39.2   0.2   211   359   178   345   174   352 0.66 -
8179at4891_2|contig_22:51398-53689      -            764 7925at4891           -            369   3.8e-51  171.4   2.2   1   2   1.7e-40   4.4e-39  131.6   0.3    43   192   346   504   332   511 0.84 -
8179at4891_2|contig_22:51398-53689      -            764 7925at4891           -            369   3.8e-51  171.4   2.2   2   2   2.7e-12   6.9e-11   38.9   0.1   214   350   507   660   501   686 0.64 -
8179at4891_6|contig_25:465775-466938    -            388 7925at4891           -            369   9.5e-51  170.0   1.8   1   2   6.5e-41   1.6e-39  133.0   0.2    41   191    57   214    50   222 0.88 -
8179at4891_6|contig_25:465775-466938    -            388 7925at4891           -            369   9.5e-51  170.0   1.8   2   2   4.9e-11   1.2e-09   34.7   0.2   211   360   215   383   212   388 0.63 -
18893at4891_8|contig_25:537995-538810   -            272 7925at4891           -            369   5.9e-50  167.4   2.5   1   2   7.4e-35   1.9e-33  113.1   0.2    43   188     6   157     1   162 0.93 -
18893at4891_8|contig_25:537995-538810   -            272 7925at4891           -            369   5.9e-50  167.4   2.5   2   2   4.3e-17   1.1e-15   54.7   0.2   217   275   164   222   160   255 0.85 -
18893at4891_3|contig_7:102022-102819    -            266 7925at4891           -            369   2.2e-49  165.5   1.8   1   2   1.3e-34   3.4e-33  112.3   0.2    46   188     4   152     1   158 0.94 -
18893at4891_3|contig_7:102022-102819    -            266 7925at4891           -            369   2.2e-49  165.5   1.8   2   2   1.3e-16   3.3e-15   53.1   0.1   217   302   159   239   154   253 0.84 -
18893at4891_0|contig_20:775437-776210   -            258 7925at4891           -            369   6.7e-48  160.6   3.1   1   2   2.4e-34     6e-33  111.4   0.4    47   189     3   151     1   157 0.94 -
18893at4891_0|contig_20:775437-776210   -            258 7925at4891           -            369   6.7e-48  160.6   3.1   2   2   8.7e-16   2.2e-14   50.4   0.2   217   278   157   218   151   247 0.85 -
7925at4891_4|contig_4:792466-793365     -            300 7925at4891           -            369   3.6e-45  151.7   7.3   1   3   1.2e-33   3.1e-32  109.1   1.0    41   189     2   158     1   165 0.89 -
7925at4891_4|contig_4:792466-793365     -            300 7925at4891           -            369   3.6e-45  151.7   7.3   2   3   3.8e-12   9.6e-11   38.4   0.0   218   271   168   221   158   226 0.90 -
7925at4891_4|contig_4:792466-793365     -            300 7925at4891           -            369   3.6e-45  151.7   7.3   3   3     0.012      0.31    7.1   0.2   305   335   270   300   262   300 0.88 -
8179at4891_4|contig_4:522585-523808     -            408 7925at4891           -            369   7.2e-45  150.7   0.2   1   2   4.6e-05    0.0012   15.1   0.0    45    86     7    48     2    60 0.85 -
8179at4891_4|contig_4:522585-523808     -            408 7925at4891           -            369   7.2e-45  150.7   0.2   2   2   6.5e-41   1.7e-39  133.0   0.0    91   303    80   285    74   314 0.83 -
18893at4891_2|contig_14:1406891-1407697 -            269 7925at4891           -            369     3e-43  145.3   0.8   1   1   2.5e-44   6.4e-43  144.3   0.8    47   279     4   237     1   267 0.86 -
18893at4891_0|contig_3:124445-125233    -            263 7925at4891           -            369   1.7e-42  142.9   0.2   1   1   1.2e-43   3.1e-42  142.0   0.2    48   276     1   228     1   253 0.86 -
7925at4891_4|contig_14:1368916-1369803  -            296 7925at4891           -            369   1.6e-41  139.6   0.0   1   1   6.8e-43   1.7e-41  139.6   0.0    47   317     6   284     1   296 0.79 -
18893at4891_2|contig_20:785071-786153   -            361 7925at4891           -            369     3e-39  132.2   1.4   1   2   8.1e-28   2.1e-26   89.9   0.9    44   188    98   248    83   257 0.87 -
18893at4891_2|contig_20:785071-786153   -            361 7925at4891           -            369     3e-39  132.2   1.4   2   2   5.6e-13   1.4e-11   41.1   0.0   219   275   259   315   248   348 0.83 -
2373at4891_2|contig_2:660056-662167     -            704 7925at4891           -            369   4.5e-35  118.4   0.0   1   2   9.8e-20   2.5e-18   63.4   0.1    42   189    75   227    69   232 0.90 -
2373at4891_2|contig_2:660056-662167     -            704 7925at4891           -            369   4.5e-35  118.4   0.0   2   2   1.2e-16   2.9e-15   53.3   0.0   212   355   231   377   227   385 0.84 -
13862at4891_2|contig_20:678469-680928   -            820 7925at4891           -            369   8.6e-32  107.7   0.0   1   1     6e-33   1.5e-31  106.8   0.0    46   299   194   446   188   463 0.82 -
17309at4891_9|contig_20:673604-674344   -            247 7925at4891           -            369   9.7e-29   97.6   0.2   1   2   2.7e-18   6.9e-17   58.6   0.1    53   198     2   146     1   148 0.84 -
17309at4891_9|contig_20:673604-674344   -            247 7925at4891           -            369   9.7e-29   97.6   0.2   2   2   3.3e-12   8.5e-11   38.6   0.0   215   304   143   229   138   246 0.83 -
10800at4891_2|contig_14:1386168-1388057 -            630 7925at4891           -            369   7.2e-28   94.7   1.4   1   1     5e-26   1.3e-24   84.1   1.4    47   274    50   263    45   276 0.88 -
1979at4891_9|contig_22:245831-246577    -            249 7925at4891           -            369   7.2e-26   88.2   1.4   1   2   3.7e-20   9.5e-19   64.7   0.1    55   190     3   142     1   150 0.87 -
1979at4891_9|contig_22:245831-246577    -            249 7925at4891           -            369   7.2e-26   88.2   1.4   2   2   1.7e-07   4.3e-06   23.1   0.1   219   263   152   197   142   208 0.86 -
9903at4891_6|contig_14:1459934-1460752  -            273 7925at4891           -            369   8.7e-26   87.9   0.1   1   2     2e-19     5e-18   62.3   0.1    55   189     1   141     1   151 0.88 -
9903at4891_6|contig_14:1459934-1460752  -            273 7925at4891           -            369   8.7e-26   87.9   0.1   2   2   8.3e-08   2.1e-06   24.1   0.0   219   330   151   262   142   268 0.84 -
693at4891_2|contig_26:94839-98648       -           1270 7925at4891           -            369   1.2e-25   87.5   1.3   1   1   4.6e-27   1.2e-25   87.5   0.1    54   264   985  1202   965  1212 0.86 -
10800at4891_1|contig_26:274750-275748   -            333 7925at4891           -            369   1.3e-25   87.3   0.0   1   2   2.2e-18   5.7e-17   58.9   0.0    55   195    14   168     7   174 0.80 -
10800at4891_1|contig_26:274750-275748   -            333 7925at4891           -            369   1.3e-25   87.3   0.0   2   2   9.7e-09   2.5e-07   27.2   0.0   220   307   173   260   163   293 0.84 -
17309at4891_1|contig_20:654260-655075   -            272 7925at4891           -            369   2.2e-25   86.6   0.2   1   2   3.2e-20   8.1e-19   65.0   0.1    52   192     6   157     1   163 0.82 -
17309at4891_1|contig_20:654260-655075   -            272 7925at4891           -            369   2.2e-25   86.6   0.2   2   2   1.4e-06   3.6e-05   20.1   0.0   220   266   164   210   156   224 0.88 -
18893at4891_0|contig_14:668700-669635   -            312 7925at4891           -            369     8e-25   84.7   0.6   1   2   1.9e-16   4.8e-15   52.5   0.8    38   188    21   203    11   205 0.69 -
18893at4891_0|contig_14:668700-669635   -            312 7925at4891           -            369     8e-25   84.7   0.6   2   2   3.6e-08   9.2e-07   25.3   0.0   208   312   203   304   202   308 0.79 -
10800at4891_8|contig_16:117615-118544   -            310 7925at4891           -            369   8.4e-25   84.6   1.8   1   2   2.4e-17   6.2e-16   55.5   1.4    48   188     3   175     1   177 0.70 -
10800at4891_8|contig_16:117615-118544   -            310 7925at4891           -            369   8.4e-25   84.6   1.8   2   2   2.8e-07   7.2e-06   22.3   0.0   208   277   175   245   174   280 0.78 -
4279at4891_2|contig_3:104949-106895     -            649 7925at4891           -            369     1e-24   84.4   0.8   1   3       5.3   1.4e+02   -1.6   0.1   238   327   154   247   135   264 0.61 -
4279at4891_2|contig_3:104949-106895     -            649 7925at4891           -            369     1e-24   84.4   0.8   2   3   1.6e-14     4e-13   46.2   0.1    49   188   355   524   349   527 0.72 -
4279at4891_2|contig_3:104949-106895     -            649 7925at4891           -            369     1e-24   84.4   0.8   3   3   4.1e-11     1e-09   35.0   0.0   209   283   526   601   524   634 0.80 -
18893at4891_6|contig_13:183537-184541   -            335 7925at4891           -            369   1.3e-24   84.1   0.0   1   1   1.5e-25   3.7e-24   82.5   0.0    46   270    38   277    17   317 0.80 -
4279at4891_0|contig_22:475853-477571    -            573 7925at4891           -            369   1.9e-24   83.5   0.1   1   1   1.2e-23   3.1e-22   76.2   0.1    50   263   303   499   297   523 0.85 -
10800at4891_8|contig_14:1438586-1439614 -            343 7925at4891           -            369   1.1e-23   81.0   0.0   1   2   8.8e-17   2.2e-15   53.6   0.0    55   190    39   194    30   203 0.77 -
10800at4891_8|contig_14:1438586-1439614 -            343 7925at4891           -            369   1.1e-23   81.0   0.0   2   2   5.1e-08   1.3e-06   24.8   0.0   219   305   203   290   194   300 0.85 -
17309at4891_3|contig_3:768376-769242    -            289 7925at4891           -            369   1.1e-23   80.9   0.1   1   2   2.1e-19   5.3e-18   62.3   0.1    49   192    13   167     5   173 0.81 -
17309at4891_3|contig_3:768376-769242    -            289 7925at4891           -            369   1.1e-23   80.9   0.1   2   2   1.1e-05   0.00028   17.1   0.0   221   266   175   220   168   269 0.84 -
4279at4891_2|contig_19:69269-71791      -            841 7925at4891           -            369   1.2e-23   80.9   0.1   1   2   1.3e-14   3.4e-13   46.5   0.0    46   189   543   716   527   722 0.69 -
4279at4891_2|contig_19:69269-71791      -            841 7925at4891           -            369   1.2e-23   80.9   0.1   2   2   3.2e-10   8.2e-09   32.0   0.0   211   263   719   771   716   793 0.88 -
693at4891_2|contig_19:680998-685725     -           1576 7925at4891           -            369     2e-23   80.1   0.0   1   1   1.5e-24   3.9e-23   79.2   0.0    55   264  1272  1504  1257  1545 0.79 -
1220at4891_2|contig_14:999025-1003986   -           1654 7925at4891           -            369   2.8e-23   79.6   0.1   1   3      0.12       3.1    3.8   0.0   137   174   359   396   340   470 0.86 -
1220at4891_2|contig_14:999025-1003986   -           1654 7925at4891           -            369   2.8e-23   79.6   0.1   2   3   0.00067     0.017   11.3   0.0    46   120   591   662   575   668 0.84 -
1220at4891_2|contig_14:999025-1003986   -           1654 7925at4891           -            369   2.8e-23   79.6   0.1   3   3   7.8e-19     2e-17   60.4   0.0   102   258   760   918   747   940 0.78 -
10618at4891_1|contig_13:226871-227755   -            295 7925at4891           -            369   2.8e-23   79.6   0.2   1   1   2.1e-24   5.4e-23   78.7   0.2    50   267     2   243     1   280 0.73 -
10618at4891_9|contig_3:289864-290688    -            275 7925at4891           -            369   6.7e-23   78.4   0.4   1   2   2.5e-16   6.4e-15   52.1   0.1    54   189    16   161     7   169 0.83 -
10618at4891_9|contig_3:289864-290688    -            275 7925at4891           -            369   6.7e-23   78.4   0.4   2   2   3.4e-08   8.6e-07   25.4   0.0   210   266   163   219   159   230 0.89 -
12549at4891_0|contig_3:442313-443170    -            286 7925at4891           -            369     9e-23   78.0   0.1   1   2   2.7e-18   6.8e-17   58.6   0.0    48   188     2   143     1   146 0.86 -
12549at4891_0|contig_3:442313-443170    -            286 7925at4891           -            369     9e-23   78.0   0.1   2   2   9.7e-06   0.00025   17.3   0.0   233   265   169   202   156   212 0.82 -
10800at4891_3|contig_4:63703-64656      -            318 7925at4891           -            369   1.3e-22   77.5   0.1   1   1   2.2e-22   5.5e-21   72.1   0.1    45   261     8   220     4   231 0.79 -
10800at4891_5|contig_25:423174-424337   -            388 7925at4891           -            369   2.7e-22   76.4   0.1   1   3     0.017      0.43    6.6   0.0    54    84     9    39     4    50 0.87 -
10800at4891_5|contig_25:423174-424337   -            388 7925at4891           -            369   2.7e-22   76.4   0.1   2   3     2e-15   5.2e-14   49.1   0.0    88   193    77   190    55   196 0.76 -
10800at4891_5|contig_25:423174-424337   -            388 7925at4891           -            369   2.7e-22   76.4   0.1   3   3   8.8e-06   0.00023   17.4   0.0   220   276   197   254   190   297 0.73 -
1979at4891_9|contig_5:51083-51799       -            239 7925at4891           -            369   5.4e-22   75.4   1.0   1   2   3.9e-19     1e-17   61.4   0.4    55   189     3   141     1   148 0.90 -
1979at4891_9|contig_5:51083-51799       -            239 7925at4891           -            369   5.4e-22   75.4   1.0   2   2   0.00021    0.0053   12.9   0.0   219   272   149   202   143   210 0.89 -
10618at4891_9|contig_27:96822-97655     -            278 7925at4891           -            369   9.1e-22   74.7   0.8   1   2   1.1e-16   2.9e-15   53.3   0.3    47   192    14   169     8   174 0.82 -
10618at4891_9|contig_27:96822-97655     -            278 7925at4891           -            369   9.1e-22   74.7   0.8   2   2   6.7e-07   1.7e-05   21.1   0.0   210   271   168   229   165   267 0.79 -
12549at4891_4|contig_4:614314-615255    -            314 7925at4891           -            369   1.2e-21   74.3   0.1   1   1   1.8e-22   4.7e-21   72.3   0.1    47   264     6   222     2   228 0.83 -
18893at4891|contig_3:771132-771953      -            274 7925at4891           -            369   1.5e-21   74.0   1.2   1   2     5e-16   1.3e-14   51.1   0.4    54   188     6   152     1   161 0.80 -
18893at4891|contig_3:771132-771953      -            274 7925at4891           -            369   1.5e-21   74.0   1.2   2   2   1.9e-07   4.9e-06   22.9   0.0   208   278   153   225   151   263 0.80 -
10618at4891_1|contig_14:274187-275725   -            513 7925at4891           -            369   4.1e-21   72.5   0.0   1   1   2.3e-22     6e-21   72.0   0.0    49   263   200   424   181   489 0.79 -
8274at4891_4|contig_12:220169-222259    -            697 7925at4891           -            369   1.2e-20   71.0   0.1   1   2      0.11       2.8    4.0   0.0    55    81   401   427   393   438 0.90 -
8274at4891_4|contig_12:220169-222259    -            697 7925at4891           -            369   1.2e-20   71.0   0.1   2   2   5.5e-19   1.4e-17   60.9   0.0    85   265   473   642   458   651 0.85 -
19258at4891_3|contig_3:240605-241474    -            290 7925at4891           -            369   2.1e-20   70.2   3.9   1   2   2.4e-18   6.1e-17   58.8   1.4    40   189    22   188     9   196 0.73 -
19258at4891_3|contig_3:240605-241474    -            290 7925at4891           -            369   2.1e-20   70.2   3.9   2   2   0.00045     0.011   11.8   0.0   220   260   198   239   195   286 0.78 -
4598at4891_7|contig_13:179569-182226    -            886 7925at4891           -            369   6.7e-20   68.5   0.0   1   2   4.4e-05    0.0011   15.2   0.1    53   139    19   107     6   112 0.84 -
4598at4891_7|contig_13:179569-182226    -            886 7925at4891           -            369   6.7e-20   68.5   0.0   2   2   7.3e-16   1.8e-14   50.6   0.0   145   313   142   311   132   329 0.82 -
17728at4891_8|contig_20:449738-450622   -            295 7925at4891           -            369     1e-19   67.9   0.7   1   2   4.3e-14   1.1e-12   44.8   0.3    49   189     3   152     1   163 0.83 -
17728at4891_8|contig_20:449738-450622   -            295 7925at4891           -            369     1e-19   67.9   0.7   2   2   4.4e-07   1.1e-05   21.7   0.0   223   268   167   213   157   227 0.84 -
18893at4891_9|contig_5:95917-96708      -            264 7925at4891           -            369   1.7e-19   67.2   2.0   1   2   2.9e-17   7.4e-16   55.2   0.7    46   189     2   162     1   171 0.73 -
18893at4891_9|contig_5:95917-96708      -            264 7925at4891           -            369   1.7e-19   67.2   2.0   2   2    0.0006     0.015   11.4   0.0   220   261   172   214   165   228 0.89 -
5371at4891_0|contig_7:140255-141172     -            306 7925at4891           -            369   2.5e-19   66.6   1.0   1   2   4.2e-12   1.1e-10   38.3   0.3    49   189     4   156     1   158 0.80 -
5371at4891_0|contig_7:140255-141172     -            306 7925at4891           -            369   2.5e-19   66.6   1.0   2   2   5.3e-09   1.3e-07   28.0   0.0   212   275   157   217   154   260 0.84 -
17265at4891_6|contig_25:489034-490485   -            484 7925at4891           -            369   4.8e-19   65.7   2.4   1   2   1.8e-17   4.5e-16   55.9   0.6    51   191   170   316   149   329 0.77 -
17265at4891_6|contig_25:489034-490485   -            484 7925at4891           -            369   4.8e-19   65.7   2.4   2   2    0.0021     0.054    9.6   0.1   232   270   338   376   316   416 0.87 -
17728at4891_7|contig_4:259136-260008    -            291 7925at4891           -            369   6.8e-19   65.2   0.1   1   2   5.5e-14   1.4e-12   44.4   0.0    52   189     4   152     1   160 0.78 -
17728at4891_7|contig_4:259136-260008    -            291 7925at4891           -            369   6.8e-19   65.2   0.1   2   2   3.2e-06   8.2e-05   18.9   0.0   226   265   170   210   158   229 0.81 -
1979at4891_2|contig_7:233658-238085     -           1476 7925at4891           -            369   9.3e-19   64.8   0.5   1   1   4.4e-18   1.1e-16   57.9   0.5    41   262  1165  1382  1153  1403 0.77 -
12549at4891_1|contig_16:78495-79799     -            435 7925at4891           -            369   1.1e-18   64.5   0.1   1   2   2.8e-14   7.2e-13   45.4   0.0    50   188    24   166    17   174 0.89 -
12549at4891_1|contig_16:78495-79799     -            435 7925at4891           -            369   1.1e-18   64.5   0.1   2   2     9e-06   0.00023   17.4   0.0   218   270   174   227   167   272 0.78 -
12549at4891|contig_22:396894-397937     -            348 7925at4891           -            369   2.1e-18   63.6   0.3   1   1   2.5e-18   6.4e-17   58.7   0.3    47   266    11   229     7   258 0.75 -
13507at4891_4|contig_5:54431-55735      -            435 7925at4891           -            369   3.9e-18   62.7   1.0   1   3   2.4e-09   6.2e-08   29.1   0.1    42   151    18   129     5   145 0.89 -
13507at4891_4|contig_5:54431-55735      -            435 7925at4891           -            369   3.9e-18   62.7   1.0   2   3       1.8        45   -0.0   0.0   162   174   170   182   166   195 0.84 -
13507at4891_4|contig_5:54431-55735      -            435 7925at4891           -            369   3.9e-18   62.7   1.0   3   3   1.2e-09     3e-08   30.2   0.0   218   274   246   302   220   341 0.87 -
9903at4891_2|contig_7:169975-171882     -            636 7925at4891           -            369   5.8e-18   62.1   0.0   1   2   1.2e-16     3e-15   53.2   0.0    47   193   326   481   319   486 0.82 -
9903at4891_2|contig_7:169975-171882     -            636 7925at4891           -            369   5.8e-18   62.1   0.0   2   2     0.017      0.43    6.6   0.0   221   272   488   544   484   550 0.75 -
10800at4891_6|contig_20:656687-657607   -            307 7925at4891           -            369   7.4e-18   61.8   0.9   1   2   2.4e-14   6.1e-13   45.6   0.3    73   194    46   174     2   180 0.79 -
10800at4891_6|contig_20:656687-657607   -            307 7925at4891           -            369   7.4e-18   61.8   0.9   2   2   2.2e-05   0.00055   16.1   0.0   215   264   176   227   168   288 0.79 -
10618at4891_2|contig_12:436244-437239   -            332 7925at4891           -            369   8.2e-18   61.6   3.8   1   1   8.7e-17   2.2e-15   53.7   3.8   109   279   100   289     5   316 0.67 -
12549at4891_2|contig_2:389379-390209    -            277 7925at4891           -            369   1.4e-17   60.9   1.3   1   2   1.6e-13   4.1e-12   42.9   0.4    55   188     1   143     1   151 0.73 -
12549at4891_2|contig_2:389379-390209    -            277 7925at4891           -            369   1.4e-17   60.9   1.3   2   2     1e-05   0.00026   17.2   0.0   219   265   154   201   145   223 0.84 -
13862at4891_1|contig_3:990254-991516    -            421 7925at4891           -            369   4.2e-17   59.3   0.1   1   1   7.3e-18   1.9e-16   57.2   0.1    54   302   118   378   105   399 0.73 -
10800at4891_1|contig_17:418432-419427   -            332 7925at4891           -            369   6.2e-17   58.8   2.0   1   1   1.7e-17   4.3e-16   56.0   2.0    48   264     3   254     1   285 0.70 -
12549at4891_7|contig_13:600557-601663   -            369 7925at4891           -            369   1.8e-16   57.3   0.5   1   1   7.4e-17   1.9e-15   53.9   0.5    48   265    17   236     8   275 0.75 -
12549at4891_8|contig_19:56848-57819     -            324 7925at4891           -            369   1.9e-16   57.1   0.0   1   2   9.2e-11   2.3e-09   33.8   0.0    55   188     5   151     2   157 0.72 -
12549at4891_8|contig_19:56848-57819     -            324 7925at4891           -            369   1.9e-16   57.1   0.0   2   2   4.3e-07   1.1e-05   21.8   0.0   213   290   156   232   151   262 0.81 -
14247at4891_6|contig_26:219262-219933   -            224 7925at4891           -            369     2e-16   57.1   0.6   1   2   5.8e-17   1.5e-15   54.2   0.2    56   188     4   152     1   165 0.75 -
14247at4891_6|contig_26:219262-219933   -            224 7925at4891           -            369     2e-16   57.1   0.6   2   2      0.62        16    1.5   0.0   220   268   169   218   155   223 0.82 -
12549at4891|contig_6:274079-274876      -            266 7925at4891           -            369   3.4e-16   56.3   1.5   1   2   1.7e-13   4.2e-12   42.9   0.2   123   189    44   113    24   128 0.85 -
12549at4891|contig_6:274079-274876      -            266 7925at4891           -            369   3.4e-16   56.3   1.5   2   2   0.00023    0.0058   12.8   0.1   232   265   137   171   121   185 0.81 -
10800at4891_7|contig_14:394918-395871   -            318 7925at4891           -            369   6.4e-16   55.4   1.0   1   1   7.5e-16   1.9e-14   50.6   1.0    50   262     2   217     1   229 0.76 -
17309at4891_7|contig_14:166356-167894   -            513 7925at4891           -            369   9.5e-16   54.9   0.1   1   2   5.7e-10   1.4e-08   31.2   0.1    47   189   189   354   183   361 0.67 -
17309at4891_7|contig_14:166356-167894   -            513 7925at4891           -            369   9.5e-16   54.9   0.1   2   2   9.9e-07   2.5e-05   20.6   0.0   220   315   364   463   355   479 0.73 -
17728at4891_4|contig_14:261673-262572   -            300 7925at4891           -            369   3.1e-15   53.2   0.1   1   2   2.7e-13   6.9e-12   42.2   0.0    54   189     6   146     1   157 0.86 -
17728at4891_4|contig_14:261673-262572   -            300 7925at4891           -            369   3.1e-15   53.2   0.1   2   2    0.0035     0.089    8.9   0.0   219   264   157   203   149   215 0.78 -
12549at4891|contig_20:275273-276247     -            325 7925at4891           -            369   3.6e-15   53.0   0.6   1   1   2.5e-15   6.3e-14   48.9   0.6    49   266     5   223     3   252 0.70 -
12549at4891_2|contig_14:307002-307844   -            281 7925at4891           -            369     2e-14   50.5   0.8   1   2   1.2e-10   2.9e-09   33.5   0.1    55   188     1   143     1   149 0.75 -
12549at4891_2|contig_14:307002-307844   -            281 7925at4891           -            369     2e-14   50.5   0.8   2   2   2.7e-05   0.00068   15.8   0.0   218   265   153   201   144   210 0.85 -
12549at4891_6|contig_3:79079-79948      -            290 7925at4891           -            369   2.3e-14   50.3   0.0   1   2   4.1e-08     1e-06   25.1   0.0   138   188    99   150    27   157 0.78 -
12549at4891_6|contig_3:79079-79948      -            290 7925at4891           -            369   2.3e-14   50.3   0.0   2   2   1.4e-07   3.6e-06   23.4   0.0   220   272   162   215   150   230 0.82 -
19258at4891_3|contig_14:68473-69369     -            299 7925at4891           -            369   5.4e-14   49.1   2.0   1   1   1.7e-13   4.4e-12   42.8   2.0    45   258     3   206     1   219 0.81 -
10800at4891_4|contig_25:324564-325607   -            348 7925at4891           -            369   2.7e-13   46.8   0.2   1   2       3.1        79   -0.8   0.1    49    85    11    47     3    65 0.77 -
10800at4891_4|contig_25:324564-325607   -            348 7925at4891           -            369   2.7e-13   46.8   0.2   2   2   4.4e-14   1.1e-12   44.7   0.0   141   272   157   289   146   317 0.83 -
13303at4891_9|contig_14:418131-419624   -            498 7925at4891           -            369   4.5e-13   46.0   0.0   1   2   3.8e-13   9.6e-12   41.7   0.0    47   197    23   187    17   205 0.82 -
13303at4891_9|contig_14:418131-419624   -            498 7925at4891           -            369   4.5e-13   46.0   0.0   2   2      0.45        11    2.0   0.0   222   256   272   307   259   333 0.72 -
5371at4891_3|contig_13:618782-619768    -            329 7925at4891           -            369   7.8e-13   45.3   0.1   1   1   8.2e-13   2.1e-11   40.6   0.1    55   277     4   234     1   243 0.69 -
12549at4891_5|contig_25:522837-523922   -            362 7925at4891           -            369     1e-12   44.9   0.1   1   1   2.8e-12   7.1e-11   38.8   0.1    47   267     9   228     6   271 0.62 -
14247at4891_2|contig_20:467953-469599   -            549 7925at4891           -            369     1e-12   44.9   0.2   1   2    0.0079       0.2    7.7   0.1    36    69    61    95    52   102 0.85 -
14247at4891_2|contig_20:467953-469599   -            549 7925at4891           -            369     1e-12   44.9   0.2   2   2   1.8e-09   4.5e-08   29.6   0.0   142   265   262   370   216   398 0.77 -
17728at4891_8|contig_7:207884-208945    -            354 7925at4891           -            369   1.1e-12   44.8   1.2   1   2       3.8        96   -1.1   0.0    49    68     5    24     2    27 0.88 -
17728at4891_8|contig_7:207884-208945    -            354 7925at4891           -            369   1.1e-12   44.8   1.2   2   2   1.6e-13   4.1e-12   42.9   0.8    70   277    56   270    47   280 0.79 -
17265at4891_1|contig_20:82311-83252     -            314 7925at4891           -            369   1.8e-12   44.1   3.5   1   2   7.5e-10   1.9e-08   30.8   2.4    55   188     7   158     4   161 0.56 -
17265at4891_1|contig_20:82311-83252     -            314 7925at4891           -            369   1.8e-12   44.1   3.5   2   2    0.0015     0.039   10.1   0.0   218   255   181   219   176   234 0.78 -
24610at4891_6|contig_7:69201-69833      -            211 7925at4891           -            369   3.4e-12   43.2   2.6   1   2   5.2e-10   1.3e-08   31.4   0.6    49   189     2   160     1   167 0.77 -
24610at4891_6|contig_7:69201-69833      -            211 7925at4891           -            369   3.4e-12   43.2   2.6   2   2   0.00037    0.0094   12.1   0.0   218   253   169   204   162   209 0.88 -
10800at4891_1|contig_25:541174-542148   -            325 7925at4891           -            369   8.3e-12   41.9   1.3   1   1   2.7e-11   6.8e-10   35.6   0.4   111   278   111   274   101   291 0.71 -
10618at4891_1|contig_2:83294-84256      -            321 7925at4891           -            369   1.2e-11   41.3   2.7   1   1   5.1e-10   1.3e-08   31.4   2.7   106   282    82   282     3   315 0.65 -
7925at4891|contig_20:440502-441533      -            344 7925at4891           -            369     5e-11   39.3   2.6   1   2     0.099       2.5    4.1   0.1    48    84     1    37     1    81 0.73 -
7925at4891|contig_20:440502-441533      -            344 7925at4891           -            369     5e-11   39.3   2.6   2   2   1.1e-10   2.9e-09   33.5   0.5    87   300    90   306    80   325 0.74 -
7925at4891_6|contig_19:596887-597765    -            293 7925at4891           -            369   1.6e-10   37.6   0.0   1   1   8.5e-12   2.2e-10   37.2   0.0   116   260    78   224     1   230 0.62 -
5371at4891_2|contig_16:337739-339910    -            724 7925at4891           -            369   1.7e-10   37.6   0.0   1   1   1.1e-11   2.9e-10   36.8   0.0    55   259   311   535   303   554 0.65 -
19258at4891_2|contig_25:450756-452138   -            461 7925at4891           -            369   6.7e-10   35.6   0.0   1   1   5.9e-11   1.5e-09   34.5   0.0   123   325   249   455   197   459 0.79 -
24610at4891_1|contig_25:604162-604689   -            176 7925at4891           -            369   2.5e-09   33.7   0.0   1   1   3.7e-10   9.4e-09   31.8   0.0   149   188    13    52     3   155 0.91 -
18893at4891_2|contig_6:176330-176926    -            199 7925at4891           -            369   2.8e-09   33.6   0.0   1   1   1.3e-10   3.3e-09   33.3   0.0   121   263     1   145     1   181 0.75 -
10800at4891_5|contig_7:544888-545940    -            351 7925at4891           -            369   2.9e-09   33.5   0.2   1   1   5.7e-10   1.4e-08   31.2   0.2   151   188   115   152     2   249 0.81 -
2373at4891_0|contig_7:98844-99797       -            318 7925at4891           -            369     4e-08   29.8   0.2   1   2       3.5        89   -1.0   0.0   110   139    85   114    79   120 0.77 -
2373at4891_0|contig_7:98844-99797       -            318 7925at4891           -            369     4e-08   29.8   0.2   2   2   2.8e-08   7.1e-07   25.7   0.2   143   189   145   191   140   250 0.93 -
10800at4891_9|contig_4:458166-459056    -            297 7925at4891           -            369   1.4e-07   28.0   0.6   1   1   1.7e-08   4.2e-07   26.4   0.5   148   261   128   236     2   245 0.73 -
2373at4891_6|contig_20:840037-841020    -            328 7925at4891           -            369   2.3e-07   27.3   0.0   1   1   1.4e-08   3.7e-07   26.6   0.0   153   264   173   277   167   314 0.83 -
10800at4891_0|contig_20:777378-778376   -            333 7925at4891           -            369     6e-07   25.9   0.3   1   2       5.2   1.3e+02   -1.6   0.0    48    79     5    36     3    40 0.82 -
10800at4891_0|contig_20:777378-778376   -            333 7925at4891           -            369     6e-07   25.9   0.3   2   2   7.4e-08   1.9e-06   24.3   0.1   148   188   107   150    88   161 0.83 -
24610at4891_2|contig_27:192597-193703   -            369 7925at4891           -            369   9.2e-05   18.7   0.1   1   1   1.5e-05   0.00037   16.7   0.1   138   210   130   209   120   244 0.66 -
3044at4891_1|contig_13:900085-903093    -           1003 7925at4891           -            369   0.00012   18.4   0.1   1   1   1.7e-05   0.00043   16.5   0.1    51   174   694   828   653   833 0.62 -
13303at4891_4|contig_17:405605-406333   -            243 7925at4891           -            369   0.00019   17.7   0.0   1   1   1.5e-05   0.00037   16.7   0.0   147   252   122   236   112   243 0.56 -
1341at4891_2|contig_22:301925-304957    -           1011 7925at4891           -            369   0.00067   15.9   0.0   1   2   0.00024     0.006   12.7   0.0   150   177   680   707   601   718 0.90 -
1341at4891_2|contig_22:301925-304957    -           1011 7925at4891           -            369   0.00067   15.9   0.0   2   2       1.4        36    0.3   0.0   235   266   794   826   770   864 0.81 -
2630at4891_2|contig_4:378801-383156     -           1452 7925at4891           -            369   0.00079   15.6   0.0   1   1   8.9e-05    0.0023   14.1   0.0   144   186   125   167   115   173 0.90 -
7349at4891_2|contig_25:543253-545895    -            881 7925at4891           -            369   0.00079   15.6   0.1   1   2    0.0034     0.087    8.9   0.0   142   189   522   574   429   583 0.73 -
7349at4891_2|contig_25:543253-545895    -            881 7925at4891           -            369   0.00079   15.6   0.1   2   2      0.11       2.7    4.0   0.0   242   262   794   814   790   822 0.90 -
17239at4891_2|contig_7:314527-316524    -            666 7925at4891           -            369     0.004   13.3   0.2   1   2   0.00071     0.018   11.2   0.0   148   174   332   358   321   362 0.84 -
17239at4891_2|contig_7:314527-316524    -            666 7925at4891           -            369     0.004   13.3   0.2   2   2       4.5   1.2e+02   -1.4   0.1   235   261   437   463   434   471 0.87 -
17728at4891|contig_2:237087-237584      -            166 7925at4891           -            369    0.0082   12.3   0.0   1   1   0.00042     0.011   11.9   0.0   201   258     6    63     3    87 0.78 -
#
# Program:         hmmsearch
# Version:         3.1b2 (February 2015)
# Pipeline mode:   SEARCH
# Query file:      /mnt/c/Users/HMarton/GitHub/LundUni/Pages/Projects/de_novo_BINP29/busco_downloads/lineages/saccharomycetes_odb10/hmms/7925at4891.hmm
# Target file:     /mnt/c/Users/HMarton/GitHub/LundUni/Pages/Projects/de_novo_BINP29/results/04_busco/BUSCO_assembly.fasta/run_saccharomycetes_odb10/metaeuk_output/initial_results/assembly.fasta.modified.fas
# Option settings: hmmsearch --domtblout /mnt/c/Users/HMarton/GitHub/LundUni/Pages/Projects/de_novo_BINP29/results/04_busco/BUSCO_assembly.fasta/run_saccharomycetes_odb10/hmmer_output/initial_run_results/7925at4891.out --cpu 1 /mnt/c/Users/HMarton/GitHub/LundUni/Pages/Projects/de_novo_BINP29/busco_downloads/lineages/saccharomycetes_odb10/hmms/7925at4891.hmm /mnt/c/Users/HMarton/GitHub/LundUni/Pages/Projects/de_novo_BINP29/results/04_busco/BUSCO_assembly.fasta/run_saccharomycetes_odb10/metaeuk_output/initial_results/assembly.fasta.modified.fas 
# Current dir:     /mnt/c/Users/HMarton/GitHub/LundUni/Pages/Projects/de_novo_BINP29
# Date:            Fri Feb 23 20:16:17 2024
# [ok]
