#                                                                                             --- full sequence --- -------------- this domain -------------   hmm coord   ali coord   env coord
# target name                         accession   tlen query name           accession   qlen   E-value  score  bias   #  of  c-Evalue  i-Evalue  score  bias  from    to  from    to  from    to  acc description of target
#                 ------------------- ---------- ----- -------------------- ---------- ----- --------- ------ ----- --- --- --------- --------- ------ ----- ----- ----- ----- ----- ----- ----- ---- ---------------------
8044at4891_2|contig_20:838008-839420  -            471 8044at4891           -            390  7.3e-228  753.4   6.7   1   1  4.9e-230  8.8e-228  753.2   6.7     1   390    17   438    17   438 0.96 -
9032at4891_3|contig_14:814556-815944  -            463 8044at4891           -            390   3.5e-99  329.8   1.6   1   1  2.5e-101   4.5e-99  329.4   1.6     4   389    24   453    21   454 0.85 -
3496at4891_7|contig_16:372469-374952  -            828 8044at4891           -            390   9.7e-07   25.5   0.0   1   2     2e-06   0.00035   17.1   0.0    42    74   239   271   200   289 0.81 -
3496at4891_7|contig_16:372469-374952  -            828 8044at4891           -            390   9.7e-07   25.5   0.0   2   2    0.0053      0.95    5.8   0.0    44    94   569   621   559   628 0.82 -
6567at4891_2|contig_12:157325-159655  -            777 8044at4891           -            390   1.7e-06   24.7   0.0   1   2   0.00057       0.1    8.9   0.0    43    92   280   331   275   376 0.88 -
6567at4891_2|contig_12:157325-159655  -            777 8044at4891           -            390   1.7e-06   24.7   0.0   2   2   3.1e-05    0.0056   13.1   0.0    41    95   549   605   543   610 0.88 -
2862at4891_6|contig_14:230035-232539  -            835 8044at4891           -            390   2.2e-06   24.3   0.2   1   3       1.1     2e+02   -1.9   0.0   215   239    50    74    41    87 0.84 -
2862at4891_6|contig_14:230035-232539  -            835 8044at4891           -            390   2.2e-06   24.3   0.2   2   3    0.0001     0.018   11.4   0.0    43    92   249   300   239   321 0.84 -
2862at4891_6|contig_14:230035-232539  -            835 8044at4891           -            390   2.2e-06   24.3   0.2   3   3    0.0004     0.071    9.5   0.0    43    87   522   567   517   579 0.82 -
2212at4891_1|contig_4:417367-419637   -            757 8044at4891           -            390   0.00011   18.7   0.0   1   2   0.00073      0.13    8.6   0.0    43    92   275   327   253   343 0.78 -
2212at4891_1|contig_4:417367-419637   -            757 8044at4891           -            390   0.00011   18.7   0.0   2   2    0.0014      0.25    7.6   0.0    44    73   559   588   543   615 0.81 -
12560at4891_7|contig_20:524640-525614 -            325 8044at4891           -            390   0.00028   17.4   1.6   1   2   5.4e-06   0.00097   15.6   0.2    43    91    77   126    70   134 0.86 -
12560at4891_7|contig_20:524640-525614 -            325 8044at4891           -            390   0.00028   17.4   1.6   2   2      0.39        70   -0.4   0.0   131   170   264   303   245   317 0.72 -
2193at4891_4|contig_16:354281-356992  -            904 8044at4891           -            390    0.0006   16.3   0.7   1   3   0.00038     0.068    9.5   0.0    39    84   203   250   186   259 0.81 -
2193at4891_4|contig_16:354281-356992  -            904 8044at4891           -            390    0.0006   16.3   0.7   2   3      0.11        20    1.4   0.2   255   270   277   289   265   293 0.78 -
2193at4891_4|contig_16:354281-356992  -            904 8044at4891           -            390    0.0006   16.3   0.7   3   3      0.18        32    0.7   0.0    15    64   576   629   570   649 0.79 -
12560at4891_1|contig_17:244681-245616 -            312 8044at4891           -            390    0.0014   15.1   1.2   1   3   2.4e-05    0.0042   13.5   0.2    43    92    55   105    50   117 0.87 -
12560at4891_1|contig_17:244681-245616 -            312 8044at4891           -            390    0.0014   15.1   1.2   2   3      0.87   1.5e+02   -1.5   0.0   314   338   112   136   107   152 0.80 -
12560at4891_1|contig_17:244681-245616 -            312 8044at4891           -            390    0.0014   15.1   1.2   3   3       1.6   2.9e+02   -2.4   0.0   121   154   239   274   232   284 0.72 -
4361at4891_5|contig_17:190479-192038  -            520 8044at4891           -            390     0.002   14.6   0.1   1   1     2e-05    0.0036   13.7   0.1    42    78   107   144    99   179 0.85 -
4361at4891_2|contig_20:329906-332146  -            747 8044at4891           -            390    0.0068   12.8   0.3   1   2      0.83   1.5e+02   -1.5   0.0   139   172   263   296   250   312 0.78 -
4361at4891_2|contig_20:329906-332146  -            747 8044at4891           -            390    0.0068   12.8   0.3   2   2   0.00013     0.023   11.0   0.1    43    76   315   349   307   357 0.86 -
15588at4891_4|contig_4:218105-218647  -            181 8044at4891           -            390    0.0072   12.7   0.0   1   1   5.1e-05    0.0091   12.4   0.0    43    70     6    33     2    96 0.78 -
12560at4891_2|contig_20:60719-62029   -            437 8044at4891           -            390    0.0092   12.4   0.1   1   1   0.00011     0.019   11.4   0.0    44    91   168   216   137   222 0.84 -
11586at4891_6|contig_3:807549-808859  -            437 8044at4891           -            390     0.015   11.7   0.0   1   1   0.00014     0.025   11.0   0.0    43    77   216   251   206   311 0.88 -
3680at4891_2|contig_19:19898-22750    -            951 8044at4891           -            390     0.022   11.1   0.0   1   1   0.00027     0.049   10.0   0.0    44    94   688   740   678   745 0.81 -
#
# Program:         hmmsearch
# Version:         3.1b2 (February 2015)
# Pipeline mode:   SEARCH
# Query file:      /mnt/c/Users/HMarton/GitHub/LundUni/Pages/Projects/de_novo_BINP29/busco_downloads/lineages/saccharomycetes_odb10/hmms/8044at4891.hmm
# Target file:     /mnt/c/Users/HMarton/GitHub/LundUni/Pages/Projects/de_novo_BINP29/results/04_busco/BUSCO_assembly.fasta/run_saccharomycetes_odb10/metaeuk_output/initial_results/assembly.fasta.modified.fas
# Option settings: hmmsearch --domtblout /mnt/c/Users/HMarton/GitHub/LundUni/Pages/Projects/de_novo_BINP29/results/04_busco/BUSCO_assembly.fasta/run_saccharomycetes_odb10/hmmer_output/initial_run_results/8044at4891.out --cpu 1 /mnt/c/Users/HMarton/GitHub/LundUni/Pages/Projects/de_novo_BINP29/busco_downloads/lineages/saccharomycetes_odb10/hmms/8044at4891.hmm /mnt/c/Users/HMarton/GitHub/LundUni/Pages/Projects/de_novo_BINP29/results/04_busco/BUSCO_assembly.fasta/run_saccharomycetes_odb10/metaeuk_output/initial_results/assembly.fasta.modified.fas 
# Current dir:     /mnt/c/Users/HMarton/GitHub/LundUni/Pages/Projects/de_novo_BINP29
# Date:            Fri Feb 23 20:16:25 2024
# [ok]
