#                                                                                               --- full sequence --- -------------- this domain -------------   hmm coord   ali coord   env coord
# target name                           accession   tlen query name           accession   qlen   E-value  score  bias   #  of  c-Evalue  i-Evalue  score  bias  from    to  from    to  from    to  acc description of target
#                   ------------------- ---------- ----- -------------------- ---------- ----- --------- ------ ----- --- --- --------- --------- ------ ----- ----- ----- ----- ----- ----- ----- ---- ---------------------
8179at4891_2|contig_22:51398-53689      -            764 8179at4891           -            324  1.4e-188  623.0   0.2   1   1  1.1e-189  2.8e-188  622.0   0.2    12   324   341   682   333   682 0.93 -
8179at4891_7|contig_2:468220-469278     -            353 8179at4891           -            324  2.3e-113  375.8   0.0   1   1  1.1e-114  2.8e-113  375.5   0.0    14   322    20   347     9   349 0.89 -
8179at4891_6|contig_25:465775-466938    -            388 8179at4891           -            324  9.2e-113  373.8   0.0   1   1  4.6e-114  1.2e-112  373.5   0.0    15   322    58   384    44   386 0.89 -
18893at4891_8|contig_25:537995-538810   -            272 8179at4891           -            324     4e-83  276.4   0.1   1   1   1.8e-84   4.6e-83  276.2   0.1    17   280     6   272     2   272 0.95 -
18893at4891_3|contig_7:102022-102819    -            266 8179at4891           -            324   7.4e-82  272.2   0.1   1   1   3.3e-83   8.2e-82  272.1   0.1    18   279     2   266     1   266 0.96 -
8179at4891_1|contig_26:64265-65287      -            341 8179at4891           -            324   2.9e-78  260.4   2.7   1   2   2.9e-48   7.3e-47  157.3   0.9    17   169    35   190    27   212 0.93 -
8179at4891_1|contig_26:64265-65287      -            341 8179at4891           -            324   2.9e-78  260.4   2.7   2   2     8e-32     2e-30  103.2   0.0   172   292   216   339   203   341 0.92 -
18893at4891_0|contig_20:775437-776210   -            258 8179at4891           -            324   4.8e-76  253.1   0.0   1   1   2.1e-77   5.3e-76  253.0   0.0    21   273     3   258     1   258 0.94 -
7925at4891_4|contig_4:792466-793365     -            300 8179at4891           -            324   2.5e-74  247.5   0.1   1   1   1.1e-75   2.7e-74  247.4   0.1    15   298     2   299     1   300 0.91 -
18893at4891_8|contig_19:710302-711162   -            287 8179at4891           -            324   7.3e-72  239.4   3.1   1   1   1.4e-69   3.5e-68  227.3   3.1    23   279     1   287     1   287 0.88 -
7925at4891_2|contig_19:333931-335160    -            410 8179at4891           -            324     5e-71  236.7   0.5   1   2     8e-47     2e-45  152.5   0.3    17   168    12   164     3   173 0.95 -
7925at4891_2|contig_19:333931-335160    -            410 8179at4891           -            324     5e-71  236.7   0.5   2   2   1.9e-25   4.8e-24   82.3   0.0   171   299   233   367   212   385 0.83 -
7925at4891_3|contig_27:199701-201185    -            495 8179at4891           -            324   5.4e-61  203.7   1.3   1   2   1.6e-37     4e-36  122.0   0.2    21   172     4   157     2   163 0.96 -
7925at4891_3|contig_27:199701-201185    -            495 8179at4891           -            324   5.4e-61  203.7   1.3   2   2   5.6e-25   1.4e-23   80.7   0.1   169   299   353   495   306   495 0.83 -
7925at4891_6|contig_13:693354-695069    -            572 8179at4891           -            324     3e-58  194.7   2.0   1   2   9.2e-43   2.3e-41  139.2   0.3    13   173   165   328   156   334 0.92 -
7925at4891_6|contig_13:693354-695069    -            572 8179at4891           -            324     3e-58  194.7   2.0   2   2   4.2e-17     1e-15   54.9   0.1   169   316   369   522   363   534 0.79 -
7925at4891_6|contig_20:193629-195320    -            564 8179at4891           -            324   5.7e-58  193.8   2.6   1   2     2e-42     5e-41  138.1   0.2    14   173   158   320   149   329 0.92 -
7925at4891_6|contig_20:193629-195320    -            564 8179at4891           -            324   5.7e-58  193.8   2.6   2   2   2.4e-17     6e-16   55.7   0.2   169   316   361   514   353   522 0.81 -
8179at4891_4|contig_4:522585-523808     -            408 8179at4891           -            324   8.3e-51  170.2   2.3   1   3   1.3e-07   3.3e-06   23.7   0.0    20    60     8    48     2    60 0.89 -
8179at4891_4|contig_4:522585-523808     -            408 8179at4891           -            324   8.3e-51  170.2   2.3   2   3     1e-42   2.6e-41  139.0   0.1    63   259    77   289    75   295 0.84 -
8179at4891_4|contig_4:522585-523808     -            408 8179at4891           -            324   8.3e-51  170.2   2.3   3   3      0.12         3    4.1   0.0   256   308   309   371   296   379 0.73 -
18893at4891_2|contig_20:785071-786153   -            361 8179at4891           -            324     7e-50  167.2   0.2   1   1   3.5e-51   8.8e-50  166.8   0.2    13   266    93   349    84   361 0.86 -
7925at4891_4|contig_14:1368916-1369803  -            296 8179at4891           -            324   1.8e-48  162.5   0.7   1   2   1.1e-37   2.9e-36  122.4   0.5    17   167     2   157     1   162 0.90 -
7925at4891_4|contig_14:1368916-1369803  -            296 8179at4891           -            324   1.8e-48  162.5   0.7   2   2   5.2e-12   1.3e-10   38.1   0.0   171   280   183   296   171   296 0.69 -
18893at4891_2|contig_14:1406891-1407697 -            269 8179at4891           -            324   6.4e-44  147.6   2.5   1   1   3.8e-44   9.6e-43  143.7   2.5    20   262     3   263     1   269 0.87 -
18893at4891_0|contig_3:124445-125233    -            263 8179at4891           -            324   7.3e-44  147.4   1.0   1   1     2e-44   5.1e-43  144.6   1.0    22   265     1   260     1   263 0.86 -
10618at4891_9|contig_27:96822-97655     -            278 8179at4891           -            324   1.5e-42  143.1   0.0   1   1   7.1e-44   1.8e-42  142.8   0.0    12   263     5   270     1   276 0.88 -
10800at4891_2|contig_14:1386168-1388057 -            630 8179at4891           -            324   7.6e-42  140.8   0.0   1   1   4.8e-43   1.2e-41  140.1   0.0    22   301    51   330    40   339 0.89 -
10618at4891_9|contig_3:289864-290688    -            275 8179at4891           -            324   3.8e-40  135.2   0.0   1   1   1.8e-41   4.5e-40  134.9   0.0    19   263     7   265     1   273 0.86 -
2373at4891_2|contig_2:660056-662167     -            704 8179at4891           -            324   7.2e-40  134.3   0.0   1   1   4.9e-41   1.2e-39  133.5   0.0    20   259    79   325    72   337 0.92 -
13862at4891_2|contig_20:678469-680928   -            820 8179at4891           -            324   7.9e-39  130.9   0.0   1   1   6.6e-40   1.7e-38  129.8   0.0    15   265   189   460   179   469 0.84 -
10800at4891_5|contig_25:423174-424337   -            388 8179at4891           -            324     6e-38  128.0   0.0   1   2      0.03      0.76    6.0   0.0    26    58     7    39     3    53 0.87 -
10800at4891_5|contig_25:423174-424337   -            388 8179at4891           -            324     6e-38  128.0   0.0   2   2   6.4e-37   1.6e-35  120.0   0.0    80   304    97   325    63   338 0.85 -
10800at4891_8|contig_16:117615-118544   -            310 8179at4891           -            324   1.3e-37  126.9   0.4   1   2   0.00054     0.014   11.8   0.1    22    77     3    61     1    69 0.83 -
10800at4891_8|contig_16:117615-118544   -            310 8179at4891           -            324   1.3e-37  126.9   0.4   2   2   5.4e-35   1.4e-33  113.6   0.1    89   261    97   272    65   296 0.84 -
18893at4891_0|contig_14:668700-669635   -            312 8179at4891           -            324   7.1e-37  124.4   0.3   1   2    0.0047      0.12    8.7   0.0    19    57    28    66    14    93 0.76 -
18893at4891_0|contig_14:668700-669635   -            312 8179at4891           -            324   7.1e-37  124.4   0.3   2   2   3.6e-35     9e-34  114.2   0.1    81   261   117   300    82   310 0.85 -
13862at4891_1|contig_3:990254-991516    -            421 8179at4891           -            324   4.5e-35  118.5   0.1   1   1   1.9e-35   4.9e-34  115.1   0.1    26   265   116   389   106   411 0.80 -
1979at4891_9|contig_22:245831-246577    -            249 8179at4891           -            324   9.1e-35  117.5   0.0   1   1   4.3e-36   1.1e-34  117.3   0.0    28   264     2   243     1   248 0.88 -
10618at4891_1|contig_13:226871-227755   -            295 8179at4891           -            324   9.8e-35  117.4   0.8   1   2   4.4e-16   1.1e-14   51.5   0.1    24   154     2   148     1   155 0.71 -
10618at4891_1|contig_13:226871-227755   -            295 8179at4891           -            324   9.8e-35  117.4   0.8   2   2   5.2e-20   1.3e-18   64.4   0.0   157   261   175   284   164   291 0.89 -
18893at4891|contig_3:771132-771953      -            274 8179at4891           -            324   1.1e-34  117.3   0.0   1   1   5.1e-36   1.3e-34  117.0   0.0    27   262     5   259     1   272 0.82 -
10618at4891_1|contig_14:274187-275725   -            513 8179at4891           -            324   1.4e-34  116.9   2.3   1   1   1.5e-34   3.9e-33  112.2   2.3    23   284   200   490   180   502 0.81 -
17309at4891_9|contig_20:673604-674344   -            247 8179at4891           -            324   3.8e-34  115.5   0.0   1   1   2.1e-35   5.3e-34  115.0   0.0    26   260     1   233     1   246 0.90 -
10800at4891_8|contig_14:1438586-1439614 -            343 8179at4891           -            324   3.2e-33  112.4   0.0   1   1   2.6e-34   6.5e-33  111.4   0.0    25   274    35   303    20   320 0.82 -
10800at4891_1|contig_26:274750-275748   -            333 8179at4891           -            324   1.1e-32  110.7   0.0   1   1   5.5e-34   1.4e-32  110.3   0.0    27   274    12   272     5   304 0.83 -
10800at4891_6|contig_20:656687-657607   -            307 8179at4891           -            324   9.6e-32  107.6   0.0   1   1   4.5e-33   1.1e-31  107.3   0.0    48   276    47   286     5   306 0.81 -
10618at4891_2|contig_12:436244-437239   -            332 8179at4891           -            324     2e-31  106.5   2.3   1   2     6e-13   1.5e-11   41.2   1.0    82   154   100   172     6   177 0.84 -
10618at4891_2|contig_12:436244-437239   -            332 8179at4891           -            324     2e-31  106.5   2.3   2   2     1e-19   2.6e-18   63.4   0.0   157   260   209   317   206   329 0.90 -
1979at4891_2|contig_7:233658-238085     -           1476 8179at4891           -            324   9.6e-31  104.3   0.0   1   1   6.7e-32   1.7e-30  103.5   0.0    20   273  1172  1439  1152  1452 0.81 -
9903at4891_2|contig_7:169975-171882     -            636 8179at4891           -            324   2.6e-30  102.9   0.0   1   1   1.5e-31   3.8e-30  102.3   0.0    20   260   325   580   315   605 0.83 -
1979at4891_9|contig_5:51083-51799       -            239 8179at4891           -            324   3.1e-30  102.6   0.0   1   1   1.4e-31   3.4e-30  102.5   0.0    28   258     2   231     1   238 0.85 -
17309at4891_1|contig_20:654260-655075   -            272 8179at4891           -            324   3.5e-30  102.4   0.0   1   1   1.8e-31   4.6e-30  102.1   0.0    23   223     3   211     1   228 0.79 -
4598at4891_7|contig_13:179569-182226    -            886 8179at4891           -            324   4.9e-30  102.0   0.7   1   3     6e-09   1.5e-07   28.0   0.0    20   120    12   114     2   120 0.88 -
4598at4891_7|contig_13:179569-182226    -            886 8179at4891           -            324   4.9e-30  102.0   0.7   2   3   0.00027    0.0067   12.8   0.0   125   154   143   172   132   181 0.91 -
4598at4891_7|contig_13:179569-182226    -            886 8179at4891           -            324   4.9e-30  102.0   0.7   3   3   5.5e-18   1.4e-16   57.8   0.0   161   262   200   307   194   323 0.86 -
17309at4891_3|contig_3:768376-769242    -            289 8179at4891           -            324   5.3e-30  101.9   0.0   1   1   3.1e-31   7.8e-30  101.3   0.0    21   225    11   220     5   230 0.79 -
9903at4891_6|contig_14:1459934-1460752  -            273 8179at4891           -            324   6.4e-30  101.6   0.0   1   1     3e-31   7.7e-30  101.3   0.0    29   264     1   242     1   268 0.86 -
19258at4891_3|contig_3:240605-241474    -            290 8179at4891           -            324   2.7e-29   99.5   0.6   1   1   1.4e-30   3.5e-29   99.2   0.6    14   259    22   277    14   287 0.82 -
693at4891_2|contig_19:680998-685725     -           1576 8179at4891           -            324   3.4e-28   95.9   0.1   1   2   6.3e-19   1.6e-17   60.8   0.1    25   169  1268  1414  1250  1423 0.84 -
693at4891_2|contig_19:680998-685725     -           1576 8179at4891           -            324   3.4e-28   95.9   0.1   2   2     5e-10   1.3e-08   31.6   0.0   175   264  1457  1551  1437  1563 0.84 -
693at4891_2|contig_26:94839-98648       -           1270 8179at4891           -            324   2.5e-27   93.0   1.8   1   2   7.8e-19     2e-17   60.5   0.2    27   169   984  1128   969  1137 0.84 -
693at4891_2|contig_26:94839-98648       -           1270 8179at4891           -            324   2.5e-27   93.0   1.8   2   2   6.4e-10   1.6e-08   31.2   0.0   158   263  1139  1248  1134  1260 0.83 -
4279at4891_0|contig_22:475853-477571    -            573 8179at4891           -            324     7e-27   91.6   0.0   1   1   4.4e-28   1.1e-26   90.9   0.0    23   277   302   556   289   569 0.81 -
17265at4891_6|contig_25:489034-490485   -            484 8179at4891           -            324   5.4e-26   88.7   0.3   1   1   3.3e-27   8.4e-26   88.0   0.3    25   217   170   367   149   380 0.81 -
10800at4891_3|contig_4:63703-64656      -            318 8179at4891           -            324   1.3e-25   87.4   0.0   1   1   6.6e-27   1.7e-25   87.1   0.0    26   216    15   219     7   266 0.80 -
18893at4891_9|contig_5:95917-96708      -            264 8179at4891           -            324   1.5e-25   87.3   0.5   1   1   7.2e-27   1.8e-25   86.9   0.5    21   259     3   251     1   261 0.82 -
17728at4891_8|contig_20:449738-450622   -            295 8179at4891           -            324   1.8e-25   86.9   0.0   1   2   3.2e-25     8e-24   81.5   0.0    23   244     3   232     1   251 0.79 -
17728at4891_8|contig_20:449738-450622   -            295 8179at4891           -            324   1.8e-25   86.9   0.0   2   2      0.14       3.6    3.8   0.0   237   274   259   293   236   295 0.81 -
4279at4891_2|contig_3:104949-106895     -            649 8179at4891           -            324     3e-25   86.2   0.0   1   1   1.9e-26   4.8e-25   85.6   0.0    88   260   436   623   349   635 0.77 -
4279at4891_2|contig_19:69269-71791      -            841 8179at4891           -            324   1.4e-24   84.1   0.0   1   1   8.9e-26   2.2e-24   83.4   0.0    52   275   590   826   528   835 0.79 -
1220at4891_2|contig_14:999025-1003986   -           1654 8179at4891           -            324   3.3e-24   82.8   1.0   1   3    0.0047      0.12    8.7   0.0   111   218   354   478   334   527 0.65 -
1220at4891_2|contig_14:999025-1003986   -           1654 8179at4891           -            324   3.3e-24   82.8   1.0   2   3   0.00034    0.0086   12.4   0.0    16    54   587   625   575   642 0.88 -
1220at4891_2|contig_14:999025-1003986   -           1654 8179at4891           -            324   3.3e-24   82.8   1.0   3   3   8.6e-17   2.2e-15   53.8   0.1    91   263   775   968   762   972 0.76 -
24610at4891_6|contig_7:69201-69833      -            211 8179at4891           -            324   1.8e-23   80.4   1.1   1   1   8.3e-25   2.1e-23   80.2   1.1    23   211     2   206     1   209 0.78 -
12549at4891_1|contig_16:78495-79799     -            435 8179at4891           -            324   2.5e-23   79.9   0.0   1   1   1.5e-24   3.7e-23   79.3   0.0    23   256    23   261     9   305 0.81 -
12549at4891|contig_20:275273-276247     -            325 8179at4891           -            324   6.6e-23   78.5   1.1   1   2     7e-23   1.8e-21   73.9   0.7    22   220     4   221     1   245 0.70 -
12549at4891|contig_20:275273-276247     -            325 8179at4891           -            324   6.6e-23   78.5   1.1   2   2      0.39       9.9    2.4   0.0   219   277   255   307   240   316 0.82 -
13507at4891_4|contig_5:54431-55735      -            435 8179at4891           -            324   7.4e-23   78.4   1.2   1   2   9.3e-07   2.3e-05   20.9   1.1    20   137    22   145     5   193 0.76 -
13507at4891_4|contig_5:54431-55735      -            435 8179at4891           -            324   7.4e-23   78.4   1.2   2   2   4.5e-16   1.1e-14   51.5   0.0   159   259   227   331   212   360 0.89 -
18893at4891_6|contig_13:183537-184541   -            335 8179at4891           -            324   1.4e-22   77.4   0.0   1   1   1.9e-23   4.8e-22   75.7   0.0    18   264    36   328    24   335 0.73 -
12549at4891_6|contig_3:79079-79948      -            290 8179at4891           -            324   2.5e-22   76.6   0.1   1   2     2e-23   5.1e-22   75.6   0.0    30   242     2   229     1   248 0.72 -
12549at4891_6|contig_3:79079-79948      -            290 8179at4891           -            324   2.5e-22   76.6   0.1   2   2       7.5   1.9e+02   -1.8   0.0   263   276   272   285   255   289 0.82 -
12549at4891|contig_22:396894-397937     -            348 8179at4891           -            324   5.3e-22   75.6   0.1   1   1   2.8e-23     7e-22   75.2   0.1    20   221    10   228     1   261 0.71 -
12549at4891_7|contig_13:600557-601663   -            369 8179at4891           -            324   5.3e-22   75.6   0.2   1   2   9.4e-23   2.4e-21   73.4   0.1    20   216    15   231     4   276 0.75 -
12549at4891_7|contig_13:600557-601663   -            369 8179at4891           -            324   5.3e-22   75.6   0.2   2   2       5.9   1.5e+02   -1.5   0.0   239   274   286   318   278   344 0.72 -
14247at4891_6|contig_26:219262-219933   -            224 8179at4891           -            324   6.5e-22   75.3   0.1   1   1   3.2e-23     8e-22   75.0   0.1    28   214     2   211     1   223 0.77 -
12549at4891_4|contig_4:614314-615255    -            314 8179at4891           -            324   1.1e-21   74.5   0.0   1   1   1.1e-22   2.7e-21   73.2   0.0    20   212     5   214     2   260 0.73 -
10618at4891_1|contig_2:83294-84256      -            321 8179at4891           -            324   1.9e-21   73.7   6.9   1   1   1.8e-19   4.6e-18   62.6   6.9    27   276    11   321     3   321 0.71 -
8274at4891_4|contig_12:220169-222259    -            697 8179at4891           -            324   3.4e-21   72.9   0.0   1   2      0.51        13    2.0   0.0    13    55   385   427   373   437 0.83 -
8274at4891_4|contig_12:220169-222259    -            697 8179at4891           -            324   3.4e-21   72.9   0.0   2   2   2.9e-21   7.2e-20   68.5   0.0    64   260   477   681   452   694 0.77 -
17309at4891_7|contig_14:166356-167894   -            513 8179at4891           -            324   3.9e-21   72.7   0.0   1   1   2.2e-22   5.5e-21   72.2   0.0   126   260   310   455   182   472 0.69 -
10800at4891_1|contig_17:418432-419427   -            332 8179at4891           -            324   5.5e-21   72.2   3.9   1   1   4.6e-20   1.2e-18   64.6   3.9    22   274     3   319     1   328 0.68 -
5371at4891_0|contig_7:140255-141172     -            306 8179at4891           -            324     9e-21   71.5   0.1   1   1     4e-22     1e-20   71.4   0.1    23   218     4   207     1   271 0.78 -
12549at4891_2|contig_2:389379-390209    -            277 8179at4891           -            324   1.2e-20   71.1   0.0   1   1   5.6e-22   1.4e-20   70.9   0.0    29   217     1   197     1   247 0.77 -
12549at4891_5|contig_25:522837-523922   -            362 8179at4891           -            324   3.1e-20   69.7   0.4   1   2     4e-19     1e-17   61.5   0.2    95   217    92   221    43   234 0.82 -
12549at4891_5|contig_25:522837-523922   -            362 8179at4891           -            324   3.1e-20   69.7   0.4   2   2      0.02      0.51    6.6   0.0   241   293   276   328   246   341 0.83 -
17728at4891_7|contig_4:259136-260008    -            291 8179at4891           -            324   4.1e-20   69.4   0.0   1   1   2.6e-21   6.5e-20   68.7   0.0    25   221     3   209     1   228 0.75 -
17728at4891_4|contig_14:261673-262572   -            300 8179at4891           -            324   4.5e-20   69.2   0.0   1   2   1.9e-20   4.7e-19   65.9   0.0    26   236     4   218     1   236 0.83 -
17728at4891_4|contig_14:261673-262572   -            300 8179at4891           -            324   4.5e-20   69.2   0.0   2   2       0.7        18    1.5   0.0   239   267   252   280   226   293 0.77 -
7925at4891|contig_20:440502-441533      -            344 8179at4891           -            324     4e-19   66.1   3.5   1   2    0.0091      0.23    7.7   0.1    23    79     2    58     1    81 0.75 -
7925at4891|contig_20:440502-441533      -            344 8179at4891           -            324     4e-19   66.1   3.5   2   2   4.1e-18     1e-16   58.2   0.6    76   259   108   313    90   321 0.73 -
12549at4891_2|contig_14:307002-307844   -            281 8179at4891           -            324     3e-18   63.2   0.1   1   1   1.5e-19   3.8e-18   62.9   0.1    30   218     2   198     1   213 0.71 -
10800at4891_7|contig_14:394918-395871   -            318 8179at4891           -            324   1.1e-17   61.4   0.1   1   1   1.2e-18   3.1e-17   59.9   0.1    24   260     2   266     1   281 0.73 -
14247at4891_2|contig_20:467953-469599   -            549 8179at4891           -            324     1e-16   58.2   0.1   1   3      0.53        13    1.9   0.0    20    43    72    95    54   102 0.81 -
14247at4891_2|contig_20:467953-469599   -            549 8179at4891           -            324     1e-16   58.2   0.1   2   3   1.7e-16   4.2e-15   52.9   0.0   109   225   249   373   220   393 0.79 -
14247at4891_2|contig_20:467953-469599   -            549 8179at4891           -            324     1e-16   58.2   0.1   3   3       7.1   1.8e+02   -1.8   0.0   246   275   438   464   433   478 0.77 -
17265at4891_1|contig_20:82311-83252     -            314 8179at4891           -            324   1.4e-16   57.8   2.6   1   3   1.1e-11   2.8e-10   37.1   1.8    27   168     5   159     1   165 0.73 -
17265at4891_1|contig_20:82311-83252     -            314 8179at4891           -            324   1.4e-16   57.8   2.6   2   3   0.00011    0.0027   14.1   0.0   177   208   185   216   171   226 0.87 -
17265at4891_1|contig_20:82311-83252     -            314 8179at4891           -            324   1.4e-16   57.8   2.6   3   3      0.19       4.9    3.4   0.0   239   275   275   308   266   311 0.86 -
12549at4891|contig_6:274079-274876      -            266 8179at4891           -            324   2.1e-16   57.2   0.3   1   1     1e-17   2.5e-16   56.9   0.3   117   240    61   192    54   252 0.79 -
12549at4891_8|contig_19:56848-57819     -            324 8179at4891           -            324   5.1e-16   55.9   0.1   1   1   5.4e-17   1.4e-15   54.5   0.0    27   220     3   208     1   219 0.63 -
5371at4891_3|contig_13:618782-619768    -            329 8179at4891           -            324   5.7e-16   55.7   0.1   1   1   1.2e-16   3.2e-15   53.3   0.1    26   226     1   228     1   252 0.73 -
10800at4891_1|contig_25:541174-542148   -            325 8179at4891           -            324   1.5e-15   54.3   0.1   1   1   8.2e-17   2.1e-15   53.9   0.1    95   216   121   256    76   315 0.79 -
19258at4891_2|contig_25:450756-452138   -            461 8179at4891           -            324   1.8e-15   54.1   0.2   1   1   4.3e-16   1.1e-14   51.5   0.2    98   216   250   389   236   437 0.81 -
10800at4891_4|contig_25:324564-325607   -            348 8179at4891           -            324   2.2e-14   50.6   0.2   1   2         2        50    0.0   0.0    28    57    16    45     3    63 0.81 -
10800at4891_4|contig_25:324564-325607   -            348 8179at4891           -            324   2.2e-14   50.6   0.2   2   2   1.1e-14   2.9e-13   46.9   0.1    89   264   115   324    30   336 0.66 -
2373at4891_0|contig_7:98844-99797       -            318 8179at4891           -            324   2.6e-14   50.3   0.0   1   1   1.9e-15   4.8e-14   49.4   0.0   122   212   145   245   133   261 0.83 -
19258at4891_3|contig_14:68473-69369     -            299 8179at4891           -            324     5e-14   49.4   0.4   1   1   2.6e-15   6.6e-14   48.9   0.4    28   216    10   208     2   232 0.80 -
12549at4891_0|contig_3:442313-443170    -            286 8179at4891           -            324   8.2e-14   48.7   0.4   1   1   1.7e-14   4.2e-13   46.3   0.4   116   220    91   200     1   216 0.67 -
5371at4891_2|contig_16:337739-339910    -            724 8179at4891           -            324   1.1e-13   48.2   0.0   1   2   7.2e-11   1.8e-09   34.4   0.0    23   160   305   447   288   453 0.76 -
5371at4891_2|contig_16:337739-339910    -            724 8179at4891           -            324   1.1e-13   48.2   0.0   2   2   0.00075     0.019   11.3   0.0   156   241   475   562   468   576 0.75 -
13303at4891_9|contig_14:418131-419624   -            498 8179at4891           -            324   2.5e-13   47.1   0.0   1   2   1.7e-09   4.3e-08   29.9   0.1   119   171   129   182    11   196 0.64 -
13303at4891_9|contig_14:418131-419624   -            498 8179at4891           -            324   2.5e-13   47.1   0.0   2   2   0.00056     0.014   11.7   0.0   176   217   271   312   263   322 0.87 -
17728at4891_8|contig_7:207884-208945    -            354 8179at4891           -            324   9.7e-12   41.8   0.1   1   1     8e-12     2e-10   37.5   0.1    93   216   107   252    56   267 0.73 -
7925at4891_6|contig_19:596887-597765    -            293 8179at4891           -            324   6.2e-10   35.9   0.0   1   1   9.1e-11   2.3e-09   34.0   0.0    25   259     2   264     1   280 0.67 -
24610at4891_2|contig_27:192597-193703   -            369 8179at4891           -            324   6.6e-10   35.8   0.0   1   1   5.5e-11   1.4e-09   34.8   0.0   126   206   139   236   125   246 0.75 -
7349at4891_2|contig_25:543253-545895    -            881 8179at4891           -            324   8.8e-09   32.1   0.2   1   2   1.4e-07   3.6e-06   23.5   0.1   122   167   523   573   439   581 0.70 -
7349at4891_2|contig_25:543253-545895    -            881 8179at4891           -            324   8.8e-09   32.1   0.2   2   2     0.026      0.66    6.2   0.0   198   228   794   824   789   843 0.82 -
24610at4891_1|contig_25:604162-604689   -            176 8179at4891           -            324   1.4e-08   31.5   0.0   1   1   6.9e-10   1.7e-08   31.1   0.0   123   168     7    53     3    92 0.88 -
10800at4891_5|contig_7:544888-545940    -            351 8179at4891           -            324   2.4e-08   30.7   0.1   1   1   1.8e-09   4.5e-08   29.8   0.1   124   168   111   153     3   237 0.79 -
10800at4891_9|contig_4:458166-459056    -            297 8179at4891           -            324   2.8e-08   30.5   0.8   1   2       6.4   1.6e+02   -1.6   0.0    24    41     3    20     1    26 0.87 -
10800at4891_9|contig_4:458166-459056    -            297 8179at4891           -            324   2.8e-08   30.5   0.8   2   2   3.1e-09   7.7e-08   29.0   0.1   128   259   129   274   106   280 0.72 -
2630at4891_2|contig_4:378801-383156     -           1452 8179at4891           -            324   1.2e-07   28.4   1.1   1   1   1.7e-08   4.3e-07   26.6   1.1   107   276   109   302    83   333 0.73 -
2373at4891_6|contig_20:840037-841020    -            328 8179at4891           -            324   1.3e-07   28.3   0.0   1   2       3.9        97   -0.9   0.0    24    49     2    27     1   102 0.78 -
2373at4891_6|contig_20:840037-841020    -            328 8179at4891           -            324   1.3e-07   28.3   0.0   2   2   3.6e-08     9e-07   25.5   0.0   142   259   183   320   168   325 0.74 -
18893at4891_2|contig_6:176330-176926    -            199 8179at4891           -            324   2.7e-07   27.2   0.0   1   1   3.8e-08   9.6e-07   25.4   0.0   108   219    16   145     1   188 0.68 -
10800at4891_0|contig_20:777378-778376   -            333 8179at4891           -            324   1.2e-06   25.2   0.0   1   2       3.8        96   -0.9   0.0    23    42     6    25     3    41 0.72 -
10800at4891_0|contig_20:777378-778376   -            333 8179at4891           -            324   1.2e-06   25.2   0.0   2   2   2.6e-07   6.7e-06   22.7   0.0   115   240    95   237    76   245 0.73 -
3044at4891_1|contig_13:900085-903093    -           1003 8179at4891           -            324    0.0001   18.8   0.0   1   1   7.1e-06   0.00018   18.0   0.0    83   153   750   828   684   834 0.67 -
13303at4891_4|contig_17:405605-406333   -            243 8179at4891           -            324   0.00024   17.5   0.0   1   1   1.5e-05   0.00038   16.9   0.0   116   155   112   151    85   158 0.80 -
19362at4891_2|contig_13:372535-374901   -            789 8179at4891           -            324   0.00075   15.9   0.1   1   2      0.71        18    1.5   0.0   126   165   153   193   108   212 0.80 -
19362at4891_2|contig_13:372535-374901   -            789 8179at4891           -            324   0.00075   15.9   0.1   2   2   0.00048     0.012   12.0   0.1   180   232   225   275   218   326 0.81 -
17728at4891|contig_2:237087-237584      -            166 8179at4891           -            324    0.0015   15.0   0.1   1   2   0.00013    0.0033   13.8   0.0   176   217    26    66     5    86 0.78 -
17728at4891|contig_2:237087-237584      -            166 8179at4891           -            324    0.0015   15.0   0.1   2   2       5.9   1.5e+02   -1.5   0.0   228   260   125   156    88   164 0.74 -
1341at4891_2|contig_22:301925-304957    -           1011 8179at4891           -            324    0.0028   14.0   0.0   1   1   0.00029    0.0074   12.6   0.0   132   157   683   708   669   767 0.75 -
17239at4891_2|contig_7:314527-316524    -            666 8179at4891           -            324     0.018   11.4   1.1   1   3      0.79        20    1.4   0.0    22    43   172   193   167   212 0.77 -
17239at4891_2|contig_7:314527-316524    -            666 8179at4891           -            324     0.018   11.4   1.1   2   3     0.021      0.52    6.6   0.0   128   153   333   358   320   363 0.86 -
17239at4891_2|contig_7:314527-316524    -            666 8179at4891           -            324     0.018   11.4   1.1   3   3       3.8        96   -0.9   0.2   192   216   438   462   384   487 0.76 -
#
# Program:         hmmsearch
# Version:         3.1b2 (February 2015)
# Pipeline mode:   SEARCH
# Query file:      /mnt/c/Users/HMarton/GitHub/LundUni/Pages/Projects/de_novo_BINP29/busco_downloads/lineages/saccharomycetes_odb10/hmms/8179at4891.hmm
# Target file:     /mnt/c/Users/HMarton/GitHub/LundUni/Pages/Projects/de_novo_BINP29/results/04_busco/BUSCO_assembly.fasta/run_saccharomycetes_odb10/metaeuk_output/initial_results/assembly.fasta.modified.fas
# Option settings: hmmsearch --domtblout /mnt/c/Users/HMarton/GitHub/LundUni/Pages/Projects/de_novo_BINP29/results/04_busco/BUSCO_assembly.fasta/run_saccharomycetes_odb10/hmmer_output/initial_run_results/8179at4891.out --cpu 1 /mnt/c/Users/HMarton/GitHub/LundUni/Pages/Projects/de_novo_BINP29/busco_downloads/lineages/saccharomycetes_odb10/hmms/8179at4891.hmm /mnt/c/Users/HMarton/GitHub/LundUni/Pages/Projects/de_novo_BINP29/results/04_busco/BUSCO_assembly.fasta/run_saccharomycetes_odb10/metaeuk_output/initial_results/assembly.fasta.modified.fas 
# Current dir:     /mnt/c/Users/HMarton/GitHub/LundUni/Pages/Projects/de_novo_BINP29
# Date:            Fri Feb 23 20:15:34 2024
# [ok]
