#                                                                                               --- full sequence --- -------------- this domain -------------   hmm coord   ali coord   env coord
# target name                           accession   tlen query name           accession   qlen   E-value  score  bias   #  of  c-Evalue  i-Evalue  score  bias  from    to  from    to  from    to  acc description of target
#                   ------------------- ---------- ----- -------------------- ---------- ----- --------- ------ ----- --- --- --------- --------- ------ ----- ----- ----- ----- ----- ----- ----- ---- ---------------------
8686at4891_2|contig_14:1199143-1200501  -            453 8686at4891           -            344    3e-192  635.0   0.2   1   1  1.8e-192  1.7e-190  629.3   0.2     1   339    53   413    53   438 0.92 -
6567at4891_2|contig_12:157325-159655    -            777 8686at4891           -            344   1.8e-31  106.4   0.0   1   2   9.6e-17   9.1e-15   51.4   0.0   165   314   250   408   216   427 0.80 -
6567at4891_2|contig_12:157325-159655    -            777 8686at4891           -            344   1.8e-31  106.4   0.0   2   2   4.3e-17   4.1e-15   52.6   0.0   169   314   524   678   514   693 0.78 -
2862at4891_6|contig_14:230035-232539    -            835 8686at4891           -            344   1.1e-28   97.2   0.0   1   2   3.3e-15   3.2e-13   46.4   0.0   180   314   233   376   217   396 0.78 -
2862at4891_6|contig_14:230035-232539    -            835 8686at4891           -            344   1.1e-28   97.2   0.0   2   2   8.7e-16   8.3e-14   48.3   0.0   168   312   494   650   482   656 0.79 -
3496at4891_7|contig_16:372469-374952    -            828 8686at4891           -            344   1.2e-26   90.5   0.0   1   2     4e-14   3.8e-12   42.8   0.0   187   318   231   376   208   396 0.75 -
3496at4891_7|contig_16:372469-374952    -            828 8686at4891           -            344   1.2e-26   90.5   0.0   2   2   8.5e-15   8.2e-13   45.0   0.0   181   313   553   694   539   707 0.79 -
13867at4891_0|contig_13:429550-430761   -            404 8686at4891           -            344     9e-19   64.6   0.0   1   1   1.4e-20   1.3e-18   64.0   0.0   179   314   165   312   148   328 0.79 -
12258at4891_9|contig_14:431939-433255   -            439 8686at4891           -            344   1.6e-18   63.8   0.0   1   1   2.6e-20   2.5e-18   63.2   0.0   172   334   195   369   185   375 0.79 -
4361at4891_5|contig_17:190479-192038    -            520 8686at4891           -            344   5.6e-18   62.0   0.0   1   1   9.4e-20   8.9e-18   61.3   0.0   167   315    80   241    62   261 0.78 -
11201at4891_1|contig_14:1235634-1236917 -            428 8686at4891           -            344   6.4e-18   61.8   0.0   1   1   1.2e-19   1.1e-17   61.0   0.0   170   314   181   337   171   349 0.81 -
4361at4891_2|contig_20:329906-332146    -            747 8686at4891           -            344   5.1e-17   58.9   0.0   1   1   8.5e-19   8.1e-17   58.2   0.0   174   313   293   441   273   462 0.87 -
12973at4891_7|contig_3:545690-546997    -            436 8686at4891           -            344   1.2e-16   57.7   0.0   1   1   2.4e-18   2.3e-16   56.7   0.0   165   315   188   349   178   372 0.77 -
11586at4891_6|contig_3:807549-808859    -            437 8686at4891           -            344   3.3e-16   56.2   0.0   1   1   5.4e-18   5.2e-16   55.5   0.0   180   315   200   347   184   369 0.77 -
3680at4891_2|contig_19:19898-22750      -            951 8686at4891           -            344     2e-14   50.3   0.0   1   1   4.6e-16   4.4e-14   49.2   0.0   169   312   661   815   652   843 0.75 -
8568at4891_1|contig_25:497875-499275    -            467 8686at4891           -            344   2.3e-14   50.2   0.0   1   1   3.6e-16   3.4e-14   49.6   0.0   181   315   229   375   212   382 0.75 -
2212at4891_1|contig_4:417367-419637     -            757 8686at4891           -            344     4e-12   42.8   0.4   1   2   9.7e-12   9.2e-10   35.0   0.4   189   315   268   414   263   430 0.73 -
2212at4891_1|contig_4:417367-419637     -            757 8686at4891           -            344     4e-12   42.8   0.4   2   2     0.044       4.2    3.2   0.0   177   216   535   578   528   594 0.68 -
2534at4891_2|contig_13:1055395-1059525  -           1377 8686at4891           -            344   5.5e-11   39.0   0.0   1   1   1.3e-12   1.2e-10   37.9   0.0   185   313   437   579   417   600 0.75 -
4544at4891_2|contig_25:599635-602748    -           1038 8686at4891           -            344   7.2e-10   35.3   0.0   1   1   1.6e-11   1.5e-09   34.3   0.0   192   319   723   859   699   873 0.77 -
0at4891_2|contig_16:87681-102410        -           4910 8686at4891           -            344   1.2e-09   34.6   0.0   1   6       1.5   1.4e+02   -1.8   0.0   197   237   310   350   301   352 0.78 -
0at4891_2|contig_16:87681-102410        -           4910 8686at4891           -            344   1.2e-09   34.6   0.0   2   6   0.00019     0.018   11.0   0.0   198   238   649   689   638   715 0.88 -
0at4891_2|contig_16:87681-102410        -           4910 8686at4891           -            344   1.2e-09   34.6   0.0   3   6     0.054       5.2    2.9   0.0   195   228  1076  1109  1047  1126 0.74 -
0at4891_2|contig_16:87681-102410        -           4910 8686at4891           -            344   1.2e-09   34.6   0.0   4   6      0.13        12    1.7   0.0   198   238  1364  1404  1355  1430 0.89 -
0at4891_2|contig_16:87681-102410        -           4910 8686at4891           -            344   1.2e-09   34.6   0.0   5   6   0.00027     0.025   10.5   0.0   193   232  1738  1777  1730  1783 0.86 -
0at4891_2|contig_16:87681-102410        -           4910 8686at4891           -            344   1.2e-09   34.6   0.0   6   6       3.2   3.1e+02   -2.9   0.0   199   220  2051  2072  2044  2083 0.82 -
15588at4891_2|contig_13:561749-562834   -            362 8686at4891           -            344     3e-08   30.0   0.0   1   1   4.5e-10   4.3e-08   29.5   0.0   196   308   127   250   108   273 0.77 -
12560at4891_2|contig_20:60719-62029     -            437 8686at4891           -            344     2e-07   27.3   0.0   1   1   3.2e-09   3.1e-07   26.7   0.0   196   307   167   288   159   300 0.75 -
18264at4891_2|contig_19:86572-87573     -            334 8686at4891           -            344   2.4e-05   20.4   0.0   1   1   4.1e-07   3.9e-05   19.8   0.0   198   245    49    97    24   184 0.78 -
12560at4891_1|contig_17:244681-245616   -            312 8686at4891           -            344   3.1e-05   20.1   0.0   1   1   4.9e-07   4.6e-05   19.5   0.0   196   266    55   132    46   148 0.77 -
12560at4891_7|contig_20:524640-525614   -            325 8686at4891           -            344   4.3e-05   19.6   0.0   1   1   6.8e-07   6.4e-05   19.1   0.0   196   266    77   154    68   211 0.76 -
15588at4891_4|contig_4:218105-218647    -            181 8686at4891           -            344    0.0003   16.9   0.0   1   2   0.00059     0.056    9.4   0.0   198   219     8    29     2    37 0.87 -
15588at4891_4|contig_4:218105-218647    -            181 8686at4891           -            344    0.0003   16.9   0.0   2   2      0.01      0.99    5.3   0.1   233   280   125   175    97   179 0.81 -
14486at4891_2|contig_3:744451-747033    -            861 8686at4891           -            344   0.00033   16.7   0.0   1   1   5.8e-06   0.00055   16.0   0.0   193   237   344   383   320   433 0.78 -
14055at4891_2|contig_7:565972-567027    -            352 8686at4891           -            344    0.0017   14.4   0.0   1   1   3.3e-05    0.0031   13.5   0.0   198   220    61    83    57   111 0.78 -
14136at4891_2|contig_2:518028-520229    -            734 8686at4891           -            344    0.0019   14.2   0.0   1   1   3.4e-05    0.0032   13.5   0.0   195   247   169   225   164   244 0.72 -
4581at4891_8|contig_17:224242-226071    -            610 8686at4891           -            344    0.0083   12.1   0.0   1   2    0.0035      0.33    6.8   0.0   192   217   104   129    65   141 0.81 -
4581at4891_8|contig_17:224242-226071    -            610 8686at4891           -            344    0.0083   12.1   0.0   2   2     0.059       5.6    2.8   0.0   135   219   364   445   234   449 0.57 -
5844at4891_4|contig_17:537876-539468    -            531 8686at4891           -            344    0.0086   12.1   0.0   1   2   0.00026     0.025   10.5   0.0   199   251    88   144    73   156 0.81 -
5844at4891_4|contig_17:537876-539468    -            531 8686at4891           -            344    0.0086   12.1   0.0   2   2       3.5   3.3e+02   -3.0   0.0   101   127   387   414   381   428 0.72 -
#
# Program:         hmmsearch
# Version:         3.1b2 (February 2015)
# Pipeline mode:   SEARCH
# Query file:      /mnt/c/Users/HMarton/GitHub/LundUni/Pages/Projects/de_novo_BINP29/busco_downloads/lineages/saccharomycetes_odb10/hmms/8686at4891.hmm
# Target file:     /mnt/c/Users/HMarton/GitHub/LundUni/Pages/Projects/de_novo_BINP29/results/04_busco/BUSCO_assembly.fasta/run_saccharomycetes_odb10/metaeuk_output/initial_results/assembly.fasta.modified.fas
# Option settings: hmmsearch --domtblout /mnt/c/Users/HMarton/GitHub/LundUni/Pages/Projects/de_novo_BINP29/results/04_busco/BUSCO_assembly.fasta/run_saccharomycetes_odb10/hmmer_output/initial_run_results/8686at4891.out --cpu 1 /mnt/c/Users/HMarton/GitHub/LundUni/Pages/Projects/de_novo_BINP29/busco_downloads/lineages/saccharomycetes_odb10/hmms/8686at4891.hmm /mnt/c/Users/HMarton/GitHub/LundUni/Pages/Projects/de_novo_BINP29/results/04_busco/BUSCO_assembly.fasta/run_saccharomycetes_odb10/metaeuk_output/initial_results/assembly.fasta.modified.fas 
# Current dir:     /mnt/c/Users/HMarton/GitHub/LundUni/Pages/Projects/de_novo_BINP29
# Date:            Fri Feb 23 20:16:16 2024
# [ok]
