#                                                                                             --- full sequence --- -------------- this domain -------------   hmm coord   ali coord   env coord
# target name                         accession   tlen query name           accession   qlen   E-value  score  bias   #  of  c-Evalue  i-Evalue  score  bias  from    to  from    to  from    to  acc description of target
#                 ------------------- ---------- ----- -------------------- ---------- ----- --------- ------ ----- --- --- --------- --------- ------ ----- ----- ----- ----- ----- ----- ----- ---- ---------------------
9012at4891_2|contig_25:122123-123847  -            575 9012at4891           -            421  7.1e-182  602.1   7.6   1   3   2.8e-05     0.015   11.3   0.2     3    54    40    95    38   103 0.75 -
9012at4891_2|contig_25:122123-123847  -            575 9012at4891           -            421  7.1e-182  602.1   7.6   2   3   1.2e-68   6.2e-66  220.1   0.0    17   217    75   330    73   347 0.81 -
9012at4891_2|contig_25:122123-123847  -            575 9012at4891           -            421  7.1e-182  602.1   7.6   3   3  1.8e-115  9.6e-113  374.3   2.9   222   420   365   572   339   573 0.92 -
20755at4891_3|contig_4:512260-512763  -            168 9012at4891           -            421   4.8e-05   19.5   0.0   1   1     1e-07   5.5e-05   19.3   0.0   239   332    29   125     3   136 0.69 -
35193at4891_2|contig_20:686903-687832 -            310 9012at4891           -            421    0.0039   13.2   0.0   1   1     1e-05    0.0056   12.7   0.0   259   325    78   145    56   184 0.82 -
26634at4891_1|contig_19:508050-508952 -            301 9012at4891           -            421     0.011   11.8   0.1   1   1   2.9e-05     0.015   11.3   0.1   259   326    96   166    92   176 0.82 -
20755at4891_2|contig_3:132790-133626  -            279 9012at4891           -            421     0.016   11.3   0.0   1   1   3.8e-05      0.02   10.9   0.0   259   318    74   138    25   151 0.75 -
#
# Program:         hmmsearch
# Version:         3.1b2 (February 2015)
# Pipeline mode:   SEARCH
# Query file:      /mnt/c/Users/HMarton/GitHub/LundUni/Pages/Projects/de_novo_BINP29/busco_downloads/lineages/saccharomycetes_odb10/hmms/9012at4891.hmm
# Target file:     /mnt/c/Users/HMarton/GitHub/LundUni/Pages/Projects/de_novo_BINP29/results/04_busco/BUSCO_assembly.fasta/run_saccharomycetes_odb10/metaeuk_output/initial_results/assembly.fasta.modified.fas
# Option settings: hmmsearch --domtblout /mnt/c/Users/HMarton/GitHub/LundUni/Pages/Projects/de_novo_BINP29/results/04_busco/BUSCO_assembly.fasta/run_saccharomycetes_odb10/hmmer_output/initial_run_results/9012at4891.out --cpu 1 /mnt/c/Users/HMarton/GitHub/LundUni/Pages/Projects/de_novo_BINP29/busco_downloads/lineages/saccharomycetes_odb10/hmms/9012at4891.hmm /mnt/c/Users/HMarton/GitHub/LundUni/Pages/Projects/de_novo_BINP29/results/04_busco/BUSCO_assembly.fasta/run_saccharomycetes_odb10/metaeuk_output/initial_results/assembly.fasta.modified.fas 
# Current dir:     /mnt/c/Users/HMarton/GitHub/LundUni/Pages/Projects/de_novo_BINP29
# Date:            Fri Feb 23 20:15:35 2024
# [ok]
