#                                                                                             --- full sequence --- -------------- this domain -------------   hmm coord   ali coord   env coord
# target name                         accession   tlen query name           accession   qlen   E-value  score  bias   #  of  c-Evalue  i-Evalue  score  bias  from    to  from    to  from    to  acc description of target
#                 ------------------- ---------- ----- -------------------- ---------- ----- --------- ------ ----- --- --- --------- --------- ------ ----- ----- ----- ----- ----- ----- ----- ---- ---------------------
9436at4891_2|contig_20:565711-567117  -            469 9436at4891           -            378  7.5e-195  644.6  15.0   1   3   6.4e-36   5.7e-33  111.9   1.5     1    62     8    70     8    75 0.95 -
9436at4891_2|contig_20:565711-567117  -            469 9436at4891           -            378  7.5e-195  644.6  15.0   2   3     4e-66   3.6e-63  211.3   1.4    59   204    88   254    83   256 0.89 -
9436at4891_2|contig_20:565711-567117  -            469 9436at4891           -            378  7.5e-195  644.6  15.0   3   3  2.2e-102     2e-99  330.6   0.3   182   378   254   468   251   468 0.94 -
11626at4891_7|contig_27:168502-169968 -            489 9436at4891           -            378   9.6e-40  134.2  10.4   1   2   2.3e-21     2e-18   64.0   7.3     2   179    17   238    16   264 0.74 -
11626at4891_7|contig_27:168502-169968 -            489 9436at4891           -            378   9.6e-40  134.2  10.4   2   2     3e-21   2.7e-18   63.6   0.0   199   373   287   474   261   478 0.79 -
11626at4891_7|contig_20:422462-423886 -            475 9436at4891           -            378   7.8e-29   98.2   0.1   1   2   2.5e-21   2.3e-18   63.8   0.2     3   181    11   228     9   252 0.76 -
11626at4891_7|contig_20:422462-423886 -            475 9436at4891           -            378   7.8e-29   98.2   0.1   2   2   3.8e-10   3.4e-07   27.0   0.0   190   373   265   470   241   474 0.64 -
#
# Program:         hmmsearch
# Version:         3.1b2 (February 2015)
# Pipeline mode:   SEARCH
# Query file:      /mnt/c/Users/HMarton/GitHub/LundUni/Pages/Projects/de_novo_BINP29/busco_downloads/lineages/saccharomycetes_odb10/hmms/9436at4891.hmm
# Target file:     /mnt/c/Users/HMarton/GitHub/LundUni/Pages/Projects/de_novo_BINP29/results/04_busco/BUSCO_assembly.fasta/run_saccharomycetes_odb10/metaeuk_output/initial_results/assembly.fasta.modified.fas
# Option settings: hmmsearch --domtblout /mnt/c/Users/HMarton/GitHub/LundUni/Pages/Projects/de_novo_BINP29/results/04_busco/BUSCO_assembly.fasta/run_saccharomycetes_odb10/hmmer_output/initial_run_results/9436at4891.out --cpu 1 /mnt/c/Users/HMarton/GitHub/LundUni/Pages/Projects/de_novo_BINP29/busco_downloads/lineages/saccharomycetes_odb10/hmms/9436at4891.hmm /mnt/c/Users/HMarton/GitHub/LundUni/Pages/Projects/de_novo_BINP29/results/04_busco/BUSCO_assembly.fasta/run_saccharomycetes_odb10/metaeuk_output/initial_results/assembly.fasta.modified.fas 
# Current dir:     /mnt/c/Users/HMarton/GitHub/LundUni/Pages/Projects/de_novo_BINP29
# Date:            Fri Feb 23 20:16:01 2024
# [ok]
