#                                                                                             --- full sequence --- -------------- this domain -------------   hmm coord   ali coord   env coord
# target name                         accession   tlen query name           accession   qlen   E-value  score  bias   #  of  c-Evalue  i-Evalue  score  bias  from    to  from    to  from    to  acc description of target
#                 ------------------- ---------- ----- -------------------- ---------- ----- --------- ------ ----- --- --- --------- --------- ------ ----- ----- ----- ----- ----- ----- ----- ---- ---------------------
9507at4891_2|contig_19:679091-680731  -            547 9507at4891           -            402  1.7e-126  419.5  39.0   1   3   3.5e-43   3.2e-40  135.4   0.7     1   100     6   116     6   120 0.89 -
9507at4891_2|contig_19:679091-680731  -            547 9507at4891           -            402  1.7e-126  419.5  39.0   2   3   1.3e-86   1.1e-83  278.5  27.5   101   381   141   487   135   503 0.80 -
9507at4891_2|contig_19:679091-680731  -            547 9507at4891           -            402  1.7e-126  419.5  39.0   3   3   0.00043      0.39    6.7   0.3   360   401   503   544   481   545 0.79 -
23964at4891_2|contig_13:255783-257567 -            595 9507at4891           -            402   6.5e-06   22.4  16.8   1   3     0.029        25    0.7   0.6   101   136   176   211   170   240 0.85 -
23964at4891_2|contig_13:255783-257567 -            595 9507at4891           -            402   6.5e-06   22.4  16.8   2   3   5.6e-05      0.05    9.6   2.7   164   228   269   335   263   352 0.86 -
23964at4891_2|contig_13:255783-257567 -            595 9507at4891           -            402   6.5e-06   22.4  16.8   3   3   2.2e-08   1.9e-05   20.8   0.7   220   270   356   404   350   433 0.85 -
14631at4891_2|contig_19:236352-237989 -            546 9507at4891           -            402     0.009   12.0  14.9   1   1   2.7e-05     0.024   10.7  14.9   171   275   212   337    82   399 0.69 -
#
# Program:         hmmsearch
# Version:         3.1b2 (February 2015)
# Pipeline mode:   SEARCH
# Query file:      /mnt/c/Users/HMarton/GitHub/LundUni/Pages/Projects/de_novo_BINP29/busco_downloads/lineages/saccharomycetes_odb10/hmms/9507at4891.hmm
# Target file:     /mnt/c/Users/HMarton/GitHub/LundUni/Pages/Projects/de_novo_BINP29/results/04_busco/BUSCO_assembly.fasta/run_saccharomycetes_odb10/metaeuk_output/initial_results/assembly.fasta.modified.fas
# Option settings: hmmsearch --domtblout /mnt/c/Users/HMarton/GitHub/LundUni/Pages/Projects/de_novo_BINP29/results/04_busco/BUSCO_assembly.fasta/run_saccharomycetes_odb10/hmmer_output/initial_run_results/9507at4891.out --cpu 1 /mnt/c/Users/HMarton/GitHub/LundUni/Pages/Projects/de_novo_BINP29/busco_downloads/lineages/saccharomycetes_odb10/hmms/9507at4891.hmm /mnt/c/Users/HMarton/GitHub/LundUni/Pages/Projects/de_novo_BINP29/results/04_busco/BUSCO_assembly.fasta/run_saccharomycetes_odb10/metaeuk_output/initial_results/assembly.fasta.modified.fas 
# Current dir:     /mnt/c/Users/HMarton/GitHub/LundUni/Pages/Projects/de_novo_BINP29
# Date:            Fri Feb 23 20:16:07 2024
# [ok]
