IQ-TREE multicore version 2.3.0 COVID-edition for Linux 64-bit built Mar 14 2024
Developed by Bui Quang Minh, James Barbetti, Nguyen Lam Tung,
Olga Chernomor, Heiko Schmidt, Dominik Schrempf, Michael Woodhams, Ly Trong Nhan.

Host:    LAPTOP-L82QPIRU (AVX2, FMA3, 3 GB RAM)
Command: iqtree -s results/06_PHYLO/alignments/Group311.aln -m MFP -bb 1000 -nt AUTO -pre results/06_PHYLO/tree/Group311/Group311
Seed:    647438 (Using SPRNG - Scalable Parallel Random Number Generator)
Time:    Mon Mar 18 15:48:13 2024
Kernel:  AVX+FMA - auto-detect threads (8 CPU cores detected)

Reading alignment file results/06_PHYLO/alignments/Group311.aln ... Fasta format detected
Reading fasta file: done in 0.0099635 secs using 78.84% CPU
Alignment most likely contains protein sequences
Alignment has 8 sequences with 572 columns, 367 distinct patterns
146 parsimony-informative, 192 singleton sites, 234 constant sites
           Gap/Ambiguity  Composition  p-value
Analyzing sequences: done in 3.59e-05 secs using 80.78% CPU
   1  1328_g_Ht   44.06%    passed     79.90%
   2  4351_g_Pb   25.17%    passed     46.79%
   3  2239_g_Pc   26.57%    passed     99.96%
   4  2238_g_Pf   21.50%    passed     85.79%
   5  2313_g_Pk   26.75%    passed     99.53%
   6  2200_g_Pv   20.63%    passed     97.38%
   7  1296_g_Py   24.65%    passed     90.70%
   8  4158_g_Tg    8.22%    failed      0.00%
****  TOTAL       24.69%  1 sequences failed composition chi2 test (p-value<5%; df=19)


Create initial parsimony tree by phylogenetic likelihood library (PLL)... 0.008 seconds
Measuring multi-threading efficiency up to 8 CPU cores
Increase to 10 rounds for branch lengths
173 trees examined
Threads: 1 / Time: 8.046 sec / Speedup: 1.000 / Efficiency: 100% / LogL: -5064
Threads: 2 / Time: 4.808 sec / Speedup: 1.673 / Efficiency: 84% / LogL: -5064
Threads: 3 / Time: 4.130 sec / Speedup: 1.948 / Efficiency: 65% / LogL: -5064
Threads: 4 / Time: 3.788 sec / Speedup: 2.124 / Efficiency: 53% / LogL: -5064
Threads: 5 / Time: 3.661 sec / Speedup: 2.197 / Efficiency: 44% / LogL: -5064
BEST NUMBER OF THREADS: 4

Perform fast likelihood tree search using LG+I+G model...
Estimate model parameters (epsilon = 5.000)
Perform nearest neighbor interchange...
Estimate model parameters (epsilon = 1.000)
1. Initial log-likelihood: -4692.106
2. Current log-likelihood: -4691.018
Optimal log-likelihood: -4690.209
Proportion of invariable sites: 0.119
Gamma shape alpha: 1.086
Parameters optimization took 2 rounds (0.043 sec)
Time for fast ML tree search: 0.143 seconds

NOTE: ModelFinder requires 6 MB RAM!
ModelFinder will test up to 1232 protein models (sample size: 572) ...
 No. Model         -LnL         df  AIC          AICc         BIC
  1  LG            4781.703     13  9589.405     9590.058     9645.944
  2  LG+I          4732.950     14  9493.899     9494.653     9554.787
  3  LG+G4         4686.095     14  9400.191     9400.945     9461.079
  4  LG+I+G4       4687.388     15  9404.776     9405.639     9470.013
  5  LG+R2         4684.066     15  9398.133     9398.996     9463.370
  6  LG+R3         4683.559     17  9401.118     9402.223     9475.054
 14  LG+I+R2       4684.355     16  9400.709     9401.689     9470.295
 15  LG+I+R3       4683.966     18  9403.933     9405.170     9482.217
 25  LG+F+G4       4650.233     33  9366.465     9370.636     9509.987
 26  LG+F+I+G4     4651.560     34  9371.120     9375.552     9518.991
 27  LG+F+R2       4648.293     34  9364.585     9369.017     9512.456
 36  LG+F+I+R2     4647.687     35  9365.375     9370.076     9517.595
 47  WAG+G4        4688.295     14  9404.589     9405.343     9465.477
 48  WAG+I+G4      4689.574     15  9409.147     9410.011     9474.384
 49  WAG+R2        4685.824     15  9401.649     9402.512     9466.886
 58  WAG+I+R2      4686.096     16  9404.192     9405.172     9473.778
 69  WAG+F+G4      4654.512     33  9375.025     9379.196     9518.547
 70  WAG+F+I+G4    4655.862     34  9379.725     9384.157     9527.595
 71  WAG+F+R2      4650.740     34  9369.480     9373.912     9517.350
 80  WAG+F+I+R2    4650.537     35  9371.075     9375.776     9523.295
 91  JTT+G4        4685.099     14  9398.198     9398.952     9459.086
 92  JTT+I+G4      4686.438     15  9402.875     9403.739     9468.112
 93  JTT+R2        4684.572     15  9399.144     9400.008     9464.381
102  JTT+I+R2      4684.554     16  9401.108     9402.089     9470.695
113  JTT+F+G4      4639.891     33  9345.783     9349.954     9489.304
114  JTT+F+I+G4    4641.206     34  9350.411     9354.843     9498.282
115  JTT+F+R2      4639.135     34  9346.270     9350.702     9494.140
124  JTT+F+I+R2    4638.232     35  9346.465     9351.166     9498.685
WARNING: Normalizing state frequencies so that sum of them equals to 1
135  Q.pfam+G4     4690.708     14  9409.416     9410.170     9470.304
WARNING: Normalizing state frequencies so that sum of them equals to 1
136  Q.pfam+I+G4   4692.026     15  9414.052     9414.915     9479.289
WARNING: Normalizing state frequencies so that sum of them equals to 1
137  Q.pfam+R2     4688.376     15  9406.752     9407.615     9471.989
WARNING: Normalizing state frequencies so that sum of them equals to 1
146  Q.pfam+I+R2   4688.828     16  9409.656     9410.636     9479.242
WARNING: Normalizing state frequencies so that sum of them equals to 1
157  Q.pfam+F+G4   4646.261     33  9358.523     9362.694     9502.044
WARNING: Normalizing state frequencies so that sum of them equals to 1
158  Q.pfam+F+I+G4 4647.607     34  9363.214     9367.646     9511.084
WARNING: Normalizing state frequencies so that sum of them equals to 1
159  Q.pfam+F+R2   4643.755     34  9355.509     9359.941     9503.380
WARNING: Normalizing state frequencies so that sum of them equals to 1
168  Q.pfam+F+I+R2 4643.635     35  9357.270     9361.972     9509.490
WARNING: Normalizing state frequencies so that sum of them equals to 1
179  Q.bird+G4     4712.972     14  9453.944     9454.698     9514.832
WARNING: Normalizing state frequencies so that sum of them equals to 1
180  Q.bird+I+G4   4714.267     15  9458.534     9459.397     9523.771
WARNING: Normalizing state frequencies so that sum of them equals to 1
181  Q.bird+R2     4718.563     15  9467.126     9467.989     9532.363
WARNING: Normalizing state frequencies so that sum of them equals to 1
190  Q.bird+I+R2   4716.629     16  9465.258     9466.238     9534.844
WARNING: Normalizing state frequencies so that sum of them equals to 1
201  Q.bird+F+G4   4654.993     33  9375.985     9380.156     9519.507
WARNING: Normalizing state frequencies so that sum of them equals to 1
202  Q.bird+F+I+G4 4656.294     34  9380.589     9385.021     9528.460
WARNING: Normalizing state frequencies so that sum of them equals to 1
203  Q.bird+F+R2   4660.403     34  9388.807     9393.239     9536.677
WARNING: Normalizing state frequencies so that sum of them equals to 1
212  Q.bird+F+I+R2 4658.147     35  9386.294     9390.996     9538.514
WARNING: Normalizing state frequencies so that sum of them equals to 1
223  Q.mammal+G4   4715.631     14  9459.263     9460.017     9520.150
WARNING: Normalizing state frequencies so that sum of them equals to 1
224  Q.mammal+I+G4 4716.993     15  9463.986     9464.849     9529.223
WARNING: Normalizing state frequencies so that sum of them equals to 1
225  Q.mammal+R2   4718.474     15  9466.948     9467.811     9532.185
WARNING: Normalizing state frequencies so that sum of them equals to 1
234  Q.mammal+I+R2 4717.385     16  9466.769     9467.750     9536.356
WARNING: Normalizing state frequencies so that sum of them equals to 1
245  Q.mammal+F+G4 4649.877     33  9365.755     9369.926     9509.276
WARNING: Normalizing state frequencies so that sum of them equals to 1
246  Q.mammal+F+I+G4 4651.199     34  9370.399     9374.831     9518.269
WARNING: Normalizing state frequencies so that sum of them equals to 1
247  Q.mammal+F+R2 4652.359     34  9372.718     9377.150     9520.588
WARNING: Normalizing state frequencies so that sum of them equals to 1
256  Q.mammal+F+I+R2 4651.037     35  9372.074     9376.775     9524.293
267  Q.insect+G4   4670.689     14  9369.378     9370.132     9430.266
268  Q.insect+I+G4 4672.100     15  9374.201     9375.064     9439.438
269  Q.insect+R2   4670.367     15  9370.733     9371.597     9435.970
278  Q.insect+I+R2 4670.292     16  9372.584     9373.564     9442.170
289  Q.insect+F+G4 4645.216     33  9356.431     9360.602     9499.953
290  Q.insect+F+I+G4 4646.573     34  9361.147     9365.579     9509.018
291  Q.insect+F+R2 4644.628     34  9357.255     9361.687     9505.126
300  Q.insect+F+I+R2 4644.082     35  9358.165     9362.866     9510.384
WARNING: Normalizing state frequencies so that sum of them equals to 1
311  Q.plant+G4    4667.023     14  9362.045     9362.799     9422.933
WARNING: Normalizing state frequencies so that sum of them equals to 1
312  Q.plant+I+G4  4668.391     15  9366.782     9367.645     9432.019
WARNING: Normalizing state frequencies so that sum of them equals to 1
313  Q.plant+R2    4669.925     15  9369.851     9370.714     9435.088
WARNING: Normalizing state frequencies so that sum of them equals to 1
322  Q.plant+I+R2  4668.800     16  9369.599     9370.580     9439.186
WARNING: Normalizing state frequencies so that sum of them equals to 1
333  Q.plant+F+G4  4635.379     33  9336.758     9340.929     9480.280
WARNING: Normalizing state frequencies so that sum of them equals to 1
334  Q.plant+F+I+G4 4636.820     34  9341.640     9346.072     9489.510
WARNING: Normalizing state frequencies so that sum of them equals to 1
335  Q.plant+F+R2  4638.056     34  9344.112     9348.544     9491.983
WARNING: Normalizing state frequencies so that sum of them equals to 1
344  Q.plant+F+I+R2 4635.511     35  9341.022     9345.723     9493.241
WARNING: Normalizing state frequencies so that sum of them equals to 1
355  Q.yeast+G4    4663.754     14  9355.508     9356.262     9416.396
WARNING: Normalizing state frequencies so that sum of them equals to 1
356  Q.yeast+I+G4  4665.033     15  9360.065     9360.929     9425.302
WARNING: Normalizing state frequencies so that sum of them equals to 1
357  Q.yeast+R2    4662.915     15  9355.830     9356.693     9421.067
WARNING: Normalizing state frequencies so that sum of them equals to 1
366  Q.yeast+I+R2  4663.121     16  9358.243     9359.223     9427.829
WARNING: Normalizing state frequencies so that sum of them equals to 1
377  Q.yeast+F+G4  4642.466     33  9350.931     9355.102     9494.453
WARNING: Normalizing state frequencies so that sum of them equals to 1
378  Q.yeast+F+I+G4 4643.790     34  9355.581     9360.013     9503.452
WARNING: Normalizing state frequencies so that sum of them equals to 1
379  Q.yeast+F+R2  4641.189     34  9350.379     9354.811     9498.249
WARNING: Normalizing state frequencies so that sum of them equals to 1
388  Q.yeast+F+I+R2 4640.885     35  9351.770     9356.471     9503.990
399  JTTDCMut+G4   4685.715     14  9399.429     9400.183     9460.317
400  JTTDCMut+I+G4 4687.058     15  9404.117     9404.980     9469.354
401  JTTDCMut+R2   4685.163     15  9400.326     9401.189     9465.563
410  JTTDCMut+I+R2 4685.131     16  9402.261     9403.241     9471.847
421  JTTDCMut+F+G4 4640.920     33  9347.840     9352.011     9491.362
422  JTTDCMut+F+I+G4 4642.261     34  9352.521     9356.953     9500.392
423  JTTDCMut+F+R2 4640.172     34  9348.344     9352.776     9496.215
432  JTTDCMut+F+I+R2 4639.169     35  9348.339     9353.040     9500.558
443  DCMut+G4      4713.497     14  9454.994     9455.748     9515.882
444  DCMut+I+G4    4714.834     15  9459.668     9460.531     9524.905
445  DCMut+R2      4713.979     15  9457.958     9458.821     9523.195
454  DCMut+I+R2    4712.214     16  9456.428     9457.408     9526.014
465  DCMut+F+G4    4666.896     33  9399.792     9403.963     9543.314
466  DCMut+F+I+G4  4668.260     34  9404.521     9408.953     9552.391
467  DCMut+F+R2    4666.290     34  9400.579     9405.011     9548.450
476  DCMut+F+I+R2  4664.002     35  9398.003     9402.705     9550.223
487  VT+G4         4696.773     14  9421.546     9422.300     9482.434
488  VT+I+G4       4698.079     15  9426.158     9427.022     9491.396
489  VT+R2         4693.875     15  9417.749     9418.613     9482.987
498  VT+I+R2       4694.389     16  9420.777     9421.757     9490.364
509  VT+F+G4       4661.627     33  9389.254     9393.425     9532.775
510  VT+F+I+G4     4662.951     34  9393.903     9398.335     9541.774
511  VT+F+R2       4658.213     34  9384.425     9388.857     9532.296
520  VT+F+I+R2     4658.395     35  9386.790     9391.491     9539.010
531  PMB+G4        4760.525     14  9549.050     9549.804     9609.938
532  PMB+I+G4      4761.853     15  9553.707     9554.570     9618.944
533  PMB+R2        4757.163     15  9544.325     9545.189     9609.563
542  PMB+I+R2      4757.849     16  9547.698     9548.678     9617.284
553  PMB+F+G4      4692.819     33  9451.638     9455.809     9595.159
554  PMB+F+I+G4    4694.120     34  9456.239     9460.671     9604.110
555  PMB+F+R2      4687.934     34  9443.867     9448.299     9591.738
564  PMB+F+I+R2    4688.319     35  9446.638     9451.339     9598.857
575  Blosum62+G4   4745.808     14  9519.616     9520.370     9580.503
576  Blosum62+I+G4 4747.155     15  9524.309     9525.173     9589.546
577  Blosum62+R2   4742.299     15  9514.598     9515.461     9579.835
586  Blosum62+I+R2 4743.001     16  9518.001     9518.981     9587.587
597  Blosum62+F+G4 4696.929     33  9459.858     9464.029     9603.380
598  Blosum62+F+I+G4 4698.218     34  9464.435     9468.867     9612.306
599  Blosum62+F+R2 4692.653     34  9453.307     9457.739     9601.178
608  Blosum62+F+I+R2 4693.047     35  9456.094     9460.795     9608.313
619  Dayhoff+G4    4713.281     14  9454.561     9455.315     9515.449
620  Dayhoff+I+G4  4714.617     15  9459.235     9460.098     9524.472
621  Dayhoff+R2    4713.827     15  9457.654     9458.517     9522.891
630  Dayhoff+I+R2  4712.007     16  9456.015     9456.995     9525.601
641  Dayhoff+F+G4  4666.773     33  9399.546     9403.717     9543.068
642  Dayhoff+F+I+G4 4668.137     34  9404.274     9408.706     9552.144
643  Dayhoff+F+R2  4666.233     34  9400.466     9404.898     9548.336
652  Dayhoff+F+I+R2 4663.887     35  9397.773     9402.475     9549.993
663  mtREV+G4      4953.182     14  9934.364     9935.118     9995.252
664  mtREV+I+G4    4954.338     15  9938.677     9939.540     10003.914
665  mtREV+R2      4952.616     15  9935.231     9936.095     10000.469
674  mtREV+I+R2    4953.199     16  9938.397     9939.377     10007.983
685  mtREV+F+G4    4669.302     33  9404.605     9408.776     9548.126
686  mtREV+F+I+G4  4670.545     34  9409.091     9413.523     9556.961
687  mtREV+F+R2    4670.137     34  9408.274     9412.706     9556.145
696  mtREV+F+I+R2  4667.372     35  9404.744     9409.445     9556.964
707  mtART+G4      4975.453     14  9978.906     9979.660     10039.794
708  mtART+I+G4    4976.365     15  9982.730     9983.593     10047.967
709  mtART+R2      4974.391     15  9978.781     9979.645     10044.018
718  mtART+I+R2    4974.816     16  9981.632     9982.612     10051.218
729  mtART+F+G4    4689.575     33  9445.150     9449.321     9588.671
730  mtART+F+I+G4  4690.947     34  9449.893     9454.325     9597.764
731  mtART+F+R2    4690.811     34  9449.622     9454.054     9597.493
740  mtART+F+I+R2  4688.704     35  9447.407     9452.109     9599.627
751  mtZOA+G4      4934.827     14  9897.653     9898.407     9958.541
752  mtZOA+I+G4    4935.816     15  9901.632     9902.496     9966.869
753  mtZOA+R2      4931.836     15  9893.673     9894.536     9958.910
762  mtZOA+I+R2    4932.601     16  9897.203     9898.183     9966.789
773  mtZOA+F+G4    4671.350     33  9408.700     9412.871     9552.222
774  mtZOA+F+I+G4  4672.699     34  9413.398     9417.830     9561.269
775  mtZOA+F+R2    4670.952     34  9409.904     9414.336     9557.775
784  mtZOA+F+I+R2  4669.351     35  9408.701     9413.403     9560.921
795  mtMet+G4      4913.228     14  9854.456     9855.210     9915.344
796  mtMet+I+G4    4914.355     15  9858.711     9859.574     9923.948
797  mtMet+R2      4910.342     15  9850.683     9851.547     9915.920
806  mtMet+I+R2    4911.203     16  9854.407     9855.387     9923.993
817  mtMet+F+G4    4659.545     33  9385.091     9389.262     9528.613
818  mtMet+F+I+G4  4660.915     34  9389.829     9394.261     9537.700
819  mtMet+F+R2    4659.040     34  9386.079     9390.511     9533.950
828  mtMet+F+I+R2  4658.029     35  9386.058     9390.760     9538.278
839  mtVer+G4      4956.810     14  9941.620     9942.374     10002.508
840  mtVer+I+G4    4957.751     15  9945.502     9946.366     10010.739
841  mtVer+R2      4957.294     15  9944.588     9945.451     10009.825
850  mtVer+I+R2    4958.042     16  9948.084     9949.064     10017.670
861  mtVer+F+G4    4680.266     33  9426.533     9430.704     9570.054
862  mtVer+F+I+G4  4681.653     34  9431.306     9435.738     9579.176
863  mtVer+F+R2    4682.409     34  9432.819     9437.251     9580.689
872  mtVer+F+I+R2  4678.998     35  9427.995     9432.697     9580.215
883  mtInv+G4      4952.469     14  9932.939     9933.693     9993.827
884  mtInv+I+G4    4953.728     15  9937.455     9938.319     10002.693
885  mtInv+R2      4948.875     15  9927.750     9928.613     9992.987
894  mtInv+I+R2    4949.771     16  9931.542     9932.522     10001.128
905  mtInv+F+G4    4656.079     33  9378.158     9382.329     9521.680
906  mtInv+F+I+G4  4657.385     34  9382.770     9387.202     9530.641
907  mtInv+F+R2    4652.942     34  9373.884     9378.316     9521.755
916  mtInv+F+I+R2  4652.578     35  9375.157     9379.858     9527.377
927  mtMAM+G4      4979.223     14  9986.446     9987.200     10047.334
928  mtMAM+I+G4    4979.777     15  9989.554     9990.417     10054.791
929  mtMAM+R2      4981.471     15  9992.943     9993.806     10058.180
938  mtMAM+I+R2    4982.163     16  9996.327     9997.307     10065.913
949  mtMAM+F+G4    4693.242     33  9452.485     9456.656     9596.006
950  mtMAM+F+I+G4  4694.655     34  9457.310     9461.742     9605.181
951  mtMAM+F+R2    4702.209     34  9472.419     9476.851     9620.289
960  mtMAM+F+I+R2  4696.986     35  9463.972     9468.674     9616.192
WARNING: Normalizing state frequencies so that sum of them equals to 1
971  FLAVI+G4      4795.658     14  9619.316     9620.070     9680.204
WARNING: Normalizing state frequencies so that sum of them equals to 1
972  FLAVI+I+G4    4797.047     15  9624.094     9624.957     9689.331
WARNING: Normalizing state frequencies so that sum of them equals to 1
973  FLAVI+R2      4805.667     15  9641.334     9642.197     9706.571
WARNING: Normalizing state frequencies so that sum of them equals to 1
982  FLAVI+I+R2    4800.143     16  9632.287     9633.267     9701.873
WARNING: Normalizing state frequencies so that sum of them equals to 1
993  FLAVI+F+G4    4697.576     33  9461.152     9465.323     9604.674
WARNING: Normalizing state frequencies so that sum of them equals to 1
994  FLAVI+F+I+G4  4699.241     34  9466.481     9470.913     9614.352
WARNING: Normalizing state frequencies so that sum of them equals to 1
995  FLAVI+F+R2    4708.877     34  9485.753     9490.185     9633.624
WARNING: Normalizing state frequencies so that sum of them equals to 1
1004  FLAVI+F+I+R2  4698.545     35  9467.090     9471.791     9619.309
1015  HIVb+G4       4745.151     14  9518.303     9519.057     9579.190
1016  HIVb+I+G4     4746.506     15  9523.011     9523.874     9588.248
1017  HIVb+R2       4749.703     15  9529.407     9530.270     9594.644
1026  HIVb+I+R2     4745.920     16  9523.841     9524.821     9593.427
1037  HIVb+F+G4     4667.598     33  9401.196     9405.367     9544.718
1038  HIVb+F+I+G4   4669.055     34  9406.110     9410.542     9553.980
1039  HIVb+F+R2     4673.926     34  9415.852     9420.284     9563.723
1048  HIVb+F+I+R2   4667.142     35  9404.284     9408.986     9556.504
1059  HIVw+G4       4845.432     14  9718.863     9719.617     9779.751
1060  HIVw+I+G4     4846.873     15  9723.745     9724.609     9788.982
1061  HIVw+R2       4848.838     15  9727.676     9728.539     9792.913
1070  HIVw+I+R2     4844.443     16  9720.886     9721.866     9790.472
1081  HIVw+F+G4     4738.159     33  9542.317     9546.488     9685.839
1082  HIVw+F+I+G4   4739.639     34  9547.277     9551.709     9695.148
1083  HIVw+F+R2     4743.534     34  9555.067     9559.499     9702.938
1092  HIVw+F+I+R2   4736.812     35  9543.625     9548.326     9695.845
1103  FLU+G4        4738.637     14  9505.274     9506.029     9566.162
1104  FLU+I+G4      4740.011     15  9510.021     9510.884     9575.258
1105  FLU+R2        4740.992     15  9511.985     9512.848     9577.222
1114  FLU+I+R2      4737.416     16  9506.831     9507.812     9576.418
1125  FLU+F+G4      4689.298     33  9444.597     9448.768     9588.118
1126  FLU+F+I+G4    4690.754     34  9449.508     9453.940     9597.379
1127  FLU+F+R2      4693.191     34  9454.382     9458.815     9602.253
1136  FLU+F+I+R2    4686.262     35  9442.523     9447.225     9594.743
1147  rtREV+G4      4749.503     14  9527.006     9527.760     9587.894
1148  rtREV+I+G4    4750.776     15  9531.553     9532.416     9596.790
1149  rtREV+R2      4747.656     15  9525.313     9526.176     9590.550
1158  rtREV+I+R2    4748.046     16  9528.091     9529.071     9597.677
1169  rtREV+F+G4    4659.003     33  9384.006     9388.177     9527.527
1170  rtREV+F+I+G4  4660.310     34  9388.620     9393.052     9536.491
1171  rtREV+F+R2    4656.941     34  9381.883     9386.315     9529.753
1180  rtREV+F+I+R2  4656.874     35  9383.749     9388.450     9535.969
1191  cpREV+G4      4738.469     14  9504.938     9505.692     9565.826
1192  cpREV+I+G4    4739.691     15  9509.383     9510.246     9574.620
1193  cpREV+R2      4732.528     15  9495.056     9495.920     9560.294
1202  cpREV+I+R2    4732.935     16  9497.869     9498.849     9567.455
1213  cpREV+F+G4    4683.061     33  9432.122     9436.293     9575.644
1214  cpREV+F+I+G4  4684.246     34  9436.492     9440.924     9584.363
1215  cpREV+F+R2    4674.438     34  9416.877     9421.309     9564.748
1224  cpREV+F+I+R2  4673.942     35  9417.885     9422.586     9570.105
Akaike Information Criterion:           Q.plant+F+G4
Corrected Akaike Information Criterion: Q.plant+F+G4
Bayesian Information Criterion:         Q.yeast+G4
Best-fit model: Q.yeast+G4 chosen according to BIC

All model information printed to results/06_PHYLO/tree/Group311/Group311.model.gz
CPU time for ModelFinder: 131.923 seconds (0h:2m:11s)
Wall-clock time for ModelFinder: 41.910 seconds (0h:0m:41s)
Generating 1000 samples for ultrafast bootstrap (seed: 647438)...
WARNING: Normalizing state frequencies so that sum of them equals to 1

NOTE: 3 MB RAM (0 GB) is required!
Estimate model parameters (epsilon = 0.100)
1. Initial log-likelihood: -4663.754
Optimal log-likelihood: -4663.742
Gamma shape alpha: 0.671
Parameters optimization took 1 rounds (0.009 sec)
Wrote distance file to... 
Computing ML distances based on estimated model parameters...
Calculating distance matrix: done in 0.00656478 secs using 388.8% CPU
Computing ML distances took 0.007614 sec (of wall-clock time) 0.025921 sec (of CPU time)
Setting up auxiliary I and S matrices: done in 0.00262079 secs
Computing RapidNJ tree took 0.012904 sec (of wall-clock time) 0.003237 sec (of CPU time)
Log-likelihood of RapidNJ tree: -4663.741
--------------------------------------------------------------------
|             INITIALIZING CANDIDATE TREE SET                      |
--------------------------------------------------------------------
Generating 99 parsimony trees... 0.057 second
Computing log-likelihood of 46 initial trees ... 0.151 seconds
Current best score: -4663.741

Do NNI search on 20 best initial trees
Estimate model parameters (epsilon = 0.100)
BETTER TREE FOUND at iteration 1: -4663.740
Iteration 10 / LogL: -4665.876 / Time: 0h:0m:0s
Iteration 20 / LogL: -4664.895 / Time: 0h:0m:1s
Finish initializing candidate tree set (2)
Current best tree score: -4663.740 / CPU time: 1.037
Number of iterations: 20
--------------------------------------------------------------------
|               OPTIMIZING CANDIDATE TREE SET                      |
--------------------------------------------------------------------
Iteration 30 / LogL: -4663.747 / Time: 0h:0m:1s (0h:0m:3s left)
Iteration 40 / LogL: -4663.851 / Time: 0h:0m:2s (0h:0m:3s left)
Iteration 50 / LogL: -4664.661 / Time: 0h:0m:2s (0h:0m:2s left)
Log-likelihood cutoff on original alignment: -4687.176
Iteration 60 / LogL: -4676.848 / Time: 0h:0m:2s (0h:0m:1s left)
Iteration 70 / LogL: -4676.880 / Time: 0h:0m:3s (0h:0m:1s left)
Iteration 80 / LogL: -4663.785 / Time: 0h:0m:3s (0h:0m:1s left)
UPDATE BEST LOG-LIKELIHOOD: -4663.740
Iteration 90 / LogL: -4677.025 / Time: 0h:0m:4s (0h:0m:0s left)
Iteration 100 / LogL: -4676.888 / Time: 0h:0m:4s (0h:0m:0s left)
Log-likelihood cutoff on original alignment: -4687.176
NOTE: Bootstrap correlation coefficient of split occurrence frequencies: 1.000
TREE SEARCH COMPLETED AFTER 102 ITERATIONS / Time: 0h:0m:4s

--------------------------------------------------------------------
|                    FINALIZING TREE SEARCH                        |
--------------------------------------------------------------------
Performs final model parameters optimization
Estimate model parameters (epsilon = 0.010)
1. Initial log-likelihood: -4663.740
Optimal log-likelihood: -4663.740
Gamma shape alpha: 0.675
Parameters optimization took 1 rounds (0.010 sec)
BEST SCORE FOUND : -4663.740
Creating bootstrap support values...
Split supports printed to NEXUS file results/06_PHYLO/tree/Group311/Group311.splits.nex
Total tree length: 4.326

Total number of iterations: 102
CPU time used for tree search: 17.278 sec (0h:0m:17s)
Wall-clock time used for tree search: 4.609 sec (0h:0m:4s)
Total CPU time used: 17.520 sec (0h:0m:17s)
Total wall-clock time used: 4.788 sec (0h:0m:4s)

Computing bootstrap consensus tree...
Reading input file results/06_PHYLO/tree/Group311/Group311.splits.nex...
8 taxa and 29 splits.
Consensus tree written to results/06_PHYLO/tree/Group311/Group311.contree
Reading input trees file results/06_PHYLO/tree/Group311/Group311.contree
Log-likelihood of consensus tree: -4663.740

Analysis results written to: 
  IQ-TREE report:                results/06_PHYLO/tree/Group311/Group311.iqtree
  Maximum-likelihood tree:       results/06_PHYLO/tree/Group311/Group311.treefile
  Likelihood distances:          results/06_PHYLO/tree/Group311/Group311.mldist

Ultrafast bootstrap approximation results written to:
  Split support values:          results/06_PHYLO/tree/Group311/Group311.splits.nex
  Consensus tree:                results/06_PHYLO/tree/Group311/Group311.contree
  Screen log file:               results/06_PHYLO/tree/Group311/Group311.log

Date and Time: Mon Mar 18 15:49:00 2024
