IQ-TREE multicore version 2.3.0 COVID-edition for Linux 64-bit built Mar 14 2024
Developed by Bui Quang Minh, James Barbetti, Nguyen Lam Tung,
Olga Chernomor, Heiko Schmidt, Dominik Schrempf, Michael Woodhams, Ly Trong Nhan.

Host:    LAPTOP-L82QPIRU (AVX2, FMA3, 3 GB RAM)
Command: iqtree -s results/06_PHYLO/noTg_alignments/7485at5794.aln -m MFP -bb 1000 -nt AUTO -pre results/06_PHYLO/noTg_tree/7485at5794/7485at5794
Seed:    705597 (Using SPRNG - Scalable Parallel Random Number Generator)
Time:    Mon Mar 18 02:48:55 2024
Kernel:  AVX+FMA - auto-detect threads (8 CPU cores detected)

Reading alignment file results/06_PHYLO/noTg_alignments/7485at5794.aln ... Fasta format detected
Reading fasta file: done in 0.0010897 secs
Alignment most likely contains protein sequences
Alignment has 7 sequences with 1050 columns, 583 distinct patterns
262 parsimony-informative, 282 singleton sites, 506 constant sites
           Gap/Ambiguity  Composition  p-value
Analyzing sequences: done in 8.21e-05 secs using 93.79% CPU
   1  2418_g_Ht   11.81%    failed      3.24%
   2  1591_g_Pb   25.24%    passed     46.04%
   3  4522_g_Pc   13.43%    passed     40.28%
   4  2709_g_Pf   11.43%    failed      0.00%
   5  4667_g_Pk   17.90%    passed     77.50%
   6  4531_g_Pv   18.76%    failed      3.79%
   7  3893_g_Py   18.38%    passed     85.73%
****  TOTAL       16.71%  3 sequences failed composition chi2 test (p-value<5%; df=19)


Create initial parsimony tree by phylogenetic likelihood library (PLL)... 0.001 seconds
Measuring multi-threading efficiency up to 8 CPU cores
Increase to 10 rounds for branch lengths
94 trees examined
Threads: 1 / Time: 8.069 sec / Speedup: 1.000 / Efficiency: 100% / LogL: -8791
Threads: 2 / Time: 4.677 sec / Speedup: 1.725 / Efficiency: 86% / LogL: -8791
Threads: 3 / Time: 4.143 sec / Speedup: 1.948 / Efficiency: 65% / LogL: -8791
Threads: 4 / Time: 3.890 sec / Speedup: 2.074 / Efficiency: 52% / LogL: -8791
Threads: 5 / Time: 3.561 sec / Speedup: 2.266 / Efficiency: 45% / LogL: -8791
BEST NUMBER OF THREADS: 4

Perform fast likelihood tree search using LG+I+G model...
Estimate model parameters (epsilon = 5.000)
Perform nearest neighbor interchange...
Estimate model parameters (epsilon = 1.000)
1. Initial log-likelihood: -8164.439
Optimal log-likelihood: -8164.300
Proportion of invariable sites: 0.223
Gamma shape alpha: 0.776
Parameters optimization took 1 rounds (0.021 sec)
Time for fast ML tree search: 0.112 seconds

NOTE: ModelFinder requires 8 MB RAM!
ModelFinder will test up to 1232 protein models (sample size: 1050) ...
 No. Model         -LnL         df  AIC          AICc         BIC
  1  LG            8473.924     11  16969.848    16970.102    17024.370
  2  LG+I          8233.180     12  16490.359    16490.660    16549.838
  3  LG+G4         8162.277     12  16348.553    16348.854    16408.032
  4  LG+I+G4       8164.010     13  16354.019    16354.371    16418.454
  5  LG+R2         8171.298     13  16368.596    16368.947    16433.031
  6  LG+R3         8162.365     15  16354.730    16355.194    16429.078
  7  LG+R4         8162.305     17  16358.610    16359.203    16442.871
 14  LG+I+R2       8162.162     14  16352.325    16352.730    16421.716
 15  LG+I+R3       8162.177     16  16356.354    16356.881    16435.659
 25  LG+F+G4       8001.260     31  16064.520    16066.469    16218.173
 47  WAG+G4        8181.367     12  16386.734    16387.034    16446.212
 69  WAG+F+G4      7997.499     31  16056.998    16058.947    16210.651
 91  JTT+G4        8161.772     12  16347.545    16347.846    16407.023
113  JTT+F+G4      7969.885     31  16001.770    16003.719    16155.423
WARNING: Normalizing state frequencies so that sum of them equals to 1
135  Q.pfam+G4     8176.966     12  16377.932    16378.233    16437.411
WARNING: Normalizing state frequencies so that sum of them equals to 1
157  Q.pfam+F+G4   8001.078     31  16064.155    16066.104    16217.808
WARNING: Normalizing state frequencies so that sum of them equals to 1
179  Q.bird+G4     8231.952     12  16487.904    16488.205    16547.382
WARNING: Normalizing state frequencies so that sum of them equals to 1
201  Q.bird+F+G4   8022.607     31  16107.215    16109.164    16260.868
WARNING: Normalizing state frequencies so that sum of them equals to 1
223  Q.mammal+G4   8227.843     12  16479.686    16479.987    16539.164
WARNING: Normalizing state frequencies so that sum of them equals to 1
245  Q.mammal+F+G4 8006.600     31  16075.199    16077.148    16228.852
267  Q.insect+G4   8082.446     12  16188.891    16189.192    16248.370
289  Q.insect+F+G4 7975.422     31  16012.844    16014.793    16166.497
WARNING: Normalizing state frequencies so that sum of them equals to 1
311  Q.plant+G4    8143.305     12  16310.611    16310.911    16370.089
WARNING: Normalizing state frequencies so that sum of them equals to 1
333  Q.plant+F+G4  7984.494     31  16030.988    16032.937    16184.641
WARNING: Normalizing state frequencies so that sum of them equals to 1
355  Q.yeast+G4    8059.891     12  16143.782    16144.083    16203.261
WARNING: Normalizing state frequencies so that sum of them equals to 1
377  Q.yeast+F+G4  7978.593     31  16019.186    16021.135    16172.839
399  JTTDCMut+G4   8162.083     12  16348.166    16348.467    16407.645
421  JTTDCMut+F+G4 7970.642     31  16003.284    16005.233    16156.937
443  DCMut+G4      8194.937     12  16413.874    16414.175    16473.352
465  DCMut+F+G4    7984.214     31  16030.428    16032.377    16184.081
487  VT+G4         8161.115     12  16346.230    16346.531    16405.709
509  VT+F+G4       8004.407     31  16070.815    16072.763    16224.467
531  PMB+G4        8297.019     12  16618.038    16618.339    16677.517
553  PMB+F+G4      8054.340     31  16170.679    16172.628    16324.332
575  Blosum62+G4   8262.214     12  16548.427    16548.728    16607.906
597  Blosum62+F+G4 8060.967     31  16183.934    16185.883    16337.587
619  Dayhoff+G4    8194.625     12  16413.250    16413.551    16472.728
641  Dayhoff+F+G4  7984.013     31  16030.027    16031.976    16183.680
663  mtREV+G4      8672.993     12  17369.986    17370.287    17429.465
685  mtREV+F+G4    8087.580     31  16237.160    16239.109    16390.813
707  mtART+G4      8701.215     12  17426.430    17426.731    17485.909
729  mtART+F+G4    8112.018     31  16286.036    16287.985    16439.689
751  mtZOA+G4      8656.424     12  17336.848    17337.149    17396.327
773  mtZOA+F+G4    8057.966     31  16177.931    16179.880    16331.584
795  mtMet+G4      8529.247     12  17082.494    17082.795    17141.972
817  mtMet+F+G4    8039.648     31  16141.297    16143.246    16294.950
839  mtVer+G4      8655.238     12  17334.476    17334.776    17393.954
861  mtVer+F+G4    8097.989     31  16257.979    16259.928    16411.632
883  mtInv+G4      8570.448     12  17164.897    17165.198    17224.375
905  mtInv+F+G4    8028.121     31  16118.241    16120.190    16271.894
927  mtMAM+G4      8773.302     12  17570.604    17570.905    17630.083
949  mtMAM+F+G4    8162.451     31  16386.902    16388.851    16540.555
WARNING: Normalizing state frequencies so that sum of them equals to 1
971  FLAVI+G4      8401.331     12  16826.662    16826.963    16886.140
WARNING: Normalizing state frequencies so that sum of them equals to 1
993  FLAVI+F+G4    8108.164     31  16278.328    16280.277    16431.981
1015  HIVb+G4       8268.110     12  16560.220    16560.521    16619.699
1037  HIVb+F+G4     8042.406     31  16146.811    16148.760    16300.464
1059  HIVw+G4       8308.900     12  16641.801    16642.102    16701.280
1081  HIVw+F+G4     8113.952     31  16289.904    16291.853    16443.557
1103  FLU+G4        8179.647     12  16383.295    16383.596    16442.773
1125  FLU+F+G4      8045.573     31  16153.146    16155.095    16306.799
1147  rtREV+G4      8276.385     12  16576.770    16577.071    16636.249
1169  rtREV+F+G4    8032.834     31  16127.667    16129.616    16281.320
1191  cpREV+G4      8251.568     12  16527.136    16527.437    16586.615
1213  cpREV+F+G4    8044.684     31  16151.368    16153.317    16305.021
Akaike Information Criterion:           JTT+F+G4
Corrected Akaike Information Criterion: JTT+F+G4
Bayesian Information Criterion:         JTT+F+G4
Best-fit model: JTT+F+G4 chosen according to BIC

All model information printed to results/06_PHYLO/noTg_tree/7485at5794/7485at5794.model.gz
CPU time for ModelFinder: 81.649 seconds (0h:1m:21s)
Wall-clock time for ModelFinder: 29.088 seconds (0h:0m:29s)
Generating 1000 samples for ultrafast bootstrap (seed: 705597)...

NOTE: 4 MB RAM (0 GB) is required!
Estimate model parameters (epsilon = 0.100)
1. Initial log-likelihood: -7969.885
Optimal log-likelihood: -7969.884
Gamma shape alpha: 0.424
Parameters optimization took 1 rounds (0.022 sec)
Wrote distance file to... 
Computing ML distances based on estimated model parameters...
Calculating distance matrix: done in 0.0062269 secs using 341.1% CPU
Computing ML distances took 0.008218 sec (of wall-clock time) 0.022555 sec (of CPU time)
Setting up auxiliary I and S matrices: done in 0.0016327 secs
Computing RapidNJ tree took 0.005326 sec (of wall-clock time) 0.000015 sec (of CPU time)
Log-likelihood of RapidNJ tree: -7971.552
--------------------------------------------------------------------
|             INITIALIZING CANDIDATE TREE SET                      |
--------------------------------------------------------------------
Generating 98 parsimony trees... 0.078 second
Computing log-likelihood of 42 initial trees ... 0.235 seconds
Current best score: -7969.884

Do NNI search on 20 best initial trees
Estimate model parameters (epsilon = 0.100)
BETTER TREE FOUND at iteration 1: -7969.884
Estimate model parameters (epsilon = 0.100)
BETTER TREE FOUND at iteration 2: -7969.189
Iteration 10 / LogL: -7970.288 / Time: 0h:0m:1s
Iteration 20 / LogL: -7969.679 / Time: 0h:0m:1s
Finish initializing candidate tree set (2)
Current best tree score: -7969.189 / CPU time: 1.497
Number of iterations: 20
--------------------------------------------------------------------
|               OPTIMIZING CANDIDATE TREE SET                      |
--------------------------------------------------------------------
Iteration 30 / LogL: -7969.965 / Time: 0h:0m:2s (0h:0m:5s left)
UPDATE BEST LOG-LIKELIHOOD: -7969.189
Iteration 40 / LogL: -7971.760 / Time: 0h:0m:2s (0h:0m:4s left)
Iteration 50 / LogL: -7969.347 / Time: 0h:0m:3s (0h:0m:3s left)
Log-likelihood cutoff on original alignment: -7980.208
Iteration 60 / LogL: -7969.918 / Time: 0h:0m:3s (0h:0m:2s left)
Iteration 70 / LogL: -7969.915 / Time: 0h:0m:4s (0h:0m:2s left)
Iteration 80 / LogL: -7969.914 / Time: 0h:0m:5s (0h:0m:1s left)
UPDATE BEST LOG-LIKELIHOOD: -7969.188
Iteration 90 / LogL: -7970.041 / Time: 0h:0m:5s (0h:0m:0s left)
UPDATE BEST LOG-LIKELIHOOD: -7969.188
UPDATE BEST LOG-LIKELIHOOD: -7969.188
Iteration 100 / LogL: -7969.188 / Time: 0h:0m:6s (0h:0m:0s left)
Log-likelihood cutoff on original alignment: -7981.123
NOTE: Bootstrap correlation coefficient of split occurrence frequencies: 1.000
TREE SEARCH COMPLETED AFTER 103 ITERATIONS / Time: 0h:0m:6s

--------------------------------------------------------------------
|                    FINALIZING TREE SEARCH                        |
--------------------------------------------------------------------
Performs final model parameters optimization
Estimate model parameters (epsilon = 0.010)
1. Initial log-likelihood: -7969.188
Optimal log-likelihood: -7969.187
Gamma shape alpha: 0.433
Parameters optimization took 1 rounds (0.020 sec)
BEST SCORE FOUND : -7969.187
Creating bootstrap support values...
Split supports printed to NEXUS file results/06_PHYLO/noTg_tree/7485at5794/7485at5794.splits.nex
Total tree length: 2.829

Total number of iterations: 103
CPU time used for tree search: 23.313 sec (0h:0m:23s)
Wall-clock time used for tree search: 6.170 sec (0h:0m:6s)
Total CPU time used: 23.739 sec (0h:0m:23s)
Total wall-clock time used: 6.405 sec (0h:0m:6s)

Computing bootstrap consensus tree...
Reading input file results/06_PHYLO/noTg_tree/7485at5794/7485at5794.splits.nex...
7 taxa and 15 splits.
Consensus tree written to results/06_PHYLO/noTg_tree/7485at5794/7485at5794.contree
Reading input trees file results/06_PHYLO/noTg_tree/7485at5794/7485at5794.contree
Log-likelihood of consensus tree: -7969.187

Analysis results written to: 
  IQ-TREE report:                results/06_PHYLO/noTg_tree/7485at5794/7485at5794.iqtree
  Maximum-likelihood tree:       results/06_PHYLO/noTg_tree/7485at5794/7485at5794.treefile
  Likelihood distances:          results/06_PHYLO/noTg_tree/7485at5794/7485at5794.mldist

Ultrafast bootstrap approximation results written to:
  Split support values:          results/06_PHYLO/noTg_tree/7485at5794/7485at5794.splits.nex
  Consensus tree:                results/06_PHYLO/noTg_tree/7485at5794/7485at5794.contree
  Screen log file:               results/06_PHYLO/noTg_tree/7485at5794/7485at5794.log

Date and Time: Mon Mar 18 02:49:31 2024
