IQ-TREE multicore version 2.3.0 COVID-edition for Linux 64-bit built Mar 14 2024
Developed by Bui Quang Minh, James Barbetti, Nguyen Lam Tung,
Olga Chernomor, Heiko Schmidt, Dominik Schrempf, Michael Woodhams, Ly Trong Nhan.

Host:    LAPTOP-L82QPIRU (AVX2, FMA3, 3 GB RAM)
Command: iqtree -s results/06_PHYLO/noTg_alignments/1595at5794.aln -m MFP -bb 1000 -nt AUTO -pre results/06_PHYLO/noTg_tree/1595at5794/1595at5794
Seed:    484110 (Using SPRNG - Scalable Parallel Random Number Generator)
Time:    Mon Mar 18 01:40:24 2024
Kernel:  AVX+FMA - auto-detect threads (8 CPU cores detected)

Reading alignment file results/06_PHYLO/noTg_alignments/1595at5794.aln ... Fasta format detected
Reading fasta file: done in 0.0026095 secs
Alignment most likely contains protein sequences
Alignment has 7 sequences with 1389 columns, 718 distinct patterns
361 parsimony-informative, 321 singleton sites, 707 constant sites
           Gap/Ambiguity  Composition  p-value
Analyzing sequences: done in 0.0002991 secs
   1  888_g_Ht    12.67%    passed     77.62%
   2  3192_g_Pb   14.69%    passed     24.89%
   3  951_g_Pc     6.91%    failed      0.13%
   4  314_g_Pf     8.42%    failed      4.22%
   5  991_g_Pk    17.57%    passed     65.85%
   6  938_g_Pv    11.52%    failed      0.10%
   7  327_g_Py     6.84%    passed     13.84%
****  TOTAL       11.23%  3 sequences failed composition chi2 test (p-value<5%; df=19)


Create initial parsimony tree by phylogenetic likelihood library (PLL)... 0.003 seconds
Measuring multi-threading efficiency up to 8 CPU cores
Increase to 10 rounds for branch lengths
79 trees examined
Threads: 1 / Time: 8.019 sec / Speedup: 1.000 / Efficiency: 100% / LogL: -11910
Threads: 2 / Time: 4.714 sec / Speedup: 1.701 / Efficiency: 85% / LogL: -11910
Threads: 3 / Time: 3.802 sec / Speedup: 2.109 / Efficiency: 70% / LogL: -11910
Threads: 4 / Time: 3.686 sec / Speedup: 2.176 / Efficiency: 54% / LogL: -11910
Threads: 5 / Time: 3.469 sec / Speedup: 2.312 / Efficiency: 46% / LogL: -11910
BEST NUMBER OF THREADS: 3

Perform fast likelihood tree search using LG+I+G model...
Estimate model parameters (epsilon = 5.000)
Perform nearest neighbor interchange...
Estimate model parameters (epsilon = 1.000)
1. Initial log-likelihood: -10678.158
Optimal log-likelihood: -10678.121
Proportion of invariable sites: 0.248
Gamma shape alpha: 0.816
Parameters optimization took 1 rounds (0.025 sec)
Time for fast ML tree search: 0.170 seconds

NOTE: ModelFinder requires 10 MB RAM!
ModelFinder will test up to 1232 protein models (sample size: 1389) ...
 No. Model         -LnL         df  AIC          AICc         BIC
  1  LG            11044.977    11  22111.954    22112.145    22169.554
  2  LG+I          10741.172    12  21506.343    21506.570    21569.179
  3  LG+G4         10680.292    12  21384.584    21384.810    21447.420
  4  LG+I+G4       10678.104    13  21382.209    21382.473    21450.281
  5  LG+R2         10694.917    13  21415.835    21416.100    21483.907
  6  LG+R3         10674.790    15  21379.581    21379.930    21458.126
  7  LG+R4         10674.504    17  21383.008    21383.454    21472.026
 14  LG+I+R2       10675.361    14  21378.722    21379.028    21452.031
 15  LG+I+R3       10674.492    16  21380.983    21381.380    21464.765
 25  LG+F+G4       10538.041    31  21138.082    21139.544    21300.409
 26  LG+F+I+G4     10535.307    32  21134.613    21136.171    21302.176
 36  LG+F+I+R2     10532.205    33  21130.410    21132.066    21303.209
 47  WAG+G4        10743.247    12  21510.494    21510.721    21573.330
 48  WAG+I+G4      10739.797    13  21505.595    21505.860    21573.667
 58  WAG+I+R2      10736.702    14  21501.404    21501.710    21574.713
 69  WAG+F+G4      10564.232    31  21190.464    21191.926    21352.790
 70  WAG+F+I+G4    10560.915    32  21185.829    21187.387    21353.392
 80  WAG+F+I+R2    10557.706    33  21181.413    21183.069    21354.212
 91  JTT+G4        10730.058    12  21484.115    21484.342    21546.951
 92  JTT+I+G4      10726.917    13  21479.834    21480.098    21547.906
102  JTT+I+R2      10724.077    14  21476.153    21476.459    21549.462
113  JTT+F+G4      10550.106    31  21162.211    21163.673    21324.538
114  JTT+F+I+G4    10546.926    32  21157.852    21159.409    21325.415
124  JTT+F+I+R2    10544.905    33  21155.810    21157.466    21328.609
WARNING: Normalizing state frequencies so that sum of them equals to 1
135  Q.pfam+G4     10721.862    12  21467.724    21467.951    21530.560
WARNING: Normalizing state frequencies so that sum of them equals to 1
136  Q.pfam+I+G4   10719.197    13  21464.394    21464.658    21532.466
WARNING: Normalizing state frequencies so that sum of them equals to 1
146  Q.pfam+I+R2   10717.197    14  21462.394    21462.700    21535.703
WARNING: Normalizing state frequencies so that sum of them equals to 1
157  Q.pfam+F+G4   10543.530    31  21149.060    21150.522    21311.386
WARNING: Normalizing state frequencies so that sum of them equals to 1
158  Q.pfam+F+I+G4 10540.638    32  21145.276    21146.834    21312.839
WARNING: Normalizing state frequencies so that sum of them equals to 1
168  Q.pfam+F+I+R2 10538.386    33  21142.772    21144.428    21315.571
WARNING: Normalizing state frequencies so that sum of them equals to 1
179  Q.bird+G4     10851.314    12  21726.627    21726.854    21789.463
WARNING: Normalizing state frequencies so that sum of them equals to 1
180  Q.bird+I+G4   10847.523    13  21721.047    21721.312    21789.119
WARNING: Normalizing state frequencies so that sum of them equals to 1
190  Q.bird+I+R2   10847.151    14  21722.302    21722.608    21795.611
WARNING: Normalizing state frequencies so that sum of them equals to 1
201  Q.bird+F+G4   10634.557    31  21331.114    21332.576    21493.441
WARNING: Normalizing state frequencies so that sum of them equals to 1
202  Q.bird+F+I+G4 10631.609    32  21327.218    21328.776    21494.781
WARNING: Normalizing state frequencies so that sum of them equals to 1
212  Q.bird+F+I+R2 10632.494    33  21330.987    21332.644    21503.787
WARNING: Normalizing state frequencies so that sum of them equals to 1
223  Q.mammal+G4   10854.758    12  21733.517    21733.743    21796.353
WARNING: Normalizing state frequencies so that sum of them equals to 1
224  Q.mammal+I+G4 10851.524    13  21729.047    21729.312    21797.120
WARNING: Normalizing state frequencies so that sum of them equals to 1
234  Q.mammal+I+R2 10849.899    14  21727.798    21728.104    21801.107
WARNING: Normalizing state frequencies so that sum of them equals to 1
245  Q.mammal+F+G4 10612.237    31  21286.474    21287.936    21448.801
WARNING: Normalizing state frequencies so that sum of them equals to 1
246  Q.mammal+F+I+G4 10609.632    32  21283.264    21284.822    21450.827
WARNING: Normalizing state frequencies so that sum of them equals to 1
256  Q.mammal+F+I+R2 10609.789    33  21285.577    21287.233    21458.377
267  Q.insect+G4   10635.380    12  21294.760    21294.986    21357.596
268  Q.insect+I+G4 10632.601    13  21291.201    21291.466    21359.274
278  Q.insect+I+R2 10631.159    14  21290.319    21290.625    21363.628
289  Q.insect+F+G4 10539.049    31  21140.097    21141.559    21302.424
290  Q.insect+F+I+G4 10535.837    32  21135.673    21137.231    21303.236
300  Q.insect+F+I+R2 10534.589    33  21135.177    21136.833    21307.976
WARNING: Normalizing state frequencies so that sum of them equals to 1
311  Q.plant+G4    10708.837    12  21441.674    21441.900    21504.510
WARNING: Normalizing state frequencies so that sum of them equals to 1
312  Q.plant+I+G4  10705.478    13  21436.957    21437.222    21505.029
WARNING: Normalizing state frequencies so that sum of them equals to 1
322  Q.plant+I+R2  10702.511    14  21433.021    21433.327    21506.330
WARNING: Normalizing state frequencies so that sum of them equals to 1
333  Q.plant+F+G4  10551.425    31  21164.849    21166.311    21327.176
WARNING: Normalizing state frequencies so that sum of them equals to 1
334  Q.plant+F+I+G4 10548.050    32  21160.099    21161.657    21327.662
WARNING: Normalizing state frequencies so that sum of them equals to 1
344  Q.plant+F+I+R2 10544.897    33  21155.793    21157.450    21328.593
WARNING: Normalizing state frequencies so that sum of them equals to 1
355  Q.yeast+G4    10623.103    12  21270.207    21270.434    21333.043
WARNING: Normalizing state frequencies so that sum of them equals to 1
356  Q.yeast+I+G4  10620.136    13  21266.272    21266.537    21334.344
WARNING: Normalizing state frequencies so that sum of them equals to 1
366  Q.yeast+I+R2  10618.915    14  21265.830    21266.136    21339.139
WARNING: Normalizing state frequencies so that sum of them equals to 1
377  Q.yeast+F+G4  10525.382    31  21112.763    21114.225    21275.090
WARNING: Normalizing state frequencies so that sum of them equals to 1
378  Q.yeast+F+I+G4 10522.252    32  21108.505    21110.062    21276.068
WARNING: Normalizing state frequencies so that sum of them equals to 1
388  Q.yeast+F+I+R2 10520.737    33  21107.474    21109.130    21280.273
399  JTTDCMut+G4   10729.698    12  21483.396    21483.623    21546.232
400  JTTDCMut+I+G4 10726.591    13  21479.183    21479.447    21547.255
410  JTTDCMut+I+R2 10723.619    14  21475.239    21475.544    21548.548
421  JTTDCMut+F+G4 10550.358    31  21162.716    21164.179    21325.043
422  JTTDCMut+F+I+G4 10547.196    32  21158.392    21159.950    21325.955
432  JTTDCMut+F+I+R2 10545.032    33  21156.063    21157.719    21328.863
443  DCMut+G4      10825.529    12  21675.059    21675.286    21737.895
444  DCMut+I+G4    10822.138    13  21670.276    21670.541    21738.348
454  DCMut+I+R2    10819.283    14  21666.565    21666.871    21739.874
465  DCMut+F+G4    10599.465    31  21260.929    21262.391    21423.256
466  DCMut+F+I+G4  10596.185    32  21256.370    21257.927    21423.932
476  DCMut+F+I+R2  10595.068    33  21256.136    21257.792    21428.935
487  VT+G4         10727.136    12  21478.271    21478.498    21541.107
488  VT+I+G4       10723.572    13  21473.145    21473.410    21541.217
498  VT+I+R2       10722.399    14  21472.798    21473.103    21546.106
509  VT+F+G4       10581.196    31  21224.393    21225.855    21386.719
510  VT+F+I+G4     10577.433    32  21218.867    21220.424    21386.429
520  VT+F+I+R2     10576.109    33  21218.219    21219.875    21391.018
531  PMB+G4        10830.767    12  21685.534    21685.761    21748.370
532  PMB+I+G4      10827.399    13  21680.799    21681.063    21748.871
542  PMB+I+R2      10826.805    14  21681.611    21681.916    21754.919
553  PMB+F+G4      10647.327    31  21356.653    21358.115    21518.980
554  PMB+F+I+G4    10643.790    32  21351.581    21353.139    21519.144
564  PMB+F+I+R2    10642.136    33  21350.272    21351.929    21523.072
575  Blosum62+G4   10778.813    12  21581.625    21581.852    21644.462
576  Blosum62+I+G4 10776.066    13  21578.133    21578.397    21646.205
586  Blosum62+I+R2 10775.415    14  21578.831    21579.136    21652.139
597  Blosum62+F+G4 10634.379    31  21330.758    21332.220    21493.085
598  Blosum62+F+I+G4 10631.184    32  21326.367    21327.925    21493.930
608  Blosum62+F+I+R2 10629.876    33  21325.752    21327.408    21498.551
619  Dayhoff+G4    10825.136    12  21674.271    21674.498    21737.107
620  Dayhoff+I+G4  10821.765    13  21669.531    21669.796    21737.603
630  Dayhoff+I+R2  10818.924    14  21665.848    21666.154    21739.157
641  Dayhoff+F+G4  10599.023    31  21260.047    21261.509    21422.373
642  Dayhoff+F+I+G4 10595.751    32  21255.502    21257.059    21423.064
652  Dayhoff+F+I+R2 10594.662    33  21255.324    21256.980    21428.123
663  mtREV+G4      11227.121    12  22478.242    22478.469    22541.078
664  mtREV+I+G4    11227.915    13  22481.830    22482.095    22549.902
674  mtREV+I+R2    11226.188    14  22480.375    22480.681    22553.684
685  mtREV+F+G4    10634.323    31  21330.645    21332.108    21492.972
686  mtREV+F+I+G4  10633.149    32  21330.297    21331.855    21497.860
696  mtREV+F+I+R2  10628.150    33  21322.301    21323.957    21495.100
707  mtART+G4      11248.154    12  22520.309    22520.535    22583.145
708  mtART+I+G4    11248.827    13  22523.655    22523.920    22591.727
718  mtART+I+R2    11251.614    14  22531.228    22531.533    22604.536
729  mtART+F+G4    10668.983    31  21399.966    21401.428    21562.292
730  mtART+F+I+G4  10669.164    32  21402.328    21403.886    21569.891
740  mtART+F+I+R2  10666.343    33  21398.686    21400.343    21571.486
751  mtZOA+G4      11178.129    12  22380.258    22380.485    22443.094
752  mtZOA+I+G4    11179.123    13  22384.247    22384.511    22452.319
762  mtZOA+I+R2    11178.967    14  22385.934    22386.239    22459.243
773  mtZOA+F+G4    10592.963    31  21247.926    21249.388    21410.253
774  mtZOA+F+I+G4  10592.775    32  21249.551    21251.108    21417.113
784  mtZOA+F+I+R2  10589.405    33  21244.811    21246.467    21417.610
795  mtMet+G4      11089.236    12  22202.473    22202.699    22265.309
796  mtMet+I+G4    11091.346    13  22208.691    22208.956    22276.764
806  mtMet+I+R2    11088.549    14  22205.098    22205.404    22278.407
817  mtMet+F+G4    10605.467    31  21272.934    21274.397    21435.261
818  mtMet+F+I+G4  10604.089    32  21272.177    21273.735    21439.740
828  mtMet+F+I+R2  10601.762    33  21269.525    21271.181    21442.324
839  mtVer+G4      11248.364    12  22520.729    22520.956    22583.565
840  mtVer+I+G4    11250.788    13  22527.576    22527.841    22595.648
850  mtVer+I+R2    11248.975    14  22525.951    22526.256    22599.260
861  mtVer+F+G4    10663.040    31  21388.079    21389.541    21550.406
862  mtVer+F+I+G4  10660.959    32  21385.918    21387.475    21553.481
872  mtVer+F+I+R2  10660.204    33  21386.409    21388.065    21559.208
883  mtInv+G4      11145.422    12  22314.843    22315.070    22377.680
884  mtInv+I+G4    11146.705    13  22319.410    22319.675    22387.483
894  mtInv+I+R2    11144.081    14  22316.162    22316.468    22389.471
905  mtInv+F+G4    10590.105    31  21242.209    21243.672    21404.536
906  mtInv+F+I+G4  10588.442    32  21240.885    21242.443    21408.448
916  mtInv+F+I+R2  10584.965    33  21235.930    21237.586    21408.729
927  mtMAM+G4      11300.078    12  22624.156    22624.382    22686.992
928  mtMAM+I+G4    11300.833    13  22627.667    22627.931    22695.739
938  mtMAM+I+R2    11306.543    14  22641.087    22641.392    22714.395
949  mtMAM+F+G4    10708.393    31  21478.786    21480.248    21641.113
950  mtMAM+F+I+G4  10707.376    32  21478.752    21480.309    21646.314
960  mtMAM+F+I+R2  10706.239    33  21478.477    21480.133    21651.276
WARNING: Normalizing state frequencies so that sum of them equals to 1
971  FLAVI+G4      11031.072    12  22086.144    22086.371    22148.980
WARNING: Normalizing state frequencies so that sum of them equals to 1
972  FLAVI+I+G4    11029.794    13  22085.588    22085.852    22153.660
WARNING: Normalizing state frequencies so that sum of them equals to 1
982  FLAVI+I+R2    11032.002    14  22092.005    22092.311    22165.314
WARNING: Normalizing state frequencies so that sum of them equals to 1
993  FLAVI+F+G4    10738.185    31  21538.370    21539.832    21700.696
WARNING: Normalizing state frequencies so that sum of them equals to 1
994  FLAVI+F+I+G4  10737.008    32  21538.016    21539.574    21705.579
WARNING: Normalizing state frequencies so that sum of them equals to 1
1004  FLAVI+F+I+R2  10735.697    33  21537.394    21539.050    21710.194
1015  HIVb+G4       10825.080    12  21674.159    21674.386    21736.995
1016  HIVb+I+G4     10822.077    13  21670.153    21670.418    21738.226
1026  HIVb+I+R2     10818.269    14  21664.538    21664.843    21737.846
1037  HIVb+F+G4     10649.538    31  21361.075    21362.537    21523.402
1038  HIVb+F+I+G4   10647.022    32  21358.044    21359.601    21525.606
1048  HIVb+F+I+R2   10643.072    33  21352.144    21353.800    21524.943
1059  HIVw+G4       10952.033    12  21928.065    21928.292    21990.901
1060  HIVw+I+G4     10947.988    13  21921.975    21922.240    21990.047
1070  HIVw+I+R2     10948.178    14  21924.357    21924.663    21997.666
1081  HIVw+F+G4     10786.571    31  21635.143    21636.605    21797.469
1082  HIVw+F+I+G4   10781.347    32  21626.694    21628.251    21794.256
1092  HIVw+F+I+R2   10781.428    33  21628.856    21630.512    21801.655
1103  FLU+G4        10764.197    12  21552.394    21552.621    21615.230
1104  FLU+I+G4      10763.653    13  21553.306    21553.570    21621.378
1114  FLU+I+R2      10763.730    14  21555.461    21555.766    21628.769
1125  FLU+F+G4      10660.267    31  21382.534    21383.996    21544.861
1126  FLU+F+I+G4    10658.483    32  21380.967    21382.525    21548.530
1136  FLU+F+I+R2    10660.174    33  21386.347    21388.003    21559.147
1147  rtREV+G4      10776.609    12  21577.218    21577.445    21640.054
1148  rtREV+I+G4    10774.658    13  21575.316    21575.581    21643.389
1158  rtREV+I+R2    10774.607    14  21577.215    21577.520    21650.523
1169  rtREV+F+G4    10567.877    31  21197.753    21199.215    21360.080
1170  rtREV+F+I+G4  10565.403    32  21194.806    21196.364    21362.369
1180  rtREV+F+I+R2  10564.260    33  21194.519    21196.175    21367.318
1191  cpREV+G4      10757.432    12  21538.865    21539.091    21601.701
1192  cpREV+I+G4    10756.101    13  21538.202    21538.466    21606.274
1202  cpREV+I+R2    10753.305    14  21534.610    21534.916    21607.919
1213  cpREV+F+G4    10591.987    31  21245.974    21247.436    21408.300
1214  cpREV+F+I+G4  10590.595    32  21245.190    21246.748    21412.753
1224  cpREV+F+I+R2  10587.264    33  21240.529    21242.185    21413.328
Akaike Information Criterion:           Q.yeast+F+I+R2
Corrected Akaike Information Criterion: Q.yeast+F+I+R2
Bayesian Information Criterion:         Q.yeast+F+G4
Best-fit model: Q.yeast+F+G4 chosen according to BIC

All model information printed to results/06_PHYLO/noTg_tree/1595at5794/1595at5794.model.gz
CPU time for ModelFinder: 143.481 seconds (0h:2m:23s)
Wall-clock time for ModelFinder: 51.436 seconds (0h:0m:51s)
Generating 1000 samples for ultrafast bootstrap (seed: 484110)...
WARNING: Normalizing state frequencies so that sum of them equals to 1

NOTE: 6 MB RAM (0 GB) is required!
Estimate model parameters (epsilon = 0.100)
1. Initial log-likelihood: -10525.382
Optimal log-likelihood: -10525.381
Gamma shape alpha: 0.405
Parameters optimization took 1 rounds (0.017 sec)
Wrote distance file to... 
Computing ML distances based on estimated model parameters...
Calculating distance matrix: done in 0.0044087 secs using 283.7% CPU
Computing ML distances took 0.005513 sec (of wall-clock time) 0.012893 sec (of CPU time)
Setting up auxiliary I and S matrices: done in 0.0006429 secs
Computing RapidNJ tree took 0.003068 sec (of wall-clock time) 0.000008 sec (of CPU time)
Log-likelihood of RapidNJ tree: -10528.944
--------------------------------------------------------------------
|             INITIALIZING CANDIDATE TREE SET                      |
--------------------------------------------------------------------
Generating 98 parsimony trees... 0.089 second
Computing log-likelihood of 42 initial trees ... 0.319 seconds
Current best score: -10525.381

Do NNI search on 20 best initial trees
Estimate model parameters (epsilon = 0.100)
BETTER TREE FOUND at iteration 1: -10525.381
Iteration 10 / LogL: -10525.570 / Time: 0h:0m:1s
Iteration 20 / LogL: -10525.498 / Time: 0h:0m:2s
Finish initializing candidate tree set (1)
Current best tree score: -10525.381 / CPU time: 1.926
Number of iterations: 20
--------------------------------------------------------------------
|               OPTIMIZING CANDIDATE TREE SET                      |
--------------------------------------------------------------------
UPDATE BEST LOG-LIKELIHOOD: -10525.381
UPDATE BEST LOG-LIKELIHOOD: -10525.381
UPDATE BEST LOG-LIKELIHOOD: -10525.381
Iteration 30 / LogL: -10525.381 / Time: 0h:0m:2s (0h:0m:6s left)
Iteration 40 / LogL: -10525.407 / Time: 0h:0m:3s (0h:0m:5s left)
Iteration 50 / LogL: -10525.381 / Time: 0h:0m:4s (0h:0m:4s left)
Log-likelihood cutoff on original alignment: -10539.410
Iteration 60 / LogL: -10525.452 / Time: 0h:0m:4s (0h:0m:3s left)
Iteration 70 / LogL: -10525.424 / Time: 0h:0m:5s (0h:0m:2s left)
Iteration 80 / LogL: -10525.575 / Time: 0h:0m:6s (0h:0m:1s left)
Iteration 90 / LogL: -10525.396 / Time: 0h:0m:7s (0h:0m:0s left)
Iteration 100 / LogL: -10526.109 / Time: 0h:0m:8s (0h:0m:0s left)
Log-likelihood cutoff on original alignment: -10538.831
NOTE: Bootstrap correlation coefficient of split occurrence frequencies: 1.000
TREE SEARCH COMPLETED AFTER 102 ITERATIONS / Time: 0h:0m:8s

--------------------------------------------------------------------
|                    FINALIZING TREE SEARCH                        |
--------------------------------------------------------------------
Performs final model parameters optimization
Estimate model parameters (epsilon = 0.010)
1. Initial log-likelihood: -10525.381
Optimal log-likelihood: -10525.381
Gamma shape alpha: 0.405
Parameters optimization took 1 rounds (0.024 sec)
BEST SCORE FOUND : -10525.381
Creating bootstrap support values...
Split supports printed to NEXUS file results/06_PHYLO/noTg_tree/1595at5794/1595at5794.splits.nex
Total tree length: 2.229

Total number of iterations: 102
CPU time used for tree search: 23.267 sec (0h:0m:23s)
Wall-clock time used for tree search: 8.070 sec (0h:0m:8s)
Total CPU time used: 23.546 sec (0h:0m:23s)
Total wall-clock time used: 8.281 sec (0h:0m:8s)

Computing bootstrap consensus tree...
Reading input file results/06_PHYLO/noTg_tree/1595at5794/1595at5794.splits.nex...
7 taxa and 15 splits.
Consensus tree written to results/06_PHYLO/noTg_tree/1595at5794/1595at5794.contree
Reading input trees file results/06_PHYLO/noTg_tree/1595at5794/1595at5794.contree
Log-likelihood of consensus tree: -10525.382

Analysis results written to: 
  IQ-TREE report:                results/06_PHYLO/noTg_tree/1595at5794/1595at5794.iqtree
  Maximum-likelihood tree:       results/06_PHYLO/noTg_tree/1595at5794/1595at5794.treefile
  Likelihood distances:          results/06_PHYLO/noTg_tree/1595at5794/1595at5794.mldist

Ultrafast bootstrap approximation results written to:
  Split support values:          results/06_PHYLO/noTg_tree/1595at5794/1595at5794.splits.nex
  Consensus tree:                results/06_PHYLO/noTg_tree/1595at5794/1595at5794.contree
  Screen log file:               results/06_PHYLO/noTg_tree/1595at5794/1595at5794.log

Date and Time: Mon Mar 18 01:41:24 2024
