IQ-TREE multicore version 2.3.0 COVID-edition for Linux 64-bit built Mar 14 2024
Developed by Bui Quang Minh, James Barbetti, Nguyen Lam Tung,
Olga Chernomor, Heiko Schmidt, Dominik Schrempf, Michael Woodhams, Ly Trong Nhan.

Host:    LAPTOP-L82QPIRU (AVX2, FMA3, 3 GB RAM)
Command: iqtree -s results/06_PHYLO/noTg_alignments/6367at5794.aln -m MFP -bb 1000 -nt AUTO -pre results/06_PHYLO/noTg_tree/6367at5794/6367at5794
Seed:    296554 (Using SPRNG - Scalable Parallel Random Number Generator)
Time:    Mon Mar 18 02:42:29 2024
Kernel:  AVX+FMA - auto-detect threads (8 CPU cores detected)

Reading alignment file results/06_PHYLO/noTg_alignments/6367at5794.aln ... Fasta format detected
Reading fasta file: done in 0.0012836 secs
Alignment most likely contains protein sequences
Alignment has 7 sequences with 2111 columns, 398 distinct patterns
148 parsimony-informative, 220 singleton sites, 1743 constant sites
           Gap/Ambiguity  Composition  p-value
Analyzing sequences: done in 4.36e-05 secs using 91.74% CPU
   1  1063_g_Ht   68.50%    passed     30.23%
   2  4142_g_Pb   68.02%    failed      0.00%
   3  3936_g_Pc    3.41%    failed      0.00%
   4  4197_g_Pf   67.74%    passed      9.56%
   5  4055_g_Pk   68.12%    passed     83.80%
   6  3933_g_Pv   66.37%    passed     28.44%
   7  2096_g_Py   68.36%    failed      0.16%
WARNING: 6 sequences contain more than 50% gaps/ambiguity
****  TOTAL       58.65%  3 sequences failed composition chi2 test (p-value<5%; df=19)


Create initial parsimony tree by phylogenetic likelihood library (PLL)... 0.002 seconds
Measuring multi-threading efficiency up to 8 CPU cores
Increase to 10 rounds for branch lengths
124 trees examined
Threads: 1 / Time: 8.029 sec / Speedup: 1.000 / Efficiency: 100% / LogL: -9967
Threads: 2 / Time: 5.272 sec / Speedup: 1.523 / Efficiency: 76% / LogL: -9967
Threads: 3 / Time: 4.150 sec / Speedup: 1.935 / Efficiency: 64% / LogL: -9967
Threads: 4 / Time: 3.573 sec / Speedup: 2.247 / Efficiency: 56% / LogL: -9967
Threads: 5 / Time: 3.654 sec / Speedup: 2.197 / Efficiency: 44% / LogL: -9967
BEST NUMBER OF THREADS: 4

Perform fast likelihood tree search using LG+I+G model...
Estimate model parameters (epsilon = 5.000)
Perform nearest neighbor interchange...
Estimate model parameters (epsilon = 1.000)
1. Initial log-likelihood: -9584.180
Optimal log-likelihood: -9583.864
Proportion of invariable sites: 0.392
Gamma shape alpha: 1.050
Parameters optimization took 1 rounds (0.018 sec)
Time for fast ML tree search: 0.101 seconds

NOTE: ModelFinder requires 6 MB RAM!
ModelFinder will test up to 1232 protein models (sample size: 2111) ...
 No. Model         -LnL         df  AIC          AICc         BIC
  1  LG            9813.037     11  19648.075    19648.200    19710.279
  2  LG+I          9620.504     12  19265.007    19265.156    19332.866
  3  LG+G4         9581.823     12  19187.647    19187.796    19255.506
  4  LG+I+G4       9582.233     13  19190.466    19190.640    19263.980
  5  LG+R2         9596.166     13  19218.331    19218.505    19291.845
  6  LG+R3         9577.022     15  19184.045    19184.274    19268.869
  7  LG+R4         9576.930     17  19187.860    19188.152    19283.993
 14  LG+I+R2       9576.826     14  19181.651    19181.852    19260.820
 15  LG+I+R3       9576.768     16  19185.536    19185.796    19276.015
 25  LG+F+G4       9404.156     31  18870.312    18871.266    19045.615
 26  LG+F+I+G4     9404.607     32  18873.214    18874.231    19054.172
 36  LG+F+I+R2     9399.634     33  18865.268    18866.349    19051.880
 47  WAG+G4        9564.732     12  19153.465    19153.613    19221.324
 48  WAG+I+G4      9563.441     13  19152.882    19153.055    19226.396
 58  WAG+I+R2      9557.866     14  19143.733    19143.933    19222.901
 69  WAG+F+G4      9397.550     31  18857.101    18858.055    19032.403
 70  WAG+F+I+G4    9396.760     32  18857.520    18858.536    19038.477
 80  WAG+F+I+R2    9391.549     33  18849.097    18850.178    19035.709
 91  JTT+G4        9554.133     12  19132.266    19132.415    19200.125
 92  JTT+I+G4      9553.268     13  19132.535    19132.709    19206.049
102  JTT+I+R2      9549.507     14  19127.015    19127.215    19206.184
113  JTT+F+G4      9392.688     31  18847.375    18848.329    19022.678
114  JTT+F+I+G4    9392.376     32  18848.752    18849.768    19029.709
124  JTT+F+I+R2    9388.772     33  18843.543    18844.624    19030.156
WARNING: Normalizing state frequencies so that sum of them equals to 1
135  Q.pfam+G4     9588.265     12  19200.531    19200.680    19268.390
WARNING: Normalizing state frequencies so that sum of them equals to 1
136  Q.pfam+I+G4   9588.369     13  19202.738    19202.911    19276.251
WARNING: Normalizing state frequencies so that sum of them equals to 1
146  Q.pfam+I+R2   9583.823     14  19195.646    19195.847    19274.815
WARNING: Normalizing state frequencies so that sum of them equals to 1
157  Q.pfam+F+G4   9404.684     31  18871.368    18872.322    19046.670
WARNING: Normalizing state frequencies so that sum of them equals to 1
158  Q.pfam+F+I+G4 9405.048     32  18874.095    18875.111    19055.052
WARNING: Normalizing state frequencies so that sum of them equals to 1
168  Q.pfam+F+I+R2 9400.770     33  18867.539    18868.620    19054.151
WARNING: Normalizing state frequencies so that sum of them equals to 1
179  Q.bird+G4     9615.123     12  19254.247    19254.395    19322.106
WARNING: Normalizing state frequencies so that sum of them equals to 1
180  Q.bird+I+G4   9615.839     13  19257.677    19257.851    19331.191
WARNING: Normalizing state frequencies so that sum of them equals to 1
190  Q.bird+I+R2   9611.985     14  19251.970    19252.171    19331.139
WARNING: Normalizing state frequencies so that sum of them equals to 1
201  Q.bird+F+G4   9426.654     31  18915.308    18916.262    19090.610
WARNING: Normalizing state frequencies so that sum of them equals to 1
202  Q.bird+F+I+G4 9427.907     32  18919.813    18920.830    19100.771
WARNING: Normalizing state frequencies so that sum of them equals to 1
212  Q.bird+F+I+R2 9424.103     33  18914.206    18915.287    19100.818
WARNING: Normalizing state frequencies so that sum of them equals to 1
223  Q.mammal+G4   9631.627     12  19287.254    19287.403    19355.113
WARNING: Normalizing state frequencies so that sum of them equals to 1
224  Q.mammal+I+G4 9633.036     13  19292.072    19292.246    19365.586
WARNING: Normalizing state frequencies so that sum of them equals to 1
234  Q.mammal+I+R2 9628.512     14  19285.024    19285.224    19364.193
WARNING: Normalizing state frequencies so that sum of them equals to 1
245  Q.mammal+F+G4 9418.934     31  18899.868    18900.822    19075.170
WARNING: Normalizing state frequencies so that sum of them equals to 1
246  Q.mammal+F+I+G4 9420.643     32  18905.285    18906.302    19086.243
WARNING: Normalizing state frequencies so that sum of them equals to 1
256  Q.mammal+F+I+R2 9416.467     33  18898.934    18900.014    19085.546
267  Q.insect+G4   9580.771     12  19185.542    19185.690    19253.401
268  Q.insect+I+G4 9582.412     13  19190.824    19190.997    19264.338
278  Q.insect+I+R2 9578.215     14  19184.430    19184.630    19263.599
289  Q.insect+F+G4 9410.788     31  18883.575    18884.530    19058.878
290  Q.insect+F+I+G4 9411.807     32  18887.615    18888.631    19068.572
300  Q.insect+F+I+R2 9408.691     33  18883.382    18884.462    19069.994
WARNING: Normalizing state frequencies so that sum of them equals to 1
311  Q.plant+G4    9577.913     12  19179.826    19179.975    19247.685
WARNING: Normalizing state frequencies so that sum of them equals to 1
312  Q.plant+I+G4  9580.121     13  19186.242    19186.416    19259.756
WARNING: Normalizing state frequencies so that sum of them equals to 1
322  Q.plant+I+R2  9575.085     14  19178.169    19178.369    19257.338
WARNING: Normalizing state frequencies so that sum of them equals to 1
333  Q.plant+F+G4  9401.774     31  18865.547    18866.502    19040.850
WARNING: Normalizing state frequencies so that sum of them equals to 1
334  Q.plant+F+I+G4 9403.408     32  18870.816    18871.832    19051.773
WARNING: Normalizing state frequencies so that sum of them equals to 1
344  Q.plant+F+I+R2 9399.436     33  18864.871    18865.952    19051.483
WARNING: Normalizing state frequencies so that sum of them equals to 1
355  Q.yeast+G4    9569.675     12  19163.351    19163.499    19231.210
WARNING: Normalizing state frequencies so that sum of them equals to 1
356  Q.yeast+I+G4  9570.446     13  19166.893    19167.066    19240.407
WARNING: Normalizing state frequencies so that sum of them equals to 1
366  Q.yeast+I+R2  9566.640     14  19161.280    19161.481    19240.449
WARNING: Normalizing state frequencies so that sum of them equals to 1
377  Q.yeast+F+G4  9410.051     31  18882.103    18883.057    19057.405
WARNING: Normalizing state frequencies so that sum of them equals to 1
378  Q.yeast+F+I+G4 9410.347     32  18884.695    18885.711    19065.652
WARNING: Normalizing state frequencies so that sum of them equals to 1
388  Q.yeast+F+I+R2 9406.847     33  18879.694    18880.775    19066.307
399  JTTDCMut+G4   9552.515     12  19129.030    19129.179    19196.889
400  JTTDCMut+I+G4 9551.757     13  19129.515    19129.688    19203.029
410  JTTDCMut+I+R2 9547.754     14  19123.509    19123.709    19202.677
421  JTTDCMut+F+G4 9392.292     31  18846.584    18847.538    19021.886
422  JTTDCMut+F+I+G4 9392.055     32  18848.109    18849.126    19029.067
432  JTTDCMut+F+I+R2 9388.267     33  18842.535    18843.615    19029.147
443  DCMut+G4      9592.380     12  19208.760    19208.909    19276.619
444  DCMut+I+G4    9590.906     13  19207.811    19207.985    19281.325
454  DCMut+I+R2    9585.342     14  19198.684    19198.884    19277.853
465  DCMut+F+G4    9421.574     31  18905.149    18906.103    19080.451
466  DCMut+F+I+G4  9420.981     32  18905.961    18906.978    19086.919
476  DCMut+F+I+R2  9416.447     33  18898.895    18899.975    19085.507
487  VT+G4         9556.044     12  19136.088    19136.237    19203.947
488  VT+I+G4       9554.160     13  19134.320    19134.494    19207.834
498  VT+I+R2       9551.547     14  19131.094    19131.294    19210.263
509  VT+F+G4       9406.610     31  18875.221    18876.175    19050.523
510  VT+F+I+G4     9405.122     32  18874.244    18875.260    19055.201
520  VT+F+I+R2     9402.529     33  18871.057    18872.138    19057.670
531  PMB+G4        9631.157     12  19286.315    19286.463    19354.174
532  PMB+I+G4      9628.579     13  19283.157    19283.331    19356.671
542  PMB+I+R2      9627.954     14  19283.908    19284.108    19363.077
553  PMB+F+G4      9430.764     31  18923.529    18924.483    19098.831
554  PMB+F+I+G4    9428.988     32  18921.977    18922.993    19102.934
564  PMB+F+I+R2    9427.134     33  18920.268    18921.348    19106.880
575  Blosum62+G4   9609.259     12  19242.519    19242.667    19310.378
576  Blosum62+I+G4 9607.189     13  19240.379    19240.552    19313.892
586  Blosum62+I+R2 9606.355     14  19240.710    19240.910    19319.879
597  Blosum62+F+G4 9434.448     31  18930.897    18931.851    19106.199
598  Blosum62+F+I+G4 9432.659     32  18929.317    18930.334    19110.275
608  Blosum62+F+I+R2 9431.797     33  18929.594    18930.675    19116.207
619  Dayhoff+G4    9592.074     12  19208.149    19208.298    19276.008
620  Dayhoff+I+G4  9590.642     13  19207.285    19207.458    19280.799
630  Dayhoff+I+R2  9585.114     14  19198.227    19198.428    19277.396
641  Dayhoff+F+G4  9421.208     31  18904.416    18905.370    19079.718
642  Dayhoff+F+I+G4 9420.657     32  18905.315    18906.331    19086.272
652  Dayhoff+F+I+R2 9416.151     33  18898.302    18899.382    19084.914
663  mtREV+G4      10121.285    12  20266.569    20266.718    20334.428
664  mtREV+I+G4    10122.221    13  20270.441    20270.615    20343.955
674  mtREV+I+R2    10118.889    14  20265.778    20265.978    20344.947
685  mtREV+F+G4    9426.197     31  18914.394    18915.348    19089.696
686  mtREV+F+I+G4  9427.061     32  18918.121    18919.138    19099.079
696  mtREV+F+I+R2  9420.109     33  18906.217    18907.298    19092.829
707  mtART+G4      10124.408    12  20272.816    20272.965    20340.675
708  mtART+I+G4    10124.529    13  20275.058    20275.231    20348.572
718  mtART+I+R2    10122.624    14  20273.249    20273.449    20352.418
729  mtART+F+G4    9461.778     31  18985.557    18986.511    19160.859
730  mtART+F+I+G4  9462.943     32  18989.885    18990.902    19170.843
740  mtART+F+I+R2  9457.698     33  18981.396    18982.476    19168.008
751  mtZOA+G4      10103.356    12  20230.712    20230.861    20298.571
752  mtZOA+I+G4    10104.165    13  20234.330    20234.504    20307.844
762  mtZOA+I+R2    10101.186    14  20230.373    20230.573    20309.542
773  mtZOA+F+G4    9426.820     31  18915.641    18916.595    19090.943
774  mtZOA+F+I+G4  9428.116     32  18920.231    18921.248    19101.189
784  mtZOA+F+I+R2  9422.309     33  18910.618    18911.698    19097.230
795  mtMet+G4      10035.298    12  20094.596    20094.745    20162.455
796  mtMet+I+G4    10037.484    13  20100.968    20101.141    20174.482
806  mtMet+I+R2    10032.495    14  20092.989    20093.190    20172.158
817  mtMet+F+G4    9421.213     31  18904.427    18905.381    19079.729
818  mtMet+F+I+G4  9422.581     32  18909.162    18910.178    19090.119
828  mtMet+F+I+R2  9417.239     33  18900.479    18901.559    19087.091
839  mtVer+G4      10169.862    12  20363.724    20363.873    20431.583
840  mtVer+I+G4    10171.490    13  20368.981    20369.154    20442.495
850  mtVer+I+R2    10166.880    14  20361.760    20361.960    20440.929
861  mtVer+F+G4    9441.190     31  18944.379    18945.334    19119.682
862  mtVer+F+I+G4  9443.604     32  18951.209    18952.225    19132.166
872  mtVer+F+I+R2  9438.811     33  18943.622    18944.702    19130.234
883  mtInv+G4      10106.767    12  20237.533    20237.682    20305.392
884  mtInv+I+G4    10109.232    13  20244.463    20244.637    20317.977
894  mtInv+I+R2    10104.864    14  20237.728    20237.928    20316.896
905  mtInv+F+G4    9414.904     31  18891.807    18892.762    19067.110
906  mtInv+F+I+G4  9415.932     32  18895.864    18896.881    19076.822
916  mtInv+F+I+R2  9409.907     33  18885.813    18886.894    19072.426
927  mtMAM+G4      10161.521    12  20347.043    20347.191    20414.902
928  mtMAM+I+G4    10161.042    13  20348.084    20348.257    20421.598
938  mtMAM+I+R2    10158.449    14  20344.897    20345.097    20424.066
949  mtMAM+F+G4    9463.987     31  18989.974    18990.929    19165.277
950  mtMAM+F+I+G4  9464.112     32  18992.224    18993.241    19173.182
960  mtMAM+F+I+R2  9461.754     33  18989.508    18990.589    19176.121
WARNING: Normalizing state frequencies so that sum of them equals to 1
971  FLAVI+G4      9792.460     12  19608.921    19609.069    19676.780
WARNING: Normalizing state frequencies so that sum of them equals to 1
972  FLAVI+I+G4    9793.469     13  19612.938    19613.111    19686.452
WARNING: Normalizing state frequencies so that sum of them equals to 1
982  FLAVI+I+R2    9788.747     14  19605.493    19605.694    19684.662
WARNING: Normalizing state frequencies so that sum of them equals to 1
993  FLAVI+F+G4    9471.677     31  19005.354    19006.308    19180.656
WARNING: Normalizing state frequencies so that sum of them equals to 1
994  FLAVI+F+I+G4  9473.122     32  19010.243    19011.260    19191.201
WARNING: Normalizing state frequencies so that sum of them equals to 1
1004  FLAVI+F+I+R2  9468.282     33  19002.564    19003.644    19189.176
1015  HIVb+G4       9659.851     12  19343.701    19343.850    19411.560
1016  HIVb+I+G4     9661.151     13  19348.302    19348.476    19421.816
1026  HIVb+I+R2     9656.564     14  19341.127    19341.327    19420.296
1037  HIVb+F+G4     9434.040     31  18930.081    18931.035    19105.383
1038  HIVb+F+I+G4   9435.331     32  18934.662    18935.679    19115.620
1048  HIVb+F+I+R2   9430.977     33  18927.954    18929.035    19114.567
1059  HIVw+G4       9666.526     12  19357.051    19357.200    19424.910
1060  HIVw+I+G4     9666.739     13  19359.478    19359.651    19432.992
1070  HIVw+I+R2     9662.891     14  19353.782    19353.982    19432.951
1081  HIVw+F+G4     9485.744     31  19033.487    19034.442    19208.790
1082  HIVw+F+I+G4   9486.368     32  19036.736    19037.752    19217.693
1092  HIVw+F+I+R2   9481.324     33  19028.649    19029.729    19215.261
1103  FLU+G4        9543.453     12  19110.906    19111.055    19178.765
1104  FLU+I+G4      9544.827     13  19115.655    19115.828    19189.169
1114  FLU+I+R2      9539.624     14  19107.248    19107.449    19186.417
1125  FLU+F+G4      9437.751     31  18937.503    18938.457    19112.805
1126  FLU+F+I+G4    9439.388     32  18942.777    18943.793    19123.734
1136  FLU+F+I+R2    9433.268     33  18932.536    18933.616    19119.148
1147  rtREV+G4      9703.147     12  19430.293    19430.442    19498.152
1148  rtREV+I+G4    9703.078     13  19432.155    19432.329    19505.669
1158  rtREV+I+R2    9698.944     14  19425.889    19426.089    19505.058
1169  rtREV+F+G4    9427.240     31  18916.481    18917.435    19091.783
1170  rtREV+F+I+G4  9427.499     32  18918.997    18920.013    19099.954
1180  rtREV+F+I+R2  9423.239     33  18912.477    18913.557    19099.089
1191  cpREV+G4      9624.197     12  19272.393    19272.542    19340.252
1192  cpREV+I+G4    9623.667     13  19273.333    19273.507    19346.847
1202  cpREV+I+R2    9613.250     14  19254.501    19254.701    19333.670
1213  cpREV+F+G4    9403.074     31  18868.149    18869.103    19043.451
1214  cpREV+F+I+G4  9403.228     32  18870.456    18871.472    19051.413
1224  cpREV+F+I+R2  9393.231     33  18852.463    18853.543    19039.075
Akaike Information Criterion:           JTTDCMut+F+I+R2
Corrected Akaike Information Criterion: JTTDCMut+F+I+R2
Bayesian Information Criterion:         JTTDCMut+F+G4
Best-fit model: JTTDCMut+F+G4 chosen according to BIC

All model information printed to results/06_PHYLO/noTg_tree/6367at5794/6367at5794.model.gz
CPU time for ModelFinder: 144.151 seconds (0h:2m:24s)
Wall-clock time for ModelFinder: 45.075 seconds (0h:0m:45s)
Generating 1000 samples for ultrafast bootstrap (seed: 296554)...

NOTE: 3 MB RAM (0 GB) is required!
Estimate model parameters (epsilon = 0.100)
1. Initial log-likelihood: -9392.292
Optimal log-likelihood: -9392.292
Gamma shape alpha: 0.338
Parameters optimization took 1 rounds (0.009 sec)
Wrote distance file to... 
Computing ML distances based on estimated model parameters...
Calculating distance matrix: done in 0.0035498 secs using 380.5% CPU
Computing ML distances took 0.005100 sec (of wall-clock time) 0.013940 sec (of CPU time)
Setting up auxiliary I and S matrices: done in 0.0015924 secs using 155% CPU
Computing RapidNJ tree took 0.009254 sec (of wall-clock time) 0.005953 sec (of CPU time)
Log-likelihood of RapidNJ tree: -9392.819
--------------------------------------------------------------------
|             INITIALIZING CANDIDATE TREE SET                      |
--------------------------------------------------------------------
Generating 98 parsimony trees... 0.067 second
Computing log-likelihood of 33 initial trees ... 0.148 seconds
Current best score: -9392.292

Do NNI search on 20 best initial trees
Estimate model parameters (epsilon = 0.100)
BETTER TREE FOUND at iteration 1: -9392.292
Iteration 10 / LogL: -9392.384 / Time: 0h:0m:0s
Iteration 20 / LogL: -9392.332 / Time: 0h:0m:1s
Finish initializing candidate tree set (1)
Current best tree score: -9392.292 / CPU time: 1.200
Number of iterations: 20
--------------------------------------------------------------------
|               OPTIMIZING CANDIDATE TREE SET                      |
--------------------------------------------------------------------
UPDATE BEST LOG-LIKELIHOOD: -9392.292
Iteration 30 / LogL: -9392.299 / Time: 0h:0m:1s (0h:0m:4s left)
Iteration 40 / LogL: -9392.346 / Time: 0h:0m:2s (0h:0m:3s left)
UPDATE BEST LOG-LIKELIHOOD: -9392.292
Iteration 50 / LogL: -9392.456 / Time: 0h:0m:2s (0h:0m:3s left)
Log-likelihood cutoff on original alignment: -9411.865
Iteration 60 / LogL: -9392.384 / Time: 0h:0m:3s (0h:0m:2s left)
UPDATE BEST LOG-LIKELIHOOD: -9392.292
Iteration 70 / LogL: -9392.599 / Time: 0h:0m:3s (0h:0m:1s left)
Iteration 80 / LogL: -9392.300 / Time: 0h:0m:4s (0h:0m:1s left)
Iteration 90 / LogL: -9392.388 / Time: 0h:0m:4s (0h:0m:0s left)
Iteration 100 / LogL: -9392.292 / Time: 0h:0m:5s (0h:0m:0s left)
Log-likelihood cutoff on original alignment: -9411.865
NOTE: Bootstrap correlation coefficient of split occurrence frequencies: 1.000
TREE SEARCH COMPLETED AFTER 102 ITERATIONS / Time: 0h:0m:5s

--------------------------------------------------------------------
|                    FINALIZING TREE SEARCH                        |
--------------------------------------------------------------------
Performs final model parameters optimization
Estimate model parameters (epsilon = 0.010)
1. Initial log-likelihood: -9392.292
Optimal log-likelihood: -9392.292
Gamma shape alpha: 0.338
Parameters optimization took 1 rounds (0.012 sec)
BEST SCORE FOUND : -9392.292
Creating bootstrap support values...
Split supports printed to NEXUS file results/06_PHYLO/noTg_tree/6367at5794/6367at5794.splits.nex
Total tree length: 2.391

Total number of iterations: 102
CPU time used for tree search: 19.520 sec (0h:0m:19s)
Wall-clock time used for tree search: 5.227 sec (0h:0m:5s)
Total CPU time used: 19.844 sec (0h:0m:19s)
Total wall-clock time used: 5.441 sec (0h:0m:5s)

Computing bootstrap consensus tree...
Reading input file results/06_PHYLO/noTg_tree/6367at5794/6367at5794.splits.nex...
7 taxa and 15 splits.
Consensus tree written to results/06_PHYLO/noTg_tree/6367at5794/6367at5794.contree
Reading input trees file results/06_PHYLO/noTg_tree/6367at5794/6367at5794.contree
Log-likelihood of consensus tree: -9392.292

Analysis results written to: 
  IQ-TREE report:                results/06_PHYLO/noTg_tree/6367at5794/6367at5794.iqtree
  Maximum-likelihood tree:       results/06_PHYLO/noTg_tree/6367at5794/6367at5794.treefile
  Likelihood distances:          results/06_PHYLO/noTg_tree/6367at5794/6367at5794.mldist

Ultrafast bootstrap approximation results written to:
  Split support values:          results/06_PHYLO/noTg_tree/6367at5794/6367at5794.splits.nex
  Consensus tree:                results/06_PHYLO/noTg_tree/6367at5794/6367at5794.contree
  Screen log file:               results/06_PHYLO/noTg_tree/6367at5794/6367at5794.log

Date and Time: Mon Mar 18 02:43:20 2024
