IQ-TREE multicore version 2.3.0 COVID-edition for Linux 64-bit built Mar 14 2024
Developed by Bui Quang Minh, James Barbetti, Nguyen Lam Tung,
Olga Chernomor, Heiko Schmidt, Dominik Schrempf, Michael Woodhams, Ly Trong Nhan.

Host:    LAPTOP-L82QPIRU (AVX2, FMA3, 3 GB RAM)
Command: iqtree -s results/06_PHYLO/noTg_alignments/2321at5794.aln -m MFP -bb 1000 -nt AUTO -pre results/06_PHYLO/noTg_tree/2321at5794/2321at5794
Seed:    577353 (Using SPRNG - Scalable Parallel Random Number Generator)
Time:    Mon Mar 18 02:09:14 2024
Kernel:  AVX+FMA - auto-detect threads (8 CPU cores detected)

Reading alignment file results/06_PHYLO/noTg_alignments/2321at5794.aln ... Fasta format detected
Reading fasta file: done in 0.0012591 secs using 23.67% CPU
Alignment most likely contains protein sequences
Alignment has 7 sequences with 1271 columns, 388 distinct patterns
219 parsimony-informative, 147 singleton sites, 905 constant sites
           Gap/Ambiguity  Composition  p-value
Analyzing sequences: done in 2.21e-05 secs using 90.5% CPU
   1  1072_g_Ht   12.04%    passed     87.46%
   2  6647_g_Pb   16.52%    passed     99.83%
   3  3491_g_Pc   13.77%    passed    100.00%
   4  3163_g_Pf   13.93%    passed     99.89%
   5  3593_g_Pk    2.28%    passed     99.68%
   6  3502_g_Pv   13.77%    passed     99.59%
   7  1840_g_Py   13.69%    passed     99.86%
****  TOTAL       12.29%  0 sequences failed composition chi2 test (p-value<5%; df=19)


Create initial parsimony tree by phylogenetic likelihood library (PLL)... 0.001 seconds
Measuring multi-threading efficiency up to 8 CPU cores
Increase to 10 rounds for branch lengths
180 trees examined
Threads: 1 / Time: 8.029 sec / Speedup: 1.000 / Efficiency: 100% / LogL: -7555
Threads: 2 / Time: 4.903 sec / Speedup: 1.638 / Efficiency: 82% / LogL: -7555
Threads: 3 / Time: 4.178 sec / Speedup: 1.922 / Efficiency: 64% / LogL: -7555
Threads: 4 / Time: 3.992 sec / Speedup: 2.012 / Efficiency: 50% / LogL: -7555
Threads: 5 / Time: 3.655 sec / Speedup: 2.197 / Efficiency: 44% / LogL: -7555
BEST NUMBER OF THREADS: 3

Perform fast likelihood tree search using LG+I+G model...
Estimate model parameters (epsilon = 5.000)
Perform nearest neighbor interchange...
Estimate model parameters (epsilon = 1.000)
1. Initial log-likelihood: -6919.957
Optimal log-likelihood: -6919.956
Proportion of invariable sites: 0.354
Gamma shape alpha: 0.818
Parameters optimization took 1 rounds (0.016 sec)
Time for fast ML tree search: 0.074 seconds

NOTE: ModelFinder requires 5 MB RAM!
ModelFinder will test up to 1232 protein models (sample size: 1271) ...
 No. Model         -LnL         df  AIC          AICc         BIC
  1  LG            7063.465     11  14148.930    14149.140    14205.553
  2  LG+I          6930.073     12  13884.147    13884.395    13945.918
  3  LG+G4         6920.437     12  13864.874    13865.122    13926.645
  4  LG+I+G4       6919.956     13  13865.911    13866.201    13932.830
  5  LG+R2         6920.337     13  13866.675    13866.965    13933.593
  6  LG+R3         6920.186     15  13870.372    13870.755    13947.586
 14  LG+I+R2       6920.337     14  13868.674    13869.009    13940.740
 15  LG+I+R3       6919.940     16  13871.880    13872.314    13954.241
 25  LG+F+G4       6825.427     31  13712.853    13714.455    13872.428
 26  LG+F+I+G4     6824.945     32  13713.889    13715.595    13878.611
 27  LG+F+R2       6824.632     32  13713.263    13714.969    13877.985
 47  WAG+G4        6982.691     12  13989.381    13989.629    14051.152
 48  WAG+I+G4      6982.488     13  13990.977    13991.266    14057.895
 49  WAG+R2        6982.999     13  13991.998    13992.288    14058.916
 69  WAG+F+G4      6863.495     31  13788.990    13790.591    13948.564
 70  WAG+F+I+G4    6863.215     32  13790.429    13792.135    13955.151
 71  WAG+F+R2      6863.179     32  13790.359    13792.065    13955.081
 91  JTT+G4        6944.337     12  13912.673    13912.921    13974.444
 92  JTT+I+G4      6943.790     13  13913.580    13913.870    13980.499
 93  JTT+R2        6944.476     13  13914.951    13915.241    13981.869
113  JTT+F+G4      6831.616     31  13725.232    13726.833    13884.806
114  JTT+F+I+G4    6831.067     32  13726.133    13727.839    13890.855
115  JTT+F+R2      6831.056     32  13726.113    13727.819    13890.835
WARNING: Normalizing state frequencies so that sum of them equals to 1
135  Q.pfam+G4     6949.621     12  13923.242    13923.490    13985.013
WARNING: Normalizing state frequencies so that sum of them equals to 1
136  Q.pfam+I+G4   6949.384     13  13924.767    13925.057    13991.685
WARNING: Normalizing state frequencies so that sum of them equals to 1
137  Q.pfam+R2     6949.542     13  13925.084    13925.373    13992.002
WARNING: Normalizing state frequencies so that sum of them equals to 1
157  Q.pfam+F+G4   6832.437     31  13726.874    13728.475    13886.448
WARNING: Normalizing state frequencies so that sum of them equals to 1
158  Q.pfam+F+I+G4 6832.204     32  13728.407    13730.113    13893.129
WARNING: Normalizing state frequencies so that sum of them equals to 1
159  Q.pfam+F+R2   6831.530     32  13727.060    13728.766    13891.782
WARNING: Normalizing state frequencies so that sum of them equals to 1
179  Q.bird+G4     6998.181     12  14020.361    14020.609    14082.132
WARNING: Normalizing state frequencies so that sum of them equals to 1
180  Q.bird+I+G4   6995.700     13  14017.400    14017.689    14084.318
WARNING: Normalizing state frequencies so that sum of them equals to 1
181  Q.bird+R2     6997.416     13  14020.832    14021.122    14087.751
WARNING: Normalizing state frequencies so that sum of them equals to 1
201  Q.bird+F+G4   6870.675     31  13803.350    13804.951    13962.925
WARNING: Normalizing state frequencies so that sum of them equals to 1
202  Q.bird+F+I+G4 6868.387     32  13800.774    13802.480    13965.496
WARNING: Normalizing state frequencies so that sum of them equals to 1
203  Q.bird+F+R2   6868.996     32  13801.992    13803.698    13966.714
WARNING: Normalizing state frequencies so that sum of them equals to 1
223  Q.mammal+G4   6997.974     12  14019.948    14020.196    14081.718
WARNING: Normalizing state frequencies so that sum of them equals to 1
224  Q.mammal+I+G4 6996.245     13  14018.491    14018.780    14085.409
WARNING: Normalizing state frequencies so that sum of them equals to 1
225  Q.mammal+R2   6997.141     13  14020.282    14020.572    14087.200
WARNING: Normalizing state frequencies so that sum of them equals to 1
245  Q.mammal+F+G4 6856.688     31  13775.377    13776.978    13934.951
WARNING: Normalizing state frequencies so that sum of them equals to 1
246  Q.mammal+F+I+G4 6855.056     32  13774.111    13775.817    13938.833
WARNING: Normalizing state frequencies so that sum of them equals to 1
247  Q.mammal+F+R2 6854.743     32  13773.487    13775.193    13938.208
267  Q.insect+G4   6860.469     12  13744.939    13745.187    13806.709
268  Q.insect+I+G4 6859.846     13  13745.692    13745.982    13812.611
269  Q.insect+R2   6859.772     13  13745.544    13745.833    13812.462
289  Q.insect+F+G4 6807.663     31  13677.326    13678.927    13836.901
290  Q.insect+F+I+G4 6807.179     32  13678.358    13680.064    13843.080
291  Q.insect+F+R2 6806.537     32  13677.073    13678.779    13841.795
WARNING: Normalizing state frequencies so that sum of them equals to 1
311  Q.plant+G4    6916.061     12  13856.123    13856.371    13917.893
WARNING: Normalizing state frequencies so that sum of them equals to 1
312  Q.plant+I+G4  6914.680     13  13855.361    13855.650    13922.279
WARNING: Normalizing state frequencies so that sum of them equals to 1
313  Q.plant+R2    6914.980     13  13855.959    13856.249    13922.877
WARNING: Normalizing state frequencies so that sum of them equals to 1
333  Q.plant+F+G4  6821.057     31  13704.113    13705.715    13863.688
WARNING: Normalizing state frequencies so that sum of them equals to 1
334  Q.plant+F+I+G4 6819.721     32  13703.442    13705.148    13868.164
WARNING: Normalizing state frequencies so that sum of them equals to 1
335  Q.plant+F+R2  6819.075     32  13702.149    13703.855    13866.871
WARNING: Normalizing state frequencies so that sum of them equals to 1
355  Q.yeast+G4    6865.216     12  13754.431    13754.679    13816.202
WARNING: Normalizing state frequencies so that sum of them equals to 1
356  Q.yeast+I+G4  6864.743     13  13755.487    13755.777    13822.405
WARNING: Normalizing state frequencies so that sum of them equals to 1
357  Q.yeast+R2    6864.779     13  13755.558    13755.847    13822.476
WARNING: Normalizing state frequencies so that sum of them equals to 1
377  Q.yeast+F+G4  6813.979     31  13689.959    13691.560    13849.533
WARNING: Normalizing state frequencies so that sum of them equals to 1
378  Q.yeast+F+I+G4 6813.696     32  13691.391    13693.097    13856.113
WARNING: Normalizing state frequencies so that sum of them equals to 1
379  Q.yeast+F+R2  6813.210     32  13690.419    13692.125    13855.141
399  JTTDCMut+G4   6944.760     12  13913.520    13913.768    13975.291
400  JTTDCMut+I+G4 6944.220     13  13914.440    13914.730    13981.359
401  JTTDCMut+R2   6944.877     13  13915.754    13916.044    13982.673
421  JTTDCMut+F+G4 6831.197     31  13724.393    13725.994    13883.967
422  JTTDCMut+F+I+G4 6830.656     32  13725.311    13727.017    13890.033
423  JTTDCMut+F+R2 6830.587     32  13725.174    13726.880    13889.896
443  DCMut+G4      7004.335     12  14032.669    14032.917    14094.440
444  DCMut+I+G4    7003.964     13  14033.928    14034.217    14100.846
445  DCMut+R2      7004.545     13  14035.091    14035.380    14102.009
465  DCMut+F+G4    6859.860     31  13781.721    13783.322    13941.295
466  DCMut+F+I+G4  6859.466     32  13782.931    13784.637    13947.653
467  DCMut+F+R2    6859.034     32  13782.068    13783.774    13946.789
487  VT+G4         6970.891     12  13965.782    13966.030    14027.553
488  VT+I+G4       6970.729     13  13967.457    13967.747    14034.375
489  VT+R2         6971.461     13  13968.921    13969.211    14035.839
509  VT+F+G4       6878.889     31  13819.779    13821.380    13979.353
510  VT+F+I+G4     6878.757     32  13821.514    13823.220    13986.236
511  VT+F+R2       6879.197     32  13822.394    13824.100    13987.116
531  PMB+G4        7050.261     12  14124.523    14124.771    14186.293
532  PMB+I+G4      7050.195     13  14126.389    14126.679    14193.307
533  PMB+R2        7050.843     13  14127.686    14127.976    14194.605
553  PMB+F+G4      6927.452     31  13916.904    13918.505    14076.478
554  PMB+F+I+G4    6927.352     32  13918.704    13920.410    14083.426
555  PMB+F+R2      6927.649     32  13919.298    13921.004    14084.019
575  Blosum62+G4   7023.138     12  14070.276    14070.524    14132.047
576  Blosum62+I+G4 7023.060     13  14072.121    14072.410    14139.039
577  Blosum62+R2   7023.670     13  14073.340    14073.629    14140.258
597  Blosum62+F+G4 6923.719     31  13909.439    13911.040    14069.013
598  Blosum62+F+I+G4 6923.659     32  13911.318    13913.024    14076.040
599  Blosum62+F+R2 6924.114     32  13912.228    13913.934    14076.950
619  Dayhoff+G4    7003.725     12  14031.449    14031.697    14093.220
620  Dayhoff+I+G4  7003.350     13  14032.700    14032.989    14099.618
621  Dayhoff+R2    7003.917     13  14033.835    14034.124    14100.753
641  Dayhoff+F+G4  6859.288     31  13780.577    13782.178    13940.151
642  Dayhoff+F+I+G4 6858.889     32  13781.777    13783.483    13946.499
643  Dayhoff+F+R2  6858.428     32  13780.857    13782.563    13945.579
663  mtREV+G4      7280.562     12  14585.124    14585.372    14646.895
664  mtREV+I+G4    7279.491     13  14584.982    14585.271    14651.900
665  mtREV+R2      7280.331     13  14586.662    14586.952    14653.580
685  mtREV+F+G4    6893.484     31  13848.968    13850.569    14008.542
686  mtREV+F+I+G4  6892.469     32  13848.937    13850.643    14013.659
687  mtREV+F+R2    6891.695     32  13847.390    13849.096    14012.111
707  mtART+G4      7282.245     12  14588.491    14588.739    14650.262
708  mtART+I+G4    7280.501     13  14587.003    14587.292    14653.921
709  mtART+R2      7281.534     13  14589.069    14589.358    14655.987
729  mtART+F+G4    6907.934     31  13877.868    13879.469    14037.442
730  mtART+F+I+G4  6905.801     32  13875.602    13877.308    14040.323
731  mtART+F+R2    6905.379     32  13874.758    13876.464    14039.480
751  mtZOA+G4      7257.162     12  14538.325    14538.573    14600.095
752  mtZOA+I+G4    7256.302     13  14538.604    14538.893    14605.522
753  mtZOA+R2      7257.178     13  14540.357    14540.646    14607.275
773  mtZOA+F+G4    6868.608     31  13799.215    13800.817    13958.790
774  mtZOA+F+I+G4  6867.235     32  13798.471    13800.177    13963.193
775  mtZOA+F+R2    6866.941     32  13797.882    13799.588    13962.603
795  mtMet+G4      7183.668     12  14391.335    14391.583    14453.106
796  mtMet+I+G4    7182.471     13  14390.941    14391.231    14457.859
797  mtMet+R2      7182.982     13  14391.964    14392.254    14458.882
817  mtMet+F+G4    6876.402     31  13814.805    13816.406    13974.379
818  mtMet+F+I+G4  6875.313     32  13814.626    13816.332    13979.348
819  mtMet+F+R2    6874.996     32  13813.992    13815.698    13978.714
839  mtVer+G4      7283.993     12  14591.985    14592.233    14653.756
840  mtVer+I+G4    7282.300     13  14590.600    14590.890    14657.518
841  mtVer+R2      7282.196     13  14590.392    14590.682    14657.311
861  mtVer+F+G4    6902.867     31  13867.734    13869.335    14027.308
862  mtVer+F+I+G4  6900.655     32  13865.311    13867.017    14030.033
863  mtVer+F+R2    6898.292     32  13860.585    13862.291    14025.307
883  mtInv+G4      7224.774     12  14473.548    14473.796    14535.319
884  mtInv+I+G4    7223.658     13  14473.315    14473.605    14540.233
885  mtInv+R2      7224.245     13  14474.489    14474.779    14541.407
905  mtInv+F+G4    6871.283     31  13804.566    13806.168    13964.141
906  mtInv+F+I+G4  6870.581     32  13805.163    13806.869    13969.885
907  mtInv+F+R2    6870.591     32  13805.183    13806.889    13969.905
927  mtMAM+G4      7315.266     12  14654.531    14654.779    14716.302
928  mtMAM+I+G4    7313.240     13  14652.481    14652.770    14719.399
929  mtMAM+R2      7315.002     13  14656.004    14656.294    14722.922
949  mtMAM+F+G4    6926.901     31  13915.802    13917.403    14075.376
950  mtMAM+F+I+G4  6923.904     32  13911.809    13913.515    14076.531
951  mtMAM+F+R2    6924.197     32  13912.394    13914.100    14077.116
WARNING: Normalizing state frequencies so that sum of them equals to 1
971  FLAVI+G4      7107.036     12  14238.072    14238.320    14299.843
WARNING: Normalizing state frequencies so that sum of them equals to 1
972  FLAVI+I+G4    7101.904     13  14229.808    14230.098    14296.726
WARNING: Normalizing state frequencies so that sum of them equals to 1
973  FLAVI+R2      7105.781     13  14237.563    14237.852    14304.481
WARNING: Normalizing state frequencies so that sum of them equals to 1
993  FLAVI+F+G4    6915.731     31  13893.462    13895.063    14053.036
WARNING: Normalizing state frequencies so that sum of them equals to 1
994  FLAVI+F+I+G4  6910.037     32  13884.074    13885.780    14048.796
WARNING: Normalizing state frequencies so that sum of them equals to 1
995  FLAVI+F+R2    6913.949     32  13891.899    13893.605    14056.621
1015  HIVb+G4       7007.558     12  14039.116    14039.364    14100.887
1016  HIVb+I+G4     7004.382     13  14034.765    14035.054    14101.683
1017  HIVb+R2       7007.497     13  14040.994    14041.284    14107.913
1037  HIVb+F+G4     6881.438     31  13824.877    13826.478    13984.451
1038  HIVb+F+I+G4   6878.039     32  13820.078    13821.784    13984.800
1039  HIVb+F+R2     6880.018     32  13824.037    13825.743    13988.759
1059  HIVw+G4       7117.891     12  14259.782    14260.030    14321.552
1060  HIVw+I+G4     7112.457     13  14250.913    14251.203    14317.831
1061  HIVw+R2       7117.061     13  14260.122    14260.412    14327.040
1081  HIVw+F+G4     6997.731     31  14057.462    14059.063    14217.036
1082  HIVw+F+I+G4   6992.112     32  14048.224    14049.930    14212.946
1083  HIVw+F+R2     6995.554     32  14055.108    14056.814    14219.830
1103  FLU+G4        6969.880     12  13963.759    13964.007    14025.530
1104  FLU+I+G4      6967.031     13  13960.061    13960.351    14026.979
1105  FLU+R2        6968.196     13  13962.392    13962.681    14029.310
1125  FLU+F+G4      6901.981     31  13865.962    13867.563    14025.536
1126  FLU+F+I+G4    6898.798     32  13861.597    13863.303    14026.318
1127  FLU+F+R2      6900.086     32  13864.172    13865.878    14028.894
1147  rtREV+G4      6983.290     12  13990.580    13990.828    14052.351
1148  rtREV+I+G4    6982.893     13  13991.786    13992.076    14058.705
1149  rtREV+R2      6983.622     13  13993.245    13993.535    14060.163
1169  rtREV+F+G4    6843.324     31  13748.649    13750.250    13908.223
1170  rtREV+F+I+G4  6842.875     32  13749.750    13751.456    13914.472
1171  rtREV+F+R2    6843.042     32  13750.084    13751.790    13914.806
1191  cpREV+G4      7011.381     12  14046.761    14047.009    14108.532
1192  cpREV+I+G4    7010.485     13  14046.969    14047.259    14113.887
1193  cpREV+R2      7012.121     13  14050.241    14050.531    14117.160
1213  cpREV+F+G4    6897.654     31  13857.309    13858.910    14016.883
1214  cpREV+F+I+G4  6896.621     32  13857.242    13858.948    14021.964
1215  cpREV+F+R2    6897.622     32  13859.243    13860.949    14023.965
Akaike Information Criterion:           Q.insect+F+R2
Corrected Akaike Information Criterion: Q.insect+F+R2
Bayesian Information Criterion:         Q.insect+G4
Best-fit model: Q.insect+G4 chosen according to BIC

All model information printed to results/06_PHYLO/noTg_tree/2321at5794/2321at5794.model.gz
CPU time for ModelFinder: 109.231 seconds (0h:1m:49s)
Wall-clock time for ModelFinder: 39.875 seconds (0h:0m:39s)
Generating 1000 samples for ultrafast bootstrap (seed: 577353)...

NOTE: 3 MB RAM (0 GB) is required!
Estimate model parameters (epsilon = 0.100)
1. Initial log-likelihood: -6860.469
Optimal log-likelihood: -6860.469
Gamma shape alpha: 0.303
Parameters optimization took 1 rounds (0.009 sec)
Wrote distance file to... 
Computing ML distances based on estimated model parameters...
Calculating distance matrix: done in 0.0057393 secs using 293.3% CPU
Computing ML distances took 0.006846 sec (of wall-clock time) 0.017166 sec (of CPU time)
Setting up auxiliary I and S matrices: done in 0.0005057 secs using 168.7% CPU
Computing RapidNJ tree took 0.003336 sec (of wall-clock time) 0.003404 sec (of CPU time)
Log-likelihood of RapidNJ tree: -6860.469
--------------------------------------------------------------------
|             INITIALIZING CANDIDATE TREE SET                      |
--------------------------------------------------------------------
Generating 99 parsimony trees... 0.055 second
Computing log-likelihood of 35 initial trees ... 0.155 seconds
Current best score: -6860.469

Do NNI search on 20 best initial trees
Estimate model parameters (epsilon = 0.100)
BETTER TREE FOUND at iteration 1: -6860.469
Iteration 10 / LogL: -6860.603 / Time: 0h:0m:0s
Iteration 20 / LogL: -6860.508 / Time: 0h:0m:1s
Finish initializing candidate tree set (1)
Current best tree score: -6860.469 / CPU time: 1.005
Number of iterations: 20
--------------------------------------------------------------------
|               OPTIMIZING CANDIDATE TREE SET                      |
--------------------------------------------------------------------
UPDATE BEST LOG-LIKELIHOOD: -6860.469
Iteration 30 / LogL: -6860.476 / Time: 0h:0m:1s (0h:0m:3s left)
Iteration 40 / LogL: -6860.479 / Time: 0h:0m:2s (0h:0m:3s left)
Iteration 50 / LogL: -6860.475 / Time: 0h:0m:2s (0h:0m:2s left)
Log-likelihood cutoff on original alignment: -6875.503
Iteration 60 / LogL: -6860.469 / Time: 0h:0m:2s (0h:0m:1s left)
Iteration 70 / LogL: -6860.475 / Time: 0h:0m:3s (0h:0m:1s left)
Iteration 80 / LogL: -6860.478 / Time: 0h:0m:3s (0h:0m:1s left)
Iteration 90 / LogL: -6860.470 / Time: 0h:0m:4s (0h:0m:0s left)
Iteration 100 / LogL: -6860.475 / Time: 0h:0m:4s (0h:0m:0s left)
Log-likelihood cutoff on original alignment: -6875.503
NOTE: Bootstrap correlation coefficient of split occurrence frequencies: 1.000
TREE SEARCH COMPLETED AFTER 102 ITERATIONS / Time: 0h:0m:4s

--------------------------------------------------------------------
|                    FINALIZING TREE SEARCH                        |
--------------------------------------------------------------------
Performs final model parameters optimization
Estimate model parameters (epsilon = 0.010)
1. Initial log-likelihood: -6860.469
Optimal log-likelihood: -6860.469
Gamma shape alpha: 0.303
Parameters optimization took 1 rounds (0.014 sec)
BEST SCORE FOUND : -6860.469
Creating bootstrap support values...
Split supports printed to NEXUS file results/06_PHYLO/noTg_tree/2321at5794/2321at5794.splits.nex
Total tree length: 0.791

Total number of iterations: 102
CPU time used for tree search: 13.292 sec (0h:0m:13s)
Wall-clock time used for tree search: 4.689 sec (0h:0m:4s)
Total CPU time used: 13.495 sec (0h:0m:13s)
Total wall-clock time used: 4.869 sec (0h:0m:4s)

Computing bootstrap consensus tree...
Reading input file results/06_PHYLO/noTg_tree/2321at5794/2321at5794.splits.nex...
7 taxa and 15 splits.
Consensus tree written to results/06_PHYLO/noTg_tree/2321at5794/2321at5794.contree
Reading input trees file results/06_PHYLO/noTg_tree/2321at5794/2321at5794.contree
Log-likelihood of consensus tree: -6860.469

Analysis results written to: 
  IQ-TREE report:                results/06_PHYLO/noTg_tree/2321at5794/2321at5794.iqtree
  Maximum-likelihood tree:       results/06_PHYLO/noTg_tree/2321at5794/2321at5794.treefile
  Likelihood distances:          results/06_PHYLO/noTg_tree/2321at5794/2321at5794.mldist

Ultrafast bootstrap approximation results written to:
  Split support values:          results/06_PHYLO/noTg_tree/2321at5794/2321at5794.splits.nex
  Consensus tree:                results/06_PHYLO/noTg_tree/2321at5794/2321at5794.contree
  Screen log file:               results/06_PHYLO/noTg_tree/2321at5794/2321at5794.log

Date and Time: Mon Mar 18 02:09:59 2024
