IQ-TREE multicore version 2.3.0 COVID-edition for Linux 64-bit built Mar 14 2024
Developed by Bui Quang Minh, James Barbetti, Nguyen Lam Tung,
Olga Chernomor, Heiko Schmidt, Dominik Schrempf, Michael Woodhams, Ly Trong Nhan.

Host:    LAPTOP-L82QPIRU (AVX2, FMA3, 3 GB RAM)
Command: iqtree -s results/06_PHYLO/noTg_alignments/4370at5794.aln -m MFP -bb 1000 -nt AUTO -pre results/06_PHYLO/noTg_tree/4370at5794/4370at5794
Seed:    218314 (Using SPRNG - Scalable Parallel Random Number Generator)
Time:    Mon Mar 18 02:35:24 2024
Kernel:  AVX+FMA - auto-detect threads (8 CPU cores detected)

Reading alignment file results/06_PHYLO/noTg_alignments/4370at5794.aln ... Fasta format detected
Reading fasta file: done in 0.0014331 secs using 29.52% CPU
Alignment most likely contains protein sequences
Alignment has 7 sequences with 1530 columns, 816 distinct patterns
362 parsimony-informative, 434 singleton sites, 734 constant sites
           Gap/Ambiguity  Composition  p-value
Analyzing sequences: done in 4.24e-05 secs using 91.98% CPU
   1  1266_g_Ht    9.93%    failed      0.09%
   2  1451_g_Pb   21.37%    passed     13.09%
   3  3257_g_Pc   18.76%    passed     32.38%
   4  923_g_Pf    13.33%    failed      0.01%
   5  3347_g_Pk   14.77%    passed     56.05%
   6  3245_g_Pv   16.67%    failed      0.00%
   7  3200_g_Py   15.82%    failed      3.87%
****  TOTAL       15.81%  4 sequences failed composition chi2 test (p-value<5%; df=19)


Create initial parsimony tree by phylogenetic likelihood library (PLL)... 0.001 seconds
Measuring multi-threading efficiency up to 8 CPU cores
Increase to 10 rounds for branch lengths
68 trees examined
Threads: 1 / Time: 8.005 sec / Speedup: 1.000 / Efficiency: 100% / LogL: -11921
Threads: 2 / Time: 5.176 sec / Speedup: 1.547 / Efficiency: 77% / LogL: -11921
Threads: 3 / Time: 3.834 sec / Speedup: 2.088 / Efficiency: 70% / LogL: -11921
Threads: 4 / Time: 3.464 sec / Speedup: 2.311 / Efficiency: 58% / LogL: -11921
Threads: 5 / Time: 3.373 sec / Speedup: 2.373 / Efficiency: 47% / LogL: -11921
BEST NUMBER OF THREADS: 4

Perform fast likelihood tree search using LG+I+G model...
Estimate model parameters (epsilon = 5.000)
Perform nearest neighbor interchange...
Estimate model parameters (epsilon = 1.000)
1. Initial log-likelihood: -11919.511
Optimal log-likelihood: -11919.278
Proportion of invariable sites: 0.221
Gamma shape alpha: 0.831
Parameters optimization took 1 rounds (0.064 sec)
Time for fast ML tree search: 0.197 seconds

NOTE: ModelFinder requires 12 MB RAM!
ModelFinder will test up to 1232 protein models (sample size: 1530) ...
 No. Model         -LnL         df  AIC          AICc         BIC
  1  LG            12312.774    11  24647.547    24647.721    24706.210
  2  LG+I          12005.162    12  24034.323    24034.529    24098.319
  3  LG+G4         11917.431    12  23858.862    23859.068    23922.858
  4  LG+I+G4       11918.476    13  23862.952    23863.192    23932.282
  5  LG+R2         11930.732    13  23887.464    23887.704    23956.793
  6  LG+R3         11912.685    15  23855.369    23855.686    23935.365
  7  LG+R4         11912.520    17  23859.040    23859.445    23949.702
 14  LG+I+R2       11915.837    14  23859.674    23859.952    23934.337
 15  LG+I+R3       11913.003    16  23858.006    23858.366    23943.334
 25  LG+F+G4       11772.060    31  23606.121    23607.445    23771.444
 26  LG+F+I+G4     11773.740    32  23611.480    23612.891    23782.137
 47  WAG+G4        11949.732    12  23923.464    23923.670    23987.460
 48  WAG+I+G4      11950.649    13  23927.298    23927.538    23996.627
 69  WAG+F+G4      11778.599    31  23619.197    23620.522    23784.521
 70  WAG+F+I+G4    11780.400    32  23624.800    23626.211    23795.457
 91  JTT+G4        11864.812    12  23753.625    23753.830    23817.621
 92  JTT+I+G4      11866.004    13  23758.008    23758.248    23827.337
113  JTT+F+G4      11703.812    31  23469.623    23470.948    23634.947
114  JTT+F+I+G4    11705.570    32  23475.141    23476.552    23645.798
WARNING: Normalizing state frequencies so that sum of them equals to 1
135  Q.pfam+G4     11924.353    12  23872.706    23872.912    23936.703
WARNING: Normalizing state frequencies so that sum of them equals to 1
136  Q.pfam+I+G4   11925.112    13  23876.224    23876.464    23945.553
WARNING: Normalizing state frequencies so that sum of them equals to 1
157  Q.pfam+F+G4   11773.498    31  23608.995    23610.320    23774.319
WARNING: Normalizing state frequencies so that sum of them equals to 1
158  Q.pfam+F+I+G4 11775.049    32  23614.099    23615.510    23784.756
WARNING: Normalizing state frequencies so that sum of them equals to 1
179  Q.bird+G4     11960.622    12  23945.245    23945.450    24009.241
WARNING: Normalizing state frequencies so that sum of them equals to 1
180  Q.bird+I+G4   11960.552    13  23947.104    23947.345    24016.434
WARNING: Normalizing state frequencies so that sum of them equals to 1
201  Q.bird+F+G4   11747.157    31  23556.314    23557.638    23721.637
WARNING: Normalizing state frequencies so that sum of them equals to 1
202  Q.bird+F+I+G4 11748.056    32  23560.112    23561.523    23730.769
WARNING: Normalizing state frequencies so that sum of them equals to 1
223  Q.mammal+G4   11960.422    12  23944.845    23945.051    24008.841
WARNING: Normalizing state frequencies so that sum of them equals to 1
224  Q.mammal+I+G4 11961.081    13  23948.161    23948.401    24017.490
WARNING: Normalizing state frequencies so that sum of them equals to 1
245  Q.mammal+F+G4 11728.480    31  23518.960    23520.284    23684.284
WARNING: Normalizing state frequencies so that sum of them equals to 1
246  Q.mammal+F+I+G4 11729.835    32  23523.670    23525.081    23694.327
267  Q.insect+G4   11827.480    12  23678.960    23679.166    23742.956
268  Q.insect+I+G4 11828.697    13  23683.394    23683.634    23752.724
289  Q.insect+F+G4 11714.752    31  23491.504    23492.828    23656.828
290  Q.insect+F+I+G4 11716.470    32  23496.939    23498.350    23667.596
WARNING: Normalizing state frequencies so that sum of them equals to 1
311  Q.plant+G4    11894.122    12  23812.245    23812.450    23876.241
WARNING: Normalizing state frequencies so that sum of them equals to 1
312  Q.plant+I+G4  11895.164    13  23816.327    23816.567    23885.656
WARNING: Normalizing state frequencies so that sum of them equals to 1
333  Q.plant+F+G4  11748.232    31  23558.465    23559.789    23723.788
WARNING: Normalizing state frequencies so that sum of them equals to 1
334  Q.plant+F+I+G4 11750.077    32  23564.154    23565.565    23734.811
WARNING: Normalizing state frequencies so that sum of them equals to 1
355  Q.yeast+G4    11810.722    12  23645.445    23645.651    23709.441
WARNING: Normalizing state frequencies so that sum of them equals to 1
356  Q.yeast+I+G4  11811.769    13  23649.539    23649.779    23718.868
WARNING: Normalizing state frequencies so that sum of them equals to 1
377  Q.yeast+F+G4  11727.981    31  23517.962    23519.286    23683.285
WARNING: Normalizing state frequencies so that sum of them equals to 1
378  Q.yeast+F+I+G4 11729.503    32  23523.006    23524.417    23693.663
399  JTTDCMut+G4   11866.954    12  23757.909    23758.114    23821.905
400  JTTDCMut+I+G4 11868.144    13  23762.287    23762.527    23831.617
421  JTTDCMut+F+G4 11705.518    31  23473.037    23474.361    23638.361
422  JTTDCMut+F+I+G4 11707.285    32  23478.570    23479.981    23649.227
443  DCMut+G4      11971.304    12  23966.608    23966.814    24030.604
444  DCMut+I+G4    11972.079    13  23970.158    23970.398    24039.488
465  DCMut+F+G4    11744.773    31  23551.547    23552.871    23716.871
466  DCMut+F+I+G4  11746.314    32  23556.628    23558.039    23727.285
487  VT+G4         11901.183    12  23826.365    23826.571    23890.362
488  VT+I+G4       11902.045    13  23830.089    23830.329    23899.418
509  VT+F+G4       11779.301    31  23620.601    23621.926    23785.925
510  VT+F+I+G4     11780.688    32  23625.375    23626.786    23796.032
531  PMB+G4        12062.906    12  24149.812    24150.017    24213.808
532  PMB+I+G4      12063.055    13  24152.111    24152.351    24221.440
553  PMB+F+G4      11865.034    31  23792.067    23793.392    23957.391
554  PMB+F+I+G4    11865.901    32  23795.802    23797.213    23966.459
575  Blosum62+G4   12015.535    12  24055.070    24055.276    24119.067
576  Blosum62+I+G4 12016.222    13  24058.444    24058.684    24127.773
597  Blosum62+F+G4 11857.858    31  23777.715    23779.040    23943.039
598  Blosum62+F+I+G4 11859.027    32  23782.053    23783.464    23952.710
619  Dayhoff+G4    11970.884    12  23965.768    23965.973    24029.764
620  Dayhoff+I+G4  11971.679    13  23969.357    23969.597    24038.687
641  Dayhoff+F+G4  11744.411    31  23550.823    23552.147    23716.147
642  Dayhoff+F+I+G4 11745.961    32  23555.922    23557.333    23726.579
663  mtREV+G4      12542.812    12  25109.625    25109.830    25173.621
664  mtREV+I+G4    12543.297    13  25112.594    25112.834    25181.923
685  mtREV+F+G4    11948.175    31  23958.350    23959.675    24123.674
686  mtREV+F+I+G4  11950.498    32  23964.995    23966.406    24135.652
707  mtART+G4      12588.720    12  25201.441    25201.646    25265.437
708  mtART+I+G4    12588.179    13  25202.358    25202.599    25271.688
729  mtART+F+G4    11992.984    31  24047.968    24049.293    24213.292
730  mtART+F+I+G4  11994.718    32  24053.436    24054.847    24224.093
751  mtZOA+G4      12481.620    12  24987.241    24987.446    25051.237
752  mtZOA+I+G4    12481.239    13  24988.479    24988.719    25057.808
773  mtZOA+F+G4    11883.073    31  23828.146    23829.470    23993.469
774  mtZOA+F+I+G4  11885.066    32  23834.133    23835.544    24004.789
795  mtMet+G4      12333.067    12  24690.134    24690.339    24754.130
796  mtMet+I+G4    12333.906    13  24693.811    24694.051    24763.140
817  mtMet+F+G4    11825.609    31  23713.219    23714.543    23878.543
818  mtMet+F+I+G4  11827.370    32  23718.739    23720.150    23889.396
839  mtVer+G4      12467.643    12  24959.285    24959.491    25023.282
840  mtVer+I+G4    12468.544    13  24963.089    24963.329    25032.418
861  mtVer+F+G4    11885.805    31  23833.609    23834.934    23998.933
862  mtVer+F+I+G4  11887.399    32  23838.798    23840.209    24009.455
883  mtInv+G4      12416.740    12  24857.480    24857.686    24921.476
884  mtInv+I+G4    12417.810    13  24861.621    24861.861    24930.950
905  mtInv+F+G4    11817.840    31  23697.680    23699.005    23863.004
906  mtInv+F+I+G4  11819.630    32  23703.261    23704.671    23873.917
927  mtMAM+G4      12607.913    12  25239.825    25240.031    25303.821
928  mtMAM+I+G4    12608.835    13  25243.670    25243.910    25312.999
949  mtMAM+F+G4    12005.324    31  24072.647    24073.972    24237.971
950  mtMAM+F+I+G4  12007.504    32  24079.008    24080.419    24249.665
WARNING: Normalizing state frequencies so that sum of them equals to 1
971  FLAVI+G4      12151.044    12  24326.087    24326.293    24390.084
WARNING: Normalizing state frequencies so that sum of them equals to 1
972  FLAVI+I+G4    12150.784    13  24327.568    24327.808    24396.897
WARNING: Normalizing state frequencies so that sum of them equals to 1
993  FLAVI+F+G4    11884.072    31  23830.143    23831.468    23995.467
WARNING: Normalizing state frequencies so that sum of them equals to 1
994  FLAVI+F+I+G4  11884.859    32  23833.719    23835.129    24004.375
1015  HIVb+G4       11977.193    12  23978.387    23978.592    24042.383
1016  HIVb+I+G4     11977.852    13  23981.703    23981.943    24051.032
1037  HIVb+F+G4     11798.005    31  23658.010    23659.334    23823.333
1038  HIVb+F+I+G4   11799.309    32  23662.618    23664.028    23833.274
1059  HIVw+G4       12025.811    12  24075.621    24075.827    24139.617
1060  HIVw+I+G4     12026.909    13  24079.817    24080.057    24149.147
1081  HIVw+F+G4     11900.292    31  23862.585    23863.909    24027.909
1082  HIVw+F+I+G4   11901.488    32  23866.977    23868.387    24037.633
1103  FLU+G4        11851.456    12  23726.912    23727.117    23790.908
1104  FLU+I+G4      11852.820    13  23731.640    23731.880    23800.969
1125  FLU+F+G4      11813.887    31  23689.774    23691.098    23855.097
1126  FLU+F+I+G4    11815.174    32  23694.348    23695.759    23865.005
1147  rtREV+G4      12090.710    12  24205.419    24205.625    24269.416
1148  rtREV+I+G4    12091.338    13  24208.676    24208.916    24278.005
1169  rtREV+F+G4    11800.957    31  23663.915    23665.239    23829.238
1170  rtREV+F+I+G4  11802.324    32  23668.647    23670.058    23839.304
1191  cpREV+G4      12001.602    12  24027.205    24027.410    24091.201
1192  cpREV+I+G4    12003.241    13  24032.483    24032.723    24101.812
1213  cpREV+F+G4    11863.222    31  23788.443    23789.768    23953.767
1214  cpREV+F+I+G4  11865.605    32  23795.209    23796.620    23965.866
Akaike Information Criterion:           JTT+F+G4
Corrected Akaike Information Criterion: JTT+F+G4
Bayesian Information Criterion:         JTT+F+G4
Best-fit model: JTT+F+G4 chosen according to BIC

All model information printed to results/06_PHYLO/noTg_tree/4370at5794/4370at5794.model.gz
CPU time for ModelFinder: 141.775 seconds (0h:2m:21s)
Wall-clock time for ModelFinder: 44.316 seconds (0h:0m:44s)
Generating 1000 samples for ultrafast bootstrap (seed: 218314)...

NOTE: 6 MB RAM (0 GB) is required!
Estimate model parameters (epsilon = 0.100)
1. Initial log-likelihood: -11703.812
Optimal log-likelihood: -11703.811
Gamma shape alpha: 0.480
Parameters optimization took 1 rounds (0.020 sec)
Wrote distance file to... 
Computing ML distances based on estimated model parameters...
Calculating distance matrix: done in 0.0049319 secs using 342.5% CPU
Computing ML distances took 0.006065 sec (of wall-clock time) 0.017300 sec (of CPU time)
Setting up auxiliary I and S matrices: done in 0.0006017 secs using 158.7% CPU
Computing RapidNJ tree took 0.003631 sec (of wall-clock time) 0.003614 sec (of CPU time)
Log-likelihood of RapidNJ tree: -11703.812
--------------------------------------------------------------------
|             INITIALIZING CANDIDATE TREE SET                      |
--------------------------------------------------------------------
Generating 99 parsimony trees... 0.096 second
Computing log-likelihood of 41 initial trees ... 0.298 seconds
Current best score: -11703.811

Do NNI search on 20 best initial trees
Estimate model parameters (epsilon = 0.100)
BETTER TREE FOUND at iteration 1: -11703.811
Iteration 10 / LogL: -11703.825 / Time: 0h:0m:1s
Iteration 20 / LogL: -11703.931 / Time: 0h:0m:2s
Finish initializing candidate tree set (1)
Current best tree score: -11703.811 / CPU time: 2.090
Number of iterations: 20
--------------------------------------------------------------------
|               OPTIMIZING CANDIDATE TREE SET                      |
--------------------------------------------------------------------
UPDATE BEST LOG-LIKELIHOOD: -11703.811
UPDATE BEST LOG-LIKELIHOOD: -11703.811
Iteration 30 / LogL: -11703.811 / Time: 0h:0m:2s (0h:0m:7s left)
Iteration 40 / LogL: -11703.910 / Time: 0h:0m:3s (0h:0m:5s left)
Iteration 50 / LogL: -11705.281 / Time: 0h:0m:4s (0h:0m:4s left)
Log-likelihood cutoff on original alignment: -11727.329
UPDATE BEST LOG-LIKELIHOOD: -11703.811
Iteration 60 / LogL: -11703.811 / Time: 0h:0m:5s (0h:0m:3s left)
Iteration 70 / LogL: -11703.826 / Time: 0h:0m:6s (0h:0m:2s left)
Iteration 80 / LogL: -11703.811 / Time: 0h:0m:6s (0h:0m:1s left)
Iteration 90 / LogL: -11703.826 / Time: 0h:0m:7s (0h:0m:0s left)
Iteration 100 / LogL: -11703.818 / Time: 0h:0m:8s (0h:0m:0s left)
Log-likelihood cutoff on original alignment: -11727.516
NOTE: Bootstrap correlation coefficient of split occurrence frequencies: 1.000
TREE SEARCH COMPLETED AFTER 102 ITERATIONS / Time: 0h:0m:8s

--------------------------------------------------------------------
|                    FINALIZING TREE SEARCH                        |
--------------------------------------------------------------------
Performs final model parameters optimization
Estimate model parameters (epsilon = 0.010)
1. Initial log-likelihood: -11703.811
Optimal log-likelihood: -11703.811
Gamma shape alpha: 0.480
Parameters optimization took 1 rounds (0.033 sec)
BEST SCORE FOUND : -11703.811
Creating bootstrap support values...
Split supports printed to NEXUS file results/06_PHYLO/noTg_tree/4370at5794/4370at5794.splits.nex
Total tree length: 2.420

Total number of iterations: 102
CPU time used for tree search: 31.117 sec (0h:0m:31s)
Wall-clock time used for tree search: 8.126 sec (0h:0m:8s)
Total CPU time used: 31.556 sec (0h:0m:31s)
Total wall-clock time used: 8.355 sec (0h:0m:8s)

Computing bootstrap consensus tree...
Reading input file results/06_PHYLO/noTg_tree/4370at5794/4370at5794.splits.nex...
7 taxa and 15 splits.
Consensus tree written to results/06_PHYLO/noTg_tree/4370at5794/4370at5794.contree
Reading input trees file results/06_PHYLO/noTg_tree/4370at5794/4370at5794.contree
Log-likelihood of consensus tree: -11703.811

Analysis results written to: 
  IQ-TREE report:                results/06_PHYLO/noTg_tree/4370at5794/4370at5794.iqtree
  Maximum-likelihood tree:       results/06_PHYLO/noTg_tree/4370at5794/4370at5794.treefile
  Likelihood distances:          results/06_PHYLO/noTg_tree/4370at5794/4370at5794.mldist

Ultrafast bootstrap approximation results written to:
  Split support values:          results/06_PHYLO/noTg_tree/4370at5794/4370at5794.splits.nex
  Consensus tree:                results/06_PHYLO/noTg_tree/4370at5794/4370at5794.contree
  Screen log file:               results/06_PHYLO/noTg_tree/4370at5794/4370at5794.log

Date and Time: Mon Mar 18 02:36:17 2024
