IQ-TREE multicore version 2.3.0 COVID-edition for Linux 64-bit built Mar 14 2024
Developed by Bui Quang Minh, James Barbetti, Nguyen Lam Tung,
Olga Chernomor, Heiko Schmidt, Dominik Schrempf, Michael Woodhams, Ly Trong Nhan.

Host:    LAPTOP-L82QPIRU (AVX2, FMA3, 3 GB RAM)
Command: iqtree -s results/06_PHYLO/noTg_alignments/10909at5794.aln -m MFP -bb 1000 -nt AUTO -pre results/06_PHYLO/noTg_tree/10909at5794/10909at5794
Seed:    358098 (Using SPRNG - Scalable Parallel Random Number Generator)
Time:    Mon Mar 18 01:19:16 2024
Kernel:  AVX+FMA - auto-detect threads (8 CPU cores detected)

Reading alignment file results/06_PHYLO/noTg_alignments/10909at5794.aln ... Fasta format detected
Reading fasta file: done in 0.001855 secs
Alignment most likely contains protein sequences
Alignment has 7 sequences with 1212 columns, 745 distinct patterns
374 parsimony-informative, 356 singleton sites, 482 constant sites
           Gap/Ambiguity  Composition  p-value
Analyzing sequences: done in 5.38e-05 secs using 92.94% CPU
   1  961_g_Ht    28.38%    passed     13.62%
   2  843_g_Pb    22.44%    failed      0.08%
   3  2089_g_Pc   21.29%    failed      0.01%
   4  819_g_Pf     2.39%    failed      0.00%
   5  2149_g_Pk   22.52%    passed     10.37%
   6  2049_g_Pv   21.95%    failed      0.00%
   7  1148_g_Py   25.74%    failed      2.91%
****  TOTAL       20.67%  5 sequences failed composition chi2 test (p-value<5%; df=19)


Create initial parsimony tree by phylogenetic likelihood library (PLL)... 0.004 seconds
Measuring multi-threading efficiency up to 8 CPU cores
Increase to 10 rounds for branch lengths
65 trees examined
Threads: 1 / Time: 8.023 sec / Speedup: 1.000 / Efficiency: 100% / LogL: -12088
Threads: 2 / Time: 4.678 sec / Speedup: 1.715 / Efficiency: 86% / LogL: -12088
Threads: 3 / Time: 3.888 sec / Speedup: 2.064 / Efficiency: 69% / LogL: -12088
Threads: 4 / Time: 3.481 sec / Speedup: 2.305 / Efficiency: 58% / LogL: -12088
Threads: 5 / Time: 3.346 sec / Speedup: 2.398 / Efficiency: 48% / LogL: -12088
BEST NUMBER OF THREADS: 4

Perform fast likelihood tree search using LG+I+G model...
Estimate model parameters (epsilon = 5.000)
Perform nearest neighbor interchange...
Estimate model parameters (epsilon = 1.000)
1. Initial log-likelihood: -11126.511
Optimal log-likelihood: -11126.074
Proportion of invariable sites: 0.168
Gamma shape alpha: 1.142
Parameters optimization took 1 rounds (0.042 sec)
Time for fast ML tree search: 0.146 seconds

NOTE: ModelFinder requires 11 MB RAM!
ModelFinder will test up to 1232 protein models (sample size: 1212) ...
 No. Model         -LnL         df  AIC          AICc         BIC
  1  LG            11463.771    11  22949.542    22949.762    23005.642
  2  LG+I          11218.083    12  22460.166    22460.426    22521.366
  3  LG+G4         11126.499    12  22276.998    22277.258    22338.198
  4  LG+I+G4       11125.259    13  22276.517    22276.821    22342.818
  5  LG+R2         11154.154    13  22334.308    22334.612    22400.608
  6  LG+R3         11121.032    15  22272.064    22272.465    22348.564
  7  LG+R4         11120.773    17  22275.547    22276.059    22362.247
 14  LG+I+R2       11124.853    14  22277.707    22278.057    22349.107
 15  LG+I+R3       11120.528    16  22273.057    22273.512    22354.657
 25  LG+F+G4       10776.514    31  21615.028    21616.709    21773.128
 26  LG+F+I+G4     10775.162    32  21614.324    21616.115    21777.525
 47  WAG+G4        11170.827    12  22365.653    22365.914    22426.854
 48  WAG+I+G4      11167.952    13  22361.905    22362.209    22428.205
 69  WAG+F+G4      10785.479    31  21632.958    21634.639    21791.059
 70  WAG+F+I+G4    10783.075    32  21630.150    21631.941    21793.350
 91  JTT+G4        11124.960    12  22273.921    22274.181    22335.121
 92  JTT+I+G4      11121.586    13  22269.171    22269.475    22335.471
113  JTT+F+G4      10742.003    31  21546.007    21547.688    21704.108
114  JTT+F+I+G4    10738.025    32  21540.051    21541.842    21703.252
WARNING: Normalizing state frequencies so that sum of them equals to 1
135  Q.pfam+G4     11168.018    12  22360.036    22360.296    22421.236
WARNING: Normalizing state frequencies so that sum of them equals to 1
136  Q.pfam+I+G4   11166.291    13  22358.582    22358.886    22424.882
WARNING: Normalizing state frequencies so that sum of them equals to 1
157  Q.pfam+F+G4   10775.766    31  21613.533    21615.214    21771.634
WARNING: Normalizing state frequencies so that sum of them equals to 1
158  Q.pfam+F+I+G4 10774.128    32  21612.257    21614.048    21775.458
WARNING: Normalizing state frequencies so that sum of them equals to 1
179  Q.bird+G4     11207.643    12  22439.285    22439.545    22500.485
WARNING: Normalizing state frequencies so that sum of them equals to 1
180  Q.bird+I+G4   11205.269    13  22436.537    22436.841    22502.837
WARNING: Normalizing state frequencies so that sum of them equals to 1
201  Q.bird+F+G4   10757.007    31  21576.014    21577.695    21734.114
WARNING: Normalizing state frequencies so that sum of them equals to 1
202  Q.bird+F+I+G4 10754.014    32  21572.028    21573.819    21735.229
WARNING: Normalizing state frequencies so that sum of them equals to 1
223  Q.mammal+G4   11248.472    12  22520.944    22521.204    22582.145
WARNING: Normalizing state frequencies so that sum of them equals to 1
224  Q.mammal+I+G4 11246.428    13  22518.856    22519.159    22585.156
WARNING: Normalizing state frequencies so that sum of them equals to 1
245  Q.mammal+F+G4 10766.546    31  21595.092    21596.773    21753.193
WARNING: Normalizing state frequencies so that sum of them equals to 1
246  Q.mammal+F+I+G4 10763.412    32  21590.824    21592.615    21754.025
267  Q.insect+G4   11063.559    12  22151.118    22151.379    22212.319
268  Q.insect+I+G4 11061.002    13  22148.005    22148.308    22214.305
289  Q.insect+F+G4 10796.218    31  21654.436    21656.117    21812.537
290  Q.insect+F+I+G4 10792.224    32  21648.448    21650.239    21811.649
WARNING: Normalizing state frequencies so that sum of them equals to 1
311  Q.plant+G4    11099.972    12  22223.944    22224.205    22285.145
WARNING: Normalizing state frequencies so that sum of them equals to 1
312  Q.plant+I+G4  11099.339    13  22224.677    22224.981    22290.978
WARNING: Normalizing state frequencies so that sum of them equals to 1
333  Q.plant+F+G4  10745.147    31  21552.294    21553.975    21710.395
WARNING: Normalizing state frequencies so that sum of them equals to 1
334  Q.plant+F+I+G4 10743.396    32  21550.792    21552.583    21713.993
WARNING: Normalizing state frequencies so that sum of them equals to 1
355  Q.yeast+G4    11028.155    12  22080.311    22080.571    22141.511
WARNING: Normalizing state frequencies so that sum of them equals to 1
356  Q.yeast+I+G4  11026.026    13  22078.053    22078.357    22144.353
WARNING: Normalizing state frequencies so that sum of them equals to 1
377  Q.yeast+F+G4  10779.333    31  21620.667    21622.348    21778.768
WARNING: Normalizing state frequencies so that sum of them equals to 1
378  Q.yeast+F+I+G4 10776.417    32  21616.833    21618.624    21780.034
399  JTTDCMut+G4   11127.150    12  22278.300    22278.560    22339.500
400  JTTDCMut+I+G4 11123.848    13  22273.696    22274.000    22339.996
421  JTTDCMut+F+G4 10744.917    31  21551.834    21553.515    21709.934
422  JTTDCMut+F+I+G4 10741.045    32  21546.090    21547.881    21709.291
443  DCMut+G4      11264.521    12  22553.042    22553.302    22614.242
444  DCMut+I+G4    11263.426    13  22552.852    22553.156    22619.152
465  DCMut+F+G4    10851.407    31  21764.813    21766.495    21922.914
466  DCMut+F+I+G4  10849.863    32  21763.727    21765.518    21926.928
487  VT+G4         11138.684    12  22301.368    22301.628    22362.568
488  VT+I+G4       11132.933    13  22291.865    22292.169    22358.166
509  VT+F+G4       10797.040    31  21656.080    21657.762    21814.181
510  VT+F+I+G4     10791.649    32  21647.298    21649.089    21810.498
531  PMB+G4        11278.266    12  22580.532    22580.792    22641.732
532  PMB+I+G4      11273.042    13  22572.084    22572.387    22638.384
553  PMB+F+G4      10872.717    31  21807.435    21809.116    21965.536
554  PMB+F+I+G4    10868.621    32  21801.242    21803.033    21964.443
575  Blosum62+G4   11208.778    12  22441.557    22441.817    22502.757
576  Blosum62+I+G4 11202.965    13  22431.930    22432.234    22498.231
597  Blosum62+F+G4 10871.676    31  21805.352    21807.033    21963.452
598  Blosum62+F+I+G4 10866.474    32  21796.949    21798.740    21960.150
619  Dayhoff+G4    11264.033    12  22552.066    22552.327    22613.267
620  Dayhoff+I+G4  11262.960    13  22551.921    22552.224    22618.221
641  Dayhoff+F+G4  10850.737    31  21763.474    21765.155    21921.575
642  Dayhoff+F+I+G4 10849.195    32  21762.391    21764.182    21925.592
663  mtREV+G4      11656.191    12  23336.381    23336.641    23397.581
664  mtREV+I+G4    11654.196    13  23334.393    23334.696    23400.693
685  mtREV+F+G4    10849.869    31  21761.738    21763.419    21919.839
686  mtREV+F+I+G4  10850.155    32  21764.310    21766.102    21927.511
707  mtART+G4      11731.888    12  23487.777    23488.037    23548.977
708  mtART+I+G4    11732.885    13  23491.769    23492.073    23558.070
729  mtART+F+G4    10943.807    31  21949.613    21951.294    22107.714
730  mtART+F+I+G4  10945.212    32  21954.425    21956.216    22117.625
751  mtZOA+G4      11693.863    12  23411.725    23411.986    23472.926
752  mtZOA+I+G4    11692.925    13  23411.850    23412.153    23478.150
773  mtZOA+F+G4    10853.420    31  21768.840    21770.522    21926.941
774  mtZOA+F+I+G4  10854.261    32  21772.522    21774.314    21935.723
795  mtMet+G4      11410.556    12  22845.113    22845.373    22906.313
796  mtMet+I+G4    11407.658    13  22841.316    22841.619    22907.616
817  mtMet+F+G4    10795.545    31  21653.090    21654.771    21811.190
818  mtMet+F+I+G4  10795.610    32  21655.220    21657.012    21818.421
839  mtVer+G4      11623.488    12  23270.976    23271.236    23332.176
840  mtVer+I+G4    11620.034    13  23266.068    23266.372    23332.368
861  mtVer+F+G4    10823.149    31  21708.297    21709.979    21866.398
862  mtVer+F+I+G4  10823.152    32  21710.304    21712.095    21873.505
883  mtInv+G4      11448.816    12  22921.632    22921.893    22982.833
884  mtInv+I+G4    11445.628    13  22917.256    22917.560    22983.557
905  mtInv+F+G4    10799.506    31  21661.012    21662.693    21819.113
906  mtInv+F+I+G4  10799.324    32  21662.648    21664.439    21825.849
927  mtMAM+G4      11721.432    12  23466.865    23467.125    23528.065
928  mtMAM+I+G4    11719.746    13  23465.492    23465.796    23531.792
949  mtMAM+F+G4    10912.786    31  21887.572    21889.253    22045.673
950  mtMAM+F+I+G4  10913.658    32  21891.315    21893.107    22054.516
WARNING: Normalizing state frequencies so that sum of them equals to 1
971  FLAVI+G4      11397.145    12  22818.290    22818.551    22879.491
WARNING: Normalizing state frequencies so that sum of them equals to 1
972  FLAVI+I+G4    11396.122    13  22818.244    22818.548    22884.545
WARNING: Normalizing state frequencies so that sum of them equals to 1
993  FLAVI+F+G4    10858.196    31  21778.393    21780.074    21936.493
WARNING: Normalizing state frequencies so that sum of them equals to 1
994  FLAVI+F+I+G4  10857.625    32  21779.249    21781.040    21942.450
1015  HIVb+G4       11159.248    12  22342.496    22342.756    22403.696
1016  HIVb+I+G4     11157.230    13  22340.459    22340.763    22406.760
1037  HIVb+F+G4     10790.184    31  21642.369    21644.050    21800.470
1038  HIVb+F+I+G4   10788.490    32  21640.981    21642.772    21804.182
1059  HIVw+G4       11127.918    12  22279.836    22280.096    22341.036
1060  HIVw+I+G4     11126.243    13  22278.486    22278.790    22344.787
1081  HIVw+F+G4     10844.421    31  21750.841    21752.522    21908.942
1082  HIVw+F+I+G4   10841.718    32  21747.437    21749.228    21910.638
1103  FLU+G4        11038.024    12  22100.048    22100.308    22161.248
1104  FLU+I+G4      11037.935    13  22101.870    22102.174    22168.171
1125  FLU+F+G4      10803.162    31  21668.324    21670.006    21826.425
1126  FLU+F+I+G4    10803.950    32  21671.900    21673.691    21835.101
1147  rtREV+G4      11271.341    12  22566.682    22566.942    22627.882
1148  rtREV+I+G4    11267.818    13  22561.636    22561.940    22627.936
1169  rtREV+F+G4    10842.139    31  21746.277    21747.958    21904.378
1170  rtREV+F+I+G4  10840.221    32  21744.442    21746.233    21907.643
1191  cpREV+G4      11145.249    12  22314.497    22314.757    22375.698
1192  cpREV+I+G4    11143.912    13  22313.824    22314.127    22380.124
1213  cpREV+F+G4    10785.390    31  21632.779    21634.461    21790.880
1214  cpREV+F+I+G4  10784.503    32  21633.005    21634.796    21796.206
Akaike Information Criterion:           JTT+F+I+G4
Corrected Akaike Information Criterion: JTT+F+I+G4
Bayesian Information Criterion:         JTT+F+I+G4
Best-fit model: JTT+F+I+G4 chosen according to BIC

All model information printed to results/06_PHYLO/noTg_tree/10909at5794/10909at5794.model.gz
CPU time for ModelFinder: 120.159 seconds (0h:2m:0s)
Wall-clock time for ModelFinder: 38.697 seconds (0h:0m:38s)
Generating 1000 samples for ultrafast bootstrap (seed: 358098)...

NOTE: 6 MB RAM (0 GB) is required!
Estimate model parameters (epsilon = 0.100)
Thoroughly optimizing +I+G parameters from 10 start values...
Init pinv, alpha: 0.000, 1.167 / Estimate: 0.000, 0.609 / LogL: -10741.995
Init pinv, alpha: 0.044, 1.167 / Estimate: 0.048, 0.705 / LogL: -10740.335
Init pinv, alpha: 0.088, 1.167 / Estimate: 0.095, 0.841 / LogL: -10738.909
Init pinv, alpha: 0.133, 1.167 / Estimate: 0.136, 1.015 / LogL: -10738.032
Init pinv, alpha: 0.177, 1.167 / Estimate: 0.167, 1.193 / LogL: -10738.081
Init pinv, alpha: 0.221, 1.167 / Estimate: 0.168, 1.201 / LogL: -10738.101
Init pinv, alpha: 0.265, 1.167 / Estimate: 0.168, 1.205 / LogL: -10738.111
Init pinv, alpha: 0.309, 1.167 / Estimate: 0.170, 1.215 / LogL: -10738.144
Init pinv, alpha: 0.354, 1.167 / Estimate: 0.168, 1.202 / LogL: -10738.101
Init pinv, alpha: 0.398, 1.167 / Estimate: 0.169, 1.206 / LogL: -10738.114
Optimal pinv,alpha: 0.136, 1.015 / LogL: -10738.032

Parameters optimization took 1.934 sec
Wrote distance file to... 
Computing ML distances based on estimated model parameters...
Calculating distance matrix: done in 0.0034658 secs using 384.8% CPU
Computing ML distances took 0.004587 sec (of wall-clock time) 0.013832 sec (of CPU time)
Setting up auxiliary I and S matrices: done in 0.0006667 secs using 167.7% CPU
Computing RapidNJ tree took 0.004079 sec (of wall-clock time) 0.004220 sec (of CPU time)
Log-likelihood of RapidNJ tree: -10747.903
--------------------------------------------------------------------
|             INITIALIZING CANDIDATE TREE SET                      |
--------------------------------------------------------------------
Generating 98 parsimony trees... 0.098 second
Computing log-likelihood of 45 initial trees ... 0.343 seconds
Current best score: -10738.032

Do NNI search on 20 best initial trees
Estimate model parameters (epsilon = 0.100)
BETTER TREE FOUND at iteration 1: -10738.019
Iteration 10 / LogL: -10739.824 / Time: 0h:0m:3s
Iteration 20 / LogL: -10741.744 / Time: 0h:0m:4s
Finish initializing candidate tree set (1)
Current best tree score: -10738.019 / CPU time: 2.088
Number of iterations: 20
--------------------------------------------------------------------
|               OPTIMIZING CANDIDATE TREE SET                      |
--------------------------------------------------------------------
UPDATE BEST LOG-LIKELIHOOD: -10738.019
Iteration 30 / LogL: -10738.310 / Time: 0h:0m:4s (0h:0m:11s left)
UPDATE BEST LOG-LIKELIHOOD: -10738.019
UPDATE BEST LOG-LIKELIHOOD: -10738.019
Iteration 40 / LogL: -10738.037 / Time: 0h:0m:5s (0h:0m:8s left)
UPDATE BEST LOG-LIKELIHOOD: -10738.019
Iteration 50 / LogL: -10738.019 / Time: 0h:0m:6s (0h:0m:6s left)
Log-likelihood cutoff on original alignment: -10768.337
Iteration 60 / LogL: -10738.028 / Time: 0h:0m:7s (0h:0m:4s left)
UPDATE BEST LOG-LIKELIHOOD: -10738.019
Iteration 70 / LogL: -10738.028 / Time: 0h:0m:7s (0h:0m:3s left)
UPDATE BEST LOG-LIKELIHOOD: -10738.019
UPDATE BEST LOG-LIKELIHOOD: -10738.019
Iteration 80 / LogL: -10738.028 / Time: 0h:0m:8s (0h:0m:2s left)
Iteration 90 / LogL: -10739.561 / Time: 0h:0m:9s (0h:0m:1s left)
Iteration 100 / LogL: -10738.780 / Time: 0h:0m:9s (0h:0m:0s left)
Log-likelihood cutoff on original alignment: -10768.337
NOTE: Bootstrap correlation coefficient of split occurrence frequencies: 1.000
TREE SEARCH COMPLETED AFTER 102 ITERATIONS / Time: 0h:0m:10s

--------------------------------------------------------------------
|                    FINALIZING TREE SEARCH                        |
--------------------------------------------------------------------
Performs final model parameters optimization
Estimate model parameters (epsilon = 0.010)
1. Initial log-likelihood: -10738.019
2. Current log-likelihood: -10738.007
3. Current log-likelihood: -10737.996
Optimal log-likelihood: -10737.986
Proportion of invariable sites: 0.140
Gamma shape alpha: 1.034
Parameters optimization took 3 rounds (0.059 sec)
BEST SCORE FOUND : -10737.986
Creating bootstrap support values...
Split supports printed to NEXUS file results/06_PHYLO/noTg_tree/10909at5794/10909at5794.splits.nex
Total tree length: 4.822

Total number of iterations: 102
CPU time used for tree search: 30.358 sec (0h:0m:30s)
Wall-clock time used for tree search: 7.952 sec (0h:0m:7s)
Total CPU time used: 38.650 sec (0h:0m:38s)
Total wall-clock time used: 10.137 sec (0h:0m:10s)

Computing bootstrap consensus tree...
Reading input file results/06_PHYLO/noTg_tree/10909at5794/10909at5794.splits.nex...
7 taxa and 15 splits.
Consensus tree written to results/06_PHYLO/noTg_tree/10909at5794/10909at5794.contree
Reading input trees file results/06_PHYLO/noTg_tree/10909at5794/10909at5794.contree
Log-likelihood of consensus tree: -10737.986

Analysis results written to: 
  IQ-TREE report:                results/06_PHYLO/noTg_tree/10909at5794/10909at5794.iqtree
  Maximum-likelihood tree:       results/06_PHYLO/noTg_tree/10909at5794/10909at5794.treefile
  Likelihood distances:          results/06_PHYLO/noTg_tree/10909at5794/10909at5794.mldist

Ultrafast bootstrap approximation results written to:
  Split support values:          results/06_PHYLO/noTg_tree/10909at5794/10909at5794.splits.nex
  Consensus tree:                results/06_PHYLO/noTg_tree/10909at5794/10909at5794.contree
  Screen log file:               results/06_PHYLO/noTg_tree/10909at5794/10909at5794.log

Date and Time: Mon Mar 18 01:20:05 2024
