A	C	G	T	N	IUPAC	Other	GC	GC_stdev
0.3087	0.1909	0.1921	0.3083	0.0000	0.0000	0.0000	0.3830	0.0482

Main genome scaffold total:         	21
Main genome contig total:           	21
Main genome scaffold sequence total:	12119387
Main genome contig sequence total:  	12119387  	0.000% gap
Main genome scaffold N/L50:         	6/809075
Main genome contig N/L50:           	6/809075
Main genome scaffold N/L90:         	14/430059
Main genome contig N/L90:           	14/430059
Max scaffold length:                	1499554
Max contig length:                  	1499554
Number of scaffolds > 50 KB:        	17
% main genome in scaffolds > 50 KB: 	99.45%


Minimum 	Number        	Number        	Total         	Total         	Scaffold
Scaffold	of            	of            	Scaffold      	Contig        	Contig  
Length  	Scaffolds     	Contigs       	Length        	Length        	Coverage
--------	--------------	--------------	--------------	--------------	--------
    All 	            21	            21	      12119387	      12119387	 100.00%
   1000 	            21	            21	      12119387	      12119387	 100.00%
   2500 	            20	            20	      12117293	      12117293	 100.00%
   5000 	            20	            20	      12117293	      12117293	 100.00%
  10000 	            20	            20	      12117293	      12117293	 100.00%
  25000 	            18	            18	      12083738	      12083738	 100.00%
  50000 	            17	            17	      12052421	      12052421	 100.00%
 100000 	            17	            17	      12052421	      12052421	 100.00%
 250000 	            16	            16	      11825619	      11825619	 100.00%
 500000 	            12	            12	      10329368	      10329368	 100.00%
1000000 	             3	             3	       3712131	       3712131	 100.00%

