IQ-TREE multicore version 2.3.0 COVID-edition for Linux 64-bit built Mar 14 2024
Developed by Bui Quang Minh, James Barbetti, Nguyen Lam Tung,
Olga Chernomor, Heiko Schmidt, Dominik Schrempf, Michael Woodhams, Ly Trong Nhan.

Host:    LAPTOP-L82QPIRU (AVX2, FMA3, 3 GB RAM)
Command: iqtree -s results/06_PHYLO/noTg_alignments/18683at5794.aln -m MFP -bb 1000 -nt AUTO -pre results/06_PHYLO/noTg_tree/18683at5794/18683at5794
Seed:    895592 (Using SPRNG - Scalable Parallel Random Number Generator)
Time:    Mon Mar 18 01:52:32 2024
Kernel:  AVX+FMA - auto-detect threads (8 CPU cores detected)

Reading alignment file results/06_PHYLO/noTg_alignments/18683at5794.aln ... Fasta format detected
Reading fasta file: done in 0.0028568 secs
Alignment most likely contains protein sequences
Alignment has 7 sequences with 316 columns, 117 distinct patterns
29 parsimony-informative, 57 singleton sites, 230 constant sites
           Gap/Ambiguity  Composition  p-value
Analyzing sequences: done in 4.99e-05 secs using 92.18% CPU
   1  401_g_Ht     4.75%    passed     99.91%
   2  1478_g_Pb    6.01%    passed    100.00%
   3  4637_g_Pc    0.63%    passed    100.00%
   4  2817_g_Pf    0.00%    passed    100.00%
   5  4780_g_Pk    0.63%    passed    100.00%
   6  4636_g_Pv    0.32%    passed    100.00%
   7  3781_g_Py    0.32%    passed    100.00%
****  TOTAL        1.81%  0 sequences failed composition chi2 test (p-value<5%; df=19)


Create initial parsimony tree by phylogenetic likelihood library (PLL)... 0.001 seconds
Measuring multi-threading efficiency up to 8 CPU cores
Increase to 10 rounds for branch lengths
752 trees examined
Threads: 1 / Time: 8.006 sec / Speedup: 1.000 / Efficiency: 100% / LogL: -1651
Threads: 2 / Time: 5.593 sec / Speedup: 1.431 / Efficiency: 72% / LogL: -1651
Threads: 3 / Time: 4.652 sec / Speedup: 1.721 / Efficiency: 57% / LogL: -1651
Threads: 4 / Time: 4.369 sec / Speedup: 1.832 / Efficiency: 46% / LogL: -1651
BEST NUMBER OF THREADS: 3

Perform fast likelihood tree search using LG+I+G model...
Estimate model parameters (epsilon = 5.000)
Perform nearest neighbor interchange...
Estimate model parameters (epsilon = 1.000)
1. Initial log-likelihood: -1576.083
Optimal log-likelihood: -1576.082
Proportion of invariable sites: 0.363
Gamma shape alpha: 1.426
Parameters optimization took 1 rounds (0.008 sec)
Time for fast ML tree search: 0.025 seconds

NOTE: ModelFinder requires 2 MB RAM!
ModelFinder will test up to 1232 protein models (sample size: 316) ...
 No. Model         -LnL         df  AIC          AICc         BIC
  1  LG            1588.891     11  3199.783     3200.651     3241.096
  2  LG+I          1576.492     12  3176.984     3178.013     3222.053
  3  LG+G4         1576.176     12  3176.352     3177.381     3221.421
  4  LG+I+G4       1576.082     13  3178.164     3179.369     3226.988
  5  LG+R2         1576.413     13  3178.826     3180.031     3227.651
  6  LG+R3         1576.237     15  3182.475     3184.075     3238.811
 14  LG+I+R2       1576.234     14  3180.468     3181.864     3233.049
 15  LG+I+R3       1576.130     16  3184.261     3186.080     3244.353
 24  LG+F+I        1554.607     31  3171.214     3178.200     3287.642
 25  LG+F+G4       1554.194     31  3170.387     3177.373     3286.815
 26  LG+F+I+G4     1554.106     32  3172.213     3179.676     3292.396
 27  LG+F+R2       1554.489     32  3172.978     3180.441     3293.162
 46  WAG+I         1580.570     12  3185.141     3186.171     3230.210
 47  WAG+G4        1580.524     12  3185.048     3186.077     3230.117
 48  WAG+I+G4      1580.407     13  3186.815     3188.020     3235.639
 49  WAG+R2        1580.577     13  3187.153     3188.358     3235.978
 68  WAG+F+I       1553.371     31  3168.742     3175.728     3285.170
 69  WAG+F+G4      1553.168     31  3168.337     3175.323     3284.765
 70  WAG+F+I+G4    1553.084     32  3170.167     3177.630     3290.351
 71  WAG+F+R2      1553.326     32  3170.651     3178.114     3290.835
 90  JTT+I         1587.166     12  3198.332     3199.362     3243.401
 91  JTT+G4        1587.099     12  3198.198     3199.228     3243.267
 92  JTT+I+G4      1586.996     13  3199.992     3201.197     3248.816
 93  JTT+R2        1587.165     13  3200.330     3201.535     3249.155
112  JTT+F+I       1558.559     31  3179.118     3186.104     3295.546
113  JTT+F+G4      1558.353     31  3178.705     3185.691     3295.133
114  JTT+F+I+G4    1558.253     32  3180.505     3187.968     3300.689
115  JTT+F+R2      1558.513     32  3181.025     3188.488     3301.209
WARNING: Normalizing state frequencies so that sum of them equals to 1
134  Q.pfam+I      1582.242     12  3188.483     3189.513     3233.552
WARNING: Normalizing state frequencies so that sum of them equals to 1
135  Q.pfam+G4     1581.986     12  3187.971     3189.001     3233.040
WARNING: Normalizing state frequencies so that sum of them equals to 1
136  Q.pfam+I+G4   1581.899     13  3189.798     3191.004     3238.623
WARNING: Normalizing state frequencies so that sum of them equals to 1
137  Q.pfam+R2     1582.176     13  3190.352     3191.558     3239.177
WARNING: Normalizing state frequencies so that sum of them equals to 1
156  Q.pfam+F+I    1556.343     31  3174.686     3181.672     3291.114
WARNING: Normalizing state frequencies so that sum of them equals to 1
157  Q.pfam+F+G4   1555.947     31  3173.895     3180.881     3290.323
WARNING: Normalizing state frequencies so that sum of them equals to 1
158  Q.pfam+F+I+G4 1555.877     32  3175.754     3183.217     3295.937
WARNING: Normalizing state frequencies so that sum of them equals to 1
159  Q.pfam+F+R2   1556.215     32  3176.430     3183.893     3296.614
WARNING: Normalizing state frequencies so that sum of them equals to 1
178  Q.bird+I      1610.698     12  3245.397     3246.426     3290.466
WARNING: Normalizing state frequencies so that sum of them equals to 1
179  Q.bird+G4     1610.204     12  3244.409     3245.438     3289.478
WARNING: Normalizing state frequencies so that sum of them equals to 1
180  Q.bird+I+G4   1610.138     13  3246.276     3247.482     3295.101
WARNING: Normalizing state frequencies so that sum of them equals to 1
181  Q.bird+R2     1610.514     13  3247.028     3248.233     3295.853
WARNING: Normalizing state frequencies so that sum of them equals to 1
200  Q.bird+F+I    1581.288     31  3224.576     3231.562     3341.004
WARNING: Normalizing state frequencies so that sum of them equals to 1
201  Q.bird+F+G4   1580.131     31  3222.262     3229.247     3338.690
WARNING: Normalizing state frequencies so that sum of them equals to 1
202  Q.bird+F+I+G4 1579.988     32  3223.975     3231.438     3344.159
WARNING: Normalizing state frequencies so that sum of them equals to 1
203  Q.bird+F+R2   1580.768     32  3225.536     3232.999     3345.720
WARNING: Normalizing state frequencies so that sum of them equals to 1
222  Q.mammal+I    1608.516     12  3241.033     3242.062     3286.102
WARNING: Normalizing state frequencies so that sum of them equals to 1
223  Q.mammal+G4   1608.262     12  3240.524     3241.554     3285.593
WARNING: Normalizing state frequencies so that sum of them equals to 1
224  Q.mammal+I+G4 1608.184     13  3242.368     3243.574     3291.193
WARNING: Normalizing state frequencies so that sum of them equals to 1
225  Q.mammal+R2   1608.414     13  3242.827     3244.033     3291.652
WARNING: Normalizing state frequencies so that sum of them equals to 1
244  Q.mammal+F+I  1576.411     31  3214.822     3221.808     3331.250
WARNING: Normalizing state frequencies so that sum of them equals to 1
245  Q.mammal+F+G4 1575.590     31  3213.180     3220.166     3329.608
WARNING: Normalizing state frequencies so that sum of them equals to 1
246  Q.mammal+F+I+G4 1575.464     32  3214.928     3222.391     3335.112
WARNING: Normalizing state frequencies so that sum of them equals to 1
247  Q.mammal+F+R2 1576.089     32  3216.179     3223.641     3336.362
266  Q.insect+I    1580.959     12  3185.917     3186.947     3230.986
267  Q.insect+G4   1580.708     12  3185.417     3186.446     3230.485
268  Q.insect+I+G4 1580.607     13  3187.215     3188.420     3236.040
269  Q.insect+R2   1580.906     13  3187.813     3189.018     3236.637
288  Q.insect+F+I  1559.165     31  3180.329     3187.315     3296.757
289  Q.insect+F+G4 1558.765     31  3179.529     3186.515     3295.957
290  Q.insect+F+I+G4 1558.667     32  3181.333     3188.796     3301.517
291  Q.insect+F+R2 1559.056     32  3182.113     3189.575     3302.296
WARNING: Normalizing state frequencies so that sum of them equals to 1
310  Q.plant+I     1584.803     12  3193.606     3194.635     3238.675
WARNING: Normalizing state frequencies so that sum of them equals to 1
311  Q.plant+G4    1584.535     12  3193.070     3194.100     3238.139
WARNING: Normalizing state frequencies so that sum of them equals to 1
312  Q.plant+I+G4  1584.420     13  3194.840     3196.045     3243.665
WARNING: Normalizing state frequencies so that sum of them equals to 1
313  Q.plant+R2    1584.726     13  3195.452     3196.657     3244.277
WARNING: Normalizing state frequencies so that sum of them equals to 1
332  Q.plant+F+I   1563.231     31  3188.462     3195.448     3304.890
WARNING: Normalizing state frequencies so that sum of them equals to 1
333  Q.plant+F+G4  1562.722     31  3187.443     3194.429     3303.871
WARNING: Normalizing state frequencies so that sum of them equals to 1
334  Q.plant+F+I+G4 1562.587     32  3189.174     3196.637     3309.358
WARNING: Normalizing state frequencies so that sum of them equals to 1
335  Q.plant+F+R2  1563.067     32  3190.134     3197.597     3310.317
WARNING: Normalizing state frequencies so that sum of them equals to 1
354  Q.yeast+I     1576.084     12  3176.168     3177.198     3221.237
WARNING: Normalizing state frequencies so that sum of them equals to 1
355  Q.yeast+G4    1575.866     12  3175.731     3176.761     3220.800
WARNING: Normalizing state frequencies so that sum of them equals to 1
356  Q.yeast+I+G4  1575.782     13  3177.564     3178.769     3226.388
WARNING: Normalizing state frequencies so that sum of them equals to 1
357  Q.yeast+R2    1576.030     13  3178.059     3179.265     3226.884
WARNING: Normalizing state frequencies so that sum of them equals to 1
376  Q.yeast+F+I   1555.431     31  3172.861     3179.847     3289.289
WARNING: Normalizing state frequencies so that sum of them equals to 1
377  Q.yeast+F+G4  1555.068     31  3172.136     3179.122     3288.564
WARNING: Normalizing state frequencies so that sum of them equals to 1
378  Q.yeast+F+I+G4 1554.999     32  3173.997     3181.460     3294.181
WARNING: Normalizing state frequencies so that sum of them equals to 1
379  Q.yeast+F+R2  1555.318     32  3174.636     3182.099     3294.820
398  JTTDCMut+I    1586.741     12  3197.483     3198.513     3242.552
399  JTTDCMut+G4   1586.678     12  3197.356     3198.386     3242.425
400  JTTDCMut+I+G4 1586.573     13  3199.145     3200.351     3247.970
401  JTTDCMut+R2   1586.741     13  3199.483     3200.688     3248.308
420  JTTDCMut+F+I  1558.047     31  3178.093     3185.079     3294.521
421  JTTDCMut+F+G4 1557.842     31  3177.684     3184.669     3294.112
422  JTTDCMut+F+I+G4 1557.742     32  3179.483     3186.946     3299.667
423  JTTDCMut+F+R2 1558.001     32  3180.002     3187.465     3300.186
442  DCMut+I       1595.119     12  3214.238     3215.268     3259.307
443  DCMut+G4      1595.066     12  3214.132     3215.161     3259.201
444  DCMut+I+G4    1594.948     13  3215.896     3217.101     3264.720
445  DCMut+R2      1595.107     13  3216.215     3217.420     3265.039
464  DCMut+F+I     1559.183     31  3180.367     3187.353     3296.795
465  DCMut+F+G4    1558.914     31  3179.828     3186.814     3296.256
466  DCMut+F+I+G4  1558.845     32  3181.690     3189.153     3301.874
467  DCMut+F+R2    1559.097     32  3182.194     3189.657     3302.378
486  VT+I          1584.162     12  3192.323     3193.353     3237.392
487  VT+G4         1584.153     12  3192.305     3193.335     3237.374
488  VT+I+G4       1584.031     13  3194.061     3195.266     3242.886
489  VT+R2         1584.187     13  3194.375     3195.580     3243.200
508  VT+F+I        1559.707     31  3181.413     3188.399     3297.841
509  VT+F+G4       1559.607     31  3181.214     3188.200     3297.642
510  VT+F+I+G4     1559.503     32  3183.006     3190.468     3303.189
511  VT+F+R2       1559.703     32  3183.405     3190.868     3303.589
530  PMB+I         1605.707     12  3235.414     3236.444     3280.483
531  PMB+G4        1605.548     12  3235.097     3236.126     3280.166
532  PMB+I+G4      1605.444     13  3236.889     3238.094     3285.713
533  PMB+R2        1605.691     13  3237.382     3238.587     3286.207
552  PMB+F+I       1567.521     31  3197.042     3204.028     3313.470
553  PMB+F+G4      1567.207     31  3196.413     3203.399     3312.841
554  PMB+F+I+G4    1567.121     32  3198.242     3205.705     3318.426
555  PMB+F+R2      1567.455     32  3198.910     3206.373     3319.094
574  Blosum62+I    1598.622     12  3221.244     3222.274     3266.313
575  Blosum62+G4   1598.401     12  3220.801     3221.831     3265.870
576  Blosum62+I+G4 1598.314     13  3222.629     3223.834     3271.454
577  Blosum62+R2   1598.579     13  3223.158     3224.363     3271.982
596  Blosum62+F+I  1567.742     31  3197.485     3204.471     3313.913
597  Blosum62+F+G4 1567.410     31  3196.819     3203.805     3313.247
598  Blosum62+F+I+G4 1567.339     32  3198.678     3206.141     3318.862
599  Blosum62+F+R2 1567.663     32  3199.326     3206.789     3319.510
618  Dayhoff+I     1595.025     12  3214.050     3215.080     3259.119
619  Dayhoff+G4    1594.969     12  3213.937     3214.967     3259.006
620  Dayhoff+I+G4  1594.851     13  3215.702     3216.908     3264.527
621  Dayhoff+R2    1595.012     13  3216.024     3217.229     3264.848
640  Dayhoff+F+I   1559.107     31  3180.214     3187.200     3296.642
641  Dayhoff+F+G4  1558.834     31  3179.667     3186.653     3296.095
642  Dayhoff+F+I+G4 1558.765     32  3181.530     3188.993     3301.714
643  Dayhoff+F+R2  1559.019     32  3182.038     3189.501     3302.221
662  mtREV+I       1690.643     12  3405.287     3406.316     3450.356
663  mtREV+G4      1688.969     12  3401.937     3402.967     3447.006
664  mtREV+I+G4    1688.588     13  3403.177     3404.382     3452.002
665  mtREV+R2      1689.839     13  3405.678     3406.883     3454.503
684  mtREV+F+I     1578.242     31  3218.484     3225.470     3334.912
685  mtREV+F+G4    1577.499     31  3216.999     3223.985     3333.427
686  mtREV+F+I+G4  1577.089     32  3218.177     3225.640     3338.361
687  mtREV+F+R2    1578.027     32  3220.055     3227.518     3340.239
706  mtART+I       1708.832     12  3441.665     3442.694     3486.734
707  mtART+G4      1702.462     12  3428.925     3429.954     3473.994
708  mtART+I+G4    1701.426     13  3428.852     3430.057     3477.677
709  mtART+R2      1700.976     13  3427.952     3429.158     3476.777
728  mtART+F+I     1594.263     31  3250.526     3257.512     3366.954
729  mtART+F+G4    1590.209     31  3242.418     3249.404     3358.846
730  mtART+F+I+G4  1589.040     32  3242.081     3249.544     3362.265
731  mtART+F+R2    1588.826     32  3241.651     3249.114     3361.835
750  mtZOA+I       1684.191     12  3392.382     3393.412     3437.451
751  mtZOA+G4      1680.523     12  3385.047     3386.076     3430.116
752  mtZOA+I+G4    1680.101     13  3386.202     3387.407     3435.026
753  mtZOA+R2      1679.711     13  3385.422     3386.627     3434.247
772  mtZOA+F+I     1576.026     31  3214.051     3221.037     3330.479
773  mtZOA+F+G4    1574.032     31  3210.064     3217.050     3326.492
774  mtZOA+F+I+G4  1573.625     32  3211.249     3218.712     3331.433
775  mtZOA+F+R2    1574.159     32  3212.319     3219.782     3332.502
794  mtMet+I       1689.849     12  3403.699     3404.728     3448.768
795  mtMet+G4      1687.495     12  3398.990     3400.019     3444.058
796  mtMet+I+G4    1687.274     13  3400.549     3401.754     3449.373
797  mtMet+R2      1687.325     13  3400.651     3401.856     3449.476
816  mtMet+F+I     1580.308     31  3222.617     3229.603     3339.045
817  mtMet+F+G4    1578.983     31  3219.965     3226.951     3336.393
818  mtMet+F+I+G4  1578.701     32  3221.402     3228.865     3341.586
819  mtMet+F+R2    1579.795     32  3223.590     3231.053     3343.774
838  mtVer+I       1706.281     12  3436.561     3437.591     3481.630
839  mtVer+G4      1702.473     12  3428.946     3429.975     3474.015
840  mtVer+I+G4    1702.292     13  3430.585     3431.790     3479.410
841  mtVer+R2      1701.721     13  3429.442     3430.647     3478.266
860  mtVer+F+I     1591.725     31  3245.450     3252.436     3361.878
861  mtVer+F+G4    1590.131     31  3242.262     3249.248     3358.690
862  mtVer+F+I+G4  1589.734     32  3243.467     3250.930     3363.651
863  mtVer+F+R2    1590.915     32  3245.830     3253.293     3366.014
882  mtInv+I       1699.860     12  3423.720     3424.749     3468.789
883  mtInv+G4      1698.202     12  3420.405     3421.435     3465.474
884  mtInv+I+G4    1697.936     13  3421.872     3423.078     3470.697
885  mtInv+R2      1699.036     13  3424.072     3425.277     3472.897
904  mtInv+F+I     1573.147     31  3208.294     3215.280     3324.722
905  mtInv+F+G4    1571.927     31  3205.853     3212.839     3322.282
906  mtInv+F+I+G4  1571.685     32  3207.370     3214.833     3327.554
907  mtInv+F+R2    1572.736     32  3209.471     3216.934     3329.655
926  mtMAM+I       1723.186     12  3470.371     3471.401     3515.440
927  mtMAM+G4      1716.721     12  3457.443     3458.473     3502.512
928  mtMAM+I+G4    1715.741     13  3457.482     3458.687     3506.306
929  mtMAM+R2      1716.372     13  3458.744     3459.949     3507.569
948  mtMAM+F+I     1605.664     31  3273.328     3280.314     3389.756
949  mtMAM+F+G4    1602.591     31  3267.181     3274.167     3383.609
950  mtMAM+F+I+G4  1601.506     32  3267.012     3274.475     3387.196
951  mtMAM+F+R2    1602.993     32  3269.987     3277.450     3390.171
WARNING: Normalizing state frequencies so that sum of them equals to 1
970  FLAVI+I       1644.051     12  3312.102     3313.132     3357.171
WARNING: Normalizing state frequencies so that sum of them equals to 1
971  FLAVI+G4      1642.144     12  3308.289     3309.318     3353.358
WARNING: Normalizing state frequencies so that sum of them equals to 1
972  FLAVI+I+G4    1641.673     13  3309.347     3310.552     3358.171
WARNING: Normalizing state frequencies so that sum of them equals to 1
973  FLAVI+R2      1642.348     13  3310.697     3311.902     3359.522
WARNING: Normalizing state frequencies so that sum of them equals to 1
992  FLAVI+F+I     1600.475     31  3262.949     3269.935     3379.377
WARNING: Normalizing state frequencies so that sum of them equals to 1
993  FLAVI+F+G4    1598.292     31  3258.584     3265.570     3375.012
WARNING: Normalizing state frequencies so that sum of them equals to 1
994  FLAVI+F+I+G4  1597.680     32  3259.360     3266.823     3379.543
WARNING: Normalizing state frequencies so that sum of them equals to 1
995  FLAVI+F+R2    1598.298     32  3260.595     3268.058     3380.779
1014  HIVb+I        1628.674     12  3281.348     3282.378     3326.417
1015  HIVb+G4       1627.504     12  3279.008     3280.038     3324.077
1016  HIVb+I+G4     1627.194     13  3280.387     3281.593     3329.212
1017  HIVb+R2       1628.213     13  3282.426     3283.631     3331.251
1036  HIVb+F+I      1584.696     31  3231.392     3238.378     3347.820
1037  HIVb+F+G4     1583.043     31  3228.086     3235.072     3344.514
1038  HIVb+F+I+G4   1582.489     32  3228.978     3236.441     3349.162
1039  HIVb+F+R2     1583.957     32  3231.913     3239.376     3352.097
1058  HIVw+I        1661.506     12  3347.012     3348.042     3392.081
1059  HIVw+G4       1659.868     12  3343.737     3344.766     3388.806
1060  HIVw+I+G4     1659.598     13  3345.197     3346.402     3394.021
1061  HIVw+R2       1660.702     13  3347.404     3348.609     3396.229
1080  HIVw+F+I      1603.195     31  3268.391     3275.377     3384.819
1081  HIVw+F+G4     1601.332     31  3264.665     3271.651     3381.093
1082  HIVw+F+I+G4   1600.939     32  3265.878     3273.341     3386.062
1083  HIVw+F+R2     1600.892     32  3265.783     3273.246     3385.967
1102  FLU+I         1616.373     12  3256.747     3257.777     3301.816
1103  FLU+G4        1615.930     12  3255.860     3256.890     3300.929
1104  FLU+I+G4      1615.835     13  3257.669     3258.874     3306.494
1105  FLU+R2        1616.221     13  3258.441     3259.647     3307.266
1124  FLU+F+I       1572.078     31  3206.156     3213.142     3322.584
1125  FLU+F+G4      1571.098     31  3204.196     3211.182     3320.624
1126  FLU+F+I+G4    1570.961     32  3205.922     3213.385     3326.106
1127  FLU+F+R2      1571.695     32  3207.390     3214.853     3327.574
1146  rtREV+I       1597.481     12  3218.961     3219.991     3264.030
1147  rtREV+G4      1596.762     12  3217.524     3218.554     3262.593
1148  rtREV+I+G4    1596.668     13  3219.336     3220.542     3268.161
1149  rtREV+R2      1597.262     13  3220.524     3221.729     3269.349
1168  rtREV+F+I     1562.790     31  3187.579     3194.565     3304.007
1169  rtREV+F+G4    1562.005     31  3186.010     3192.995     3302.438
1170  rtREV+F+I+G4  1561.897     32  3187.794     3195.257     3307.977
1171  rtREV+F+R2    1562.544     32  3189.089     3196.552     3309.273
1190  cpREV+I       1595.194     12  3214.388     3215.417     3259.457
1191  cpREV+G4      1594.630     12  3213.259     3214.289     3258.328
1192  cpREV+I+G4    1594.518     13  3215.036     3216.241     3263.860
1193  cpREV+R2      1595.037     13  3216.074     3217.279     3264.898
1212  cpREV+F+I     1559.843     31  3181.685     3188.671     3298.113
1213  cpREV+F+G4    1559.097     31  3180.195     3187.180     3296.623
1214  cpREV+F+I+G4  1558.993     32  3181.986     3189.449     3302.170
1215  cpREV+F+R2    1559.624     32  3183.247     3190.710     3303.431
Akaike Information Criterion:           WAG+F+G4
Corrected Akaike Information Criterion: WAG+F+G4
Bayesian Information Criterion:         Q.yeast+G4
Best-fit model: Q.yeast+G4 chosen according to BIC

All model information printed to results/06_PHYLO/noTg_tree/18683at5794/18683at5794.model.gz
CPU time for ModelFinder: 66.913 seconds (0h:1m:6s)
Wall-clock time for ModelFinder: 28.426 seconds (0h:0m:28s)
WARNING: States(s) W rarely appear in alignment and may cause numerical problems
Generating 1000 samples for ultrafast bootstrap (seed: 895592)...
WARNING: Normalizing state frequencies so that sum of them equals to 1

NOTE: 1 MB RAM (0 GB) is required!
Estimate model parameters (epsilon = 0.100)
1. Initial log-likelihood: -1575.866
Optimal log-likelihood: -1575.866
Gamma shape alpha: 0.423
Parameters optimization took 1 rounds (0.006 sec)
Wrote distance file to... 
Computing ML distances based on estimated model parameters...
Calculating distance matrix: done in 0.0065562 secs using 266.8% CPU
Computing ML distances took 0.007741 sec (of wall-clock time) 0.017890 sec (of CPU time)
Setting up auxiliary I and S matrices: done in 0.0010426 secs using 144.1% CPU
Computing RapidNJ tree took 0.003959 sec (of wall-clock time) 0.004075 sec (of CPU time)
Log-likelihood of RapidNJ tree: -1575.866
--------------------------------------------------------------------
|             INITIALIZING CANDIDATE TREE SET                      |
--------------------------------------------------------------------
Generating 99 parsimony trees... 0.031 second
Computing log-likelihood of 44 initial trees ... 0.064 seconds
Current best score: -1575.866

Do NNI search on 20 best initial trees
Estimate model parameters (epsilon = 0.100)
BETTER TREE FOUND at iteration 1: -1575.866
Iteration 10 / LogL: -1575.869 / Time: 0h:0m:0s
Iteration 20 / LogL: -1575.867 / Time: 0h:0m:0s
Finish initializing candidate tree set (2)
Current best tree score: -1575.866 / CPU time: 0.444
Number of iterations: 20
--------------------------------------------------------------------
|               OPTIMIZING CANDIDATE TREE SET                      |
--------------------------------------------------------------------
Iteration 30 / LogL: -1575.868 / Time: 0h:0m:0s (0h:0m:1s left)
Iteration 40 / LogL: -1580.887 / Time: 0h:0m:0s (0h:0m:1s left)
Iteration 50 / LogL: -1575.890 / Time: 0h:0m:1s (0h:0m:1s left)
Log-likelihood cutoff on original alignment: -1594.043
Iteration 60 / LogL: -1575.893 / Time: 0h:0m:1s (0h:0m:0s left)
Iteration 70 / LogL: -1575.870 / Time: 0h:0m:1s (0h:0m:0s left)
Iteration 80 / LogL: -1575.869 / Time: 0h:0m:1s (0h:0m:0s left)
Iteration 90 / LogL: -1575.885 / Time: 0h:0m:1s (0h:0m:0s left)
Iteration 100 / LogL: -1580.887 / Time: 0h:0m:2s (0h:0m:0s left)
Log-likelihood cutoff on original alignment: -1594.025
NOTE: Bootstrap correlation coefficient of split occurrence frequencies: 1.000
TREE SEARCH COMPLETED AFTER 102 ITERATIONS / Time: 0h:0m:2s

--------------------------------------------------------------------
|                    FINALIZING TREE SEARCH                        |
--------------------------------------------------------------------
Performs final model parameters optimization
Estimate model parameters (epsilon = 0.010)
1. Initial log-likelihood: -1575.866
Optimal log-likelihood: -1575.866
Gamma shape alpha: 0.423
Parameters optimization took 1 rounds (0.004 sec)
BEST SCORE FOUND : -1575.866
Creating bootstrap support values...
Split supports printed to NEXUS file results/06_PHYLO/noTg_tree/18683at5794/18683at5794.splits.nex
Total tree length: 0.464

Total number of iterations: 102
CPU time used for tree search: 5.653 sec (0h:0m:5s)
Wall-clock time used for tree search: 2.107 sec (0h:0m:2s)
Total CPU time used: 5.780 sec (0h:0m:5s)
Total wall-clock time used: 2.248 sec (0h:0m:2s)

Computing bootstrap consensus tree...
Reading input file results/06_PHYLO/noTg_tree/18683at5794/18683at5794.splits.nex...
7 taxa and 30 splits.
Consensus tree written to results/06_PHYLO/noTg_tree/18683at5794/18683at5794.contree
Reading input trees file results/06_PHYLO/noTg_tree/18683at5794/18683at5794.contree
Log-likelihood of consensus tree: -1575.866

Analysis results written to: 
  IQ-TREE report:                results/06_PHYLO/noTg_tree/18683at5794/18683at5794.iqtree
  Maximum-likelihood tree:       results/06_PHYLO/noTg_tree/18683at5794/18683at5794.treefile
  Likelihood distances:          results/06_PHYLO/noTg_tree/18683at5794/18683at5794.mldist

Ultrafast bootstrap approximation results written to:
  Split support values:          results/06_PHYLO/noTg_tree/18683at5794/18683at5794.splits.nex
  Consensus tree:                results/06_PHYLO/noTg_tree/18683at5794/18683at5794.contree
  Screen log file:               results/06_PHYLO/noTg_tree/18683at5794/18683at5794.log

Date and Time: Mon Mar 18 01:53:03 2024
