[2024-02-21 22:19:41,078] multiqc                                            [DEBUG  ]  This is MultiQC v1.19
[2024-02-21 22:19:41,080] multiqc                                            [DEBUG  ]  Command used: /home/hmarton/anaconda3/bin/multiqc .
[2024-02-21 22:19:41,598] multiqc                                            [WARNING]  MultiQC Version v1.20 now available!
[2024-02-21 22:19:41,598] multiqc                                            [DEBUG  ]  Working dir : /mnt/c/Users/Marton Horvath/Documents/github/LundUni/Pages/Projects/de_novo_BINP29/results/00_fastqc
[2024-02-21 22:19:41,598] multiqc                                            [DEBUG  ]  Template    : default
[2024-02-21 22:19:41,598] multiqc                                            [DEBUG  ]  Running Python 3.9.12 (main, Apr  5 2022, 06:56:58)  [GCC 7.5.0]
[2024-02-21 22:19:41,599] multiqc                                            [DEBUG  ]  Analysing modules: custom_content, ccs, ngsderive, purple, conpair, lima, peddy, somalier, methylQA, mosdepth, phantompeakqualtools, qualimap, preseq, hifiasm, quast, qorts, rna_seqc, rockhopper, rsem, rseqc, busco, bustools, goleft_indexcov, gffcompare, disambiguate, supernova, deeptools, sargasso, verifybamid, mirtrace, happy, mirtop, sambamba, gopeaks, homer, hops, macs2, theta2, snpeff, gatk, htseq, bcftools, featureCounts, fgbio, dragen, dragen_fastqc, dedup, pbmarkdup, damageprofiler, mapdamage, biobambam2, jcvi, mtnucratio, picard, vep, bakta, prokka, qc3C, nanostat, samblaster, samtools, sexdeterrmine, seqera_cli, eigenstratdatabasetools, bamtools, jellyfish, vcftools, longranger, stacks, varscan2, snippy, umitools, truvari, bbmap, bismark, biscuit, diamond, hicexplorer, hicup, hicpro, salmon, kallisto, slamdunk, star, hisat2, tophat, bowtie2, bowtie1, cellranger, snpsplit, odgi, pangolin, nextclade, freyja, humid, kat, leehom, librarian, adapterRemoval, bbduk, clipandmerge, cutadapt, flexbar, sourmash, kaiju, bracken, kraken, malt, motus, trimmomatic, sickle, skewer, sortmerna, biobloomtools, fastq_screen, afterqc, fastp, fastqc, filtlong, prinseqplusplus, pychopper, porechop, pycoqc, minionqc, anglerfish, multivcfanalyzer, clusterflow, checkqc, bcl2fastq, bclconvert, interop, ivar, flash, seqyclean, optitype, whatshap, xenome, xengsort
[2024-02-21 22:19:41,599] multiqc                                            [DEBUG  ]  Using temporary directory for creating report: /tmp/tmprlxfnzne
[2024-02-21 22:19:41,609] multiqc                                            [INFO   ]  Search path : /mnt/c/Users/Marton Horvath/Documents/github/LundUni/Pages/Projects/de_novo_BINP29/results/00_fastqc
[2024-02-21 22:19:41,903] multiqc                                            [DEBUG  ]  Summary of files that were skipped by the search: [skipped_module_specific_max_filesize: 8] // [skipped_no_match: 1]
[2024-02-21 22:19:42,770] multiqc.plots.bargraph                             [DEBUG  ]  Using matplotlib version 3.5.1
[2024-02-21 22:19:42,772] multiqc.plots.linegraph                            [DEBUG  ]  Using matplotlib version 3.5.1
[2024-02-21 22:19:42,773] multiqc                                            [DEBUG  ]  No samples found: custom_content
[2024-02-21 22:19:42,803] multiqc.modules.fastqc.fastqc                      [INFO   ]  Found 1 reports
[2024-02-21 22:19:42,828] multiqc.utils.software_versions                    [DEBUG  ]  Reading software versions from config.software_versions
[2024-02-21 22:19:42,831] multiqc                                            [DEBUG  ]  Compressing plot data
[2024-02-21 22:19:42,855] multiqc                                            [INFO   ]  Report      : multiqc_report.html
[2024-02-21 22:19:42,856] multiqc                                            [INFO   ]  Data        : multiqc_data
[2024-02-21 22:19:42,856] multiqc                                            [DEBUG  ]  Moving data file from '/tmp/tmprlxfnzne/multiqc_data' to '/mnt/c/Users/Marton Horvath/Documents/github/LundUni/Pages/Projects/de_novo_BINP29/results/00_fastqc/multiqc_data'
[2024-02-21 22:19:42,939] multiqc                                            [DEBUG  ]  Full report path: /mnt/c/Users/Marton Horvath/Documents/github/LundUni/Pages/Projects/de_novo_BINP29/results/00_fastqc/multiqc_report.html
[2024-02-21 22:19:43,061] multiqc                                            [INFO   ]  MultiQC complete
