IQ-TREE multicore version 2.3.0 COVID-edition for Linux 64-bit built Mar 14 2024
Developed by Bui Quang Minh, James Barbetti, Nguyen Lam Tung,
Olga Chernomor, Heiko Schmidt, Dominik Schrempf, Michael Woodhams, Ly Trong Nhan.

Host:    LAPTOP-L82QPIRU (AVX2, FMA3, 3 GB RAM)
Command: iqtree -s results/06_PHYLO/noTg_alignments/14575at5794.aln -m MFP -bb 1000 -nt AUTO -pre results/06_PHYLO/noTg_tree/14575at5794/14575at5794
Seed:    352210 (Using SPRNG - Scalable Parallel Random Number Generator)
Time:    Mon Mar 18 01:35:51 2024
Kernel:  AVX+FMA - auto-detect threads (8 CPU cores detected)

Reading alignment file results/06_PHYLO/noTg_alignments/14575at5794.aln ... Fasta format detected
Reading fasta file: done in 0.0010059 secs using 16.6% CPU
Alignment most likely contains protein sequences
Alignment has 7 sequences with 423 columns, 226 distinct patterns
98 parsimony-informative, 67 singleton sites, 258 constant sites
           Gap/Ambiguity  Composition  p-value
Analyzing sequences: done in 3.47e-05 secs using 92.22% CPU
   1  1300_g_Ht   19.15%    passed    100.00%
   2  2839_g_Pb   11.35%    passed    100.00%
   3  1401_g_Pc    2.36%    passed     99.14%
   4  1635_g_Pf   10.87%    passed     99.70%
   5  1452_g_Pk   11.11%    passed    100.00%
   6  1377_g_Pv   22.70%    passed     99.99%
   7  4796_g_Py   10.17%    passed    100.00%
****  TOTAL       12.53%  0 sequences failed composition chi2 test (p-value<5%; df=19)


Create initial parsimony tree by phylogenetic likelihood library (PLL)... 0.002 seconds
Measuring multi-threading efficiency up to 8 CPU cores
Increase to 10 rounds for branch lengths
276 trees examined
Threads: 1 / Time: 8.026 sec / Speedup: 1.000 / Efficiency: 100% / LogL: -2777
Threads: 2 / Time: 4.760 sec / Speedup: 1.686 / Efficiency: 84% / LogL: -2777
Threads: 3 / Time: 4.172 sec / Speedup: 1.924 / Efficiency: 64% / LogL: -2777
Threads: 4 / Time: 3.827 sec / Speedup: 2.097 / Efficiency: 52% / LogL: -2777
Threads: 5 / Time: 3.903 sec / Speedup: 2.056 / Efficiency: 41% / LogL: -2777
BEST NUMBER OF THREADS: 4

Perform fast likelihood tree search using LG+I+G model...
Estimate model parameters (epsilon = 5.000)
Perform nearest neighbor interchange...
Estimate model parameters (epsilon = 1.000)
1. Initial log-likelihood: -2657.572
Optimal log-likelihood: -2657.550
Proportion of invariable sites: 0.296
Gamma shape alpha: 1.456
Parameters optimization took 1 rounds (0.016 sec)
Time for fast ML tree search: 0.077 seconds

NOTE: ModelFinder requires 3 MB RAM!
ModelFinder will test up to 1232 protein models (sample size: 423) ...
 No. Model         -LnL         df  AIC          AICc         BIC
  1  LG            2696.322     11  5414.644     5415.286     5459.165
  2  LG+I          2662.768     12  5349.536     5350.297     5398.104
  3  LG+G4         2657.397     12  5338.794     5339.555     5387.363
  4  LG+I+G4       2657.535     13  5341.070     5341.960     5393.686
  5  LG+R2         2658.428     13  5342.857     5343.747     5395.473
  6  LG+R3         2657.671     15  5345.342     5346.522     5406.053
 14  LG+I+R2       2657.381     14  5342.761     5343.791     5399.424
 15  LG+I+R3       2656.525     16  5345.049     5346.389     5409.807
 25  LG+F+G4       2624.665     31  5311.331     5316.405     5436.799
 26  LG+F+I+G4     2624.600     32  5313.200     5318.615     5442.716
 27  LG+F+R2       2625.766     32  5315.532     5320.948     5445.048
 47  WAG+G4        2671.287     12  5366.574     5367.335     5415.143
 48  WAG+I+G4      2671.438     13  5368.875     5369.765     5421.491
 49  WAG+R2        2672.132     13  5370.264     5371.154     5422.879
 69  WAG+F+G4      2628.881     31  5319.763     5324.837     5445.231
 70  WAG+F+I+G4    2628.857     32  5321.715     5327.130     5451.231
 71  WAG+F+R2      2629.613     32  5323.226     5328.641     5452.742
 91  JTT+G4        2652.263     12  5328.527     5329.288     5377.095
 92  JTT+I+G4      2652.415     13  5330.830     5331.720     5383.446
 93  JTT+R2        2653.277     13  5332.553     5333.443     5385.169
113  JTT+F+G4      2607.973     31  5277.945     5283.019     5403.414
114  JTT+F+I+G4    2607.929     32  5279.859     5285.274     5409.375
115  JTT+F+R2      2608.839     32  5281.678     5287.093     5411.194
WARNING: Normalizing state frequencies so that sum of them equals to 1
135  Q.pfam+G4     2662.612     12  5349.224     5349.985     5397.792
WARNING: Normalizing state frequencies so that sum of them equals to 1
136  Q.pfam+I+G4   2662.780     13  5351.561     5352.451     5404.177
WARNING: Normalizing state frequencies so that sum of them equals to 1
137  Q.pfam+R2     2663.681     13  5353.363     5354.253     5405.979
WARNING: Normalizing state frequencies so that sum of them equals to 1
157  Q.pfam+F+G4   2625.601     31  5313.202     5318.276     5438.670
WARNING: Normalizing state frequencies so that sum of them equals to 1
158  Q.pfam+F+I+G4 2625.652     32  5315.304     5320.719     5444.820
WARNING: Normalizing state frequencies so that sum of them equals to 1
159  Q.pfam+F+R2   2626.650     32  5317.300     5322.716     5446.816
WARNING: Normalizing state frequencies so that sum of them equals to 1
179  Q.bird+G4     2678.512     12  5381.025     5381.786     5429.593
WARNING: Normalizing state frequencies so that sum of them equals to 1
180  Q.bird+I+G4   2678.707     13  5383.415     5384.304     5436.030
WARNING: Normalizing state frequencies so that sum of them equals to 1
181  Q.bird+R2     2679.648     13  5385.296     5386.186     5437.912
WARNING: Normalizing state frequencies so that sum of them equals to 1
201  Q.bird+F+G4   2626.498     31  5314.996     5320.070     5440.465
WARNING: Normalizing state frequencies so that sum of them equals to 1
202  Q.bird+F+I+G4 2626.547     32  5317.094     5322.510     5446.610
WARNING: Normalizing state frequencies so that sum of them equals to 1
203  Q.bird+F+R2   2627.914     32  5319.829     5325.244     5449.344
WARNING: Normalizing state frequencies so that sum of them equals to 1
223  Q.mammal+G4   2679.879     12  5383.757     5384.518     5432.326
WARNING: Normalizing state frequencies so that sum of them equals to 1
224  Q.mammal+I+G4 2680.172     13  5386.344     5387.234     5438.960
WARNING: Normalizing state frequencies so that sum of them equals to 1
225  Q.mammal+R2   2680.812     13  5387.625     5388.515     5440.241
WARNING: Normalizing state frequencies so that sum of them equals to 1
245  Q.mammal+F+G4 2620.680     31  5303.359     5308.433     5428.828
WARNING: Normalizing state frequencies so that sum of them equals to 1
246  Q.mammal+F+I+G4 2620.787     32  5305.574     5310.989     5435.090
WARNING: Normalizing state frequencies so that sum of them equals to 1
247  Q.mammal+F+R2 2621.864     32  5307.728     5313.144     5437.244
267  Q.insect+G4   2643.309     12  5310.617     5311.378     5359.186
268  Q.insect+I+G4 2643.502     13  5313.004     5313.894     5365.620
269  Q.insect+R2   2644.299     13  5314.597     5315.487     5367.213
289  Q.insect+F+G4 2611.976     31  5285.952     5291.026     5411.421
290  Q.insect+F+I+G4 2611.900     32  5287.801     5293.216     5417.316
291  Q.insect+F+R2 2613.055     32  5290.110     5295.525     5419.626
WARNING: Normalizing state frequencies so that sum of them equals to 1
311  Q.plant+G4    2641.424     12  5306.848     5307.609     5355.416
WARNING: Normalizing state frequencies so that sum of them equals to 1
312  Q.plant+I+G4  2641.493     13  5308.987     5309.877     5361.603
WARNING: Normalizing state frequencies so that sum of them equals to 1
313  Q.plant+R2    2642.537     13  5311.074     5311.964     5363.690
WARNING: Normalizing state frequencies so that sum of them equals to 1
333  Q.plant+F+G4  2611.859     31  5285.719     5290.793     5411.187
WARNING: Normalizing state frequencies so that sum of them equals to 1
334  Q.plant+F+I+G4 2611.610     32  5287.221     5292.636     5416.737
WARNING: Normalizing state frequencies so that sum of them equals to 1
335  Q.plant+F+R2  2613.158     32  5290.315     5295.730     5419.831
WARNING: Normalizing state frequencies so that sum of them equals to 1
355  Q.yeast+G4    2646.154     12  5316.307     5317.068     5364.876
WARNING: Normalizing state frequencies so that sum of them equals to 1
356  Q.yeast+I+G4  2646.164     13  5318.329     5319.219     5370.944
WARNING: Normalizing state frequencies so that sum of them equals to 1
357  Q.yeast+R2    2647.456     13  5320.912     5321.802     5373.528
WARNING: Normalizing state frequencies so that sum of them equals to 1
377  Q.yeast+F+G4  2617.481     31  5296.961     5302.035     5422.430
WARNING: Normalizing state frequencies so that sum of them equals to 1
378  Q.yeast+F+I+G4 2617.383     32  5298.766     5304.181     5428.282
WARNING: Normalizing state frequencies so that sum of them equals to 1
379  Q.yeast+F+R2  2618.629     32  5301.258     5306.673     5430.774
399  JTTDCMut+G4   2652.333     12  5328.667     5329.428     5377.235
400  JTTDCMut+I+G4 2652.502     13  5331.004     5331.894     5383.620
401  JTTDCMut+R2   2653.356     13  5332.712     5333.602     5385.328
421  JTTDCMut+F+G4 2607.940     31  5277.879     5282.953     5403.348
422  JTTDCMut+F+I+G4 2607.906     32  5279.813     5285.228     5409.329
423  JTTDCMut+F+R2 2608.827     32  5281.654     5287.069     5411.170
443  DCMut+G4      2692.553     12  5409.105     5409.866     5457.674
444  DCMut+I+G4    2693.194     13  5412.389     5413.279     5465.005
445  DCMut+R2      2693.155     13  5412.310     5413.200     5464.926
465  DCMut+F+G4    2629.841     31  5321.681     5326.756     5447.150
466  DCMut+F+I+G4  2630.380     32  5324.759     5330.175     5454.275
467  DCMut+F+R2    2630.362     32  5324.725     5330.140     5454.240
487  VT+G4         2665.638     12  5355.277     5356.038     5403.845
488  VT+I+G4       2665.707     13  5357.414     5358.304     5410.030
489  VT+R2         2666.351     13  5358.701     5359.591     5411.317
509  VT+F+G4       2629.908     31  5321.815     5326.889     5447.284
510  VT+F+I+G4     2629.802     32  5323.604     5329.019     5453.120
511  VT+F+R2       2630.438     32  5324.875     5330.290     5454.391
531  PMB+G4        2684.666     12  5393.331     5394.092     5441.900
532  PMB+I+G4      2684.759     13  5395.517     5396.407     5448.133
533  PMB+R2        2685.333     13  5396.666     5397.556     5449.282
553  PMB+F+G4      2648.581     31  5359.163     5364.237     5484.631
554  PMB+F+I+G4    2648.501     32  5361.002     5366.418     5490.518
555  PMB+F+R2      2649.068     32  5362.136     5367.551     5491.652
575  Blosum62+G4   2676.424     12  5376.849     5377.610     5425.417
576  Blosum62+I+G4 2676.539     13  5379.078     5379.968     5431.694
577  Blosum62+R2   2677.302     13  5380.603     5381.493     5433.219
597  Blosum62+F+G4 2651.584     31  5365.168     5370.243     5490.637
598  Blosum62+F+I+G4 2651.515     32  5367.030     5372.445     5496.546
599  Blosum62+F+R2 2652.212     32  5368.425     5373.840     5497.941
619  Dayhoff+G4    2692.394     12  5408.787     5409.548     5457.356
620  Dayhoff+I+G4  2693.031     13  5412.062     5412.952     5464.677
621  Dayhoff+R2    2693.009     13  5412.018     5412.908     5464.634
641  Dayhoff+F+G4  2629.672     31  5321.344     5326.418     5446.813
642  Dayhoff+F+I+G4 2630.208     32  5324.416     5329.831     5453.931
643  Dayhoff+F+R2  2630.204     32  5324.408     5329.823     5453.924
663  mtREV+G4      2805.902     12  5635.804     5636.565     5684.372
664  mtREV+I+G4    2806.538     13  5639.076     5639.966     5691.691
665  mtREV+R2      2806.547     13  5639.093     5639.983     5691.709
685  mtREV+F+G4    2651.999     31  5365.998     5371.072     5491.467
686  mtREV+F+I+G4  2652.252     32  5368.503     5373.919     5498.019
687  mtREV+F+R2    2653.234     32  5370.467     5375.883     5499.983
707  mtART+G4      2792.431     12  5608.862     5609.623     5657.430
708  mtART+I+G4    2792.939     13  5611.878     5612.768     5664.494
709  mtART+R2      2793.962     13  5613.923     5614.813     5666.539
729  mtART+F+G4    2671.053     31  5404.107     5409.181     5529.575
730  mtART+F+I+G4  2671.118     32  5406.237     5411.652     5535.753
731  mtART+F+R2    2672.723     32  5409.445     5414.861     5538.961
751  mtZOA+G4      2759.555     12  5543.110     5543.871     5591.679
752  mtZOA+I+G4    2760.276     13  5546.552     5547.442     5599.168
753  mtZOA+R2      2760.428     13  5546.856     5547.746     5599.472
773  mtZOA+F+G4    2642.312     31  5346.623     5351.697     5472.092
774  mtZOA+F+I+G4  2642.532     32  5349.064     5354.479     5478.580
775  mtZOA+F+R2    2643.511     32  5351.023     5356.438     5480.539
795  mtMet+G4      2759.798     12  5543.596     5544.357     5592.165
796  mtMet+I+G4    2760.453     13  5546.907     5547.796     5599.522
797  mtMet+R2      2760.485     13  5546.970     5547.860     5599.585
817  mtMet+F+G4    2636.621     31  5335.243     5340.317     5460.711
818  mtMet+F+I+G4  2636.901     32  5337.802     5343.218     5467.318
819  mtMet+F+R2    2637.722     32  5339.443     5344.858     5468.959
839  mtVer+G4      2823.273     12  5670.546     5671.307     5719.114
840  mtVer+I+G4    2824.028     13  5674.055     5674.945     5726.671
841  mtVer+R2      2823.651     13  5673.302     5674.191     5725.917
861  mtVer+F+G4    2658.196     31  5378.392     5383.467     5503.861
862  mtVer+F+I+G4  2658.300     32  5380.601     5386.016     5510.117
863  mtVer+F+R2    2659.326     32  5382.651     5388.067     5512.167
883  mtInv+G4      2760.906     12  5545.812     5546.573     5594.380
884  mtInv+I+G4    2761.226     13  5548.451     5549.341     5601.067
885  mtInv+R2      2762.036     13  5550.072     5550.962     5602.688
905  mtInv+F+G4    2627.858     31  5317.716     5322.790     5443.184
906  mtInv+F+I+G4  2627.948     32  5319.896     5325.312     5449.412
907  mtInv+F+R2    2629.084     32  5322.167     5327.583     5451.683
927  mtMAM+G4      2831.929     12  5687.859     5688.620     5736.427
928  mtMAM+I+G4    2832.526     13  5691.053     5691.943     5743.669
929  mtMAM+R2      2834.279     13  5694.557     5695.447     5747.173
949  mtMAM+F+G4    2679.288     31  5420.576     5425.650     5546.044
950  mtMAM+F+I+G4  2679.021     32  5422.042     5427.458     5551.558
951  mtMAM+F+R2    2682.449     32  5428.897     5434.313     5558.413
WARNING: Normalizing state frequencies so that sum of them equals to 1
971  FLAVI+G4      2707.480     12  5438.960     5439.721     5487.529
WARNING: Normalizing state frequencies so that sum of them equals to 1
972  FLAVI+I+G4    2707.507     13  5441.015     5441.905     5493.631
WARNING: Normalizing state frequencies so that sum of them equals to 1
973  FLAVI+R2      2708.752     13  5443.504     5444.393     5496.119
WARNING: Normalizing state frequencies so that sum of them equals to 1
993  FLAVI+F+G4    2645.095     31  5352.190     5357.264     5477.659
WARNING: Normalizing state frequencies so that sum of them equals to 1
994  FLAVI+F+I+G4  2644.232     32  5352.464     5357.880     5481.980
WARNING: Normalizing state frequencies so that sum of them equals to 1
995  FLAVI+F+R2    2647.953     32  5359.905     5365.320     5489.421
1015  HIVb+G4       2690.631     12  5405.261     5406.022     5453.830
1016  HIVb+I+G4     2690.702     13  5407.403     5408.293     5460.019
1017  HIVb+R2       2691.569     13  5409.137     5410.027     5461.753
1037  HIVb+F+G4     2632.915     31  5327.830     5332.905     5453.299
1038  HIVb+F+I+G4   2632.489     32  5328.979     5334.394     5458.495
1039  HIVb+F+R2     2634.660     32  5333.320     5338.735     5462.836
1059  HIVw+G4       2741.925     12  5507.850     5508.611     5556.419
1060  HIVw+I+G4     2741.872     13  5509.743     5510.633     5562.359
1061  HIVw+R2       2743.359     13  5512.717     5513.607     5565.333
1081  HIVw+F+G4     2667.989     31  5397.978     5403.052     5523.446
1082  HIVw+F+I+G4   2667.648     32  5399.296     5404.711     5528.812
1083  HIVw+F+R2     2669.787     32  5403.574     5408.989     5533.090
1103  FLU+G4        2686.332     12  5396.664     5397.425     5445.232
1104  FLU+I+G4      2686.848     13  5399.696     5400.586     5452.312
1105  FLU+R2        2686.810     13  5399.619     5400.509     5452.235
1125  FLU+F+G4      2635.843     31  5333.686     5338.760     5459.155
1126  FLU+F+I+G4    2636.076     32  5336.152     5341.567     5465.668
1127  FLU+F+R2      2636.860     32  5337.721     5343.136     5467.236
1147  rtREV+G4      2705.957     12  5435.913     5436.674     5484.482
1148  rtREV+I+G4    2706.054     13  5438.109     5438.999     5490.724
1149  rtREV+R2      2707.009     13  5440.019     5440.909     5492.635
1169  rtREV+F+G4    2638.940     31  5339.879     5344.954     5465.348
1170  rtREV+F+I+G4  2638.932     32  5341.864     5347.280     5471.380
1171  rtREV+F+R2    2639.876     32  5343.753     5349.168     5473.269
1191  cpREV+G4      2681.305     12  5386.611     5387.372     5435.179
1192  cpREV+I+G4    2681.620     13  5389.240     5390.130     5441.856
1193  cpREV+R2      2681.794     13  5389.589     5390.479     5442.204
1213  cpREV+F+G4    2645.174     31  5352.348     5357.423     5477.817
1214  cpREV+F+I+G4  2645.302     32  5354.605     5360.020     5484.121
1215  cpREV+F+R2    2645.851     32  5355.703     5361.118     5485.219
Akaike Information Criterion:           JTTDCMut+F+G4
Corrected Akaike Information Criterion: JTTDCMut+F+G4
Bayesian Information Criterion:         Q.plant+G4
Best-fit model: Q.plant+G4 chosen according to BIC

All model information printed to results/06_PHYLO/noTg_tree/14575at5794/14575at5794.model.gz
CPU time for ModelFinder: 91.516 seconds (0h:1m:31s)
Wall-clock time for ModelFinder: 31.598 seconds (0h:0m:31s)
Generating 1000 samples for ultrafast bootstrap (seed: 352210)...
WARNING: Normalizing state frequencies so that sum of them equals to 1

NOTE: 2 MB RAM (0 GB) is required!
Estimate model parameters (epsilon = 0.100)
1. Initial log-likelihood: -2641.424
Optimal log-likelihood: -2641.424
Gamma shape alpha: 0.510
Parameters optimization took 1 rounds (0.007 sec)
Wrote distance file to... 
Computing ML distances based on estimated model parameters...
Calculating distance matrix: done in 0.0030401 secs using 379.1% CPU
Computing ML distances took 0.004234 sec (of wall-clock time) 0.011930 sec (of CPU time)
Setting up auxiliary I and S matrices: done in 0.0006345 secs using 166.9% CPU
Computing RapidNJ tree took 0.003541 sec (of wall-clock time) 0.003683 sec (of CPU time)
Log-likelihood of RapidNJ tree: -2642.132
--------------------------------------------------------------------
|             INITIALIZING CANDIDATE TREE SET                      |
--------------------------------------------------------------------
Generating 98 parsimony trees... 0.043 second
Computing log-likelihood of 46 initial trees ... 0.123 seconds
Current best score: -2641.424

Do NNI search on 20 best initial trees
Estimate model parameters (epsilon = 0.100)
BETTER TREE FOUND at iteration 1: -2641.424
Iteration 10 / LogL: -2641.424 / Time: 0h:0m:0s
Iteration 20 / LogL: -2641.425 / Time: 0h:0m:0s
Finish initializing candidate tree set (1)
Current best tree score: -2641.424 / CPU time: 0.787
Number of iterations: 20
--------------------------------------------------------------------
|               OPTIMIZING CANDIDATE TREE SET                      |
--------------------------------------------------------------------
Iteration 30 / LogL: -2641.426 / Time: 0h:0m:1s (0h:0m:2s left)
Iteration 40 / LogL: -2641.472 / Time: 0h:0m:1s (0h:0m:2s left)
Iteration 50 / LogL: -2641.425 / Time: 0h:0m:1s (0h:0m:1s left)
Log-likelihood cutoff on original alignment: -2647.590
Iteration 60 / LogL: -2641.426 / Time: 0h:0m:2s (0h:0m:1s left)
Iteration 70 / LogL: -2641.445 / Time: 0h:0m:2s (0h:0m:1s left)
Iteration 80 / LogL: -2642.373 / Time: 0h:0m:2s (0h:0m:0s left)
Iteration 90 / LogL: -2641.437 / Time: 0h:0m:3s (0h:0m:0s left)
Iteration 100 / LogL: -2641.426 / Time: 0h:0m:3s (0h:0m:0s left)
Log-likelihood cutoff on original alignment: -2647.590
NOTE: Bootstrap correlation coefficient of split occurrence frequencies: 0.999
TREE SEARCH COMPLETED AFTER 102 ITERATIONS / Time: 0h:0m:3s

--------------------------------------------------------------------
|                    FINALIZING TREE SEARCH                        |
--------------------------------------------------------------------
Performs final model parameters optimization
Estimate model parameters (epsilon = 0.010)
1. Initial log-likelihood: -2641.424
Optimal log-likelihood: -2641.424
Gamma shape alpha: 0.510
Parameters optimization took 1 rounds (0.006 sec)
BEST SCORE FOUND : -2641.424
Creating bootstrap support values...
Split supports printed to NEXUS file results/06_PHYLO/noTg_tree/14575at5794/14575at5794.splits.nex
Total tree length: 1.156

Total number of iterations: 102
CPU time used for tree search: 11.986 sec (0h:0m:11s)
Wall-clock time used for tree search: 3.285 sec (0h:0m:3s)
Total CPU time used: 12.157 sec (0h:0m:12s)
Total wall-clock time used: 3.427 sec (0h:0m:3s)

Computing bootstrap consensus tree...
Reading input file results/06_PHYLO/noTg_tree/14575at5794/14575at5794.splits.nex...
7 taxa and 15 splits.
Consensus tree written to results/06_PHYLO/noTg_tree/14575at5794/14575at5794.contree
Reading input trees file results/06_PHYLO/noTg_tree/14575at5794/14575at5794.contree
Log-likelihood of consensus tree: -2641.424

Analysis results written to: 
  IQ-TREE report:                results/06_PHYLO/noTg_tree/14575at5794/14575at5794.iqtree
  Maximum-likelihood tree:       results/06_PHYLO/noTg_tree/14575at5794/14575at5794.treefile
  Likelihood distances:          results/06_PHYLO/noTg_tree/14575at5794/14575at5794.mldist

Ultrafast bootstrap approximation results written to:
  Split support values:          results/06_PHYLO/noTg_tree/14575at5794/14575at5794.splits.nex
  Consensus tree:                results/06_PHYLO/noTg_tree/14575at5794/14575at5794.contree
  Screen log file:               results/06_PHYLO/noTg_tree/14575at5794/14575at5794.log

Date and Time: Mon Mar 18 01:36:26 2024
