IQ-TREE multicore version 2.3.0 COVID-edition for Linux 64-bit built Mar 14 2024
Developed by Bui Quang Minh, James Barbetti, Nguyen Lam Tung,
Olga Chernomor, Heiko Schmidt, Dominik Schrempf, Michael Woodhams, Ly Trong Nhan.

Host:    LAPTOP-L82QPIRU (AVX2, FMA3, 3 GB RAM)
Command: iqtree -s results/06_PHYLO/noTg_alignments/11405at5794.aln -m MFP -bb 1000 -nt AUTO -pre results/06_PHYLO/noTg_tree/11405at5794/11405at5794
Seed:    533430 (Using SPRNG - Scalable Parallel Random Number Generator)
Time:    Mon Mar 18 01:24:50 2024
Kernel:  AVX+FMA - auto-detect threads (8 CPU cores detected)

Reading alignment file results/06_PHYLO/noTg_alignments/11405at5794.aln ... Fasta format detected
Reading fasta file: done in 0.001113 secs
Alignment most likely contains protein sequences
Alignment has 7 sequences with 651 columns, 403 distinct patterns
190 parsimony-informative, 175 singleton sites, 286 constant sites
           Gap/Ambiguity  Composition  p-value
Analyzing sequences: done in 4.76e-05 secs using 92.44% CPU
   1  1056_g_Ht    3.69%    passed      8.39%
   2  2062_g_Pb   35.94%    passed     78.02%
   3  3356_g_Pc   24.73%    failed      0.70%
   4  826_g_Pf    24.58%    passed      5.26%
   5  3462_g_Pk   26.88%    passed     70.30%
   6  3349_g_Pv   29.65%    failed      0.09%
   7  4514_g_Py   32.26%    passed     81.78%
****  TOTAL       25.39%  2 sequences failed composition chi2 test (p-value<5%; df=19)


Create initial parsimony tree by phylogenetic likelihood library (PLL)... 0.003 seconds
Measuring multi-threading efficiency up to 8 CPU cores
Increase to 10 rounds for branch lengths
122 trees examined
Threads: 1 / Time: 8.024 sec / Speedup: 1.000 / Efficiency: 100% / LogL: -6014
Threads: 2 / Time: 4.713 sec / Speedup: 1.702 / Efficiency: 85% / LogL: -6014
Threads: 3 / Time: 4.100 sec / Speedup: 1.957 / Efficiency: 65% / LogL: -6014
Threads: 4 / Time: 3.650 sec / Speedup: 2.198 / Efficiency: 55% / LogL: -6014
Threads: 5 / Time: 3.561 sec / Speedup: 2.253 / Efficiency: 45% / LogL: -6014
BEST NUMBER OF THREADS: 4

Perform fast likelihood tree search using LG+I+G model...
Estimate model parameters (epsilon = 5.000)
Perform nearest neighbor interchange...
Estimate model parameters (epsilon = 1.000)
1. Initial log-likelihood: -5463.362
2. Current log-likelihood: -5462.219
Optimal log-likelihood: -5461.419
Proportion of invariable sites: 0.136
Gamma shape alpha: 1.068
Parameters optimization took 2 rounds (0.051 sec)
Time for fast ML tree search: 0.130 seconds

NOTE: ModelFinder requires 6 MB RAM!
ModelFinder will test up to 1232 protein models (sample size: 651) ...
 No. Model         -LnL         df  AIC          AICc         BIC
  1  LG            5587.046     11  11196.093    11196.506    11245.356
  2  LG+I          5514.137     12  11052.274    11052.763    11106.016
  3  LG+G4         5457.393     12  10938.786    10939.275    10992.528
  4  LG+I+G4       5458.844     13  10943.688    10944.260    11001.909
  5  LG+R2         5460.158     13  10946.317    10946.888    11004.538
  6  LG+R3         5455.908     15  10941.816    10942.572    11008.993
 14  LG+I+R2       5456.675     14  10941.350    10942.010    11004.049
 15  LG+I+R3       5456.140     16  10944.279    10945.137    11015.936
 25  LG+F+G4       5293.654     31  10649.308    10652.513    10788.142
 26  LG+F+I+G4     5295.105     32  10654.211    10657.628    10797.523
 47  WAG+G4        5450.862     12  10925.724    10926.213    10979.466
 48  WAG+I+G4      5452.218     13  10930.436    10931.007    10988.657
 69  WAG+F+G4      5306.403     31  10674.806    10678.011    10813.640
 70  WAG+F+I+G4    5307.704     32  10679.407    10682.825    10822.719
 91  JTT+G4        5443.551     12  10911.102    10911.591    10964.844
 92  JTT+I+G4      5444.820     13  10915.641    10916.212    10973.861
113  JTT+F+G4      5287.565     31  10637.131    10640.336    10775.965
114  JTT+F+I+G4    5288.547     32  10641.094    10644.512    10784.407
WARNING: Normalizing state frequencies so that sum of them equals to 1
135  Q.pfam+G4     5458.013     12  10940.027    10940.516    10993.769
WARNING: Normalizing state frequencies so that sum of them equals to 1
136  Q.pfam+I+G4   5459.460     13  10944.920    10945.491    11003.140
WARNING: Normalizing state frequencies so that sum of them equals to 1
157  Q.pfam+F+G4   5291.887     31  10645.775    10648.980    10784.609
WARNING: Normalizing state frequencies so that sum of them equals to 1
158  Q.pfam+F+I+G4 5293.339     32  10650.679    10654.096    10793.991
WARNING: Normalizing state frequencies so that sum of them equals to 1
179  Q.bird+G4     5494.806     12  11013.613    11014.102    11067.355
WARNING: Normalizing state frequencies so that sum of them equals to 1
180  Q.bird+I+G4   5496.254     13  11018.507    11019.079    11076.728
WARNING: Normalizing state frequencies so that sum of them equals to 1
201  Q.bird+F+G4   5316.538     31  10695.075    10698.281    10833.909
WARNING: Normalizing state frequencies so that sum of them equals to 1
202  Q.bird+F+I+G4 5317.774     32  10699.547    10702.965    10842.860
WARNING: Normalizing state frequencies so that sum of them equals to 1
223  Q.mammal+G4   5496.084     12  11016.167    11016.656    11069.909
WARNING: Normalizing state frequencies so that sum of them equals to 1
224  Q.mammal+I+G4 5497.555     13  11021.109    11021.681    11079.330
WARNING: Normalizing state frequencies so that sum of them equals to 1
245  Q.mammal+F+G4 5308.729     31  10679.458    10682.663    10818.292
WARNING: Normalizing state frequencies so that sum of them equals to 1
246  Q.mammal+F+I+G4 5310.008     32  10684.015    10687.433    10827.327
267  Q.insect+G4   5417.091     12  10858.183    10858.672    10911.925
268  Q.insect+I+G4 5418.585     13  10863.170    10863.742    10921.391
289  Q.insect+F+G4 5282.961     31  10627.922    10631.127    10766.756
290  Q.insect+F+I+G4 5284.254     32  10632.508    10635.925    10775.820
WARNING: Normalizing state frequencies so that sum of them equals to 1
311  Q.plant+G4    5435.701     12  10895.402    10895.891    10949.144
WARNING: Normalizing state frequencies so that sum of them equals to 1
312  Q.plant+I+G4  5437.224     13  10900.449    10901.020    10958.669
WARNING: Normalizing state frequencies so that sum of them equals to 1
333  Q.plant+F+G4  5281.758     31  10625.516    10628.721    10764.350
WARNING: Normalizing state frequencies so that sum of them equals to 1
334  Q.plant+F+I+G4 5283.232     32  10630.465    10633.882    10773.777
WARNING: Normalizing state frequencies so that sum of them equals to 1
355  Q.yeast+G4    5393.408     12  10810.817    10811.306    10864.559
WARNING: Normalizing state frequencies so that sum of them equals to 1
356  Q.yeast+I+G4  5394.850     13  10815.700    10816.272    10873.921
WARNING: Normalizing state frequencies so that sum of them equals to 1
377  Q.yeast+F+G4  5277.481     31  10616.963    10620.168    10755.796
WARNING: Normalizing state frequencies so that sum of them equals to 1
378  Q.yeast+F+I+G4 5278.899     32  10621.797    10625.215    10765.110
399  JTTDCMut+G4   5444.038     12  10912.077    10912.566    10965.819
400  JTTDCMut+I+G4 5445.300     13  10916.600    10917.171    10974.820
421  JTTDCMut+F+G4 5289.024     31  10640.049    10643.254    10778.883
422  JTTDCMut+F+I+G4 5289.979     32  10643.957    10647.375    10787.270
443  DCMut+G4      5462.965     12  10949.930    10950.419    11003.673
444  DCMut+I+G4    5464.063     13  10954.125    10954.697    11012.346
465  DCMut+F+G4    5318.937     31  10699.874    10703.080    10838.708
466  DCMut+F+I+G4  5319.367     32  10702.734    10706.151    10846.046
487  VT+G4         5451.019     12  10926.039    10926.528    10979.781
488  VT+I+G4       5452.183     13  10930.367    10930.938    10988.587
509  VT+F+G4       5307.532     31  10677.064    10680.269    10815.897
510  VT+F+I+G4     5308.598     32  10681.196    10684.613    10824.508
531  PMB+G4        5519.279     12  11062.557    11063.046    11116.299
532  PMB+I+G4      5520.479     13  11066.958    11067.529    11125.178
553  PMB+F+G4      5342.651     31  10747.301    10750.507    10886.135
554  PMB+F+I+G4    5343.924     32  10751.849    10755.266    10895.161
575  Blosum62+G4   5494.446     12  11012.892    11013.381    11066.634
576  Blosum62+I+G4 5495.743     13  11017.485    11018.056    11075.706
597  Blosum62+F+G4 5338.343     31  10738.686    10741.891    10877.520
598  Blosum62+F+I+G4 5339.611     32  10743.222    10746.640    10886.535
619  Dayhoff+G4    5462.741     12  10949.481    10949.970    11003.224
620  Dayhoff+I+G4  5463.848     13  10953.696    10954.267    11011.916
641  Dayhoff+F+G4  5318.732     31  10699.464    10702.669    10838.298
642  Dayhoff+F+I+G4 5319.165     32  10702.330    10705.748    10845.643
663  mtREV+G4      5783.976     12  11591.953    11592.442    11645.695
664  mtREV+I+G4    5785.349     13  11596.697    11597.269    11654.918
685  mtREV+F+G4    5342.696     31  10747.391    10750.596    10886.225
686  mtREV+F+I+G4  5344.258     32  10752.515    10755.933    10895.827
707  mtART+G4      5772.680     12  11569.360    11569.849    11623.102
708  mtART+I+G4    5774.066     13  11574.131    11574.703    11632.352
729  mtART+F+G4    5351.545     31  10765.090    10768.295    10903.924
730  mtART+F+I+G4  5352.987     32  10769.975    10773.392    10913.287
751  mtZOA+G4      5746.001     12  11516.003    11516.492    11569.745
752  mtZOA+I+G4    5747.359     13  11520.718    11521.290    11578.939
773  mtZOA+F+G4    5322.021     31  10706.042    10709.248    10844.876
774  mtZOA+F+I+G4  5323.558     32  10711.116    10714.533    10854.428
795  mtMet+G4      5671.502     12  11367.004    11367.493    11420.746
796  mtMet+I+G4    5672.807     13  11371.614    11372.186    11429.835
817  mtMet+F+G4    5311.299     31  10684.599    10687.804    10823.432
818  mtMet+F+I+G4  5312.826     32  10689.653    10693.070    10832.965
839  mtVer+G4      5769.048     12  11562.095    11562.584    11615.837
840  mtVer+I+G4    5770.202     13  11566.404    11566.975    11624.624
861  mtVer+F+G4    5336.078     31  10734.156    10737.361    10872.990
862  mtVer+F+I+G4  5337.562     32  10739.124    10742.541    10882.436
883  mtInv+G4      5688.953     12  11401.905    11402.394    11455.647
884  mtInv+I+G4    5690.259     13  11406.517    11407.089    11464.738
905  mtInv+F+G4    5304.865     31  10671.730    10674.935    10810.564
906  mtInv+F+I+G4  5306.336     32  10676.672    10680.089    10819.984
927  mtMAM+G4      5822.826     12  11669.652    11670.142    11723.395
928  mtMAM+I+G4    5824.290     13  11674.579    11675.151    11732.800
949  mtMAM+F+G4    5360.054     31  10782.108    10785.314    10920.942
950  mtMAM+F+I+G4  5361.623     32  10787.246    10790.663    10930.558
WARNING: Normalizing state frequencies so that sum of them equals to 1
971  FLAVI+G4      5610.870     12  11245.740    11246.229    11299.482
WARNING: Normalizing state frequencies so that sum of them equals to 1
972  FLAVI+I+G4    5612.147     13  11250.294    11250.865    11308.514
WARNING: Normalizing state frequencies so that sum of them equals to 1
993  FLAVI+F+G4    5361.561     31  10785.123    10788.328    10923.957
WARNING: Normalizing state frequencies so that sum of them equals to 1
994  FLAVI+F+I+G4  5362.632     32  10789.264    10792.681    10932.576
1015  HIVb+G4       5498.707     12  11021.414    11021.903    11075.157
1016  HIVb+I+G4     5500.038     13  11026.075    11026.647    11084.296
1037  HIVb+F+G4     5314.387     31  10690.773    10693.978    10829.607
1038  HIVb+F+I+G4   5315.665     32  10695.329    10698.747    10838.642
1059  HIVw+G4       5517.452     12  11058.903    11059.392    11112.645
1060  HIVw+I+G4     5518.396     13  11062.792    11063.363    11121.013
1081  HIVw+F+G4     5378.604     31  10819.209    10822.414    10958.043
1082  HIVw+F+I+G4   5379.251     32  10822.503    10825.920    10965.815
1103  FLU+G4        5423.165     12  10870.331    10870.820    10924.073
1104  FLU+I+G4      5424.546     13  10875.092    10875.663    10933.312
1125  FLU+F+G4      5331.906     31  10725.812    10729.017    10864.646
1126  FLU+F+I+G4    5333.265     32  10730.531    10733.948    10873.843
1147  rtREV+G4      5521.499     12  11066.997    11067.486    11120.739
1148  rtREV+I+G4    5522.836     13  11071.672    11072.243    11129.892
1169  rtREV+F+G4    5310.289     31  10682.579    10685.784    10821.413
1170  rtREV+F+I+G4  5311.738     32  10687.477    10690.894    10830.789
1191  cpREV+G4      5483.611     12  10991.221    10991.710    11044.963
1192  cpREV+I+G4    5484.777     13  10995.554    10996.125    11053.774
1213  cpREV+F+G4    5305.569     31  10673.138    10676.343    10811.972
1214  cpREV+F+I+G4  5306.820     32  10677.639    10681.057    10820.952
Akaike Information Criterion:           Q.yeast+F+G4
Corrected Akaike Information Criterion: Q.yeast+F+G4
Bayesian Information Criterion:         Q.yeast+F+G4
Best-fit model: Q.yeast+F+G4 chosen according to BIC

All model information printed to results/06_PHYLO/noTg_tree/11405at5794/11405at5794.model.gz
CPU time for ModelFinder: 105.906 seconds (0h:1m:45s)
Wall-clock time for ModelFinder: 35.160 seconds (0h:0m:35s)
Generating 1000 samples for ultrafast bootstrap (seed: 533430)...
WARNING: Normalizing state frequencies so that sum of them equals to 1

NOTE: 3 MB RAM (0 GB) is required!
Estimate model parameters (epsilon = 0.100)
1. Initial log-likelihood: -5277.481
Optimal log-likelihood: -5277.475
Gamma shape alpha: 0.604
Parameters optimization took 1 rounds (0.012 sec)
Wrote distance file to... 
Computing ML distances based on estimated model parameters...
Calculating distance matrix: done in 0.0036424 secs using 358.3% CPU
Computing ML distances took 0.004794 sec (of wall-clock time) 0.013447 sec (of CPU time)
Setting up auxiliary I and S matrices: done in 0.000794 secs using 162.1% CPU
Computing RapidNJ tree took 0.004510 sec (of wall-clock time) 0.004734 sec (of CPU time)
Log-likelihood of RapidNJ tree: -5280.241
--------------------------------------------------------------------
|             INITIALIZING CANDIDATE TREE SET                      |
--------------------------------------------------------------------
Generating 98 parsimony trees... 0.065 second
Computing log-likelihood of 39 initial trees ... 0.159 seconds
Current best score: -5277.475

Do NNI search on 20 best initial trees
Estimate model parameters (epsilon = 0.100)
BETTER TREE FOUND at iteration 1: -5277.474
Iteration 10 / LogL: -5277.700 / Time: 0h:0m:0s
Iteration 20 / LogL: -5277.817 / Time: 0h:0m:1s
Finish initializing candidate tree set (1)
Current best tree score: -5277.474 / CPU time: 1.126
Number of iterations: 20
--------------------------------------------------------------------
|               OPTIMIZING CANDIDATE TREE SET                      |
--------------------------------------------------------------------
UPDATE BEST LOG-LIKELIHOOD: -5277.474
Iteration 30 / LogL: -5277.474 / Time: 0h:0m:1s (0h:0m:4s left)
Iteration 40 / LogL: -5278.871 / Time: 0h:0m:2s (0h:0m:3s left)
UPDATE BEST LOG-LIKELIHOOD: -5277.474
UPDATE BEST LOG-LIKELIHOOD: -5277.474
UPDATE BEST LOG-LIKELIHOOD: -5277.474
UPDATE BEST LOG-LIKELIHOOD: -5277.474
Iteration 50 / LogL: -5277.474 / Time: 0h:0m:2s (0h:0m:2s left)
Log-likelihood cutoff on original alignment: -5295.517
UPDATE BEST LOG-LIKELIHOOD: -5277.474
Iteration 60 / LogL: -5277.596 / Time: 0h:0m:3s (0h:0m:2s left)
Iteration 70 / LogL: -5277.508 / Time: 0h:0m:3s (0h:0m:1s left)
UPDATE BEST LOG-LIKELIHOOD: -5277.474
UPDATE BEST LOG-LIKELIHOOD: -5277.474
Iteration 80 / LogL: -5281.879 / Time: 0h:0m:4s (0h:0m:1s left)
UPDATE BEST LOG-LIKELIHOOD: -5277.474
Iteration 90 / LogL: -5278.200 / Time: 0h:0m:4s (0h:0m:0s left)
Iteration 100 / LogL: -5281.567 / Time: 0h:0m:5s (0h:0m:0s left)
Log-likelihood cutoff on original alignment: -5294.096
NOTE: Bootstrap correlation coefficient of split occurrence frequencies: 1.000
UPDATE BEST LOG-LIKELIHOOD: -5277.474
TREE SEARCH COMPLETED AFTER 102 ITERATIONS / Time: 0h:0m:5s

--------------------------------------------------------------------
|                    FINALIZING TREE SEARCH                        |
--------------------------------------------------------------------
Performs final model parameters optimization
Estimate model parameters (epsilon = 0.010)
1. Initial log-likelihood: -5277.474
Optimal log-likelihood: -5277.474
Gamma shape alpha: 0.606
Parameters optimization took 1 rounds (0.013 sec)
BEST SCORE FOUND : -5277.474
Creating bootstrap support values...
Split supports printed to NEXUS file results/06_PHYLO/noTg_tree/11405at5794/11405at5794.splits.nex
Total tree length: 4.922

Total number of iterations: 102
CPU time used for tree search: 18.686 sec (0h:0m:18s)
Wall-clock time used for tree search: 5.041 sec (0h:0m:5s)
Total CPU time used: 18.992 sec (0h:0m:18s)
Total wall-clock time used: 5.216 sec (0h:0m:5s)

Computing bootstrap consensus tree...
Reading input file results/06_PHYLO/noTg_tree/11405at5794/11405at5794.splits.nex...
7 taxa and 15 splits.
Consensus tree written to results/06_PHYLO/noTg_tree/11405at5794/11405at5794.contree
Reading input trees file results/06_PHYLO/noTg_tree/11405at5794/11405at5794.contree
Log-likelihood of consensus tree: -5277.474

Analysis results written to: 
  IQ-TREE report:                results/06_PHYLO/noTg_tree/11405at5794/11405at5794.iqtree
  Maximum-likelihood tree:       results/06_PHYLO/noTg_tree/11405at5794/11405at5794.treefile
  Likelihood distances:          results/06_PHYLO/noTg_tree/11405at5794/11405at5794.mldist

Ultrafast bootstrap approximation results written to:
  Split support values:          results/06_PHYLO/noTg_tree/11405at5794/11405at5794.splits.nex
  Consensus tree:                results/06_PHYLO/noTg_tree/11405at5794/11405at5794.contree
  Screen log file:               results/06_PHYLO/noTg_tree/11405at5794/11405at5794.log

Date and Time: Mon Mar 18 01:25:31 2024
