IQ-TREE multicore version 2.3.0 COVID-edition for Linux 64-bit built Mar 14 2024
Developed by Bui Quang Minh, James Barbetti, Nguyen Lam Tung,
Olga Chernomor, Heiko Schmidt, Dominik Schrempf, Michael Woodhams, Ly Trong Nhan.

Host:    LAPTOP-L82QPIRU (AVX2, FMA3, 3 GB RAM)
Command: iqtree -s results/06_PHYLO/noTg_alignments/3730at5794.aln -m MFP -bb 1000 -nt AUTO -pre results/06_PHYLO/noTg_tree/3730at5794/3730at5794
Seed:    624554 (Using SPRNG - Scalable Parallel Random Number Generator)
Time:    Mon Mar 18 02:33:15 2024
Kernel:  AVX+FMA - auto-detect threads (8 CPU cores detected)

Reading alignment file results/06_PHYLO/noTg_alignments/3730at5794.aln ... Fasta format detected
Reading fasta file: done in 0.0018442 secs
Alignment most likely contains protein sequences
Alignment has 7 sequences with 1419 columns, 737 distinct patterns
331 parsimony-informative, 363 singleton sites, 725 constant sites
           Gap/Ambiguity  Composition  p-value
Analyzing sequences: done in 0.002908 secs using 850% CPU
   1  1217_g_Ht    7.47%    failed      3.14%
   2  3834_g_Pb   28.89%    failed      0.19%
   3  2284_g_Pc   20.44%    failed      0.04%
   4  2285_g_Pf   23.04%    failed      0.95%
   5  2363_g_Pk   20.93%    passed     12.87%
   6  2247_g_Pv   22.34%    failed      0.00%
   7  1343_g_Py   24.10%    failed      0.01%
****  TOTAL       21.03%  6 sequences failed composition chi2 test (p-value<5%; df=19)


Create initial parsimony tree by phylogenetic likelihood library (PLL)... 0.003 seconds
Measuring multi-threading efficiency up to 8 CPU cores
Increase to 10 rounds for branch lengths
67 trees examined
Threads: 1 / Time: 8.026 sec / Speedup: 1.000 / Efficiency: 100% / LogL: -12421
Threads: 2 / Time: 5.533 sec / Speedup: 1.451 / Efficiency: 73% / LogL: -12421
Threads: 3 / Time: 3.870 sec / Speedup: 2.074 / Efficiency: 69% / LogL: -12421
Threads: 4 / Time: 3.648 sec / Speedup: 2.200 / Efficiency: 55% / LogL: -12421
Threads: 5 / Time: 3.438 sec / Speedup: 2.335 / Efficiency: 47% / LogL: -12421
BEST NUMBER OF THREADS: 4

Perform fast likelihood tree search using LG+I+G model...
Estimate model parameters (epsilon = 5.000)
Perform nearest neighbor interchange...
Estimate model parameters (epsilon = 1.000)
1. Initial log-likelihood: -11347.170
Optimal log-likelihood: -11346.986
Proportion of invariable sites: 0.240
Gamma shape alpha: 0.717
Parameters optimization took 1 rounds (0.050 sec)
Time for fast ML tree search: 0.174 seconds

NOTE: ModelFinder requires 11 MB RAM!
ModelFinder will test up to 1232 protein models (sample size: 1419) ...
 No. Model         -LnL         df  AIC          AICc         BIC
  1  LG            11871.337    11  23764.674    23764.861    23822.509
  2  LG+I          11463.694    12  22951.388    22951.610    23014.481
  3  LG+G4         11348.338    12  22720.675    22720.897    22783.768
  4  LG+I+G4       11346.833    13  22719.667    22719.926    22788.017
  5  LG+R2         11377.156    13  22780.312    22780.571    22848.662
  6  LG+R3         11345.081    15  22720.162    22720.504    22799.027
  7  LG+R4         11344.612    17  22723.223    22723.660    22812.604
 14  LG+I+R2       11348.157    14  22724.315    22724.614    22797.923
 15  LG+I+R3       11344.868    16  22721.735    22722.123    22805.859
 25  LG+F+G4       11171.966    31  22405.932    22407.362    22568.921
 26  LG+F+I+G4     11171.355    32  22406.710    22408.234    22574.956
 47  WAG+G4        11364.487    12  22752.974    22753.196    22816.067
 48  WAG+I+G4      11362.055    13  22750.110    22750.369    22818.460
 69  WAG+F+G4      11151.012    31  22364.025    22365.455    22527.013
 70  WAG+F+I+G4    11149.863    32  22363.726    22365.250    22531.973
 91  JTT+G4        11333.805    12  22691.611    22691.833    22754.703
 92  JTT+I+G4      11330.699    13  22687.397    22687.656    22755.748
113  JTT+F+G4      11113.835    31  22289.671    22291.101    22452.660
114  JTT+F+I+G4    11111.776    32  22287.551    22289.075    22455.798
WARNING: Normalizing state frequencies so that sum of them equals to 1
135  Q.pfam+G4     11377.994    12  22779.989    22780.211    22843.081
WARNING: Normalizing state frequencies so that sum of them equals to 1
136  Q.pfam+I+G4   11375.673    13  22777.347    22777.606    22845.697
WARNING: Normalizing state frequencies so that sum of them equals to 1
157  Q.pfam+F+G4   11165.752    31  22393.504    22394.934    22556.493
WARNING: Normalizing state frequencies so that sum of them equals to 1
158  Q.pfam+F+I+G4 11164.492    32  22392.983    22394.507    22561.230
WARNING: Normalizing state frequencies so that sum of them equals to 1
179  Q.bird+G4     11435.154    12  22894.308    22894.530    22957.401
WARNING: Normalizing state frequencies so that sum of them equals to 1
180  Q.bird+I+G4   11428.647    13  22883.293    22883.552    22951.643
WARNING: Normalizing state frequencies so that sum of them equals to 1
201  Q.bird+F+G4   11170.929    31  22403.858    22405.289    22566.847
WARNING: Normalizing state frequencies so that sum of them equals to 1
202  Q.bird+F+I+G4 11166.673    32  22397.345    22398.869    22565.592
WARNING: Normalizing state frequencies so that sum of them equals to 1
223  Q.mammal+G4   11440.656    12  22905.313    22905.534    22968.405
WARNING: Normalizing state frequencies so that sum of them equals to 1
224  Q.mammal+I+G4 11436.369    13  22898.739    22898.998    22967.089
WARNING: Normalizing state frequencies so that sum of them equals to 1
245  Q.mammal+F+G4 11149.659    31  22361.317    22362.748    22524.306
WARNING: Normalizing state frequencies so that sum of them equals to 1
246  Q.mammal+F+I+G4 11147.107    32  22358.215    22359.738    22526.461
267  Q.insect+G4   11297.796    12  22619.591    22619.813    22682.684
268  Q.insect+I+G4 11295.988    13  22617.975    22618.234    22686.325
289  Q.insect+F+G4 11150.021    31  22362.043    22363.473    22525.032
290  Q.insect+F+I+G4 11148.814    32  22361.628    22363.152    22529.875
WARNING: Normalizing state frequencies so that sum of them equals to 1
311  Q.plant+G4    11368.256    12  22760.512    22760.734    22823.604
WARNING: Normalizing state frequencies so that sum of them equals to 1
312  Q.plant+I+G4  11364.959    13  22755.918    22756.177    22824.269
WARNING: Normalizing state frequencies so that sum of them equals to 1
333  Q.plant+F+G4  11169.968    31  22401.936    22403.366    22564.925
WARNING: Normalizing state frequencies so that sum of them equals to 1
334  Q.plant+F+I+G4 11167.834    32  22399.669    22401.192    22567.915
WARNING: Normalizing state frequencies so that sum of them equals to 1
355  Q.yeast+G4    11278.437    12  22580.874    22581.096    22643.966
WARNING: Normalizing state frequencies so that sum of them equals to 1
356  Q.yeast+I+G4  11275.870    13  22577.741    22578.000    22646.091
WARNING: Normalizing state frequencies so that sum of them equals to 1
377  Q.yeast+F+G4  11151.066    31  22364.132    22365.563    22527.121
WARNING: Normalizing state frequencies so that sum of them equals to 1
378  Q.yeast+F+I+G4 11149.048    32  22362.095    22363.619    22530.342
399  JTTDCMut+G4   11333.686    12  22691.373    22691.595    22754.465
400  JTTDCMut+I+G4 11330.660    13  22687.320    22687.579    22755.670
421  JTTDCMut+F+G4 11115.601    31  22293.202    22294.632    22456.191
422  JTTDCMut+F+I+G4 11113.535    32  22291.071    22292.594    22459.317
443  DCMut+G4      11427.262    12  22878.523    22878.745    22941.616
444  DCMut+I+G4    11425.076    13  22876.152    22876.411    22944.502
465  DCMut+F+G4    11164.855    31  22391.710    22393.140    22554.699
466  DCMut+F+I+G4  11162.675    32  22389.351    22390.874    22557.597
487  VT+G4         11332.329    12  22688.658    22688.880    22751.751
488  VT+I+G4       11328.798    13  22683.596    22683.855    22751.946
509  VT+F+G4       11147.387    31  22356.775    22358.205    22519.764
510  VT+F+I+G4     11144.810    32  22353.621    22355.145    22521.868
531  PMB+G4        11480.677    12  22985.354    22985.576    23048.447
532  PMB+I+G4      11476.357    13  22978.714    22978.974    23047.065
553  PMB+F+G4      11209.035    31  22480.070    22481.500    22643.059
554  PMB+F+I+G4    11206.404    32  22476.807    22478.331    22645.054
575  Blosum62+G4   11429.328    12  22882.655    22882.877    22945.748
576  Blosum62+I+G4 11425.555    13  22877.111    22877.370    22945.461
597  Blosum62+F+G4 11207.681    31  22477.362    22478.792    22640.351
598  Blosum62+F+I+G4 11205.152    32  22474.303    22475.827    22642.550
619  Dayhoff+G4    11427.218    12  22878.436    22878.658    22941.529
620  Dayhoff+I+G4  11425.061    13  22876.121    22876.380    22944.471
641  Dayhoff+F+G4  11164.898    31  22391.796    22393.226    22554.784
642  Dayhoff+F+I+G4 11162.731    32  22389.461    22390.985    22557.708
663  mtREV+G4      12105.476    12  24234.951    24235.173    24298.044
664  mtREV+I+G4    12102.560    13  24231.121    24231.380    24299.471
685  mtREV+F+G4    11271.835    31  22605.671    22607.101    22768.660
686  mtREV+F+I+G4  11270.873    32  22605.746    22607.269    22773.992
707  mtART+G4      12199.149    12  24422.299    24422.521    24485.391
708  mtART+I+G4    12193.082    13  24412.164    24412.423    24480.514
729  mtART+F+G4    11340.268    31  22742.536    22743.967    22905.525
730  mtART+F+I+G4  11340.259    32  22744.517    22746.041    22912.764
751  mtZOA+G4      12099.197    12  24222.394    24222.616    24285.486
752  mtZOA+I+G4    12093.908    13  24213.816    24214.075    24282.166
773  mtZOA+F+G4    11258.227    31  22578.455    22579.885    22741.444
774  mtZOA+F+I+G4  11257.900    32  22579.800    22581.324    22748.047
795  mtMet+G4      11934.691    12  23893.381    23893.603    23956.474
796  mtMet+I+G4    11929.849    13  23885.698    23885.957    23954.048
817  mtMet+F+G4    11200.918    31  22463.836    22465.266    22626.825
818  mtMet+F+I+G4  11199.888    32  22463.775    22465.299    22632.022
839  mtVer+G4      12065.037    12  24154.074    24154.296    24217.167
840  mtVer+I+G4    12060.665    13  24147.331    24147.590    24215.681
861  mtVer+F+G4    11237.739    31  22537.478    22538.908    22700.467
862  mtVer+F+I+G4  11237.021    32  22538.042    22539.566    22706.288
883  mtInv+G4      12018.395    12  24060.790    24061.012    24123.882
884  mtInv+I+G4    12013.909    13  24053.819    24054.078    24122.169
905  mtInv+F+G4    11203.335    31  22468.670    22470.100    22631.659
906  mtInv+F+I+G4  11202.745    32  22469.491    22471.014    22637.737
927  mtMAM+G4      12213.808    12  24451.616    24451.838    24514.709
928  mtMAM+I+G4    12207.095    13  24440.191    24440.450    24508.541
949  mtMAM+F+G4    11346.092    31  22754.184    22755.615    22917.173
950  mtMAM+F+I+G4  11345.059    32  22754.117    22755.641    22922.364
WARNING: Normalizing state frequencies so that sum of them equals to 1
971  FLAVI+G4      11622.681    12  23269.362    23269.584    23332.455
WARNING: Normalizing state frequencies so that sum of them equals to 1
972  FLAVI+I+G4    11619.755    13  23265.511    23265.770    23333.861
WARNING: Normalizing state frequencies so that sum of them equals to 1
993  FLAVI+F+G4    11264.295    31  22590.589    22592.020    22753.578
WARNING: Normalizing state frequencies so that sum of them equals to 1
994  FLAVI+F+I+G4  11262.969    32  22589.937    22591.461    22758.184
1015  HIVb+G4       11393.763    12  22811.525    22811.747    22874.618
1016  HIVb+I+G4     11392.128    13  22810.257    22810.516    22878.607
1037  HIVb+F+G4     11181.993    31  22425.986    22427.416    22588.975
1038  HIVb+F+I+G4   11181.266    32  22426.533    22428.057    22594.779
1059  HIVw+G4       11403.181    12  22830.362    22830.584    22893.454
1060  HIVw+I+G4     11400.482    13  22826.964    22827.223    22895.314
1081  HIVw+F+G4     11227.021    31  22516.042    22517.472    22679.031
1082  HIVw+F+I+G4   11222.201    32  22508.401    22509.925    22676.648
1103  FLU+G4        11304.306    12  22632.612    22632.834    22695.705
1104  FLU+I+G4      11302.077    13  22630.154    22630.413    22698.504
1125  FLU+F+G4      11160.700    31  22383.400    22384.831    22546.389
1126  FLU+F+I+G4    11158.725    32  22381.449    22382.973    22549.696
1147  rtREV+G4      11448.291    12  22920.583    22920.805    22983.675
1148  rtREV+I+G4    11445.008    13  22916.015    22916.275    22984.366
1169  rtREV+F+G4    11198.320    31  22458.639    22460.070    22621.628
1170  rtREV+F+I+G4  11196.643    32  22457.286    22458.809    22625.532
1191  cpREV+G4      11424.820    12  22873.641    22873.863    22936.733
1192  cpREV+I+G4    11424.573    13  22875.147    22875.406    22943.497
1213  cpREV+F+G4    11194.978    31  22451.955    22453.386    22614.944
1214  cpREV+F+I+G4  11195.426    32  22454.851    22456.375    22623.098
Akaike Information Criterion:           JTT+F+I+G4
Corrected Akaike Information Criterion: JTT+F+I+G4
Bayesian Information Criterion:         JTT+F+G4
Best-fit model: JTT+F+G4 chosen according to BIC

All model information printed to results/06_PHYLO/noTg_tree/3730at5794/3730at5794.model.gz
CPU time for ModelFinder: 116.160 seconds (0h:1m:56s)
Wall-clock time for ModelFinder: 38.077 seconds (0h:0m:38s)
Generating 1000 samples for ultrafast bootstrap (seed: 624554)...

NOTE: 6 MB RAM (0 GB) is required!
Estimate model parameters (epsilon = 0.100)
1. Initial log-likelihood: -11113.835
Optimal log-likelihood: -11113.835
Gamma shape alpha: 0.389
Parameters optimization took 1 rounds (0.022 sec)
Wrote distance file to... 
Computing ML distances based on estimated model parameters...
Calculating distance matrix: done in 0.0055979 secs using 371.1% CPU
Computing ML distances took 0.006797 sec (of wall-clock time) 0.021246 sec (of CPU time)
Setting up auxiliary I and S matrices: done in 0.0006522 secs using 156.5% CPU
Computing RapidNJ tree took 0.004396 sec (of wall-clock time) 0.004430 sec (of CPU time)
Log-likelihood of RapidNJ tree: -11113.292
--------------------------------------------------------------------
|             INITIALIZING CANDIDATE TREE SET                      |
--------------------------------------------------------------------
Generating 98 parsimony trees... 0.104 second
Computing log-likelihood of 35 initial trees ... 0.241 seconds
Current best score: -11113.292

Do NNI search on 20 best initial trees
Estimate model parameters (epsilon = 0.100)
BETTER TREE FOUND at iteration 1: -11113.291
Iteration 10 / LogL: -11164.408 / Time: 0h:0m:1s
Iteration 20 / LogL: -11114.007 / Time: 0h:0m:1s
Finish initializing candidate tree set (3)
Current best tree score: -11113.291 / CPU time: 1.728
Number of iterations: 20
--------------------------------------------------------------------
|               OPTIMIZING CANDIDATE TREE SET                      |
--------------------------------------------------------------------
Iteration 30 / LogL: -11113.484 / Time: 0h:0m:2s (0h:0m:6s left)
Iteration 40 / LogL: -11113.653 / Time: 0h:0m:3s (0h:0m:4s left)
Iteration 50 / LogL: -11113.362 / Time: 0h:0m:3s (0h:0m:3s left)
Log-likelihood cutoff on original alignment: -11137.817
UPDATE BEST LOG-LIKELIHOOD: -11113.291
Iteration 60 / LogL: -11113.476 / Time: 0h:0m:4s (0h:0m:3s left)
Iteration 70 / LogL: -11113.460 / Time: 0h:0m:5s (0h:0m:2s left)
Iteration 80 / LogL: -11113.526 / Time: 0h:0m:6s (0h:0m:1s left)
Iteration 90 / LogL: -11113.592 / Time: 0h:0m:6s (0h:0m:0s left)
UPDATE BEST LOG-LIKELIHOOD: -11113.291
UPDATE BEST LOG-LIKELIHOOD: -11113.291
Iteration 100 / LogL: -11113.671 / Time: 0h:0m:7s (0h:0m:0s left)
Log-likelihood cutoff on original alignment: -11137.817
NOTE: Bootstrap correlation coefficient of split occurrence frequencies: 1.000
TREE SEARCH COMPLETED AFTER 102 ITERATIONS / Time: 0h:0m:7s

--------------------------------------------------------------------
|                    FINALIZING TREE SEARCH                        |
--------------------------------------------------------------------
Performs final model parameters optimization
Estimate model parameters (epsilon = 0.010)
1. Initial log-likelihood: -11113.291
Optimal log-likelihood: -11113.291
Gamma shape alpha: 0.390
Parameters optimization took 1 rounds (0.024 sec)
BEST SCORE FOUND : -11113.291
Creating bootstrap support values...
Split supports printed to NEXUS file results/06_PHYLO/noTg_tree/3730at5794/3730at5794.splits.nex
Total tree length: 3.656

Total number of iterations: 102
CPU time used for tree search: 28.733 sec (0h:0m:28s)
Wall-clock time used for tree search: 7.544 sec (0h:0m:7s)
Total CPU time used: 29.213 sec (0h:0m:29s)
Total wall-clock time used: 7.794 sec (0h:0m:7s)

Computing bootstrap consensus tree...
Reading input file results/06_PHYLO/noTg_tree/3730at5794/3730at5794.splits.nex...
7 taxa and 15 splits.
Consensus tree written to results/06_PHYLO/noTg_tree/3730at5794/3730at5794.contree
Reading input trees file results/06_PHYLO/noTg_tree/3730at5794/3730at5794.contree
Log-likelihood of consensus tree: -11113.291

Analysis results written to: 
  IQ-TREE report:                results/06_PHYLO/noTg_tree/3730at5794/3730at5794.iqtree
  Maximum-likelihood tree:       results/06_PHYLO/noTg_tree/3730at5794/3730at5794.treefile
  Likelihood distances:          results/06_PHYLO/noTg_tree/3730at5794/3730at5794.mldist

Ultrafast bootstrap approximation results written to:
  Split support values:          results/06_PHYLO/noTg_tree/3730at5794/3730at5794.splits.nex
  Consensus tree:                results/06_PHYLO/noTg_tree/3730at5794/3730at5794.contree
  Screen log file:               results/06_PHYLO/noTg_tree/3730at5794/3730at5794.log

Date and Time: Mon Mar 18 02:34:01 2024
